[2024-01-10T00:45:58.260+0000] {taskinstance.py:1957} INFO - Dependencies all met for dep_context=non-requeueable deps ti=<TaskInstance: data_ingestion_gcs_dag.local_to_gcs_task scheduled__2023-01-06T00:00:00+00:00 [queued]>
[2024-01-10T00:45:58.370+0000] {taskinstance.py:1957} INFO - Dependencies all met for dep_context=requeueable deps ti=<TaskInstance: data_ingestion_gcs_dag.local_to_gcs_task scheduled__2023-01-06T00:00:00+00:00 [queued]>
[2024-01-10T00:45:58.371+0000] {taskinstance.py:2171} INFO - Starting attempt 1 of 1
[2024-01-10T00:45:58.516+0000] {taskinstance.py:2192} INFO - Executing <Task(PythonOperator): local_to_gcs_task> on 2023-01-06 00:00:00+00:00
[2024-01-10T00:45:58.546+0000] {standard_task_runner.py:60} INFO - Started process 474 to run task
[2024-01-10T00:45:58.571+0000] {standard_task_runner.py:87} INFO - Running: ['***', 'tasks', 'run', 'data_ingestion_gcs_dag', 'local_to_gcs_task', 'scheduled__2023-01-06T00:00:00+00:00', '--job-id', '191', '--raw', '--subdir', 'DAGS_FOLDER/data_ingestion_gcp.py', '--cfg-path', '/tmp/tmpg090fdre']
[2024-01-10T00:45:58.610+0000] {standard_task_runner.py:88} INFO - Job 191: Subtask local_to_gcs_task
[2024-01-10T00:45:58.861+0000] {task_command.py:423} INFO - Running <TaskInstance: data_ingestion_gcs_dag.local_to_gcs_task scheduled__2023-01-06T00:00:00+00:00 [running]> on host 35cf15b90cf8
[2024-01-10T00:45:59.251+0000] {warnings.py:109} WARNING - /home/***/.local/lib/python3.8/site-packages/***/utils/context.py:207: AirflowContextDeprecationWarning: Accessing 'execution_date' from the template is deprecated and will be removed in a future version. Please use 'data_interval_start' or 'logical_date' instead.
  warnings.warn(_create_deprecation_warning(key, self._deprecation_replacements[key]))

[2024-01-10T00:45:59.447+0000] {taskinstance.py:2481} INFO - Exporting env vars: AIRFLOW_CTX_DAG_OWNER='***' AIRFLOW_CTX_DAG_ID='data_ingestion_gcs_dag' AIRFLOW_CTX_TASK_ID='local_to_gcs_task' AIRFLOW_CTX_EXECUTION_DATE='2023-01-06T00:00:00+00:00' AIRFLOW_CTX_TRY_NUMBER='1' AIRFLOW_CTX_DAG_RUN_ID='scheduled__2023-01-06T00:00:00+00:00'
[2024-01-10T00:46:00.496+0000] {ingest_data_gcp_script.py:24} INFO - Starting upload of /opt/***/input_2023-01.parquet to raw/yellow_tripdata_2023_01.parquet
[2024-01-10T00:46:02.978+0000] {ingest_data_gcp_script.py:29} INFO - Finished upload of /opt/***/input_2023-01.parquet to raw/yellow_tripdata_2023_01.parquet
[2024-01-10T00:46:02.980+0000] {python.py:201} INFO - Done. Returned value was: https://storage.googleapis.com/dtc-de-project1-terra-bucket/raw/yellow_tripdata_2023_01.parquet
[2024-01-10T00:46:03.063+0000] {taskinstance.py:1138} INFO - Marking task as SUCCESS. dag_id=data_ingestion_gcs_dag, task_id=local_to_gcs_task, execution_date=20230106T000000, start_date=20240110T004558, end_date=20240110T004603
[2024-01-10T00:46:03.178+0000] {local_task_job_runner.py:234} INFO - Task exited with return code 0
[2024-01-10T00:46:03.305+0000] {taskinstance.py:3281} INFO - 1 downstream tasks scheduled from follow-on schedule check
[2024-01-10T00:58:24.735+0000] {taskinstance.py:1957} INFO - Dependencies all met for dep_context=non-requeueable deps ti=<TaskInstance: data_ingestion_gcs_dag.local_to_gcs_task scheduled__2023-01-06T00:00:00+00:00 [queued]>
[2024-01-10T00:58:24.791+0000] {taskinstance.py:1957} INFO - Dependencies all met for dep_context=requeueable deps ti=<TaskInstance: data_ingestion_gcs_dag.local_to_gcs_task scheduled__2023-01-06T00:00:00+00:00 [queued]>
[2024-01-10T00:58:24.791+0000] {taskinstance.py:2171} INFO - Starting attempt 1 of 1
[2024-01-10T00:58:24.807+0000] {taskinstance.py:2192} INFO - Executing <Task(PythonOperator): local_to_gcs_task> on 2023-01-06 00:00:00+00:00
[2024-01-10T00:58:24.816+0000] {standard_task_runner.py:60} INFO - Started process 2786 to run task
[2024-01-10T00:58:24.823+0000] {standard_task_runner.py:87} INFO - Running: ['***', 'tasks', 'run', 'data_ingestion_gcs_dag', 'local_to_gcs_task', 'scheduled__2023-01-06T00:00:00+00:00', '--job-id', '733', '--raw', '--subdir', 'DAGS_FOLDER/data_ingestion_gcp.py', '--cfg-path', '/tmp/tmpwxanae6o']
[2024-01-10T00:58:24.828+0000] {standard_task_runner.py:88} INFO - Job 733: Subtask local_to_gcs_task
[2024-01-10T00:58:24.896+0000] {task_command.py:423} INFO - Running <TaskInstance: data_ingestion_gcs_dag.local_to_gcs_task scheduled__2023-01-06T00:00:00+00:00 [running]> on host 35cf15b90cf8
[2024-01-10T00:58:24.971+0000] {warnings.py:109} WARNING - /home/***/.local/lib/python3.8/site-packages/***/utils/context.py:207: AirflowContextDeprecationWarning: Accessing 'execution_date' from the template is deprecated and will be removed in a future version. Please use 'data_interval_start' or 'logical_date' instead.
  warnings.warn(_create_deprecation_warning(key, self._deprecation_replacements[key]))

[2024-01-10T00:58:25.017+0000] {taskinstance.py:2481} INFO - Exporting env vars: AIRFLOW_CTX_DAG_OWNER='***' AIRFLOW_CTX_DAG_ID='data_ingestion_gcs_dag' AIRFLOW_CTX_TASK_ID='local_to_gcs_task' AIRFLOW_CTX_EXECUTION_DATE='2023-01-06T00:00:00+00:00' AIRFLOW_CTX_TRY_NUMBER='1' AIRFLOW_CTX_DAG_RUN_ID='scheduled__2023-01-06T00:00:00+00:00'
[2024-01-10T00:58:25.136+0000] {ingest_data_gcp_script.py:24} INFO - Starting upload of /opt/***/input_2023-01.parquet to raw/yellow_tripdata_2023_01.parquet
[2024-01-10T00:58:26.229+0000] {ingest_data_gcp_script.py:29} INFO - Finished upload of /opt/***/input_2023-01.parquet to raw/yellow_tripdata_2023_01.parquet
[2024-01-10T00:58:26.230+0000] {python.py:201} INFO - Done. Returned value was: https://storage.googleapis.com/dtc-de-project1-terra-bucket/raw/yellow_tripdata_2023_01.parquet
[2024-01-10T00:58:26.257+0000] {taskinstance.py:1138} INFO - Marking task as SUCCESS. dag_id=data_ingestion_gcs_dag, task_id=local_to_gcs_task, execution_date=20230106T000000, start_date=20240110T005824, end_date=20240110T005826
[2024-01-10T00:58:26.285+0000] {local_task_job_runner.py:234} INFO - Task exited with return code 0
[2024-01-10T00:58:26.316+0000] {taskinstance.py:3281} INFO - 1 downstream tasks scheduled from follow-on schedule check
