[2024-01-04T17:50:44.870+0000] {taskinstance.py:1957} INFO - Dependencies all met for dep_context=non-requeueable deps ti=<TaskInstance: Local_Data_Ingestion.ingest scheduled__2023-02-02T07:00:00+00:00 [queued]>
[2024-01-04T17:50:44.906+0000] {taskinstance.py:1957} INFO - Dependencies all met for dep_context=requeueable deps ti=<TaskInstance: Local_Data_Ingestion.ingest scheduled__2023-02-02T07:00:00+00:00 [queued]>
[2024-01-04T17:50:44.907+0000] {taskinstance.py:2171} INFO - Starting attempt 1 of 1
[2024-01-04T17:50:44.988+0000] {taskinstance.py:2192} INFO - Executing <Task(BashOperator): ingest> on 2023-02-02 07:00:00+00:00
[2024-01-04T17:50:44.996+0000] {standard_task_runner.py:60} INFO - Started process 5811 to run task
[2024-01-04T17:50:45.030+0000] {standard_task_runner.py:87} INFO - Running: ['***', 'tasks', 'run', 'Local_Data_Ingestion', 'ingest', 'scheduled__2023-02-02T07:00:00+00:00', '--job-id', '18', '--raw', '--subdir', 'DAGS_FOLDER/data_ingestion_local.py', '--cfg-path', '/tmp/tmp4ma0143y']
[2024-01-04T17:50:45.033+0000] {standard_task_runner.py:88} INFO - Job 18: Subtask ingest
[2024-01-04T17:50:45.250+0000] {task_command.py:423} INFO - Running <TaskInstance: Local_Data_Ingestion.ingest scheduled__2023-02-02T07:00:00+00:00 [running]> on host 6672c9b206ef
[2024-01-04T17:50:45.762+0000] {taskinstance.py:2481} INFO - Exporting env vars: AIRFLOW_CTX_DAG_OWNER='***' AIRFLOW_CTX_DAG_ID='Local_Data_Ingestion' AIRFLOW_CTX_TASK_ID='ingest' AIRFLOW_CTX_EXECUTION_DATE='2023-02-02T07:00:00+00:00' AIRFLOW_CTX_TRY_NUMBER='1' AIRFLOW_CTX_DAG_RUN_ID='scheduled__2023-02-02T07:00:00+00:00'
[2024-01-04T17:50:45.764+0000] {subprocess.py:63} INFO - Tmp dir root location: /tmp
[2024-01-04T17:50:45.765+0000] {subprocess.py:75} INFO - Running command: ['/usr/bin/bash', '-c', 'echo "hello world"']
[2024-01-04T17:50:45.944+0000] {subprocess.py:86} INFO - Output:
[2024-01-04T17:50:45.952+0000] {subprocess.py:93} INFO - hello world
[2024-01-04T17:50:45.960+0000] {subprocess.py:97} INFO - Command exited with return code 0
[2024-01-04T17:50:46.070+0000] {taskinstance.py:1138} INFO - Marking task as SUCCESS. dag_id=Local_Data_Ingestion, task_id=ingest, execution_date=20230202T070000, start_date=20240104T175044, end_date=20240104T175046
[2024-01-04T17:50:46.217+0000] {local_task_job_runner.py:234} INFO - Task exited with return code 0
[2024-01-04T17:50:46.411+0000] {taskinstance.py:3281} INFO - 0 downstream tasks scheduled from follow-on schedule check
[2024-01-04T17:54:41.687+0000] {taskinstance.py:1957} INFO - Dependencies all met for dep_context=non-requeueable deps ti=<TaskInstance: Local_Data_Ingestion.ingest scheduled__2023-02-02T07:00:00+00:00 [queued]>
[2024-01-04T17:54:41.782+0000] {taskinstance.py:1957} INFO - Dependencies all met for dep_context=requeueable deps ti=<TaskInstance: Local_Data_Ingestion.ingest scheduled__2023-02-02T07:00:00+00:00 [queued]>
[2024-01-04T17:54:41.788+0000] {taskinstance.py:2171} INFO - Starting attempt 1 of 1
[2024-01-04T17:54:41.932+0000] {taskinstance.py:2192} INFO - Executing <Task(BashOperator): ingest> on 2023-02-02 07:00:00+00:00
[2024-01-04T17:54:41.959+0000] {standard_task_runner.py:60} INFO - Started process 5955 to run task
[2024-01-04T17:54:41.987+0000] {standard_task_runner.py:87} INFO - Running: ['***', 'tasks', 'run', 'Local_Data_Ingestion', 'ingest', 'scheduled__2023-02-02T07:00:00+00:00', '--job-id', '45', '--raw', '--subdir', 'DAGS_FOLDER/data_ingestion_local.py', '--cfg-path', '/tmp/tmpntotib9s']
[2024-01-04T17:54:41.989+0000] {standard_task_runner.py:88} INFO - Job 45: Subtask ingest
[2024-01-04T17:54:42.331+0000] {task_command.py:423} INFO - Running <TaskInstance: Local_Data_Ingestion.ingest scheduled__2023-02-02T07:00:00+00:00 [running]> on host 6672c9b206ef
[2024-01-04T17:54:42.775+0000] {taskinstance.py:2481} INFO - Exporting env vars: AIRFLOW_CTX_DAG_OWNER='***' AIRFLOW_CTX_DAG_ID='Local_Data_Ingestion' AIRFLOW_CTX_TASK_ID='ingest' AIRFLOW_CTX_EXECUTION_DATE='2023-02-02T07:00:00+00:00' AIRFLOW_CTX_TRY_NUMBER='1' AIRFLOW_CTX_DAG_RUN_ID='scheduled__2023-02-02T07:00:00+00:00'
[2024-01-04T17:54:42.777+0000] {subprocess.py:63} INFO - Tmp dir root location: /tmp
[2024-01-04T17:54:42.780+0000] {subprocess.py:75} INFO - Running command: ['/usr/bin/bash', '-c', 'echo "hello world"']
[2024-01-04T17:54:42.867+0000] {subprocess.py:86} INFO - Output:
[2024-01-04T17:54:42.891+0000] {subprocess.py:93} INFO - hello world
[2024-01-04T17:54:42.893+0000] {subprocess.py:97} INFO - Command exited with return code 0
[2024-01-04T17:54:42.975+0000] {taskinstance.py:1138} INFO - Marking task as SUCCESS. dag_id=Local_Data_Ingestion, task_id=ingest, execution_date=20230202T070000, start_date=20240104T175441, end_date=20240104T175442
[2024-01-04T17:54:43.035+0000] {local_task_job_runner.py:234} INFO - Task exited with return code 0
[2024-01-04T17:54:43.316+0000] {taskinstance.py:3281} INFO - 0 downstream tasks scheduled from follow-on schedule check
[2024-01-04T18:09:29.261+0000] {taskinstance.py:1957} INFO - Dependencies all met for dep_context=non-requeueable deps ti=<TaskInstance: Local_Data_Ingestion.ingest scheduled__2023-02-02T07:00:00+00:00 [queued]>
[2024-01-04T18:09:29.359+0000] {taskinstance.py:1957} INFO - Dependencies all met for dep_context=requeueable deps ti=<TaskInstance: Local_Data_Ingestion.ingest scheduled__2023-02-02T07:00:00+00:00 [queued]>
[2024-01-04T18:09:29.370+0000] {taskinstance.py:2171} INFO - Starting attempt 1 of 1
[2024-01-04T18:09:29.526+0000] {taskinstance.py:2192} INFO - Executing <Task(BashOperator): ingest> on 2023-02-02 07:00:00+00:00
[2024-01-04T18:09:29.565+0000] {standard_task_runner.py:60} INFO - Started process 6256 to run task
[2024-01-04T18:09:29.647+0000] {standard_task_runner.py:87} INFO - Running: ['***', 'tasks', 'run', 'Local_Data_Ingestion', 'ingest', 'scheduled__2023-02-02T07:00:00+00:00', '--job-id', '69', '--raw', '--subdir', 'DAGS_FOLDER/data_ingestion_local.py', '--cfg-path', '/tmp/tmpu7qbk0ae']
[2024-01-04T18:09:29.666+0000] {standard_task_runner.py:88} INFO - Job 69: Subtask ingest
[2024-01-04T18:09:30.193+0000] {task_command.py:423} INFO - Running <TaskInstance: Local_Data_Ingestion.ingest scheduled__2023-02-02T07:00:00+00:00 [running]> on host 6672c9b206ef
[2024-01-04T18:09:30.594+0000] {taskinstance.py:2481} INFO - Exporting env vars: AIRFLOW_CTX_DAG_OWNER='***' AIRFLOW_CTX_DAG_ID='Local_Data_Ingestion' AIRFLOW_CTX_TASK_ID='ingest' AIRFLOW_CTX_EXECUTION_DATE='2023-02-02T07:00:00+00:00' AIRFLOW_CTX_TRY_NUMBER='1' AIRFLOW_CTX_DAG_RUN_ID='scheduled__2023-02-02T07:00:00+00:00'
[2024-01-04T18:09:30.596+0000] {subprocess.py:63} INFO - Tmp dir root location: /tmp
[2024-01-04T18:09:30.597+0000] {subprocess.py:75} INFO - Running command: ['/usr/bin/bash', '-c', 'pwd']
[2024-01-04T18:09:30.674+0000] {subprocess.py:86} INFO - Output:
[2024-01-04T18:09:30.686+0000] {subprocess.py:93} INFO - /tmp/***tmppdibp11a
[2024-01-04T18:09:30.688+0000] {subprocess.py:97} INFO - Command exited with return code 0
[2024-01-04T18:09:30.835+0000] {taskinstance.py:1138} INFO - Marking task as SUCCESS. dag_id=Local_Data_Ingestion, task_id=ingest, execution_date=20230202T070000, start_date=20240104T180929, end_date=20240104T180930
[2024-01-04T18:09:31.040+0000] {local_task_job_runner.py:234} INFO - Task exited with return code 0
[2024-01-04T18:09:31.097+0000] {taskinstance.py:3281} INFO - 0 downstream tasks scheduled from follow-on schedule check
