[2024-01-04T17:50:48.029+0000] {taskinstance.py:1957} INFO - Dependencies all met for dep_context=non-requeueable deps ti=<TaskInstance: Local_Data_Ingestion.ingest scheduled__2023-10-02T07:00:00+00:00 [queued]>
[2024-01-04T17:50:48.061+0000] {taskinstance.py:1957} INFO - Dependencies all met for dep_context=requeueable deps ti=<TaskInstance: Local_Data_Ingestion.ingest scheduled__2023-10-02T07:00:00+00:00 [queued]>
[2024-01-04T17:50:48.066+0000] {taskinstance.py:2171} INFO - Starting attempt 1 of 1
[2024-01-04T17:50:48.117+0000] {taskinstance.py:2192} INFO - Executing <Task(BashOperator): ingest> on 2023-10-02 07:00:00+00:00
[2024-01-04T17:50:48.139+0000] {standard_task_runner.py:60} INFO - Started process 5838 to run task
[2024-01-04T17:50:48.181+0000] {standard_task_runner.py:87} INFO - Running: ['***', 'tasks', 'run', 'Local_Data_Ingestion', 'ingest', 'scheduled__2023-10-02T07:00:00+00:00', '--job-id', '29', '--raw', '--subdir', 'DAGS_FOLDER/data_ingestion_local.py', '--cfg-path', '/tmp/tmpq_65lrz_']
[2024-01-04T17:50:48.183+0000] {standard_task_runner.py:88} INFO - Job 29: Subtask ingest
[2024-01-04T17:50:48.380+0000] {task_command.py:423} INFO - Running <TaskInstance: Local_Data_Ingestion.ingest scheduled__2023-10-02T07:00:00+00:00 [running]> on host 6672c9b206ef
[2024-01-04T17:50:48.711+0000] {taskinstance.py:2481} INFO - Exporting env vars: AIRFLOW_CTX_DAG_OWNER='***' AIRFLOW_CTX_DAG_ID='Local_Data_Ingestion' AIRFLOW_CTX_TASK_ID='ingest' AIRFLOW_CTX_EXECUTION_DATE='2023-10-02T07:00:00+00:00' AIRFLOW_CTX_TRY_NUMBER='1' AIRFLOW_CTX_DAG_RUN_ID='scheduled__2023-10-02T07:00:00+00:00'
[2024-01-04T17:50:48.713+0000] {subprocess.py:63} INFO - Tmp dir root location: /tmp
[2024-01-04T17:50:48.714+0000] {subprocess.py:75} INFO - Running command: ['/usr/bin/bash', '-c', 'echo "hello world"']
[2024-01-04T17:50:48.773+0000] {subprocess.py:86} INFO - Output:
[2024-01-04T17:50:48.777+0000] {subprocess.py:93} INFO - hello world
[2024-01-04T17:50:48.778+0000] {subprocess.py:97} INFO - Command exited with return code 0
[2024-01-04T17:50:48.877+0000] {taskinstance.py:1138} INFO - Marking task as SUCCESS. dag_id=Local_Data_Ingestion, task_id=ingest, execution_date=20231002T070000, start_date=20240104T175048, end_date=20240104T175048
[2024-01-04T17:50:48.943+0000] {local_task_job_runner.py:234} INFO - Task exited with return code 0
[2024-01-04T17:50:48.984+0000] {taskinstance.py:3281} INFO - 0 downstream tasks scheduled from follow-on schedule check
[2024-01-04T17:54:45.382+0000] {taskinstance.py:1957} INFO - Dependencies all met for dep_context=non-requeueable deps ti=<TaskInstance: Local_Data_Ingestion.ingest scheduled__2023-10-02T07:00:00+00:00 [queued]>
[2024-01-04T17:54:45.418+0000] {taskinstance.py:1957} INFO - Dependencies all met for dep_context=requeueable deps ti=<TaskInstance: Local_Data_Ingestion.ingest scheduled__2023-10-02T07:00:00+00:00 [queued]>
[2024-01-04T17:54:45.421+0000] {taskinstance.py:2171} INFO - Starting attempt 1 of 1
[2024-01-04T17:54:45.480+0000] {taskinstance.py:2192} INFO - Executing <Task(BashOperator): ingest> on 2023-10-02 07:00:00+00:00
[2024-01-04T17:54:45.488+0000] {standard_task_runner.py:60} INFO - Started process 5988 to run task
[2024-01-04T17:54:45.505+0000] {standard_task_runner.py:87} INFO - Running: ['***', 'tasks', 'run', 'Local_Data_Ingestion', 'ingest', 'scheduled__2023-10-02T07:00:00+00:00', '--job-id', '55', '--raw', '--subdir', 'DAGS_FOLDER/data_ingestion_local.py', '--cfg-path', '/tmp/tmpxkmprw28']
[2024-01-04T17:54:45.507+0000] {standard_task_runner.py:88} INFO - Job 55: Subtask ingest
[2024-01-04T17:54:45.618+0000] {task_command.py:423} INFO - Running <TaskInstance: Local_Data_Ingestion.ingest scheduled__2023-10-02T07:00:00+00:00 [running]> on host 6672c9b206ef
[2024-01-04T17:54:45.844+0000] {taskinstance.py:2481} INFO - Exporting env vars: AIRFLOW_CTX_DAG_OWNER='***' AIRFLOW_CTX_DAG_ID='Local_Data_Ingestion' AIRFLOW_CTX_TASK_ID='ingest' AIRFLOW_CTX_EXECUTION_DATE='2023-10-02T07:00:00+00:00' AIRFLOW_CTX_TRY_NUMBER='1' AIRFLOW_CTX_DAG_RUN_ID='scheduled__2023-10-02T07:00:00+00:00'
[2024-01-04T17:54:45.846+0000] {subprocess.py:63} INFO - Tmp dir root location: /tmp
[2024-01-04T17:54:45.847+0000] {subprocess.py:75} INFO - Running command: ['/usr/bin/bash', '-c', 'echo "hello world"']
[2024-01-04T17:54:45.868+0000] {subprocess.py:86} INFO - Output:
[2024-01-04T17:54:45.873+0000] {subprocess.py:93} INFO - hello world
[2024-01-04T17:54:45.874+0000] {subprocess.py:97} INFO - Command exited with return code 0
[2024-01-04T17:54:45.925+0000] {taskinstance.py:1138} INFO - Marking task as SUCCESS. dag_id=Local_Data_Ingestion, task_id=ingest, execution_date=20231002T070000, start_date=20240104T175445, end_date=20240104T175445
[2024-01-04T17:54:45.963+0000] {local_task_job_runner.py:234} INFO - Task exited with return code 0
[2024-01-04T17:54:46.074+0000] {taskinstance.py:3281} INFO - 0 downstream tasks scheduled from follow-on schedule check
[2024-01-04T18:09:34.014+0000] {taskinstance.py:1957} INFO - Dependencies all met for dep_context=non-requeueable deps ti=<TaskInstance: Local_Data_Ingestion.ingest scheduled__2023-10-02T07:00:00+00:00 [queued]>
[2024-01-04T18:09:34.039+0000] {taskinstance.py:1957} INFO - Dependencies all met for dep_context=requeueable deps ti=<TaskInstance: Local_Data_Ingestion.ingest scheduled__2023-10-02T07:00:00+00:00 [queued]>
[2024-01-04T18:09:34.040+0000] {taskinstance.py:2171} INFO - Starting attempt 1 of 1
[2024-01-04T18:09:34.063+0000] {taskinstance.py:2192} INFO - Executing <Task(BashOperator): ingest> on 2023-10-02 07:00:00+00:00
[2024-01-04T18:09:34.071+0000] {standard_task_runner.py:60} INFO - Started process 6288 to run task
[2024-01-04T18:09:34.094+0000] {standard_task_runner.py:87} INFO - Running: ['***', 'tasks', 'run', 'Local_Data_Ingestion', 'ingest', 'scheduled__2023-10-02T07:00:00+00:00', '--job-id', '82', '--raw', '--subdir', 'DAGS_FOLDER/data_ingestion_local.py', '--cfg-path', '/tmp/tmp_u1yrjdd']
[2024-01-04T18:09:34.098+0000] {standard_task_runner.py:88} INFO - Job 82: Subtask ingest
[2024-01-04T18:09:34.215+0000] {task_command.py:423} INFO - Running <TaskInstance: Local_Data_Ingestion.ingest scheduled__2023-10-02T07:00:00+00:00 [running]> on host 6672c9b206ef
[2024-01-04T18:09:34.407+0000] {taskinstance.py:2481} INFO - Exporting env vars: AIRFLOW_CTX_DAG_OWNER='***' AIRFLOW_CTX_DAG_ID='Local_Data_Ingestion' AIRFLOW_CTX_TASK_ID='ingest' AIRFLOW_CTX_EXECUTION_DATE='2023-10-02T07:00:00+00:00' AIRFLOW_CTX_TRY_NUMBER='1' AIRFLOW_CTX_DAG_RUN_ID='scheduled__2023-10-02T07:00:00+00:00'
[2024-01-04T18:09:34.409+0000] {subprocess.py:63} INFO - Tmp dir root location: /tmp
[2024-01-04T18:09:34.411+0000] {subprocess.py:75} INFO - Running command: ['/usr/bin/bash', '-c', 'pwd']
[2024-01-04T18:09:34.431+0000] {subprocess.py:86} INFO - Output:
[2024-01-04T18:09:34.435+0000] {subprocess.py:93} INFO - /tmp/***tmpjg78et3q
[2024-01-04T18:09:34.437+0000] {subprocess.py:97} INFO - Command exited with return code 0
[2024-01-04T18:09:34.523+0000] {taskinstance.py:1138} INFO - Marking task as SUCCESS. dag_id=Local_Data_Ingestion, task_id=ingest, execution_date=20231002T070000, start_date=20240104T180934, end_date=20240104T180934
[2024-01-04T18:09:34.607+0000] {local_task_job_runner.py:234} INFO - Task exited with return code 0
[2024-01-04T18:09:34.661+0000] {taskinstance.py:3281} INFO - 0 downstream tasks scheduled from follow-on schedule check
