[2024-01-10T00:45:50.933+0000] {taskinstance.py:1957} INFO - Dependencies all met for dep_context=non-requeueable deps ti=<TaskInstance: data_ingestion_gcs_dag.local_to_gcs_task scheduled__2023-01-03T00:00:00+00:00 [queued]>
[2024-01-10T00:45:51.075+0000] {taskinstance.py:1957} INFO - Dependencies all met for dep_context=requeueable deps ti=<TaskInstance: data_ingestion_gcs_dag.local_to_gcs_task scheduled__2023-01-03T00:00:00+00:00 [queued]>
[2024-01-10T00:45:51.075+0000] {taskinstance.py:2171} INFO - Starting attempt 1 of 1
[2024-01-10T00:45:51.211+0000] {taskinstance.py:2192} INFO - Executing <Task(PythonOperator): local_to_gcs_task> on 2023-01-03 00:00:00+00:00
[2024-01-10T00:45:51.260+0000] {standard_task_runner.py:60} INFO - Started process 461 to run task
[2024-01-10T00:45:51.301+0000] {standard_task_runner.py:87} INFO - Running: ['***', 'tasks', 'run', 'data_ingestion_gcs_dag', 'local_to_gcs_task', 'scheduled__2023-01-03T00:00:00+00:00', '--job-id', '183', '--raw', '--subdir', 'DAGS_FOLDER/data_ingestion_gcp.py', '--cfg-path', '/tmp/tmp3oi0wkac']
[2024-01-10T00:45:51.330+0000] {standard_task_runner.py:88} INFO - Job 183: Subtask local_to_gcs_task
[2024-01-10T00:45:51.666+0000] {task_command.py:423} INFO - Running <TaskInstance: data_ingestion_gcs_dag.local_to_gcs_task scheduled__2023-01-03T00:00:00+00:00 [running]> on host 35cf15b90cf8
[2024-01-10T00:45:52.175+0000] {warnings.py:109} WARNING - /home/***/.local/lib/python3.8/site-packages/***/utils/context.py:207: AirflowContextDeprecationWarning: Accessing 'execution_date' from the template is deprecated and will be removed in a future version. Please use 'data_interval_start' or 'logical_date' instead.
  warnings.warn(_create_deprecation_warning(key, self._deprecation_replacements[key]))

[2024-01-10T00:45:52.491+0000] {taskinstance.py:2481} INFO - Exporting env vars: AIRFLOW_CTX_DAG_OWNER='***' AIRFLOW_CTX_DAG_ID='data_ingestion_gcs_dag' AIRFLOW_CTX_TASK_ID='local_to_gcs_task' AIRFLOW_CTX_EXECUTION_DATE='2023-01-03T00:00:00+00:00' AIRFLOW_CTX_TRY_NUMBER='1' AIRFLOW_CTX_DAG_RUN_ID='scheduled__2023-01-03T00:00:00+00:00'
[2024-01-10T00:45:53.353+0000] {ingest_data_gcp_script.py:24} INFO - Starting upload of /opt/***/input_2023-01.parquet to raw/yellow_tripdata_2023_01.parquet
[2024-01-10T00:45:56.226+0000] {ingest_data_gcp_script.py:29} INFO - Finished upload of /opt/***/input_2023-01.parquet to raw/yellow_tripdata_2023_01.parquet
[2024-01-10T00:45:56.227+0000] {python.py:201} INFO - Done. Returned value was: https://storage.googleapis.com/dtc-de-project1-terra-bucket/raw/yellow_tripdata_2023_01.parquet
[2024-01-10T00:45:56.383+0000] {taskinstance.py:1138} INFO - Marking task as SUCCESS. dag_id=data_ingestion_gcs_dag, task_id=local_to_gcs_task, execution_date=20230103T000000, start_date=20240110T004550, end_date=20240110T004556
[2024-01-10T00:45:56.665+0000] {local_task_job_runner.py:234} INFO - Task exited with return code 0
[2024-01-10T00:45:56.738+0000] {taskinstance.py:3281} INFO - 1 downstream tasks scheduled from follow-on schedule check
[2024-01-10T00:57:54.344+0000] {taskinstance.py:1957} INFO - Dependencies all met for dep_context=non-requeueable deps ti=<TaskInstance: data_ingestion_gcs_dag.local_to_gcs_task scheduled__2023-01-03T00:00:00+00:00 [queued]>
[2024-01-10T00:57:54.356+0000] {taskinstance.py:1957} INFO - Dependencies all met for dep_context=requeueable deps ti=<TaskInstance: data_ingestion_gcs_dag.local_to_gcs_task scheduled__2023-01-03T00:00:00+00:00 [queued]>
[2024-01-10T00:57:54.356+0000] {taskinstance.py:2171} INFO - Starting attempt 1 of 1
[2024-01-10T00:57:54.374+0000] {taskinstance.py:2192} INFO - Executing <Task(PythonOperator): local_to_gcs_task> on 2023-01-03 00:00:00+00:00
[2024-01-10T00:57:54.386+0000] {standard_task_runner.py:60} INFO - Started process 2741 to run task
[2024-01-10T00:57:54.392+0000] {standard_task_runner.py:87} INFO - Running: ['***', 'tasks', 'run', 'data_ingestion_gcs_dag', 'local_to_gcs_task', 'scheduled__2023-01-03T00:00:00+00:00', '--job-id', '724', '--raw', '--subdir', 'DAGS_FOLDER/data_ingestion_gcp.py', '--cfg-path', '/tmp/tmpbmynzylt']
[2024-01-10T00:57:54.397+0000] {standard_task_runner.py:88} INFO - Job 724: Subtask local_to_gcs_task
[2024-01-10T00:57:54.464+0000] {task_command.py:423} INFO - Running <TaskInstance: data_ingestion_gcs_dag.local_to_gcs_task scheduled__2023-01-03T00:00:00+00:00 [running]> on host 35cf15b90cf8
[2024-01-10T00:57:54.530+0000] {warnings.py:109} WARNING - /home/***/.local/lib/python3.8/site-packages/***/utils/context.py:207: AirflowContextDeprecationWarning: Accessing 'execution_date' from the template is deprecated and will be removed in a future version. Please use 'data_interval_start' or 'logical_date' instead.
  warnings.warn(_create_deprecation_warning(key, self._deprecation_replacements[key]))

[2024-01-10T00:57:54.577+0000] {taskinstance.py:2481} INFO - Exporting env vars: AIRFLOW_CTX_DAG_OWNER='***' AIRFLOW_CTX_DAG_ID='data_ingestion_gcs_dag' AIRFLOW_CTX_TASK_ID='local_to_gcs_task' AIRFLOW_CTX_EXECUTION_DATE='2023-01-03T00:00:00+00:00' AIRFLOW_CTX_TRY_NUMBER='1' AIRFLOW_CTX_DAG_RUN_ID='scheduled__2023-01-03T00:00:00+00:00'
[2024-01-10T00:57:54.689+0000] {ingest_data_gcp_script.py:24} INFO - Starting upload of /opt/***/input_2023-01.parquet to raw/yellow_tripdata_2023_01.parquet
[2024-01-10T00:57:55.871+0000] {ingest_data_gcp_script.py:29} INFO - Finished upload of /opt/***/input_2023-01.parquet to raw/yellow_tripdata_2023_01.parquet
[2024-01-10T00:57:55.872+0000] {python.py:201} INFO - Done. Returned value was: https://storage.googleapis.com/dtc-de-project1-terra-bucket/raw/yellow_tripdata_2023_01.parquet
[2024-01-10T00:57:55.901+0000] {taskinstance.py:1138} INFO - Marking task as SUCCESS. dag_id=data_ingestion_gcs_dag, task_id=local_to_gcs_task, execution_date=20230103T000000, start_date=20240110T005754, end_date=20240110T005755
[2024-01-10T00:57:55.930+0000] {local_task_job_runner.py:234} INFO - Task exited with return code 0
[2024-01-10T00:57:55.959+0000] {taskinstance.py:3281} INFO - 1 downstream tasks scheduled from follow-on schedule check
