[2024-01-04T17:50:40.905+0000] {taskinstance.py:1957} INFO - Dependencies all met for dep_context=non-requeueable deps ti=<TaskInstance: Local_Data_Ingestion.wget scheduled__2023-02-02T07:00:00+00:00 [queued]>
[2024-01-04T17:50:40.949+0000] {taskinstance.py:1957} INFO - Dependencies all met for dep_context=requeueable deps ti=<TaskInstance: Local_Data_Ingestion.wget scheduled__2023-02-02T07:00:00+00:00 [queued]>
[2024-01-04T17:50:40.954+0000] {taskinstance.py:2171} INFO - Starting attempt 1 of 1
[2024-01-04T17:50:41.095+0000] {taskinstance.py:2192} INFO - Executing <Task(BashOperator): wget> on 2023-02-02 07:00:00+00:00
[2024-01-04T17:50:41.105+0000] {standard_task_runner.py:60} INFO - Started process 5782 to run task
[2024-01-04T17:50:41.122+0000] {standard_task_runner.py:87} INFO - Running: ['***', 'tasks', 'run', 'Local_Data_Ingestion', 'wget', 'scheduled__2023-02-02T07:00:00+00:00', '--job-id', '9', '--raw', '--subdir', 'DAGS_FOLDER/data_ingestion_local.py', '--cfg-path', '/tmp/tmpeuze0_a7']
[2024-01-04T17:50:41.126+0000] {standard_task_runner.py:88} INFO - Job 9: Subtask wget
[2024-01-04T17:50:41.334+0000] {task_command.py:423} INFO - Running <TaskInstance: Local_Data_Ingestion.wget scheduled__2023-02-02T07:00:00+00:00 [running]> on host 6672c9b206ef
[2024-01-04T17:50:41.674+0000] {taskinstance.py:2481} INFO - Exporting env vars: AIRFLOW_CTX_DAG_OWNER='***' AIRFLOW_CTX_DAG_ID='Local_Data_Ingestion' AIRFLOW_CTX_TASK_ID='wget' AIRFLOW_CTX_EXECUTION_DATE='2023-02-02T07:00:00+00:00' AIRFLOW_CTX_TRY_NUMBER='1' AIRFLOW_CTX_DAG_RUN_ID='scheduled__2023-02-02T07:00:00+00:00'
[2024-01-04T17:50:41.678+0000] {subprocess.py:63} INFO - Tmp dir root location: /tmp
[2024-01-04T17:50:41.680+0000] {subprocess.py:75} INFO - Running command: ['/usr/bin/bash', '-c', 'echo "hello world"']
[2024-01-04T17:50:41.723+0000] {subprocess.py:86} INFO - Output:
[2024-01-04T17:50:41.743+0000] {subprocess.py:93} INFO - hello world
[2024-01-04T17:50:41.744+0000] {subprocess.py:97} INFO - Command exited with return code 0
[2024-01-04T17:50:41.808+0000] {taskinstance.py:1138} INFO - Marking task as SUCCESS. dag_id=Local_Data_Ingestion, task_id=wget, execution_date=20230202T070000, start_date=20240104T175040, end_date=20240104T175041
[2024-01-04T17:50:41.901+0000] {local_task_job_runner.py:234} INFO - Task exited with return code 0
[2024-01-04T17:50:41.989+0000] {taskinstance.py:3281} INFO - 1 downstream tasks scheduled from follow-on schedule check
[2024-01-04T17:54:37.939+0000] {taskinstance.py:1957} INFO - Dependencies all met for dep_context=non-requeueable deps ti=<TaskInstance: Local_Data_Ingestion.wget scheduled__2023-02-02T07:00:00+00:00 [queued]>
[2024-01-04T17:54:37.988+0000] {taskinstance.py:1957} INFO - Dependencies all met for dep_context=requeueable deps ti=<TaskInstance: Local_Data_Ingestion.wget scheduled__2023-02-02T07:00:00+00:00 [queued]>
[2024-01-04T17:54:37.991+0000] {taskinstance.py:2171} INFO - Starting attempt 1 of 1
[2024-01-04T17:54:38.055+0000] {taskinstance.py:2192} INFO - Executing <Task(BashOperator): wget> on 2023-02-02 07:00:00+00:00
[2024-01-04T17:54:38.083+0000] {standard_task_runner.py:60} INFO - Started process 5923 to run task
[2024-01-04T17:54:38.109+0000] {standard_task_runner.py:87} INFO - Running: ['***', 'tasks', 'run', 'Local_Data_Ingestion', 'wget', 'scheduled__2023-02-02T07:00:00+00:00', '--job-id', '35', '--raw', '--subdir', 'DAGS_FOLDER/data_ingestion_local.py', '--cfg-path', '/tmp/tmpej5odo22']
[2024-01-04T17:54:38.120+0000] {standard_task_runner.py:88} INFO - Job 35: Subtask wget
[2024-01-04T17:54:38.310+0000] {task_command.py:423} INFO - Running <TaskInstance: Local_Data_Ingestion.wget scheduled__2023-02-02T07:00:00+00:00 [running]> on host 6672c9b206ef
[2024-01-04T17:54:38.632+0000] {taskinstance.py:2481} INFO - Exporting env vars: AIRFLOW_CTX_DAG_OWNER='***' AIRFLOW_CTX_DAG_ID='Local_Data_Ingestion' AIRFLOW_CTX_TASK_ID='wget' AIRFLOW_CTX_EXECUTION_DATE='2023-02-02T07:00:00+00:00' AIRFLOW_CTX_TRY_NUMBER='1' AIRFLOW_CTX_DAG_RUN_ID='scheduled__2023-02-02T07:00:00+00:00'
[2024-01-04T17:54:38.634+0000] {subprocess.py:63} INFO - Tmp dir root location: /tmp
[2024-01-04T17:54:38.635+0000] {subprocess.py:75} INFO - Running command: ['/usr/bin/bash', '-c', 'echo "hello world"']
[2024-01-04T17:54:38.672+0000] {subprocess.py:86} INFO - Output:
[2024-01-04T17:54:38.677+0000] {subprocess.py:93} INFO - hello world
[2024-01-04T17:54:38.679+0000] {subprocess.py:97} INFO - Command exited with return code 0
[2024-01-04T17:54:38.750+0000] {taskinstance.py:1138} INFO - Marking task as SUCCESS. dag_id=Local_Data_Ingestion, task_id=wget, execution_date=20230202T070000, start_date=20240104T175437, end_date=20240104T175438
[2024-01-04T17:54:38.844+0000] {local_task_job_runner.py:234} INFO - Task exited with return code 0
[2024-01-04T17:54:38.919+0000] {taskinstance.py:3281} INFO - 1 downstream tasks scheduled from follow-on schedule check
[2024-01-04T18:09:25.960+0000] {taskinstance.py:1957} INFO - Dependencies all met for dep_context=non-requeueable deps ti=<TaskInstance: Local_Data_Ingestion.wget scheduled__2023-02-02T07:00:00+00:00 [queued]>
[2024-01-04T18:09:26.001+0000] {taskinstance.py:1957} INFO - Dependencies all met for dep_context=requeueable deps ti=<TaskInstance: Local_Data_Ingestion.wget scheduled__2023-02-02T07:00:00+00:00 [queued]>
[2024-01-04T18:09:26.002+0000] {taskinstance.py:2171} INFO - Starting attempt 1 of 1
[2024-01-04T18:09:26.060+0000] {taskinstance.py:2192} INFO - Executing <Task(BashOperator): wget> on 2023-02-02 07:00:00+00:00
[2024-01-04T18:09:26.071+0000] {standard_task_runner.py:60} INFO - Started process 6227 to run task
[2024-01-04T18:09:26.094+0000] {standard_task_runner.py:87} INFO - Running: ['***', 'tasks', 'run', 'Local_Data_Ingestion', 'wget', 'scheduled__2023-02-02T07:00:00+00:00', '--job-id', '61', '--raw', '--subdir', 'DAGS_FOLDER/data_ingestion_local.py', '--cfg-path', '/tmp/tmp99s1wvgq']
[2024-01-04T18:09:26.096+0000] {standard_task_runner.py:88} INFO - Job 61: Subtask wget
[2024-01-04T18:09:26.372+0000] {task_command.py:423} INFO - Running <TaskInstance: Local_Data_Ingestion.wget scheduled__2023-02-02T07:00:00+00:00 [running]> on host 6672c9b206ef
[2024-01-04T18:09:26.714+0000] {taskinstance.py:2481} INFO - Exporting env vars: AIRFLOW_CTX_DAG_OWNER='***' AIRFLOW_CTX_DAG_ID='Local_Data_Ingestion' AIRFLOW_CTX_TASK_ID='wget' AIRFLOW_CTX_EXECUTION_DATE='2023-02-02T07:00:00+00:00' AIRFLOW_CTX_TRY_NUMBER='1' AIRFLOW_CTX_DAG_RUN_ID='scheduled__2023-02-02T07:00:00+00:00'
[2024-01-04T18:09:26.716+0000] {subprocess.py:63} INFO - Tmp dir root location: /tmp
[2024-01-04T18:09:26.719+0000] {subprocess.py:75} INFO - Running command: ['/usr/bin/bash', '-c', 'echo "hello world"']
[2024-01-04T18:09:26.800+0000] {subprocess.py:86} INFO - Output:
[2024-01-04T18:09:26.818+0000] {subprocess.py:93} INFO - hello world
[2024-01-04T18:09:26.826+0000] {subprocess.py:97} INFO - Command exited with return code 0
[2024-01-04T18:09:26.923+0000] {taskinstance.py:1138} INFO - Marking task as SUCCESS. dag_id=Local_Data_Ingestion, task_id=wget, execution_date=20230202T070000, start_date=20240104T180925, end_date=20240104T180926
[2024-01-04T18:09:27.015+0000] {local_task_job_runner.py:234} INFO - Task exited with return code 0
[2024-01-04T18:09:27.148+0000] {taskinstance.py:3281} INFO - 1 downstream tasks scheduled from follow-on schedule check
