[2024-01-04T17:50:46.280+0000] {taskinstance.py:1957} INFO - Dependencies all met for dep_context=non-requeueable deps ti=<TaskInstance: Local_Data_Ingestion.wget scheduled__2023-12-02T07:00:00+00:00 [queued]>
[2024-01-04T17:50:46.324+0000] {taskinstance.py:1957} INFO - Dependencies all met for dep_context=requeueable deps ti=<TaskInstance: Local_Data_Ingestion.wget scheduled__2023-12-02T07:00:00+00:00 [queued]>
[2024-01-04T17:50:46.324+0000] {taskinstance.py:2171} INFO - Starting attempt 1 of 1
[2024-01-04T17:50:46.495+0000] {taskinstance.py:2192} INFO - Executing <Task(BashOperator): wget> on 2023-12-02 07:00:00+00:00
[2024-01-04T17:50:46.522+0000] {standard_task_runner.py:60} INFO - Started process 5827 to run task
[2024-01-04T17:50:46.545+0000] {standard_task_runner.py:87} INFO - Running: ['***', 'tasks', 'run', 'Local_Data_Ingestion', 'wget', 'scheduled__2023-12-02T07:00:00+00:00', '--job-id', '24', '--raw', '--subdir', 'DAGS_FOLDER/data_ingestion_local.py', '--cfg-path', '/tmp/tmpiy9pud7j']
[2024-01-04T17:50:46.547+0000] {standard_task_runner.py:88} INFO - Job 24: Subtask wget
[2024-01-04T17:50:46.770+0000] {task_command.py:423} INFO - Running <TaskInstance: Local_Data_Ingestion.wget scheduled__2023-12-02T07:00:00+00:00 [running]> on host 6672c9b206ef
[2024-01-04T17:50:47.318+0000] {taskinstance.py:2481} INFO - Exporting env vars: AIRFLOW_CTX_DAG_OWNER='***' AIRFLOW_CTX_DAG_ID='Local_Data_Ingestion' AIRFLOW_CTX_TASK_ID='wget' AIRFLOW_CTX_EXECUTION_DATE='2023-12-02T07:00:00+00:00' AIRFLOW_CTX_TRY_NUMBER='1' AIRFLOW_CTX_DAG_RUN_ID='scheduled__2023-12-02T07:00:00+00:00'
[2024-01-04T17:50:47.320+0000] {subprocess.py:63} INFO - Tmp dir root location: /tmp
[2024-01-04T17:50:47.324+0000] {subprocess.py:75} INFO - Running command: ['/usr/bin/bash', '-c', 'echo "hello world"']
[2024-01-04T17:50:47.373+0000] {subprocess.py:86} INFO - Output:
[2024-01-04T17:50:47.378+0000] {subprocess.py:93} INFO - hello world
[2024-01-04T17:50:47.380+0000] {subprocess.py:97} INFO - Command exited with return code 0
[2024-01-04T17:50:47.475+0000] {taskinstance.py:1138} INFO - Marking task as SUCCESS. dag_id=Local_Data_Ingestion, task_id=wget, execution_date=20231202T070000, start_date=20240104T175046, end_date=20240104T175047
[2024-01-04T17:50:47.533+0000] {local_task_job_runner.py:234} INFO - Task exited with return code 0
[2024-01-04T17:50:47.654+0000] {taskinstance.py:3281} INFO - 1 downstream tasks scheduled from follow-on schedule check
[2024-01-04T17:54:44.537+0000] {taskinstance.py:1957} INFO - Dependencies all met for dep_context=non-requeueable deps ti=<TaskInstance: Local_Data_Ingestion.wget scheduled__2023-12-02T07:00:00+00:00 [queued]>
[2024-01-04T17:54:44.572+0000] {taskinstance.py:1957} INFO - Dependencies all met for dep_context=requeueable deps ti=<TaskInstance: Local_Data_Ingestion.wget scheduled__2023-12-02T07:00:00+00:00 [queued]>
[2024-01-04T17:54:44.572+0000] {taskinstance.py:2171} INFO - Starting attempt 1 of 1
[2024-01-04T17:54:44.646+0000] {taskinstance.py:2192} INFO - Executing <Task(BashOperator): wget> on 2023-12-02 07:00:00+00:00
[2024-01-04T17:54:44.662+0000] {standard_task_runner.py:60} INFO - Started process 5984 to run task
[2024-01-04T17:54:44.714+0000] {standard_task_runner.py:87} INFO - Running: ['***', 'tasks', 'run', 'Local_Data_Ingestion', 'wget', 'scheduled__2023-12-02T07:00:00+00:00', '--job-id', '52', '--raw', '--subdir', 'DAGS_FOLDER/data_ingestion_local.py', '--cfg-path', '/tmp/tmp04p25f7w']
[2024-01-04T17:54:44.716+0000] {standard_task_runner.py:88} INFO - Job 52: Subtask wget
[2024-01-04T17:54:44.924+0000] {task_command.py:423} INFO - Running <TaskInstance: Local_Data_Ingestion.wget scheduled__2023-12-02T07:00:00+00:00 [running]> on host 6672c9b206ef
[2024-01-04T17:54:45.206+0000] {taskinstance.py:2481} INFO - Exporting env vars: AIRFLOW_CTX_DAG_OWNER='***' AIRFLOW_CTX_DAG_ID='Local_Data_Ingestion' AIRFLOW_CTX_TASK_ID='wget' AIRFLOW_CTX_EXECUTION_DATE='2023-12-02T07:00:00+00:00' AIRFLOW_CTX_TRY_NUMBER='1' AIRFLOW_CTX_DAG_RUN_ID='scheduled__2023-12-02T07:00:00+00:00'
[2024-01-04T17:54:45.211+0000] {subprocess.py:63} INFO - Tmp dir root location: /tmp
[2024-01-04T17:54:45.212+0000] {subprocess.py:75} INFO - Running command: ['/usr/bin/bash', '-c', 'echo "hello world"']
[2024-01-04T17:54:45.243+0000] {subprocess.py:86} INFO - Output:
[2024-01-04T17:54:45.248+0000] {subprocess.py:93} INFO - hello world
[2024-01-04T17:54:45.249+0000] {subprocess.py:97} INFO - Command exited with return code 0
[2024-01-04T17:54:45.310+0000] {taskinstance.py:1138} INFO - Marking task as SUCCESS. dag_id=Local_Data_Ingestion, task_id=wget, execution_date=20231202T070000, start_date=20240104T175444, end_date=20240104T175445
[2024-01-04T17:54:45.350+0000] {local_task_job_runner.py:234} INFO - Task exited with return code 0
[2024-01-04T17:54:45.417+0000] {taskinstance.py:3281} INFO - 1 downstream tasks scheduled from follow-on schedule check
[2024-01-04T18:09:32.430+0000] {taskinstance.py:1957} INFO - Dependencies all met for dep_context=non-requeueable deps ti=<TaskInstance: Local_Data_Ingestion.wget scheduled__2023-12-02T07:00:00+00:00 [queued]>
[2024-01-04T18:09:32.479+0000] {taskinstance.py:1957} INFO - Dependencies all met for dep_context=requeueable deps ti=<TaskInstance: Local_Data_Ingestion.wget scheduled__2023-12-02T07:00:00+00:00 [queued]>
[2024-01-04T18:09:32.479+0000] {taskinstance.py:2171} INFO - Starting attempt 1 of 1
[2024-01-04T18:09:32.539+0000] {taskinstance.py:2192} INFO - Executing <Task(BashOperator): wget> on 2023-12-02 07:00:00+00:00
[2024-01-04T18:09:32.554+0000] {standard_task_runner.py:60} INFO - Started process 6279 to run task
[2024-01-04T18:09:32.611+0000] {standard_task_runner.py:87} INFO - Running: ['***', 'tasks', 'run', 'Local_Data_Ingestion', 'wget', 'scheduled__2023-12-02T07:00:00+00:00', '--job-id', '79', '--raw', '--subdir', 'DAGS_FOLDER/data_ingestion_local.py', '--cfg-path', '/tmp/tmpne1ssjwl']
[2024-01-04T18:09:32.621+0000] {standard_task_runner.py:88} INFO - Job 79: Subtask wget
[2024-01-04T18:09:32.859+0000] {task_command.py:423} INFO - Running <TaskInstance: Local_Data_Ingestion.wget scheduled__2023-12-02T07:00:00+00:00 [running]> on host 6672c9b206ef
[2024-01-04T18:09:33.342+0000] {taskinstance.py:2481} INFO - Exporting env vars: AIRFLOW_CTX_DAG_OWNER='***' AIRFLOW_CTX_DAG_ID='Local_Data_Ingestion' AIRFLOW_CTX_TASK_ID='wget' AIRFLOW_CTX_EXECUTION_DATE='2023-12-02T07:00:00+00:00' AIRFLOW_CTX_TRY_NUMBER='1' AIRFLOW_CTX_DAG_RUN_ID='scheduled__2023-12-02T07:00:00+00:00'
[2024-01-04T18:09:33.345+0000] {subprocess.py:63} INFO - Tmp dir root location: /tmp
[2024-01-04T18:09:33.347+0000] {subprocess.py:75} INFO - Running command: ['/usr/bin/bash', '-c', 'echo "hello world"']
[2024-01-04T18:09:33.399+0000] {subprocess.py:86} INFO - Output:
[2024-01-04T18:09:33.403+0000] {subprocess.py:93} INFO - hello world
[2024-01-04T18:09:33.414+0000] {subprocess.py:97} INFO - Command exited with return code 0
[2024-01-04T18:09:33.486+0000] {taskinstance.py:1138} INFO - Marking task as SUCCESS. dag_id=Local_Data_Ingestion, task_id=wget, execution_date=20231202T070000, start_date=20240104T180932, end_date=20240104T180933
[2024-01-04T18:09:33.593+0000] {local_task_job_runner.py:234} INFO - Task exited with return code 0
[2024-01-04T18:09:33.636+0000] {taskinstance.py:3281} INFO - 1 downstream tasks scheduled from follow-on schedule check
