[2024-01-10T00:28:39.668+0000] {taskinstance.py:1957} INFO - Dependencies all met for dep_context=non-requeueable deps ti=<TaskInstance: data_ingestion_gcs_dag.local_to_gcs_task scheduled__2024-01-09T00:00:00+00:00 [queued]>
[2024-01-10T00:28:39.679+0000] {taskinstance.py:1957} INFO - Dependencies all met for dep_context=requeueable deps ti=<TaskInstance: data_ingestion_gcs_dag.local_to_gcs_task scheduled__2024-01-09T00:00:00+00:00 [queued]>
[2024-01-10T00:28:39.679+0000] {taskinstance.py:2171} INFO - Starting attempt 1 of 1
[2024-01-10T00:28:39.695+0000] {taskinstance.py:2192} INFO - Executing <Task(PythonOperator): local_to_gcs_task> on 2024-01-09 00:00:00+00:00
[2024-01-10T00:28:39.705+0000] {standard_task_runner.py:60} INFO - Started process 7076 to run task
[2024-01-10T00:28:39.710+0000] {standard_task_runner.py:87} INFO - Running: ['***', 'tasks', 'run', 'data_ingestion_gcs_dag', 'local_to_gcs_task', 'scheduled__2024-01-09T00:00:00+00:00', '--job-id', '149', '--raw', '--subdir', 'DAGS_FOLDER/data_ingestion_gcp.py', '--cfg-path', '/tmp/tmpj_h32faw']
[2024-01-10T00:28:39.715+0000] {standard_task_runner.py:88} INFO - Job 149: Subtask local_to_gcs_task
[2024-01-10T00:28:39.784+0000] {task_command.py:423} INFO - Running <TaskInstance: data_ingestion_gcs_dag.local_to_gcs_task scheduled__2024-01-09T00:00:00+00:00 [running]> on host f5de67cb9685
[2024-01-10T00:28:39.842+0000] {warnings.py:109} WARNING - /home/***/.local/lib/python3.8/site-packages/***/utils/context.py:207: AirflowContextDeprecationWarning: Accessing 'execution_date' from the template is deprecated and will be removed in a future version. Please use 'data_interval_start' or 'logical_date' instead.
  warnings.warn(_create_deprecation_warning(key, self._deprecation_replacements[key]))

[2024-01-10T00:28:39.886+0000] {taskinstance.py:2481} INFO - Exporting env vars: AIRFLOW_CTX_DAG_OWNER='***' AIRFLOW_CTX_DAG_ID='data_ingestion_gcs_dag' AIRFLOW_CTX_TASK_ID='local_to_gcs_task' AIRFLOW_CTX_EXECUTION_DATE='2024-01-09T00:00:00+00:00' AIRFLOW_CTX_TRY_NUMBER='1' AIRFLOW_CTX_DAG_RUN_ID='scheduled__2024-01-09T00:00:00+00:00'
[2024-01-10T00:28:39.996+0000] {ingest_data_gcp_script.py:24} INFO - Starting upload of /opt/***/input_2024-01.parquet to raw/yellow_tripdata_2024_01.parquet
[2024-01-10T00:28:40.416+0000] {ingest_data_gcp_script.py:29} INFO - Finished upload of /opt/***/input_2024-01.parquet to raw/yellow_tripdata_2024_01.parquet
[2024-01-10T00:28:40.416+0000] {python.py:201} INFO - Done. Returned value was: https://storage.googleapis.com/dtc-de-project1-terra-bucket/raw/yellow_tripdata_2024_01.parquet
[2024-01-10T00:28:40.453+0000] {taskinstance.py:1138} INFO - Marking task as SUCCESS. dag_id=data_ingestion_gcs_dag, task_id=local_to_gcs_task, execution_date=20240109T000000, start_date=20240110T002839, end_date=20240110T002840
[2024-01-10T00:28:40.484+0000] {local_task_job_runner.py:234} INFO - Task exited with return code 0
[2024-01-10T00:28:40.515+0000] {taskinstance.py:3281} INFO - 1 downstream tasks scheduled from follow-on schedule check
[2024-01-10T00:32:26.026+0000] {taskinstance.py:1957} INFO - Dependencies all met for dep_context=non-requeueable deps ti=<TaskInstance: data_ingestion_gcs_dag.local_to_gcs_task scheduled__2024-01-09T00:00:00+00:00 [queued]>
[2024-01-10T00:32:26.054+0000] {taskinstance.py:1957} INFO - Dependencies all met for dep_context=requeueable deps ti=<TaskInstance: data_ingestion_gcs_dag.local_to_gcs_task scheduled__2024-01-09T00:00:00+00:00 [queued]>
[2024-01-10T00:32:26.056+0000] {taskinstance.py:2171} INFO - Starting attempt 1 of 1
[2024-01-10T00:32:26.085+0000] {taskinstance.py:2192} INFO - Executing <Task(PythonOperator): local_to_gcs_task> on 2024-01-09 00:00:00+00:00
[2024-01-10T00:32:26.095+0000] {standard_task_runner.py:60} INFO - Started process 83 to run task
[2024-01-10T00:32:26.118+0000] {standard_task_runner.py:87} INFO - Running: ['***', 'tasks', 'run', 'data_ingestion_gcs_dag', 'local_to_gcs_task', 'scheduled__2024-01-09T00:00:00+00:00', '--job-id', '158', '--raw', '--subdir', 'DAGS_FOLDER/data_ingestion_gcp.py', '--cfg-path', '/tmp/tmphyw82_tu']
[2024-01-10T00:32:26.128+0000] {standard_task_runner.py:88} INFO - Job 158: Subtask local_to_gcs_task
[2024-01-10T00:32:26.242+0000] {task_command.py:423} INFO - Running <TaskInstance: data_ingestion_gcs_dag.local_to_gcs_task scheduled__2024-01-09T00:00:00+00:00 [running]> on host 35cf15b90cf8
[2024-01-10T00:32:26.328+0000] {warnings.py:109} WARNING - /home/***/.local/lib/python3.8/site-packages/***/utils/context.py:207: AirflowContextDeprecationWarning: Accessing 'execution_date' from the template is deprecated and will be removed in a future version. Please use 'data_interval_start' or 'logical_date' instead.
  warnings.warn(_create_deprecation_warning(key, self._deprecation_replacements[key]))

[2024-01-10T00:32:26.432+0000] {taskinstance.py:2481} INFO - Exporting env vars: AIRFLOW_CTX_DAG_OWNER='***' AIRFLOW_CTX_DAG_ID='data_ingestion_gcs_dag' AIRFLOW_CTX_TASK_ID='local_to_gcs_task' AIRFLOW_CTX_EXECUTION_DATE='2024-01-09T00:00:00+00:00' AIRFLOW_CTX_TRY_NUMBER='1' AIRFLOW_CTX_DAG_RUN_ID='scheduled__2024-01-09T00:00:00+00:00'
[2024-01-10T00:32:26.708+0000] {ingest_data_gcp_script.py:24} INFO - Starting upload of /opt/***/input_2024-01.parquet to raw/yellow_tripdata_2024_01.parquet
[2024-01-10T00:32:27.294+0000] {ingest_data_gcp_script.py:29} INFO - Finished upload of /opt/***/input_2024-01.parquet to raw/yellow_tripdata_2024_01.parquet
[2024-01-10T00:32:27.295+0000] {python.py:201} INFO - Done. Returned value was: https://storage.googleapis.com/dtc-de-project1-terra-bucket/raw/yellow_tripdata_2024_01.parquet
[2024-01-10T00:32:27.367+0000] {taskinstance.py:1138} INFO - Marking task as SUCCESS. dag_id=data_ingestion_gcs_dag, task_id=local_to_gcs_task, execution_date=20240109T000000, start_date=20240110T003226, end_date=20240110T003227
[2024-01-10T00:32:27.497+0000] {local_task_job_runner.py:234} INFO - Task exited with return code 0
[2024-01-10T00:32:27.618+0000] {taskinstance.py:3281} INFO - 1 downstream tasks scheduled from follow-on schedule check
