[2024-01-09T20:54:10.111+0000] {taskinstance.py:1957} INFO - Dependencies all met for dep_context=non-requeueable deps ti=<TaskInstance: data_ingestion_gcs_dag.local_to_gcs_task scheduled__2023-12-02T07:00:00+00:00 [queued]>
[2024-01-09T20:54:10.122+0000] {taskinstance.py:1957} INFO - Dependencies all met for dep_context=requeueable deps ti=<TaskInstance: data_ingestion_gcs_dag.local_to_gcs_task scheduled__2023-12-02T07:00:00+00:00 [queued]>
[2024-01-09T20:54:10.123+0000] {taskinstance.py:2171} INFO - Starting attempt 3 of 4
[2024-01-09T20:54:10.140+0000] {taskinstance.py:2192} INFO - Executing <Task(PythonOperator): local_to_gcs_task> on 2023-12-02 07:00:00+00:00
[2024-01-09T20:54:10.150+0000] {standard_task_runner.py:60} INFO - Started process 3562 to run task
[2024-01-09T20:54:10.155+0000] {standard_task_runner.py:87} INFO - Running: ['***', 'tasks', 'run', 'data_ingestion_gcs_dag', 'local_to_gcs_task', 'scheduled__2023-12-02T07:00:00+00:00', '--job-id', '104', '--raw', '--subdir', 'DAGS_FOLDER/data_ingestion_gcp.py', '--cfg-path', '/tmp/tmpuchrv71m']
[2024-01-09T20:54:10.160+0000] {standard_task_runner.py:88} INFO - Job 104: Subtask local_to_gcs_task
[2024-01-09T20:54:10.229+0000] {task_command.py:423} INFO - Running <TaskInstance: data_ingestion_gcs_dag.local_to_gcs_task scheduled__2023-12-02T07:00:00+00:00 [running]> on host f5de67cb9685
[2024-01-09T20:54:10.291+0000] {warnings.py:109} WARNING - /home/***/.local/lib/python3.8/site-packages/***/utils/context.py:207: AirflowContextDeprecationWarning: Accessing 'execution_date' from the template is deprecated and will be removed in a future version. Please use 'data_interval_start' or 'logical_date' instead.
  warnings.warn(_create_deprecation_warning(key, self._deprecation_replacements[key]))

[2024-01-09T20:54:10.337+0000] {taskinstance.py:2481} INFO - Exporting env vars: AIRFLOW_CTX_DAG_OWNER='***' AIRFLOW_CTX_DAG_ID='data_ingestion_gcs_dag' AIRFLOW_CTX_TASK_ID='local_to_gcs_task' AIRFLOW_CTX_EXECUTION_DATE='2023-12-02T07:00:00+00:00' AIRFLOW_CTX_TRY_NUMBER='3' AIRFLOW_CTX_DAG_RUN_ID='scheduled__2023-12-02T07:00:00+00:00'
[2024-01-09T20:54:10.460+0000] {ingest_data_gcp_script.py:24} INFO - Starting upload of /opt/***/input_2023-12.parquet to raw/yellow_tripdata_2023_12
[2024-01-09T20:54:10.818+0000] {ingest_data_gcp_script.py:30} INFO - Finished upload of /opt/***/input_2023-12.parquet to raw/yellow_tripdata_2023_12
[2024-01-09T20:54:10.819+0000] {python.py:201} INFO - Done. Returned value was: https://storage.googleapis.com/dtc-de-project1-terra-bucket/raw/yellow_tripdata_2023_12
[2024-01-09T20:54:10.851+0000] {taskinstance.py:1138} INFO - Marking task as SUCCESS. dag_id=data_ingestion_gcs_dag, task_id=local_to_gcs_task, execution_date=20231202T070000, start_date=20240109T205410, end_date=20240109T205410
[2024-01-09T20:54:10.889+0000] {local_task_job_runner.py:234} INFO - Task exited with return code 0
[2024-01-09T20:54:10.918+0000] {taskinstance.py:3281} INFO - 1 downstream tasks scheduled from follow-on schedule check
[2024-01-10T00:25:18.835+0000] {taskinstance.py:1957} INFO - Dependencies all met for dep_context=non-requeueable deps ti=<TaskInstance: data_ingestion_gcs_dag.local_to_gcs_task scheduled__2023-12-02T07:00:00+00:00 [queued]>
[2024-01-10T00:25:18.874+0000] {taskinstance.py:1957} INFO - Dependencies all met for dep_context=requeueable deps ti=<TaskInstance: data_ingestion_gcs_dag.local_to_gcs_task scheduled__2023-12-02T07:00:00+00:00 [queued]>
[2024-01-10T00:25:18.875+0000] {taskinstance.py:2171} INFO - Starting attempt 3 of 3
[2024-01-10T00:25:18.892+0000] {taskinstance.py:2192} INFO - Executing <Task(PythonOperator): local_to_gcs_task> on 2023-12-02 07:00:00+00:00
[2024-01-10T00:25:18.901+0000] {standard_task_runner.py:60} INFO - Started process 7013 to run task
[2024-01-10T00:25:18.906+0000] {standard_task_runner.py:87} INFO - Running: ['***', 'tasks', 'run', 'data_ingestion_gcs_dag', 'local_to_gcs_task', 'scheduled__2023-12-02T07:00:00+00:00', '--job-id', '146', '--raw', '--subdir', 'DAGS_FOLDER/data_ingestion_gcp.py', '--cfg-path', '/tmp/tmpkscpw9kc']
[2024-01-10T00:25:18.911+0000] {standard_task_runner.py:88} INFO - Job 146: Subtask local_to_gcs_task
[2024-01-10T00:25:19.002+0000] {task_command.py:423} INFO - Running <TaskInstance: data_ingestion_gcs_dag.local_to_gcs_task scheduled__2023-12-02T07:00:00+00:00 [running]> on host f5de67cb9685
[2024-01-10T00:25:19.068+0000] {warnings.py:109} WARNING - /home/***/.local/lib/python3.8/site-packages/***/utils/context.py:207: AirflowContextDeprecationWarning: Accessing 'execution_date' from the template is deprecated and will be removed in a future version. Please use 'data_interval_start' or 'logical_date' instead.
  warnings.warn(_create_deprecation_warning(key, self._deprecation_replacements[key]))

[2024-01-10T00:25:19.120+0000] {taskinstance.py:2481} INFO - Exporting env vars: AIRFLOW_CTX_DAG_OWNER='***' AIRFLOW_CTX_DAG_ID='data_ingestion_gcs_dag' AIRFLOW_CTX_TASK_ID='local_to_gcs_task' AIRFLOW_CTX_EXECUTION_DATE='2023-12-02T07:00:00+00:00' AIRFLOW_CTX_TRY_NUMBER='3' AIRFLOW_CTX_DAG_RUN_ID='scheduled__2023-12-02T07:00:00+00:00'
[2024-01-10T00:25:19.273+0000] {ingest_data_gcp_script.py:24} INFO - Starting upload of /opt/***/input_2023-12.parquet to raw/yellow_tripdata_2023_12.parquet
[2024-01-10T00:25:19.705+0000] {ingest_data_gcp_script.py:29} INFO - Finished upload of /opt/***/input_2023-12.parquet to raw/yellow_tripdata_2023_12.parquet
[2024-01-10T00:25:19.705+0000] {python.py:201} INFO - Done. Returned value was: https://storage.googleapis.com/dtc-de-project1-terra-bucket/raw/yellow_tripdata_2023_12.parquet
[2024-01-10T00:25:19.734+0000] {taskinstance.py:1138} INFO - Marking task as SUCCESS. dag_id=data_ingestion_gcs_dag, task_id=local_to_gcs_task, execution_date=20231202T070000, start_date=20240110T002518, end_date=20240110T002519
[2024-01-10T00:25:19.764+0000] {local_task_job_runner.py:234} INFO - Task exited with return code 0
[2024-01-10T00:25:19.793+0000] {taskinstance.py:3281} INFO - 1 downstream tasks scheduled from follow-on schedule check
