[2024-01-09T21:44:40.642+0000] {taskinstance.py:1957} INFO - Dependencies all met for dep_context=non-requeueable deps ti=<TaskInstance: data_ingestion_gcs_dag.local_to_gcs_task scheduled__2023-12-02T07:00:00+00:00 [queued]>
[2024-01-09T21:44:40.653+0000] {taskinstance.py:1957} INFO - Dependencies all met for dep_context=requeueable deps ti=<TaskInstance: data_ingestion_gcs_dag.local_to_gcs_task scheduled__2023-12-02T07:00:00+00:00 [queued]>
[2024-01-09T21:44:40.653+0000] {taskinstance.py:2171} INFO - Starting attempt 4 of 4
[2024-01-09T21:44:40.669+0000] {taskinstance.py:2192} INFO - Executing <Task(PythonOperator): local_to_gcs_task> on 2023-12-02 07:00:00+00:00
[2024-01-09T21:44:40.678+0000] {standard_task_runner.py:60} INFO - Started process 4392 to run task
[2024-01-09T21:44:40.683+0000] {standard_task_runner.py:87} INFO - Running: ['***', 'tasks', 'run', 'data_ingestion_gcs_dag', 'local_to_gcs_task', 'scheduled__2023-12-02T07:00:00+00:00', '--job-id', '118', '--raw', '--subdir', 'DAGS_FOLDER/data_ingestion_gcp.py', '--cfg-path', '/tmp/tmpcyj_28df']
[2024-01-09T21:44:40.688+0000] {standard_task_runner.py:88} INFO - Job 118: Subtask local_to_gcs_task
[2024-01-09T21:44:40.761+0000] {task_command.py:423} INFO - Running <TaskInstance: data_ingestion_gcs_dag.local_to_gcs_task scheduled__2023-12-02T07:00:00+00:00 [running]> on host f5de67cb9685
[2024-01-09T21:44:40.821+0000] {warnings.py:109} WARNING - /home/***/.local/lib/python3.8/site-packages/***/utils/context.py:207: AirflowContextDeprecationWarning: Accessing 'execution_date' from the template is deprecated and will be removed in a future version. Please use 'data_interval_start' or 'logical_date' instead.
  warnings.warn(_create_deprecation_warning(key, self._deprecation_replacements[key]))

[2024-01-09T21:44:40.869+0000] {taskinstance.py:2481} INFO - Exporting env vars: AIRFLOW_CTX_DAG_OWNER='***' AIRFLOW_CTX_DAG_ID='data_ingestion_gcs_dag' AIRFLOW_CTX_TASK_ID='local_to_gcs_task' AIRFLOW_CTX_EXECUTION_DATE='2023-12-02T07:00:00+00:00' AIRFLOW_CTX_TRY_NUMBER='4' AIRFLOW_CTX_DAG_RUN_ID='scheduled__2023-12-02T07:00:00+00:00'
[2024-01-09T21:44:40.979+0000] {ingest_data_gcp_script.py:24} INFO - Starting upload of /opt/***/input_2023-12.parquet to raw/yellow_tripdata_2023_12.parquet
[2024-01-09T21:44:41.341+0000] {ingest_data_gcp_script.py:29} INFO - Finished upload of /opt/***/input_2023-12.parquet to raw/yellow_tripdata_2023_12.parquet
[2024-01-09T21:44:41.341+0000] {python.py:201} INFO - Done. Returned value was: https://storage.googleapis.com/dtc-de-project1-terra-bucket/raw/yellow_tripdata_2023_12.parquet
[2024-01-09T21:44:41.369+0000] {taskinstance.py:1138} INFO - Marking task as SUCCESS. dag_id=data_ingestion_gcs_dag, task_id=local_to_gcs_task, execution_date=20231202T070000, start_date=20240109T214440, end_date=20240109T214441
[2024-01-09T21:44:41.419+0000] {local_task_job_runner.py:234} INFO - Task exited with return code 0
[2024-01-09T21:44:41.448+0000] {taskinstance.py:3281} INFO - 1 downstream tasks scheduled from follow-on schedule check
[2024-01-10T00:28:52.010+0000] {taskinstance.py:1957} INFO - Dependencies all met for dep_context=non-requeueable deps ti=<TaskInstance: data_ingestion_gcs_dag.local_to_gcs_task scheduled__2023-12-02T07:00:00+00:00 [queued]>
[2024-01-10T00:28:52.044+0000] {taskinstance.py:1957} INFO - Dependencies all met for dep_context=requeueable deps ti=<TaskInstance: data_ingestion_gcs_dag.local_to_gcs_task scheduled__2023-12-02T07:00:00+00:00 [queued]>
[2024-01-10T00:28:52.044+0000] {taskinstance.py:2171} INFO - Starting attempt 4 of 4
[2024-01-10T00:28:52.060+0000] {taskinstance.py:2192} INFO - Executing <Task(PythonOperator): local_to_gcs_task> on 2023-12-02 07:00:00+00:00
[2024-01-10T00:28:52.069+0000] {standard_task_runner.py:60} INFO - Started process 7088 to run task
[2024-01-10T00:28:52.074+0000] {standard_task_runner.py:87} INFO - Running: ['***', 'tasks', 'run', 'data_ingestion_gcs_dag', 'local_to_gcs_task', 'scheduled__2023-12-02T07:00:00+00:00', '--job-id', '152', '--raw', '--subdir', 'DAGS_FOLDER/data_ingestion_gcp.py', '--cfg-path', '/tmp/tmpwx9g_ba1']
[2024-01-10T00:28:52.079+0000] {standard_task_runner.py:88} INFO - Job 152: Subtask local_to_gcs_task
[2024-01-10T00:28:52.144+0000] {task_command.py:423} INFO - Running <TaskInstance: data_ingestion_gcs_dag.local_to_gcs_task scheduled__2023-12-02T07:00:00+00:00 [running]> on host f5de67cb9685
[2024-01-10T00:28:52.202+0000] {warnings.py:109} WARNING - /home/***/.local/lib/python3.8/site-packages/***/utils/context.py:207: AirflowContextDeprecationWarning: Accessing 'execution_date' from the template is deprecated and will be removed in a future version. Please use 'data_interval_start' or 'logical_date' instead.
  warnings.warn(_create_deprecation_warning(key, self._deprecation_replacements[key]))

[2024-01-10T00:28:52.247+0000] {taskinstance.py:2481} INFO - Exporting env vars: AIRFLOW_CTX_DAG_OWNER='***' AIRFLOW_CTX_DAG_ID='data_ingestion_gcs_dag' AIRFLOW_CTX_TASK_ID='local_to_gcs_task' AIRFLOW_CTX_EXECUTION_DATE='2023-12-02T07:00:00+00:00' AIRFLOW_CTX_TRY_NUMBER='4' AIRFLOW_CTX_DAG_RUN_ID='scheduled__2023-12-02T07:00:00+00:00'
[2024-01-10T00:28:52.357+0000] {ingest_data_gcp_script.py:24} INFO - Starting upload of /opt/***/input_2023-12.parquet to raw/yellow_tripdata_2023_12.parquet
[2024-01-10T00:28:52.762+0000] {ingest_data_gcp_script.py:29} INFO - Finished upload of /opt/***/input_2023-12.parquet to raw/yellow_tripdata_2023_12.parquet
[2024-01-10T00:28:52.762+0000] {python.py:201} INFO - Done. Returned value was: https://storage.googleapis.com/dtc-de-project1-terra-bucket/raw/yellow_tripdata_2023_12.parquet
[2024-01-10T00:28:52.794+0000] {taskinstance.py:1138} INFO - Marking task as SUCCESS. dag_id=data_ingestion_gcs_dag, task_id=local_to_gcs_task, execution_date=20231202T070000, start_date=20240110T002852, end_date=20240110T002852
[2024-01-10T00:28:52.849+0000] {local_task_job_runner.py:234} INFO - Task exited with return code 0
[2024-01-10T00:28:52.876+0000] {taskinstance.py:3281} INFO - 1 downstream tasks scheduled from follow-on schedule check
