[2024-01-04T17:50:47.638+0000] {taskinstance.py:1957} INFO - Dependencies all met for dep_context=non-requeueable deps ti=<TaskInstance: Local_Data_Ingestion.ingest scheduled__2023-07-02T07:00:00+00:00 [queued]>
[2024-01-04T17:50:47.684+0000] {taskinstance.py:1957} INFO - Dependencies all met for dep_context=requeueable deps ti=<TaskInstance: Local_Data_Ingestion.ingest scheduled__2023-07-02T07:00:00+00:00 [queued]>
[2024-01-04T17:50:47.684+0000] {taskinstance.py:2171} INFO - Starting attempt 1 of 1
[2024-01-04T17:50:47.749+0000] {taskinstance.py:2192} INFO - Executing <Task(BashOperator): ingest> on 2023-07-02 07:00:00+00:00
[2024-01-04T17:50:47.785+0000] {standard_task_runner.py:60} INFO - Started process 5834 to run task
[2024-01-04T17:50:47.808+0000] {standard_task_runner.py:87} INFO - Running: ['***', 'tasks', 'run', 'Local_Data_Ingestion', 'ingest', 'scheduled__2023-07-02T07:00:00+00:00', '--job-id', '25', '--raw', '--subdir', 'DAGS_FOLDER/data_ingestion_local.py', '--cfg-path', '/tmp/tmpiizg6gvb']
[2024-01-04T17:50:47.810+0000] {standard_task_runner.py:88} INFO - Job 25: Subtask ingest
[2024-01-04T17:50:47.949+0000] {task_command.py:423} INFO - Running <TaskInstance: Local_Data_Ingestion.ingest scheduled__2023-07-02T07:00:00+00:00 [running]> on host 6672c9b206ef
[2024-01-04T17:50:48.149+0000] {taskinstance.py:2481} INFO - Exporting env vars: AIRFLOW_CTX_DAG_OWNER='***' AIRFLOW_CTX_DAG_ID='Local_Data_Ingestion' AIRFLOW_CTX_TASK_ID='ingest' AIRFLOW_CTX_EXECUTION_DATE='2023-07-02T07:00:00+00:00' AIRFLOW_CTX_TRY_NUMBER='1' AIRFLOW_CTX_DAG_RUN_ID='scheduled__2023-07-02T07:00:00+00:00'
[2024-01-04T17:50:48.151+0000] {subprocess.py:63} INFO - Tmp dir root location: /tmp
[2024-01-04T17:50:48.152+0000] {subprocess.py:75} INFO - Running command: ['/usr/bin/bash', '-c', 'echo "hello world"']
[2024-01-04T17:50:48.184+0000] {subprocess.py:86} INFO - Output:
[2024-01-04T17:50:48.191+0000] {subprocess.py:93} INFO - hello world
[2024-01-04T17:50:48.195+0000] {subprocess.py:97} INFO - Command exited with return code 0
[2024-01-04T17:50:48.259+0000] {taskinstance.py:1138} INFO - Marking task as SUCCESS. dag_id=Local_Data_Ingestion, task_id=ingest, execution_date=20230702T070000, start_date=20240104T175047, end_date=20240104T175048
[2024-01-04T17:50:48.338+0000] {local_task_job_runner.py:234} INFO - Task exited with return code 0
[2024-01-04T17:50:48.378+0000] {taskinstance.py:3281} INFO - 0 downstream tasks scheduled from follow-on schedule check
[2024-01-04T17:54:45.109+0000] {taskinstance.py:1957} INFO - Dependencies all met for dep_context=non-requeueable deps ti=<TaskInstance: Local_Data_Ingestion.ingest scheduled__2023-07-02T07:00:00+00:00 [queued]>
[2024-01-04T17:54:45.141+0000] {taskinstance.py:1957} INFO - Dependencies all met for dep_context=requeueable deps ti=<TaskInstance: Local_Data_Ingestion.ingest scheduled__2023-07-02T07:00:00+00:00 [queued]>
[2024-01-04T17:54:45.141+0000] {taskinstance.py:2171} INFO - Starting attempt 1 of 1
[2024-01-04T17:54:45.191+0000] {taskinstance.py:2192} INFO - Executing <Task(BashOperator): ingest> on 2023-07-02 07:00:00+00:00
[2024-01-04T17:54:45.198+0000] {standard_task_runner.py:60} INFO - Started process 5985 to run task
[2024-01-04T17:54:45.222+0000] {standard_task_runner.py:87} INFO - Running: ['***', 'tasks', 'run', 'Local_Data_Ingestion', 'ingest', 'scheduled__2023-07-02T07:00:00+00:00', '--job-id', '54', '--raw', '--subdir', 'DAGS_FOLDER/data_ingestion_local.py', '--cfg-path', '/tmp/tmp_8c1w2ju']
[2024-01-04T17:54:45.227+0000] {standard_task_runner.py:88} INFO - Job 54: Subtask ingest
[2024-01-04T17:54:45.388+0000] {task_command.py:423} INFO - Running <TaskInstance: Local_Data_Ingestion.ingest scheduled__2023-07-02T07:00:00+00:00 [running]> on host 6672c9b206ef
[2024-01-04T17:54:45.581+0000] {taskinstance.py:2481} INFO - Exporting env vars: AIRFLOW_CTX_DAG_OWNER='***' AIRFLOW_CTX_DAG_ID='Local_Data_Ingestion' AIRFLOW_CTX_TASK_ID='ingest' AIRFLOW_CTX_EXECUTION_DATE='2023-07-02T07:00:00+00:00' AIRFLOW_CTX_TRY_NUMBER='1' AIRFLOW_CTX_DAG_RUN_ID='scheduled__2023-07-02T07:00:00+00:00'
[2024-01-04T17:54:45.583+0000] {subprocess.py:63} INFO - Tmp dir root location: /tmp
[2024-01-04T17:54:45.584+0000] {subprocess.py:75} INFO - Running command: ['/usr/bin/bash', '-c', 'echo "hello world"']
[2024-01-04T17:54:45.612+0000] {subprocess.py:86} INFO - Output:
[2024-01-04T17:54:45.617+0000] {subprocess.py:93} INFO - hello world
[2024-01-04T17:54:45.618+0000] {subprocess.py:97} INFO - Command exited with return code 0
[2024-01-04T17:54:45.683+0000] {taskinstance.py:1138} INFO - Marking task as SUCCESS. dag_id=Local_Data_Ingestion, task_id=ingest, execution_date=20230702T070000, start_date=20240104T175445, end_date=20240104T175445
[2024-01-04T17:54:45.757+0000] {local_task_job_runner.py:234} INFO - Task exited with return code 0
[2024-01-04T17:54:45.788+0000] {taskinstance.py:3281} INFO - 0 downstream tasks scheduled from follow-on schedule check
[2024-01-04T18:09:32.176+0000] {taskinstance.py:1957} INFO - Dependencies all met for dep_context=non-requeueable deps ti=<TaskInstance: Local_Data_Ingestion.ingest scheduled__2023-07-02T07:00:00+00:00 [queued]>
[2024-01-04T18:09:32.207+0000] {taskinstance.py:1957} INFO - Dependencies all met for dep_context=requeueable deps ti=<TaskInstance: Local_Data_Ingestion.ingest scheduled__2023-07-02T07:00:00+00:00 [queued]>
[2024-01-04T18:09:32.208+0000] {taskinstance.py:2171} INFO - Starting attempt 1 of 1
[2024-01-04T18:09:32.257+0000] {taskinstance.py:2192} INFO - Executing <Task(BashOperator): ingest> on 2023-07-02 07:00:00+00:00
[2024-01-04T18:09:32.277+0000] {standard_task_runner.py:60} INFO - Started process 6275 to run task
[2024-01-04T18:09:32.309+0000] {standard_task_runner.py:87} INFO - Running: ['***', 'tasks', 'run', 'Local_Data_Ingestion', 'ingest', 'scheduled__2023-07-02T07:00:00+00:00', '--job-id', '78', '--raw', '--subdir', 'DAGS_FOLDER/data_ingestion_local.py', '--cfg-path', '/tmp/tmpjo1xdfob']
[2024-01-04T18:09:32.318+0000] {standard_task_runner.py:88} INFO - Job 78: Subtask ingest
[2024-01-04T18:09:32.547+0000] {task_command.py:423} INFO - Running <TaskInstance: Local_Data_Ingestion.ingest scheduled__2023-07-02T07:00:00+00:00 [running]> on host 6672c9b206ef
[2024-01-04T18:09:32.993+0000] {taskinstance.py:2481} INFO - Exporting env vars: AIRFLOW_CTX_DAG_OWNER='***' AIRFLOW_CTX_DAG_ID='Local_Data_Ingestion' AIRFLOW_CTX_TASK_ID='ingest' AIRFLOW_CTX_EXECUTION_DATE='2023-07-02T07:00:00+00:00' AIRFLOW_CTX_TRY_NUMBER='1' AIRFLOW_CTX_DAG_RUN_ID='scheduled__2023-07-02T07:00:00+00:00'
[2024-01-04T18:09:32.996+0000] {subprocess.py:63} INFO - Tmp dir root location: /tmp
[2024-01-04T18:09:33.000+0000] {subprocess.py:75} INFO - Running command: ['/usr/bin/bash', '-c', 'pwd']
[2024-01-04T18:09:33.079+0000] {subprocess.py:86} INFO - Output:
[2024-01-04T18:09:33.096+0000] {subprocess.py:93} INFO - /tmp/***tmptikaujjx
[2024-01-04T18:09:33.100+0000] {subprocess.py:97} INFO - Command exited with return code 0
[2024-01-04T18:09:33.236+0000] {taskinstance.py:1138} INFO - Marking task as SUCCESS. dag_id=Local_Data_Ingestion, task_id=ingest, execution_date=20230702T070000, start_date=20240104T180932, end_date=20240104T180933
[2024-01-04T18:09:33.394+0000] {local_task_job_runner.py:234} INFO - Task exited with return code 0
[2024-01-04T18:09:33.439+0000] {taskinstance.py:3281} INFO - 0 downstream tasks scheduled from follow-on schedule check
