[2024-01-04T17:50:44.991+0000] {taskinstance.py:1957} INFO - Dependencies all met for dep_context=non-requeueable deps ti=<TaskInstance: Local_Data_Ingestion.wget scheduled__2023-10-02T07:00:00+00:00 [queued]>
[2024-01-04T17:50:45.047+0000] {taskinstance.py:1957} INFO - Dependencies all met for dep_context=requeueable deps ti=<TaskInstance: Local_Data_Ingestion.wget scheduled__2023-10-02T07:00:00+00:00 [queued]>
[2024-01-04T17:50:45.047+0000] {taskinstance.py:2171} INFO - Starting attempt 1 of 1
[2024-01-04T17:50:45.130+0000] {taskinstance.py:2192} INFO - Executing <Task(BashOperator): wget> on 2023-10-02 07:00:00+00:00
[2024-01-04T17:50:45.151+0000] {standard_task_runner.py:60} INFO - Started process 5812 to run task
[2024-01-04T17:50:45.227+0000] {standard_task_runner.py:87} INFO - Running: ['***', 'tasks', 'run', 'Local_Data_Ingestion', 'wget', 'scheduled__2023-10-02T07:00:00+00:00', '--job-id', '19', '--raw', '--subdir', 'DAGS_FOLDER/data_ingestion_local.py', '--cfg-path', '/tmp/tmpcsy7mysq']
[2024-01-04T17:50:45.240+0000] {standard_task_runner.py:88} INFO - Job 19: Subtask wget
[2024-01-04T17:50:45.607+0000] {task_command.py:423} INFO - Running <TaskInstance: Local_Data_Ingestion.wget scheduled__2023-10-02T07:00:00+00:00 [running]> on host 6672c9b206ef
[2024-01-04T17:50:46.318+0000] {taskinstance.py:2481} INFO - Exporting env vars: AIRFLOW_CTX_DAG_OWNER='***' AIRFLOW_CTX_DAG_ID='Local_Data_Ingestion' AIRFLOW_CTX_TASK_ID='wget' AIRFLOW_CTX_EXECUTION_DATE='2023-10-02T07:00:00+00:00' AIRFLOW_CTX_TRY_NUMBER='1' AIRFLOW_CTX_DAG_RUN_ID='scheduled__2023-10-02T07:00:00+00:00'
[2024-01-04T17:50:46.321+0000] {subprocess.py:63} INFO - Tmp dir root location: /tmp
[2024-01-04T17:50:46.322+0000] {subprocess.py:75} INFO - Running command: ['/usr/bin/bash', '-c', 'echo "hello world"']
[2024-01-04T17:50:46.389+0000] {subprocess.py:86} INFO - Output:
[2024-01-04T17:50:46.412+0000] {subprocess.py:93} INFO - hello world
[2024-01-04T17:50:46.413+0000] {subprocess.py:97} INFO - Command exited with return code 0
[2024-01-04T17:50:46.537+0000] {taskinstance.py:1138} INFO - Marking task as SUCCESS. dag_id=Local_Data_Ingestion, task_id=wget, execution_date=20231002T070000, start_date=20240104T175044, end_date=20240104T175046
[2024-01-04T17:50:46.651+0000] {local_task_job_runner.py:234} INFO - Task exited with return code 0
[2024-01-04T17:50:46.748+0000] {taskinstance.py:3281} INFO - 0 downstream tasks scheduled from follow-on schedule check
[2024-01-04T17:54:42.231+0000] {taskinstance.py:1957} INFO - Dependencies all met for dep_context=non-requeueable deps ti=<TaskInstance: Local_Data_Ingestion.wget scheduled__2023-10-02T07:00:00+00:00 [queued]>
[2024-01-04T17:54:42.294+0000] {taskinstance.py:1957} INFO - Dependencies all met for dep_context=requeueable deps ti=<TaskInstance: Local_Data_Ingestion.wget scheduled__2023-10-02T07:00:00+00:00 [queued]>
[2024-01-04T17:54:42.294+0000] {taskinstance.py:2171} INFO - Starting attempt 1 of 1
[2024-01-04T17:54:42.435+0000] {taskinstance.py:2192} INFO - Executing <Task(BashOperator): wget> on 2023-10-02 07:00:00+00:00
[2024-01-04T17:54:42.454+0000] {standard_task_runner.py:60} INFO - Started process 5965 to run task
[2024-01-04T17:54:42.469+0000] {standard_task_runner.py:87} INFO - Running: ['***', 'tasks', 'run', 'Local_Data_Ingestion', 'wget', 'scheduled__2023-10-02T07:00:00+00:00', '--job-id', '46', '--raw', '--subdir', 'DAGS_FOLDER/data_ingestion_local.py', '--cfg-path', '/tmp/tmpury1a2wk']
[2024-01-04T17:54:42.471+0000] {standard_task_runner.py:88} INFO - Job 46: Subtask wget
[2024-01-04T17:54:42.791+0000] {task_command.py:423} INFO - Running <TaskInstance: Local_Data_Ingestion.wget scheduled__2023-10-02T07:00:00+00:00 [running]> on host 6672c9b206ef
[2024-01-04T17:54:43.100+0000] {taskinstance.py:2481} INFO - Exporting env vars: AIRFLOW_CTX_DAG_OWNER='***' AIRFLOW_CTX_DAG_ID='Local_Data_Ingestion' AIRFLOW_CTX_TASK_ID='wget' AIRFLOW_CTX_EXECUTION_DATE='2023-10-02T07:00:00+00:00' AIRFLOW_CTX_TRY_NUMBER='1' AIRFLOW_CTX_DAG_RUN_ID='scheduled__2023-10-02T07:00:00+00:00'
[2024-01-04T17:54:43.102+0000] {subprocess.py:63} INFO - Tmp dir root location: /tmp
[2024-01-04T17:54:43.103+0000] {subprocess.py:75} INFO - Running command: ['/usr/bin/bash', '-c', 'echo "hello world"']
[2024-01-04T17:54:43.130+0000] {subprocess.py:86} INFO - Output:
[2024-01-04T17:54:43.137+0000] {subprocess.py:93} INFO - hello world
[2024-01-04T17:54:43.139+0000] {subprocess.py:97} INFO - Command exited with return code 0
[2024-01-04T17:54:43.264+0000] {taskinstance.py:1138} INFO - Marking task as SUCCESS. dag_id=Local_Data_Ingestion, task_id=wget, execution_date=20231002T070000, start_date=20240104T175442, end_date=20240104T175443
[2024-01-04T17:54:43.460+0000] {local_task_job_runner.py:234} INFO - Task exited with return code 0
[2024-01-04T17:54:43.628+0000] {taskinstance.py:3281} INFO - 1 downstream tasks scheduled from follow-on schedule check
[2024-01-04T18:09:31.231+0000] {taskinstance.py:1957} INFO - Dependencies all met for dep_context=non-requeueable deps ti=<TaskInstance: Local_Data_Ingestion.wget scheduled__2023-10-02T07:00:00+00:00 [queued]>
[2024-01-04T18:09:31.298+0000] {taskinstance.py:1957} INFO - Dependencies all met for dep_context=requeueable deps ti=<TaskInstance: Local_Data_Ingestion.wget scheduled__2023-10-02T07:00:00+00:00 [queued]>
[2024-01-04T18:09:31.301+0000] {taskinstance.py:2171} INFO - Starting attempt 1 of 1
[2024-01-04T18:09:31.346+0000] {taskinstance.py:2192} INFO - Executing <Task(BashOperator): wget> on 2023-10-02 07:00:00+00:00
[2024-01-04T18:09:31.367+0000] {standard_task_runner.py:60} INFO - Started process 6267 to run task
[2024-01-04T18:09:31.391+0000] {standard_task_runner.py:87} INFO - Running: ['***', 'tasks', 'run', 'Local_Data_Ingestion', 'wget', 'scheduled__2023-10-02T07:00:00+00:00', '--job-id', '74', '--raw', '--subdir', 'DAGS_FOLDER/data_ingestion_local.py', '--cfg-path', '/tmp/tmp_ursx77h']
[2024-01-04T18:09:31.394+0000] {standard_task_runner.py:88} INFO - Job 74: Subtask wget
[2024-01-04T18:09:31.692+0000] {task_command.py:423} INFO - Running <TaskInstance: Local_Data_Ingestion.wget scheduled__2023-10-02T07:00:00+00:00 [running]> on host 6672c9b206ef
[2024-01-04T18:09:32.243+0000] {taskinstance.py:2481} INFO - Exporting env vars: AIRFLOW_CTX_DAG_OWNER='***' AIRFLOW_CTX_DAG_ID='Local_Data_Ingestion' AIRFLOW_CTX_TASK_ID='wget' AIRFLOW_CTX_EXECUTION_DATE='2023-10-02T07:00:00+00:00' AIRFLOW_CTX_TRY_NUMBER='1' AIRFLOW_CTX_DAG_RUN_ID='scheduled__2023-10-02T07:00:00+00:00'
[2024-01-04T18:09:32.245+0000] {subprocess.py:63} INFO - Tmp dir root location: /tmp
[2024-01-04T18:09:32.246+0000] {subprocess.py:75} INFO - Running command: ['/usr/bin/bash', '-c', 'echo "hello world"']
[2024-01-04T18:09:32.285+0000] {subprocess.py:86} INFO - Output:
[2024-01-04T18:09:32.305+0000] {subprocess.py:93} INFO - hello world
[2024-01-04T18:09:32.314+0000] {subprocess.py:97} INFO - Command exited with return code 0
[2024-01-04T18:09:32.412+0000] {taskinstance.py:1138} INFO - Marking task as SUCCESS. dag_id=Local_Data_Ingestion, task_id=wget, execution_date=20231002T070000, start_date=20240104T180931, end_date=20240104T180932
[2024-01-04T18:09:32.517+0000] {local_task_job_runner.py:234} INFO - Task exited with return code 0
[2024-01-04T18:09:32.590+0000] {taskinstance.py:3281} INFO - 1 downstream tasks scheduled from follow-on schedule check
