[2024-01-04T17:50:41.767+0000] {taskinstance.py:1957} INFO - Dependencies all met for dep_context=non-requeueable deps ti=<TaskInstance: Local_Data_Ingestion.wget scheduled__2023-04-02T07:00:00+00:00 [queued]>
[2024-01-04T17:50:41.806+0000] {taskinstance.py:1957} INFO - Dependencies all met for dep_context=requeueable deps ti=<TaskInstance: Local_Data_Ingestion.wget scheduled__2023-04-02T07:00:00+00:00 [queued]>
[2024-01-04T17:50:41.807+0000] {taskinstance.py:2171} INFO - Starting attempt 1 of 1
[2024-01-04T17:50:41.944+0000] {taskinstance.py:2192} INFO - Executing <Task(BashOperator): wget> on 2023-04-02 07:00:00+00:00
[2024-01-04T17:50:41.951+0000] {standard_task_runner.py:60} INFO - Started process 5789 to run task
[2024-01-04T17:50:41.987+0000] {standard_task_runner.py:87} INFO - Running: ['***', 'tasks', 'run', 'Local_Data_Ingestion', 'wget', 'scheduled__2023-04-02T07:00:00+00:00', '--job-id', '11', '--raw', '--subdir', 'DAGS_FOLDER/data_ingestion_local.py', '--cfg-path', '/tmp/tmpj4h9d5ju']
[2024-01-04T17:50:41.998+0000] {standard_task_runner.py:88} INFO - Job 11: Subtask wget
[2024-01-04T17:50:42.294+0000] {task_command.py:423} INFO - Running <TaskInstance: Local_Data_Ingestion.wget scheduled__2023-04-02T07:00:00+00:00 [running]> on host 6672c9b206ef
[2024-01-04T17:50:42.714+0000] {taskinstance.py:2481} INFO - Exporting env vars: AIRFLOW_CTX_DAG_OWNER='***' AIRFLOW_CTX_DAG_ID='Local_Data_Ingestion' AIRFLOW_CTX_TASK_ID='wget' AIRFLOW_CTX_EXECUTION_DATE='2023-04-02T07:00:00+00:00' AIRFLOW_CTX_TRY_NUMBER='1' AIRFLOW_CTX_DAG_RUN_ID='scheduled__2023-04-02T07:00:00+00:00'
[2024-01-04T17:50:42.717+0000] {subprocess.py:63} INFO - Tmp dir root location: /tmp
[2024-01-04T17:50:42.718+0000] {subprocess.py:75} INFO - Running command: ['/usr/bin/bash', '-c', 'echo "hello world"']
[2024-01-04T17:50:42.778+0000] {subprocess.py:86} INFO - Output:
[2024-01-04T17:50:42.785+0000] {subprocess.py:93} INFO - hello world
[2024-01-04T17:50:42.812+0000] {subprocess.py:97} INFO - Command exited with return code 0
[2024-01-04T17:50:42.904+0000] {taskinstance.py:1138} INFO - Marking task as SUCCESS. dag_id=Local_Data_Ingestion, task_id=wget, execution_date=20230402T070000, start_date=20240104T175041, end_date=20240104T175042
[2024-01-04T17:50:43.026+0000] {local_task_job_runner.py:234} INFO - Task exited with return code 0
[2024-01-04T17:50:43.199+0000] {taskinstance.py:3281} INFO - 1 downstream tasks scheduled from follow-on schedule check
[2024-01-04T17:54:38.737+0000] {taskinstance.py:1957} INFO - Dependencies all met for dep_context=non-requeueable deps ti=<TaskInstance: Local_Data_Ingestion.wget scheduled__2023-04-02T07:00:00+00:00 [queued]>
[2024-01-04T17:54:38.803+0000] {taskinstance.py:1957} INFO - Dependencies all met for dep_context=requeueable deps ti=<TaskInstance: Local_Data_Ingestion.wget scheduled__2023-04-02T07:00:00+00:00 [queued]>
[2024-01-04T17:54:38.803+0000] {taskinstance.py:2171} INFO - Starting attempt 1 of 1
[2024-01-04T17:54:38.891+0000] {taskinstance.py:2192} INFO - Executing <Task(BashOperator): wget> on 2023-04-02 07:00:00+00:00
[2024-01-04T17:54:38.908+0000] {standard_task_runner.py:60} INFO - Started process 5933 to run task
[2024-01-04T17:54:38.928+0000] {standard_task_runner.py:87} INFO - Running: ['***', 'tasks', 'run', 'Local_Data_Ingestion', 'wget', 'scheduled__2023-04-02T07:00:00+00:00', '--job-id', '37', '--raw', '--subdir', 'DAGS_FOLDER/data_ingestion_local.py', '--cfg-path', '/tmp/tmpex3nubp6']
[2024-01-04T17:54:38.930+0000] {standard_task_runner.py:88} INFO - Job 37: Subtask wget
[2024-01-04T17:54:39.139+0000] {task_command.py:423} INFO - Running <TaskInstance: Local_Data_Ingestion.wget scheduled__2023-04-02T07:00:00+00:00 [running]> on host 6672c9b206ef
[2024-01-04T17:54:39.442+0000] {taskinstance.py:2481} INFO - Exporting env vars: AIRFLOW_CTX_DAG_OWNER='***' AIRFLOW_CTX_DAG_ID='Local_Data_Ingestion' AIRFLOW_CTX_TASK_ID='wget' AIRFLOW_CTX_EXECUTION_DATE='2023-04-02T07:00:00+00:00' AIRFLOW_CTX_TRY_NUMBER='1' AIRFLOW_CTX_DAG_RUN_ID='scheduled__2023-04-02T07:00:00+00:00'
[2024-01-04T17:54:39.450+0000] {subprocess.py:63} INFO - Tmp dir root location: /tmp
[2024-01-04T17:54:39.451+0000] {subprocess.py:75} INFO - Running command: ['/usr/bin/bash', '-c', 'echo "hello world"']
[2024-01-04T17:54:39.551+0000] {subprocess.py:86} INFO - Output:
[2024-01-04T17:54:39.559+0000] {subprocess.py:93} INFO - hello world
[2024-01-04T17:54:39.561+0000] {subprocess.py:97} INFO - Command exited with return code 0
[2024-01-04T17:54:39.692+0000] {taskinstance.py:1138} INFO - Marking task as SUCCESS. dag_id=Local_Data_Ingestion, task_id=wget, execution_date=20230402T070000, start_date=20240104T175438, end_date=20240104T175439
[2024-01-04T17:54:39.883+0000] {local_task_job_runner.py:234} INFO - Task exited with return code 0
[2024-01-04T17:54:40.019+0000] {taskinstance.py:3281} INFO - 1 downstream tasks scheduled from follow-on schedule check
[2024-01-04T18:09:26.652+0000] {taskinstance.py:1957} INFO - Dependencies all met for dep_context=non-requeueable deps ti=<TaskInstance: Local_Data_Ingestion.wget scheduled__2023-04-02T07:00:00+00:00 [queued]>
[2024-01-04T18:09:26.730+0000] {taskinstance.py:1957} INFO - Dependencies all met for dep_context=requeueable deps ti=<TaskInstance: Local_Data_Ingestion.wget scheduled__2023-04-02T07:00:00+00:00 [queued]>
[2024-01-04T18:09:26.734+0000] {taskinstance.py:2171} INFO - Starting attempt 1 of 1
[2024-01-04T18:09:26.847+0000] {taskinstance.py:2192} INFO - Executing <Task(BashOperator): wget> on 2023-04-02 07:00:00+00:00
[2024-01-04T18:09:26.860+0000] {standard_task_runner.py:60} INFO - Started process 6236 to run task
[2024-01-04T18:09:26.906+0000] {standard_task_runner.py:87} INFO - Running: ['***', 'tasks', 'run', 'Local_Data_Ingestion', 'wget', 'scheduled__2023-04-02T07:00:00+00:00', '--job-id', '63', '--raw', '--subdir', 'DAGS_FOLDER/data_ingestion_local.py', '--cfg-path', '/tmp/tmprnv3gtcu']
[2024-01-04T18:09:26.908+0000] {standard_task_runner.py:88} INFO - Job 63: Subtask wget
[2024-01-04T18:09:27.127+0000] {task_command.py:423} INFO - Running <TaskInstance: Local_Data_Ingestion.wget scheduled__2023-04-02T07:00:00+00:00 [running]> on host 6672c9b206ef
[2024-01-04T18:09:27.524+0000] {taskinstance.py:2481} INFO - Exporting env vars: AIRFLOW_CTX_DAG_OWNER='***' AIRFLOW_CTX_DAG_ID='Local_Data_Ingestion' AIRFLOW_CTX_TASK_ID='wget' AIRFLOW_CTX_EXECUTION_DATE='2023-04-02T07:00:00+00:00' AIRFLOW_CTX_TRY_NUMBER='1' AIRFLOW_CTX_DAG_RUN_ID='scheduled__2023-04-02T07:00:00+00:00'
[2024-01-04T18:09:27.533+0000] {subprocess.py:63} INFO - Tmp dir root location: /tmp
[2024-01-04T18:09:27.534+0000] {subprocess.py:75} INFO - Running command: ['/usr/bin/bash', '-c', 'echo "hello world"']
[2024-01-04T18:09:27.570+0000] {subprocess.py:86} INFO - Output:
[2024-01-04T18:09:27.577+0000] {subprocess.py:93} INFO - hello world
[2024-01-04T18:09:27.586+0000] {subprocess.py:97} INFO - Command exited with return code 0
[2024-01-04T18:09:27.697+0000] {taskinstance.py:1138} INFO - Marking task as SUCCESS. dag_id=Local_Data_Ingestion, task_id=wget, execution_date=20230402T070000, start_date=20240104T180926, end_date=20240104T180927
[2024-01-04T18:09:27.787+0000] {local_task_job_runner.py:234} INFO - Task exited with return code 0
[2024-01-04T18:09:27.924+0000] {taskinstance.py:3281} INFO - 1 downstream tasks scheduled from follow-on schedule check
