[2024-01-04T17:50:46.084+0000] {taskinstance.py:1957} INFO - Dependencies all met for dep_context=non-requeueable deps ti=<TaskInstance: Local_Data_Ingestion.ingest scheduled__2023-04-02T07:00:00+00:00 [queued]>
[2024-01-04T17:50:46.144+0000] {taskinstance.py:1957} INFO - Dependencies all met for dep_context=requeueable deps ti=<TaskInstance: Local_Data_Ingestion.ingest scheduled__2023-04-02T07:00:00+00:00 [queued]>
[2024-01-04T17:50:46.145+0000] {taskinstance.py:2171} INFO - Starting attempt 1 of 1
[2024-01-04T17:50:46.249+0000] {taskinstance.py:2192} INFO - Executing <Task(BashOperator): ingest> on 2023-04-02 07:00:00+00:00
[2024-01-04T17:50:46.268+0000] {standard_task_runner.py:60} INFO - Started process 5823 to run task
[2024-01-04T17:50:46.327+0000] {standard_task_runner.py:87} INFO - Running: ['***', 'tasks', 'run', 'Local_Data_Ingestion', 'ingest', 'scheduled__2023-04-02T07:00:00+00:00', '--job-id', '22', '--raw', '--subdir', 'DAGS_FOLDER/data_ingestion_local.py', '--cfg-path', '/tmp/tmp8rq6mzr0']
[2024-01-04T17:50:46.329+0000] {standard_task_runner.py:88} INFO - Job 22: Subtask ingest
[2024-01-04T17:50:46.744+0000] {task_command.py:423} INFO - Running <TaskInstance: Local_Data_Ingestion.ingest scheduled__2023-04-02T07:00:00+00:00 [running]> on host 6672c9b206ef
[2024-01-04T17:50:47.300+0000] {taskinstance.py:2481} INFO - Exporting env vars: AIRFLOW_CTX_DAG_OWNER='***' AIRFLOW_CTX_DAG_ID='Local_Data_Ingestion' AIRFLOW_CTX_TASK_ID='ingest' AIRFLOW_CTX_EXECUTION_DATE='2023-04-02T07:00:00+00:00' AIRFLOW_CTX_TRY_NUMBER='1' AIRFLOW_CTX_DAG_RUN_ID='scheduled__2023-04-02T07:00:00+00:00'
[2024-01-04T17:50:47.302+0000] {subprocess.py:63} INFO - Tmp dir root location: /tmp
[2024-01-04T17:50:47.303+0000] {subprocess.py:75} INFO - Running command: ['/usr/bin/bash', '-c', 'echo "hello world"']
[2024-01-04T17:50:47.390+0000] {subprocess.py:86} INFO - Output:
[2024-01-04T17:50:47.410+0000] {subprocess.py:93} INFO - hello world
[2024-01-04T17:50:47.431+0000] {subprocess.py:97} INFO - Command exited with return code 0
[2024-01-04T17:50:47.536+0000] {taskinstance.py:1138} INFO - Marking task as SUCCESS. dag_id=Local_Data_Ingestion, task_id=ingest, execution_date=20230402T070000, start_date=20240104T175046, end_date=20240104T175047
[2024-01-04T17:50:47.616+0000] {local_task_job_runner.py:234} INFO - Task exited with return code 0
[2024-01-04T17:50:47.671+0000] {taskinstance.py:3281} INFO - 0 downstream tasks scheduled from follow-on schedule check
[2024-01-04T17:54:42.458+0000] {taskinstance.py:1957} INFO - Dependencies all met for dep_context=non-requeueable deps ti=<TaskInstance: Local_Data_Ingestion.ingest scheduled__2023-04-02T07:00:00+00:00 [queued]>
[2024-01-04T17:54:42.550+0000] {taskinstance.py:1957} INFO - Dependencies all met for dep_context=requeueable deps ti=<TaskInstance: Local_Data_Ingestion.ingest scheduled__2023-04-02T07:00:00+00:00 [queued]>
[2024-01-04T17:54:42.551+0000] {taskinstance.py:2171} INFO - Starting attempt 1 of 1
[2024-01-04T17:54:42.628+0000] {taskinstance.py:2192} INFO - Executing <Task(BashOperator): ingest> on 2023-04-02 07:00:00+00:00
[2024-01-04T17:54:42.638+0000] {standard_task_runner.py:60} INFO - Started process 5968 to run task
[2024-01-04T17:54:42.677+0000] {standard_task_runner.py:87} INFO - Running: ['***', 'tasks', 'run', 'Local_Data_Ingestion', 'ingest', 'scheduled__2023-04-02T07:00:00+00:00', '--job-id', '48', '--raw', '--subdir', 'DAGS_FOLDER/data_ingestion_local.py', '--cfg-path', '/tmp/tmpfj08psc1']
[2024-01-04T17:54:42.695+0000] {standard_task_runner.py:88} INFO - Job 48: Subtask ingest
[2024-01-04T17:54:42.969+0000] {task_command.py:423} INFO - Running <TaskInstance: Local_Data_Ingestion.ingest scheduled__2023-04-02T07:00:00+00:00 [running]> on host 6672c9b206ef
[2024-01-04T17:54:43.320+0000] {taskinstance.py:2481} INFO - Exporting env vars: AIRFLOW_CTX_DAG_OWNER='***' AIRFLOW_CTX_DAG_ID='Local_Data_Ingestion' AIRFLOW_CTX_TASK_ID='ingest' AIRFLOW_CTX_EXECUTION_DATE='2023-04-02T07:00:00+00:00' AIRFLOW_CTX_TRY_NUMBER='1' AIRFLOW_CTX_DAG_RUN_ID='scheduled__2023-04-02T07:00:00+00:00'
[2024-01-04T17:54:43.323+0000] {subprocess.py:63} INFO - Tmp dir root location: /tmp
[2024-01-04T17:54:43.325+0000] {subprocess.py:75} INFO - Running command: ['/usr/bin/bash', '-c', 'echo "hello world"']
[2024-01-04T17:54:43.475+0000] {subprocess.py:86} INFO - Output:
[2024-01-04T17:54:43.503+0000] {subprocess.py:93} INFO - hello world
[2024-01-04T17:54:43.505+0000] {subprocess.py:97} INFO - Command exited with return code 0
[2024-01-04T17:54:43.694+0000] {taskinstance.py:1138} INFO - Marking task as SUCCESS. dag_id=Local_Data_Ingestion, task_id=ingest, execution_date=20230402T070000, start_date=20240104T175442, end_date=20240104T175443
[2024-01-04T17:54:43.810+0000] {local_task_job_runner.py:234} INFO - Task exited with return code 0
[2024-01-04T17:54:43.918+0000] {taskinstance.py:3281} INFO - 0 downstream tasks scheduled from follow-on schedule check
[2024-01-04T18:09:30.198+0000] {taskinstance.py:1957} INFO - Dependencies all met for dep_context=non-requeueable deps ti=<TaskInstance: Local_Data_Ingestion.ingest scheduled__2023-04-02T07:00:00+00:00 [queued]>
[2024-01-04T18:09:30.298+0000] {taskinstance.py:1957} INFO - Dependencies all met for dep_context=requeueable deps ti=<TaskInstance: Local_Data_Ingestion.ingest scheduled__2023-04-02T07:00:00+00:00 [queued]>
[2024-01-04T18:09:30.298+0000] {taskinstance.py:2171} INFO - Starting attempt 1 of 1
[2024-01-04T18:09:30.464+0000] {taskinstance.py:2192} INFO - Executing <Task(BashOperator): ingest> on 2023-04-02 07:00:00+00:00
[2024-01-04T18:09:30.500+0000] {standard_task_runner.py:60} INFO - Started process 6262 to run task
[2024-01-04T18:09:30.571+0000] {standard_task_runner.py:87} INFO - Running: ['***', 'tasks', 'run', 'Local_Data_Ingestion', 'ingest', 'scheduled__2023-04-02T07:00:00+00:00', '--job-id', '72', '--raw', '--subdir', 'DAGS_FOLDER/data_ingestion_local.py', '--cfg-path', '/tmp/tmp4w83hmvr']
[2024-01-04T18:09:30.573+0000] {standard_task_runner.py:88} INFO - Job 72: Subtask ingest
[2024-01-04T18:09:31.030+0000] {task_command.py:423} INFO - Running <TaskInstance: Local_Data_Ingestion.ingest scheduled__2023-04-02T07:00:00+00:00 [running]> on host 6672c9b206ef
[2024-01-04T18:09:31.617+0000] {taskinstance.py:2481} INFO - Exporting env vars: AIRFLOW_CTX_DAG_OWNER='***' AIRFLOW_CTX_DAG_ID='Local_Data_Ingestion' AIRFLOW_CTX_TASK_ID='ingest' AIRFLOW_CTX_EXECUTION_DATE='2023-04-02T07:00:00+00:00' AIRFLOW_CTX_TRY_NUMBER='1' AIRFLOW_CTX_DAG_RUN_ID='scheduled__2023-04-02T07:00:00+00:00'
[2024-01-04T18:09:31.619+0000] {subprocess.py:63} INFO - Tmp dir root location: /tmp
[2024-01-04T18:09:31.620+0000] {subprocess.py:75} INFO - Running command: ['/usr/bin/bash', '-c', 'pwd']
[2024-01-04T18:09:31.702+0000] {subprocess.py:86} INFO - Output:
[2024-01-04T18:09:31.713+0000] {subprocess.py:93} INFO - /tmp/***tmpmcpnd7h6
[2024-01-04T18:09:31.718+0000] {subprocess.py:97} INFO - Command exited with return code 0
[2024-01-04T18:09:31.811+0000] {taskinstance.py:1138} INFO - Marking task as SUCCESS. dag_id=Local_Data_Ingestion, task_id=ingest, execution_date=20230402T070000, start_date=20240104T180930, end_date=20240104T180931
[2024-01-04T18:09:31.929+0000] {local_task_job_runner.py:234} INFO - Task exited with return code 0
[2024-01-04T18:09:31.979+0000] {taskinstance.py:3281} INFO - 0 downstream tasks scheduled from follow-on schedule check
