[2024-01-04T17:50:41.541+0000] {taskinstance.py:1957} INFO - Dependencies all met for dep_context=non-requeueable deps ti=<TaskInstance: Local_Data_Ingestion.wget scheduled__2023-03-02T07:00:00+00:00 [queued]>
[2024-01-04T17:50:41.604+0000] {taskinstance.py:1957} INFO - Dependencies all met for dep_context=requeueable deps ti=<TaskInstance: Local_Data_Ingestion.wget scheduled__2023-03-02T07:00:00+00:00 [queued]>
[2024-01-04T17:50:41.605+0000] {taskinstance.py:2171} INFO - Starting attempt 1 of 1
[2024-01-04T17:50:41.725+0000] {taskinstance.py:2192} INFO - Executing <Task(BashOperator): wget> on 2023-03-02 07:00:00+00:00
[2024-01-04T17:50:41.759+0000] {standard_task_runner.py:60} INFO - Started process 5788 to run task
[2024-01-04T17:50:41.828+0000] {standard_task_runner.py:87} INFO - Running: ['***', 'tasks', 'run', 'Local_Data_Ingestion', 'wget', 'scheduled__2023-03-02T07:00:00+00:00', '--job-id', '10', '--raw', '--subdir', 'DAGS_FOLDER/data_ingestion_local.py', '--cfg-path', '/tmp/tmpp_bcjqgq']
[2024-01-04T17:50:41.832+0000] {standard_task_runner.py:88} INFO - Job 10: Subtask wget
[2024-01-04T17:50:42.058+0000] {task_command.py:423} INFO - Running <TaskInstance: Local_Data_Ingestion.wget scheduled__2023-03-02T07:00:00+00:00 [running]> on host 6672c9b206ef
[2024-01-04T17:50:42.396+0000] {taskinstance.py:2481} INFO - Exporting env vars: AIRFLOW_CTX_DAG_OWNER='***' AIRFLOW_CTX_DAG_ID='Local_Data_Ingestion' AIRFLOW_CTX_TASK_ID='wget' AIRFLOW_CTX_EXECUTION_DATE='2023-03-02T07:00:00+00:00' AIRFLOW_CTX_TRY_NUMBER='1' AIRFLOW_CTX_DAG_RUN_ID='scheduled__2023-03-02T07:00:00+00:00'
[2024-01-04T17:50:42.398+0000] {subprocess.py:63} INFO - Tmp dir root location: /tmp
[2024-01-04T17:50:42.399+0000] {subprocess.py:75} INFO - Running command: ['/usr/bin/bash', '-c', 'echo "hello world"']
[2024-01-04T17:50:42.447+0000] {subprocess.py:86} INFO - Output:
[2024-01-04T17:50:42.462+0000] {subprocess.py:93} INFO - hello world
[2024-01-04T17:50:42.463+0000] {subprocess.py:97} INFO - Command exited with return code 0
[2024-01-04T17:50:42.572+0000] {taskinstance.py:1138} INFO - Marking task as SUCCESS. dag_id=Local_Data_Ingestion, task_id=wget, execution_date=20230302T070000, start_date=20240104T175041, end_date=20240104T175042
[2024-01-04T17:50:42.723+0000] {local_task_job_runner.py:234} INFO - Task exited with return code 0
[2024-01-04T17:50:42.928+0000] {taskinstance.py:3281} INFO - 0 downstream tasks scheduled from follow-on schedule check
[2024-01-04T17:54:38.303+0000] {taskinstance.py:1957} INFO - Dependencies all met for dep_context=non-requeueable deps ti=<TaskInstance: Local_Data_Ingestion.wget scheduled__2023-03-02T07:00:00+00:00 [queued]>
[2024-01-04T17:54:38.351+0000] {taskinstance.py:1957} INFO - Dependencies all met for dep_context=requeueable deps ti=<TaskInstance: Local_Data_Ingestion.wget scheduled__2023-03-02T07:00:00+00:00 [queued]>
[2024-01-04T17:54:38.352+0000] {taskinstance.py:2171} INFO - Starting attempt 1 of 1
[2024-01-04T17:54:38.407+0000] {taskinstance.py:2192} INFO - Executing <Task(BashOperator): wget> on 2023-03-02 07:00:00+00:00
[2024-01-04T17:54:38.436+0000] {standard_task_runner.py:87} INFO - Running: ['***', 'tasks', 'run', 'Local_Data_Ingestion', 'wget', 'scheduled__2023-03-02T07:00:00+00:00', '--job-id', '36', '--raw', '--subdir', 'DAGS_FOLDER/data_ingestion_local.py', '--cfg-path', '/tmp/tmpvazofdfg']
[2024-01-04T17:54:38.439+0000] {standard_task_runner.py:88} INFO - Job 36: Subtask wget
[2024-01-04T17:54:38.427+0000] {standard_task_runner.py:60} INFO - Started process 5927 to run task
[2024-01-04T17:54:38.578+0000] {task_command.py:423} INFO - Running <TaskInstance: Local_Data_Ingestion.wget scheduled__2023-03-02T07:00:00+00:00 [running]> on host 6672c9b206ef
[2024-01-04T17:54:38.811+0000] {taskinstance.py:2481} INFO - Exporting env vars: AIRFLOW_CTX_DAG_OWNER='***' AIRFLOW_CTX_DAG_ID='Local_Data_Ingestion' AIRFLOW_CTX_TASK_ID='wget' AIRFLOW_CTX_EXECUTION_DATE='2023-03-02T07:00:00+00:00' AIRFLOW_CTX_TRY_NUMBER='1' AIRFLOW_CTX_DAG_RUN_ID='scheduled__2023-03-02T07:00:00+00:00'
[2024-01-04T17:54:38.821+0000] {subprocess.py:63} INFO - Tmp dir root location: /tmp
[2024-01-04T17:54:38.822+0000] {subprocess.py:75} INFO - Running command: ['/usr/bin/bash', '-c', 'echo "hello world"']
[2024-01-04T17:54:38.879+0000] {subprocess.py:86} INFO - Output:
[2024-01-04T17:54:38.884+0000] {subprocess.py:93} INFO - hello world
[2024-01-04T17:54:38.889+0000] {subprocess.py:97} INFO - Command exited with return code 0
[2024-01-04T17:54:38.987+0000] {taskinstance.py:1138} INFO - Marking task as SUCCESS. dag_id=Local_Data_Ingestion, task_id=wget, execution_date=20230302T070000, start_date=20240104T175438, end_date=20240104T175438
[2024-01-04T17:54:39.118+0000] {local_task_job_runner.py:234} INFO - Task exited with return code 0
[2024-01-04T17:54:39.256+0000] {taskinstance.py:3281} INFO - 0 downstream tasks scheduled from follow-on schedule check
[2024-01-04T18:09:26.490+0000] {taskinstance.py:1957} INFO - Dependencies all met for dep_context=non-requeueable deps ti=<TaskInstance: Local_Data_Ingestion.wget scheduled__2023-03-02T07:00:00+00:00 [queued]>
[2024-01-04T18:09:26.550+0000] {taskinstance.py:1957} INFO - Dependencies all met for dep_context=requeueable deps ti=<TaskInstance: Local_Data_Ingestion.wget scheduled__2023-03-02T07:00:00+00:00 [queued]>
[2024-01-04T18:09:26.550+0000] {taskinstance.py:2171} INFO - Starting attempt 1 of 1
[2024-01-04T18:09:26.599+0000] {taskinstance.py:2192} INFO - Executing <Task(BashOperator): wget> on 2023-03-02 07:00:00+00:00
[2024-01-04T18:09:26.613+0000] {standard_task_runner.py:60} INFO - Started process 6231 to run task
[2024-01-04T18:09:26.641+0000] {standard_task_runner.py:87} INFO - Running: ['***', 'tasks', 'run', 'Local_Data_Ingestion', 'wget', 'scheduled__2023-03-02T07:00:00+00:00', '--job-id', '62', '--raw', '--subdir', 'DAGS_FOLDER/data_ingestion_local.py', '--cfg-path', '/tmp/tmptgxfhlk3']
[2024-01-04T18:09:26.643+0000] {standard_task_runner.py:88} INFO - Job 62: Subtask wget
[2024-01-04T18:09:26.841+0000] {task_command.py:423} INFO - Running <TaskInstance: Local_Data_Ingestion.wget scheduled__2023-03-02T07:00:00+00:00 [running]> on host 6672c9b206ef
[2024-01-04T18:09:27.250+0000] {taskinstance.py:2481} INFO - Exporting env vars: AIRFLOW_CTX_DAG_OWNER='***' AIRFLOW_CTX_DAG_ID='Local_Data_Ingestion' AIRFLOW_CTX_TASK_ID='wget' AIRFLOW_CTX_EXECUTION_DATE='2023-03-02T07:00:00+00:00' AIRFLOW_CTX_TRY_NUMBER='1' AIRFLOW_CTX_DAG_RUN_ID='scheduled__2023-03-02T07:00:00+00:00'
[2024-01-04T18:09:27.257+0000] {subprocess.py:63} INFO - Tmp dir root location: /tmp
[2024-01-04T18:09:27.258+0000] {subprocess.py:75} INFO - Running command: ['/usr/bin/bash', '-c', 'echo "hello world"']
[2024-01-04T18:09:27.283+0000] {subprocess.py:86} INFO - Output:
[2024-01-04T18:09:27.287+0000] {subprocess.py:93} INFO - hello world
[2024-01-04T18:09:27.295+0000] {subprocess.py:97} INFO - Command exited with return code 0
[2024-01-04T18:09:27.425+0000] {taskinstance.py:1138} INFO - Marking task as SUCCESS. dag_id=Local_Data_Ingestion, task_id=wget, execution_date=20230302T070000, start_date=20240104T180926, end_date=20240104T180927
[2024-01-04T18:09:27.562+0000] {local_task_job_runner.py:234} INFO - Task exited with return code 0
[2024-01-04T18:09:27.772+0000] {taskinstance.py:3281} INFO - 0 downstream tasks scheduled from follow-on schedule check
