[2024-01-10T00:45:57.571+0000] {taskinstance.py:1957} INFO - Dependencies all met for dep_context=non-requeueable deps ti=<TaskInstance: data_ingestion_gcs_dag.local_to_gcs_task scheduled__2023-01-09T00:00:00+00:00 [queued]>
[2024-01-10T00:45:57.689+0000] {taskinstance.py:1957} INFO - Dependencies all met for dep_context=requeueable deps ti=<TaskInstance: data_ingestion_gcs_dag.local_to_gcs_task scheduled__2023-01-09T00:00:00+00:00 [queued]>
[2024-01-10T00:45:57.703+0000] {taskinstance.py:2171} INFO - Starting attempt 1 of 1
[2024-01-10T00:45:57.878+0000] {taskinstance.py:2192} INFO - Executing <Task(PythonOperator): local_to_gcs_task> on 2023-01-09 00:00:00+00:00
[2024-01-10T00:45:57.918+0000] {standard_task_runner.py:60} INFO - Started process 473 to run task
[2024-01-10T00:45:57.920+0000] {standard_task_runner.py:87} INFO - Running: ['***', 'tasks', 'run', 'data_ingestion_gcs_dag', 'local_to_gcs_task', 'scheduled__2023-01-09T00:00:00+00:00', '--job-id', '188', '--raw', '--subdir', 'DAGS_FOLDER/data_ingestion_gcp.py', '--cfg-path', '/tmp/tmpyu9v4ocr']
[2024-01-10T00:45:57.955+0000] {standard_task_runner.py:88} INFO - Job 188: Subtask local_to_gcs_task
[2024-01-10T00:45:58.282+0000] {task_command.py:423} INFO - Running <TaskInstance: data_ingestion_gcs_dag.local_to_gcs_task scheduled__2023-01-09T00:00:00+00:00 [running]> on host 35cf15b90cf8
[2024-01-10T00:45:58.723+0000] {warnings.py:109} WARNING - /home/***/.local/lib/python3.8/site-packages/***/utils/context.py:207: AirflowContextDeprecationWarning: Accessing 'execution_date' from the template is deprecated and will be removed in a future version. Please use 'data_interval_start' or 'logical_date' instead.
  warnings.warn(_create_deprecation_warning(key, self._deprecation_replacements[key]))

[2024-01-10T00:45:59.168+0000] {taskinstance.py:2481} INFO - Exporting env vars: AIRFLOW_CTX_DAG_OWNER='***' AIRFLOW_CTX_DAG_ID='data_ingestion_gcs_dag' AIRFLOW_CTX_TASK_ID='local_to_gcs_task' AIRFLOW_CTX_EXECUTION_DATE='2023-01-09T00:00:00+00:00' AIRFLOW_CTX_TRY_NUMBER='1' AIRFLOW_CTX_DAG_RUN_ID='scheduled__2023-01-09T00:00:00+00:00'
[2024-01-10T00:46:00.239+0000] {ingest_data_gcp_script.py:24} INFO - Starting upload of /opt/***/input_2023-01.parquet to raw/yellow_tripdata_2023_01.parquet
[2024-01-10T00:46:02.771+0000] {ingest_data_gcp_script.py:29} INFO - Finished upload of /opt/***/input_2023-01.parquet to raw/yellow_tripdata_2023_01.parquet
[2024-01-10T00:46:02.772+0000] {python.py:201} INFO - Done. Returned value was: https://storage.googleapis.com/dtc-de-project1-terra-bucket/raw/yellow_tripdata_2023_01.parquet
[2024-01-10T00:46:02.867+0000] {taskinstance.py:1138} INFO - Marking task as SUCCESS. dag_id=data_ingestion_gcs_dag, task_id=local_to_gcs_task, execution_date=20230109T000000, start_date=20240110T004557, end_date=20240110T004602
[2024-01-10T00:46:03.059+0000] {local_task_job_runner.py:234} INFO - Task exited with return code 0
[2024-01-10T00:46:03.150+0000] {taskinstance.py:3281} INFO - 1 downstream tasks scheduled from follow-on schedule check
[2024-01-10T00:58:54.842+0000] {taskinstance.py:1957} INFO - Dependencies all met for dep_context=non-requeueable deps ti=<TaskInstance: data_ingestion_gcs_dag.local_to_gcs_task scheduled__2023-01-09T00:00:00+00:00 [queued]>
[2024-01-10T00:58:54.854+0000] {taskinstance.py:1957} INFO - Dependencies all met for dep_context=requeueable deps ti=<TaskInstance: data_ingestion_gcs_dag.local_to_gcs_task scheduled__2023-01-09T00:00:00+00:00 [queued]>
[2024-01-10T00:58:54.854+0000] {taskinstance.py:2171} INFO - Starting attempt 1 of 1
[2024-01-10T00:58:54.870+0000] {taskinstance.py:2192} INFO - Executing <Task(PythonOperator): local_to_gcs_task> on 2023-01-09 00:00:00+00:00
[2024-01-10T00:58:54.880+0000] {standard_task_runner.py:60} INFO - Started process 2822 to run task
[2024-01-10T00:58:54.887+0000] {standard_task_runner.py:87} INFO - Running: ['***', 'tasks', 'run', 'data_ingestion_gcs_dag', 'local_to_gcs_task', 'scheduled__2023-01-09T00:00:00+00:00', '--job-id', '742', '--raw', '--subdir', 'DAGS_FOLDER/data_ingestion_gcp.py', '--cfg-path', '/tmp/tmp2pb61vjb']
[2024-01-10T00:58:54.893+0000] {standard_task_runner.py:88} INFO - Job 742: Subtask local_to_gcs_task
[2024-01-10T00:58:54.959+0000] {task_command.py:423} INFO - Running <TaskInstance: data_ingestion_gcs_dag.local_to_gcs_task scheduled__2023-01-09T00:00:00+00:00 [running]> on host 35cf15b90cf8
[2024-01-10T00:58:55.029+0000] {warnings.py:109} WARNING - /home/***/.local/lib/python3.8/site-packages/***/utils/context.py:207: AirflowContextDeprecationWarning: Accessing 'execution_date' from the template is deprecated and will be removed in a future version. Please use 'data_interval_start' or 'logical_date' instead.
  warnings.warn(_create_deprecation_warning(key, self._deprecation_replacements[key]))

[2024-01-10T00:58:55.077+0000] {taskinstance.py:2481} INFO - Exporting env vars: AIRFLOW_CTX_DAG_OWNER='***' AIRFLOW_CTX_DAG_ID='data_ingestion_gcs_dag' AIRFLOW_CTX_TASK_ID='local_to_gcs_task' AIRFLOW_CTX_EXECUTION_DATE='2023-01-09T00:00:00+00:00' AIRFLOW_CTX_TRY_NUMBER='1' AIRFLOW_CTX_DAG_RUN_ID='scheduled__2023-01-09T00:00:00+00:00'
[2024-01-10T00:58:55.201+0000] {ingest_data_gcp_script.py:24} INFO - Starting upload of /opt/***/input_2023-01.parquet to raw/yellow_tripdata_2023_01.parquet
[2024-01-10T00:58:56.241+0000] {ingest_data_gcp_script.py:29} INFO - Finished upload of /opt/***/input_2023-01.parquet to raw/yellow_tripdata_2023_01.parquet
[2024-01-10T00:58:56.242+0000] {python.py:201} INFO - Done. Returned value was: https://storage.googleapis.com/dtc-de-project1-terra-bucket/raw/yellow_tripdata_2023_01.parquet
[2024-01-10T00:58:56.273+0000] {taskinstance.py:1138} INFO - Marking task as SUCCESS. dag_id=data_ingestion_gcs_dag, task_id=local_to_gcs_task, execution_date=20230109T000000, start_date=20240110T005854, end_date=20240110T005856
[2024-01-10T00:58:56.304+0000] {local_task_job_runner.py:234} INFO - Task exited with return code 0
[2024-01-10T00:58:56.333+0000] {taskinstance.py:3281} INFO - 1 downstream tasks scheduled from follow-on schedule check
