[2024-01-04T17:50:47.796+0000] {taskinstance.py:1957} INFO - Dependencies all met for dep_context=non-requeueable deps ti=<TaskInstance: Local_Data_Ingestion.ingest scheduled__2023-05-02T07:00:00+00:00 [queued]>
[2024-01-04T17:50:47.820+0000] {taskinstance.py:1957} INFO - Dependencies all met for dep_context=requeueable deps ti=<TaskInstance: Local_Data_Ingestion.ingest scheduled__2023-05-02T07:00:00+00:00 [queued]>
[2024-01-04T17:50:47.821+0000] {taskinstance.py:2171} INFO - Starting attempt 1 of 1
[2024-01-04T17:50:47.862+0000] {taskinstance.py:2192} INFO - Executing <Task(BashOperator): ingest> on 2023-05-02 07:00:00+00:00
[2024-01-04T17:50:47.869+0000] {standard_task_runner.py:60} INFO - Started process 5835 to run task
[2024-01-04T17:50:47.878+0000] {standard_task_runner.py:87} INFO - Running: ['***', 'tasks', 'run', 'Local_Data_Ingestion', 'ingest', 'scheduled__2023-05-02T07:00:00+00:00', '--job-id', '26', '--raw', '--subdir', 'DAGS_FOLDER/data_ingestion_local.py', '--cfg-path', '/tmp/tmp3dtlpvif']
[2024-01-04T17:50:47.881+0000] {standard_task_runner.py:88} INFO - Job 26: Subtask ingest
[2024-01-04T17:50:48.042+0000] {task_command.py:423} INFO - Running <TaskInstance: Local_Data_Ingestion.ingest scheduled__2023-05-02T07:00:00+00:00 [running]> on host 6672c9b206ef
[2024-01-04T17:50:48.319+0000] {taskinstance.py:2481} INFO - Exporting env vars: AIRFLOW_CTX_DAG_OWNER='***' AIRFLOW_CTX_DAG_ID='Local_Data_Ingestion' AIRFLOW_CTX_TASK_ID='ingest' AIRFLOW_CTX_EXECUTION_DATE='2023-05-02T07:00:00+00:00' AIRFLOW_CTX_TRY_NUMBER='1' AIRFLOW_CTX_DAG_RUN_ID='scheduled__2023-05-02T07:00:00+00:00'
[2024-01-04T17:50:48.321+0000] {subprocess.py:63} INFO - Tmp dir root location: /tmp
[2024-01-04T17:50:48.322+0000] {subprocess.py:75} INFO - Running command: ['/usr/bin/bash', '-c', 'echo "hello world"']
[2024-01-04T17:50:48.371+0000] {subprocess.py:86} INFO - Output:
[2024-01-04T17:50:48.379+0000] {subprocess.py:93} INFO - hello world
[2024-01-04T17:50:48.382+0000] {subprocess.py:97} INFO - Command exited with return code 0
[2024-01-04T17:50:48.515+0000] {taskinstance.py:1138} INFO - Marking task as SUCCESS. dag_id=Local_Data_Ingestion, task_id=ingest, execution_date=20230502T070000, start_date=20240104T175047, end_date=20240104T175048
[2024-01-04T17:50:48.611+0000] {local_task_job_runner.py:234} INFO - Task exited with return code 0
[2024-01-04T17:50:48.673+0000] {taskinstance.py:3281} INFO - 0 downstream tasks scheduled from follow-on schedule check
[2024-01-04T17:54:42.895+0000] {taskinstance.py:1957} INFO - Dependencies all met for dep_context=non-requeueable deps ti=<TaskInstance: Local_Data_Ingestion.ingest scheduled__2023-05-02T07:00:00+00:00 [queued]>
[2024-01-04T17:54:42.953+0000] {taskinstance.py:1957} INFO - Dependencies all met for dep_context=requeueable deps ti=<TaskInstance: Local_Data_Ingestion.ingest scheduled__2023-05-02T07:00:00+00:00 [queued]>
[2024-01-04T17:54:42.957+0000] {taskinstance.py:2171} INFO - Starting attempt 1 of 1
[2024-01-04T17:54:43.033+0000] {taskinstance.py:2192} INFO - Executing <Task(BashOperator): ingest> on 2023-05-02 07:00:00+00:00
[2024-01-04T17:54:43.070+0000] {standard_task_runner.py:60} INFO - Started process 5971 to run task
[2024-01-04T17:54:43.105+0000] {standard_task_runner.py:87} INFO - Running: ['***', 'tasks', 'run', 'Local_Data_Ingestion', 'ingest', 'scheduled__2023-05-02T07:00:00+00:00', '--job-id', '49', '--raw', '--subdir', 'DAGS_FOLDER/data_ingestion_local.py', '--cfg-path', '/tmp/tmp9wnotatd']
[2024-01-04T17:54:43.107+0000] {standard_task_runner.py:88} INFO - Job 49: Subtask ingest
[2024-01-04T17:54:43.550+0000] {task_command.py:423} INFO - Running <TaskInstance: Local_Data_Ingestion.ingest scheduled__2023-05-02T07:00:00+00:00 [running]> on host 6672c9b206ef
[2024-01-04T17:54:44.114+0000] {taskinstance.py:2481} INFO - Exporting env vars: AIRFLOW_CTX_DAG_OWNER='***' AIRFLOW_CTX_DAG_ID='Local_Data_Ingestion' AIRFLOW_CTX_TASK_ID='ingest' AIRFLOW_CTX_EXECUTION_DATE='2023-05-02T07:00:00+00:00' AIRFLOW_CTX_TRY_NUMBER='1' AIRFLOW_CTX_DAG_RUN_ID='scheduled__2023-05-02T07:00:00+00:00'
[2024-01-04T17:54:44.120+0000] {subprocess.py:63} INFO - Tmp dir root location: /tmp
[2024-01-04T17:54:44.130+0000] {subprocess.py:75} INFO - Running command: ['/usr/bin/bash', '-c', 'echo "hello world"']
[2024-01-04T17:54:44.221+0000] {subprocess.py:86} INFO - Output:
[2024-01-04T17:54:44.237+0000] {subprocess.py:93} INFO - hello world
[2024-01-04T17:54:44.247+0000] {subprocess.py:97} INFO - Command exited with return code 0
[2024-01-04T17:54:44.348+0000] {taskinstance.py:1138} INFO - Marking task as SUCCESS. dag_id=Local_Data_Ingestion, task_id=ingest, execution_date=20230502T070000, start_date=20240104T175442, end_date=20240104T175444
[2024-01-04T17:54:44.457+0000] {local_task_job_runner.py:234} INFO - Task exited with return code 0
[2024-01-04T17:54:44.517+0000] {taskinstance.py:3281} INFO - 0 downstream tasks scheduled from follow-on schedule check
[2024-01-04T18:09:31.767+0000] {taskinstance.py:1957} INFO - Dependencies all met for dep_context=non-requeueable deps ti=<TaskInstance: Local_Data_Ingestion.ingest scheduled__2023-05-02T07:00:00+00:00 [queued]>
[2024-01-04T18:09:31.816+0000] {taskinstance.py:1957} INFO - Dependencies all met for dep_context=requeueable deps ti=<TaskInstance: Local_Data_Ingestion.ingest scheduled__2023-05-02T07:00:00+00:00 [queued]>
[2024-01-04T18:09:31.816+0000] {taskinstance.py:2171} INFO - Starting attempt 1 of 1
[2024-01-04T18:09:31.871+0000] {taskinstance.py:2192} INFO - Executing <Task(BashOperator): ingest> on 2023-05-02 07:00:00+00:00
[2024-01-04T18:09:31.878+0000] {standard_task_runner.py:60} INFO - Started process 6272 to run task
[2024-01-04T18:09:31.902+0000] {standard_task_runner.py:87} INFO - Running: ['***', 'tasks', 'run', 'Local_Data_Ingestion', 'ingest', 'scheduled__2023-05-02T07:00:00+00:00', '--job-id', '76', '--raw', '--subdir', 'DAGS_FOLDER/data_ingestion_local.py', '--cfg-path', '/tmp/tmp3ez6pff1']
[2024-01-04T18:09:31.908+0000] {standard_task_runner.py:88} INFO - Job 76: Subtask ingest
[2024-01-04T18:09:32.159+0000] {task_command.py:423} INFO - Running <TaskInstance: Local_Data_Ingestion.ingest scheduled__2023-05-02T07:00:00+00:00 [running]> on host 6672c9b206ef
[2024-01-04T18:09:32.655+0000] {taskinstance.py:2481} INFO - Exporting env vars: AIRFLOW_CTX_DAG_OWNER='***' AIRFLOW_CTX_DAG_ID='Local_Data_Ingestion' AIRFLOW_CTX_TASK_ID='ingest' AIRFLOW_CTX_EXECUTION_DATE='2023-05-02T07:00:00+00:00' AIRFLOW_CTX_TRY_NUMBER='1' AIRFLOW_CTX_DAG_RUN_ID='scheduled__2023-05-02T07:00:00+00:00'
[2024-01-04T18:09:32.657+0000] {subprocess.py:63} INFO - Tmp dir root location: /tmp
[2024-01-04T18:09:32.658+0000] {subprocess.py:75} INFO - Running command: ['/usr/bin/bash', '-c', 'pwd']
[2024-01-04T18:09:32.741+0000] {subprocess.py:86} INFO - Output:
[2024-01-04T18:09:32.744+0000] {subprocess.py:93} INFO - /tmp/***tmp9vmjoh02
[2024-01-04T18:09:32.747+0000] {subprocess.py:97} INFO - Command exited with return code 0
[2024-01-04T18:09:32.846+0000] {taskinstance.py:1138} INFO - Marking task as SUCCESS. dag_id=Local_Data_Ingestion, task_id=ingest, execution_date=20230502T070000, start_date=20240104T180931, end_date=20240104T180932
[2024-01-04T18:09:32.988+0000] {local_task_job_runner.py:234} INFO - Task exited with return code 0
[2024-01-04T18:09:33.067+0000] {taskinstance.py:3281} INFO - 0 downstream tasks scheduled from follow-on schedule check
