[2024-01-04T17:50:49.198+0000] {taskinstance.py:1957} INFO - Dependencies all met for dep_context=non-requeueable deps ti=<TaskInstance: Local_Data_Ingestion.ingest scheduled__2023-11-02T07:00:00+00:00 [queued]>
[2024-01-04T17:50:49.209+0000] {taskinstance.py:1957} INFO - Dependencies all met for dep_context=requeueable deps ti=<TaskInstance: Local_Data_Ingestion.ingest scheduled__2023-11-02T07:00:00+00:00 [queued]>
[2024-01-04T17:50:49.210+0000] {taskinstance.py:2171} INFO - Starting attempt 1 of 1
[2024-01-04T17:50:49.226+0000] {taskinstance.py:2192} INFO - Executing <Task(BashOperator): ingest> on 2023-11-02 07:00:00+00:00
[2024-01-04T17:50:49.232+0000] {standard_task_runner.py:60} INFO - Started process 5848 to run task
[2024-01-04T17:50:49.239+0000] {standard_task_runner.py:87} INFO - Running: ['***', 'tasks', 'run', 'Local_Data_Ingestion', 'ingest', 'scheduled__2023-11-02T07:00:00+00:00', '--job-id', '31', '--raw', '--subdir', 'DAGS_FOLDER/data_ingestion_local.py', '--cfg-path', '/tmp/tmp3_s_4zc9']
[2024-01-04T17:50:49.241+0000] {standard_task_runner.py:88} INFO - Job 31: Subtask ingest
[2024-01-04T17:50:49.315+0000] {task_command.py:423} INFO - Running <TaskInstance: Local_Data_Ingestion.ingest scheduled__2023-11-02T07:00:00+00:00 [running]> on host 6672c9b206ef
[2024-01-04T17:50:49.435+0000] {taskinstance.py:2481} INFO - Exporting env vars: AIRFLOW_CTX_DAG_OWNER='***' AIRFLOW_CTX_DAG_ID='Local_Data_Ingestion' AIRFLOW_CTX_TASK_ID='ingest' AIRFLOW_CTX_EXECUTION_DATE='2023-11-02T07:00:00+00:00' AIRFLOW_CTX_TRY_NUMBER='1' AIRFLOW_CTX_DAG_RUN_ID='scheduled__2023-11-02T07:00:00+00:00'
[2024-01-04T17:50:49.437+0000] {subprocess.py:63} INFO - Tmp dir root location: /tmp
[2024-01-04T17:50:49.437+0000] {subprocess.py:75} INFO - Running command: ['/usr/bin/bash', '-c', 'echo "hello world"']
[2024-01-04T17:50:49.451+0000] {subprocess.py:86} INFO - Output:
[2024-01-04T17:50:49.454+0000] {subprocess.py:93} INFO - hello world
[2024-01-04T17:50:49.455+0000] {subprocess.py:97} INFO - Command exited with return code 0
[2024-01-04T17:50:49.491+0000] {taskinstance.py:1138} INFO - Marking task as SUCCESS. dag_id=Local_Data_Ingestion, task_id=ingest, execution_date=20231102T070000, start_date=20240104T175049, end_date=20240104T175049
[2024-01-04T17:50:49.532+0000] {local_task_job_runner.py:234} INFO - Task exited with return code 0
[2024-01-04T17:50:49.555+0000] {taskinstance.py:3281} INFO - 0 downstream tasks scheduled from follow-on schedule check
[2024-01-04T17:54:46.730+0000] {taskinstance.py:1957} INFO - Dependencies all met for dep_context=non-requeueable deps ti=<TaskInstance: Local_Data_Ingestion.ingest scheduled__2023-11-02T07:00:00+00:00 [queued]>
[2024-01-04T17:54:46.790+0000] {taskinstance.py:1957} INFO - Dependencies all met for dep_context=requeueable deps ti=<TaskInstance: Local_Data_Ingestion.ingest scheduled__2023-11-02T07:00:00+00:00 [queued]>
[2024-01-04T17:54:46.791+0000] {taskinstance.py:2171} INFO - Starting attempt 1 of 1
[2024-01-04T17:54:46.816+0000] {taskinstance.py:2192} INFO - Executing <Task(BashOperator): ingest> on 2023-11-02 07:00:00+00:00
[2024-01-04T17:54:46.825+0000] {standard_task_runner.py:60} INFO - Started process 5997 to run task
[2024-01-04T17:54:46.832+0000] {standard_task_runner.py:87} INFO - Running: ['***', 'tasks', 'run', 'Local_Data_Ingestion', 'ingest', 'scheduled__2023-11-02T07:00:00+00:00', '--job-id', '58', '--raw', '--subdir', 'DAGS_FOLDER/data_ingestion_local.py', '--cfg-path', '/tmp/tmp6kb7s7ro']
[2024-01-04T17:54:46.834+0000] {standard_task_runner.py:88} INFO - Job 58: Subtask ingest
[2024-01-04T17:54:46.927+0000] {task_command.py:423} INFO - Running <TaskInstance: Local_Data_Ingestion.ingest scheduled__2023-11-02T07:00:00+00:00 [running]> on host 6672c9b206ef
[2024-01-04T17:54:47.074+0000] {taskinstance.py:2481} INFO - Exporting env vars: AIRFLOW_CTX_DAG_OWNER='***' AIRFLOW_CTX_DAG_ID='Local_Data_Ingestion' AIRFLOW_CTX_TASK_ID='ingest' AIRFLOW_CTX_EXECUTION_DATE='2023-11-02T07:00:00+00:00' AIRFLOW_CTX_TRY_NUMBER='1' AIRFLOW_CTX_DAG_RUN_ID='scheduled__2023-11-02T07:00:00+00:00'
[2024-01-04T17:54:47.076+0000] {subprocess.py:63} INFO - Tmp dir root location: /tmp
[2024-01-04T17:54:47.077+0000] {subprocess.py:75} INFO - Running command: ['/usr/bin/bash', '-c', 'echo "hello world"']
[2024-01-04T17:54:47.098+0000] {subprocess.py:86} INFO - Output:
[2024-01-04T17:54:47.103+0000] {subprocess.py:93} INFO - hello world
[2024-01-04T17:54:47.104+0000] {subprocess.py:97} INFO - Command exited with return code 0
[2024-01-04T17:54:47.142+0000] {taskinstance.py:1138} INFO - Marking task as SUCCESS. dag_id=Local_Data_Ingestion, task_id=ingest, execution_date=20231102T070000, start_date=20240104T175446, end_date=20240104T175447
[2024-01-04T17:54:47.209+0000] {local_task_job_runner.py:234} INFO - Task exited with return code 0
[2024-01-04T17:54:47.232+0000] {taskinstance.py:3281} INFO - 0 downstream tasks scheduled from follow-on schedule check
[2024-01-04T18:09:34.310+0000] {taskinstance.py:1957} INFO - Dependencies all met for dep_context=non-requeueable deps ti=<TaskInstance: Local_Data_Ingestion.ingest scheduled__2023-11-02T07:00:00+00:00 [queued]>
[2024-01-04T18:09:34.345+0000] {taskinstance.py:1957} INFO - Dependencies all met for dep_context=requeueable deps ti=<TaskInstance: Local_Data_Ingestion.ingest scheduled__2023-11-02T07:00:00+00:00 [queued]>
[2024-01-04T18:09:34.345+0000] {taskinstance.py:2171} INFO - Starting attempt 1 of 1
[2024-01-04T18:09:34.374+0000] {taskinstance.py:2192} INFO - Executing <Task(BashOperator): ingest> on 2023-11-02 07:00:00+00:00
[2024-01-04T18:09:34.381+0000] {standard_task_runner.py:60} INFO - Started process 6290 to run task
[2024-01-04T18:09:34.409+0000] {standard_task_runner.py:87} INFO - Running: ['***', 'tasks', 'run', 'Local_Data_Ingestion', 'ingest', 'scheduled__2023-11-02T07:00:00+00:00', '--job-id', '83', '--raw', '--subdir', 'DAGS_FOLDER/data_ingestion_local.py', '--cfg-path', '/tmp/tmpbl2sf0o2']
[2024-01-04T18:09:34.411+0000] {standard_task_runner.py:88} INFO - Job 83: Subtask ingest
[2024-01-04T18:09:34.557+0000] {task_command.py:423} INFO - Running <TaskInstance: Local_Data_Ingestion.ingest scheduled__2023-11-02T07:00:00+00:00 [running]> on host 6672c9b206ef
[2024-01-04T18:09:34.902+0000] {taskinstance.py:2481} INFO - Exporting env vars: AIRFLOW_CTX_DAG_OWNER='***' AIRFLOW_CTX_DAG_ID='Local_Data_Ingestion' AIRFLOW_CTX_TASK_ID='ingest' AIRFLOW_CTX_EXECUTION_DATE='2023-11-02T07:00:00+00:00' AIRFLOW_CTX_TRY_NUMBER='1' AIRFLOW_CTX_DAG_RUN_ID='scheduled__2023-11-02T07:00:00+00:00'
[2024-01-04T18:09:34.904+0000] {subprocess.py:63} INFO - Tmp dir root location: /tmp
[2024-01-04T18:09:34.909+0000] {subprocess.py:75} INFO - Running command: ['/usr/bin/bash', '-c', 'pwd']
[2024-01-04T18:09:34.926+0000] {subprocess.py:86} INFO - Output:
[2024-01-04T18:09:34.930+0000] {subprocess.py:93} INFO - /tmp/***tmpx3r_8i5e
[2024-01-04T18:09:34.931+0000] {subprocess.py:97} INFO - Command exited with return code 0
[2024-01-04T18:09:34.977+0000] {taskinstance.py:1138} INFO - Marking task as SUCCESS. dag_id=Local_Data_Ingestion, task_id=ingest, execution_date=20231102T070000, start_date=20240104T180934, end_date=20240104T180934
[2024-01-04T18:09:35.014+0000] {local_task_job_runner.py:234} INFO - Task exited with return code 0
[2024-01-04T18:09:35.045+0000] {taskinstance.py:3281} INFO - 0 downstream tasks scheduled from follow-on schedule check
