[2024-01-10T00:46:13.485+0000] {taskinstance.py:1957} INFO - Dependencies all met for dep_context=non-requeueable deps ti=<TaskInstance: data_ingestion_gcs_dag.bigquery_external_table_task scheduled__2023-01-05T00:00:00+00:00 [queued]>
[2024-01-10T00:46:13.567+0000] {taskinstance.py:1957} INFO - Dependencies all met for dep_context=requeueable deps ti=<TaskInstance: data_ingestion_gcs_dag.bigquery_external_table_task scheduled__2023-01-05T00:00:00+00:00 [queued]>
[2024-01-10T00:46:13.567+0000] {taskinstance.py:2171} INFO - Starting attempt 1 of 1
[2024-01-10T00:46:13.722+0000] {taskinstance.py:2192} INFO - Executing <Task(BigQueryCreateExternalTableOperator): bigquery_external_table_task> on 2023-01-05 00:00:00+00:00
[2024-01-10T00:46:13.773+0000] {standard_task_runner.py:60} INFO - Started process 517 to run task
[2024-01-10T00:46:13.816+0000] {standard_task_runner.py:87} INFO - Running: ['***', 'tasks', 'run', 'data_ingestion_gcs_dag', 'bigquery_external_table_task', 'scheduled__2023-01-05T00:00:00+00:00', '--job-id', '206', '--raw', '--subdir', 'DAGS_FOLDER/data_ingestion_gcp.py', '--cfg-path', '/tmp/tmpupu0kwhf']
[2024-01-10T00:46:13.850+0000] {standard_task_runner.py:88} INFO - Job 206: Subtask bigquery_external_table_task
[2024-01-10T00:46:14.180+0000] {task_command.py:423} INFO - Running <TaskInstance: data_ingestion_gcs_dag.bigquery_external_table_task scheduled__2023-01-05T00:00:00+00:00 [running]> on host 35cf15b90cf8
[2024-01-10T00:46:14.599+0000] {warnings.py:109} WARNING - /home/***/.local/lib/python3.8/site-packages/***/utils/context.py:207: AirflowContextDeprecationWarning: Accessing 'execution_date' from the template is deprecated and will be removed in a future version. Please use 'data_interval_start' or 'logical_date' instead.
  warnings.warn(_create_deprecation_warning(key, self._deprecation_replacements[key]))

[2024-01-10T00:46:14.837+0000] {taskinstance.py:2481} INFO - Exporting env vars: AIRFLOW_CTX_DAG_OWNER='***' AIRFLOW_CTX_DAG_ID='data_ingestion_gcs_dag' AIRFLOW_CTX_TASK_ID='bigquery_external_table_task' AIRFLOW_CTX_EXECUTION_DATE='2023-01-05T00:00:00+00:00' AIRFLOW_CTX_TRY_NUMBER='1' AIRFLOW_CTX_DAG_RUN_ID='scheduled__2023-01-05T00:00:00+00:00'
[2024-01-10T00:46:14.840+0000] {crypto.py:82} WARNING - empty cryptography key - values will not be stored encrypted.
[2024-01-10T00:46:14.841+0000] {connection.py:234} WARNING - Connection schemes (type: google_cloud_platform) shall not contain '_' according to RFC3986.
[2024-01-10T00:46:14.864+0000] {base.py:83} INFO - Using connection ID 'google_cloud_default' for task execution.
[2024-01-10T00:46:16.336+0000] {taskinstance.py:1138} INFO - Marking task as SUCCESS. dag_id=data_ingestion_gcs_dag, task_id=bigquery_external_table_task, execution_date=20230105T000000, start_date=20240110T004613, end_date=20240110T004616
[2024-01-10T00:46:16.463+0000] {local_task_job_runner.py:234} INFO - Task exited with return code 0
[2024-01-10T00:46:16.500+0000] {taskinstance.py:3281} INFO - 0 downstream tasks scheduled from follow-on schedule check
[2024-01-10T00:58:18.281+0000] {taskinstance.py:1957} INFO - Dependencies all met for dep_context=non-requeueable deps ti=<TaskInstance: data_ingestion_gcs_dag.bigquery_external_table_task scheduled__2023-01-05T00:00:00+00:00 [queued]>
[2024-01-10T00:58:18.329+0000] {taskinstance.py:1957} INFO - Dependencies all met for dep_context=requeueable deps ti=<TaskInstance: data_ingestion_gcs_dag.bigquery_external_table_task scheduled__2023-01-05T00:00:00+00:00 [queued]>
[2024-01-10T00:58:18.330+0000] {taskinstance.py:2171} INFO - Starting attempt 1 of 1
[2024-01-10T00:58:18.347+0000] {taskinstance.py:2192} INFO - Executing <Task(BigQueryCreateExternalTableOperator): bigquery_external_table_task> on 2023-01-05 00:00:00+00:00
[2024-01-10T00:58:18.356+0000] {standard_task_runner.py:60} INFO - Started process 2768 to run task
[2024-01-10T00:58:18.361+0000] {standard_task_runner.py:87} INFO - Running: ['***', 'tasks', 'run', 'data_ingestion_gcs_dag', 'bigquery_external_table_task', 'scheduled__2023-01-05T00:00:00+00:00', '--job-id', '731', '--raw', '--subdir', 'DAGS_FOLDER/data_ingestion_gcp.py', '--cfg-path', '/tmp/tmpw4er9qkc']
[2024-01-10T00:58:18.367+0000] {standard_task_runner.py:88} INFO - Job 731: Subtask bigquery_external_table_task
[2024-01-10T00:58:18.439+0000] {task_command.py:423} INFO - Running <TaskInstance: data_ingestion_gcs_dag.bigquery_external_table_task scheduled__2023-01-05T00:00:00+00:00 [running]> on host 35cf15b90cf8
[2024-01-10T00:58:18.506+0000] {warnings.py:109} WARNING - /home/***/.local/lib/python3.8/site-packages/***/utils/context.py:207: AirflowContextDeprecationWarning: Accessing 'execution_date' from the template is deprecated and will be removed in a future version. Please use 'data_interval_start' or 'logical_date' instead.
  warnings.warn(_create_deprecation_warning(key, self._deprecation_replacements[key]))

[2024-01-10T00:58:18.550+0000] {taskinstance.py:2481} INFO - Exporting env vars: AIRFLOW_CTX_DAG_OWNER='***' AIRFLOW_CTX_DAG_ID='data_ingestion_gcs_dag' AIRFLOW_CTX_TASK_ID='bigquery_external_table_task' AIRFLOW_CTX_EXECUTION_DATE='2023-01-05T00:00:00+00:00' AIRFLOW_CTX_TRY_NUMBER='1' AIRFLOW_CTX_DAG_RUN_ID='scheduled__2023-01-05T00:00:00+00:00'
[2024-01-10T00:58:18.553+0000] {crypto.py:82} WARNING - empty cryptography key - values will not be stored encrypted.
[2024-01-10T00:58:18.554+0000] {connection.py:234} WARNING - Connection schemes (type: google_cloud_platform) shall not contain '_' according to RFC3986.
[2024-01-10T00:58:18.555+0000] {base.py:83} INFO - Using connection ID 'google_cloud_default' for task execution.
[2024-01-10T00:58:19.035+0000] {taskinstance.py:1138} INFO - Marking task as SUCCESS. dag_id=data_ingestion_gcs_dag, task_id=bigquery_external_table_task, execution_date=20230105T000000, start_date=20240110T005818, end_date=20240110T005819
[2024-01-10T00:58:19.096+0000] {local_task_job_runner.py:234} INFO - Task exited with return code 0
[2024-01-10T00:58:19.122+0000] {taskinstance.py:3281} INFO - 0 downstream tasks scheduled from follow-on schedule check
