[2024-01-10T00:45:43.425+0000] {taskinstance.py:1957} INFO - Dependencies all met for dep_context=non-requeueable deps ti=<TaskInstance: data_ingestion_gcs_dag.download_dataset_task scheduled__2023-01-13T00:00:00+00:00 [queued]>
[2024-01-10T00:45:43.493+0000] {taskinstance.py:1957} INFO - Dependencies all met for dep_context=requeueable deps ti=<TaskInstance: data_ingestion_gcs_dag.download_dataset_task scheduled__2023-01-13T00:00:00+00:00 [queued]>
[2024-01-10T00:45:43.495+0000] {taskinstance.py:2171} INFO - Starting attempt 1 of 1
[2024-01-10T00:45:43.569+0000] {taskinstance.py:2192} INFO - Executing <Task(BashOperator): download_dataset_task> on 2023-01-13 00:00:00+00:00
[2024-01-10T00:45:43.600+0000] {standard_task_runner.py:60} INFO - Started process 395 to run task
[2024-01-10T00:45:43.631+0000] {standard_task_runner.py:87} INFO - Running: ['***', 'tasks', 'run', 'data_ingestion_gcs_dag', 'download_dataset_task', 'scheduled__2023-01-13T00:00:00+00:00', '--job-id', '175', '--raw', '--subdir', 'DAGS_FOLDER/data_ingestion_gcp.py', '--cfg-path', '/tmp/tmpfm_ifz4b']
[2024-01-10T00:45:43.650+0000] {standard_task_runner.py:88} INFO - Job 175: Subtask download_dataset_task
[2024-01-10T00:45:43.932+0000] {task_command.py:423} INFO - Running <TaskInstance: data_ingestion_gcs_dag.download_dataset_task scheduled__2023-01-13T00:00:00+00:00 [running]> on host 35cf15b90cf8
[2024-01-10T00:45:44.332+0000] {warnings.py:109} WARNING - /home/***/.local/lib/python3.8/site-packages/***/utils/context.py:207: AirflowContextDeprecationWarning: Accessing 'execution_date' from the template is deprecated and will be removed in a future version. Please use 'data_interval_start' or 'logical_date' instead.
  warnings.warn(_create_deprecation_warning(key, self._deprecation_replacements[key]))

[2024-01-10T00:45:44.628+0000] {taskinstance.py:2481} INFO - Exporting env vars: AIRFLOW_CTX_DAG_OWNER='***' AIRFLOW_CTX_DAG_ID='data_ingestion_gcs_dag' AIRFLOW_CTX_TASK_ID='download_dataset_task' AIRFLOW_CTX_EXECUTION_DATE='2023-01-13T00:00:00+00:00' AIRFLOW_CTX_TRY_NUMBER='1' AIRFLOW_CTX_DAG_RUN_ID='scheduled__2023-01-13T00:00:00+00:00'
[2024-01-10T00:45:44.643+0000] {subprocess.py:63} INFO - Tmp dir root location: /tmp
[2024-01-10T00:45:44.645+0000] {subprocess.py:75} INFO - Running command: ['/usr/bin/bash', '-c', 'curl -sSL https://d37ci6vzurychx.cloudfront.net/trip-data/yellow_tripdata_2023-01.parquet > /opt/***/input_2023-01.parquet']
[2024-01-10T00:45:44.818+0000] {subprocess.py:86} INFO - Output:
[2024-01-10T00:45:45.948+0000] {subprocess.py:97} INFO - Command exited with return code 0
[2024-01-10T00:45:46.040+0000] {taskinstance.py:1138} INFO - Marking task as SUCCESS. dag_id=data_ingestion_gcs_dag, task_id=download_dataset_task, execution_date=20230113T000000, start_date=20240110T004543, end_date=20240110T004546
[2024-01-10T00:45:46.367+0000] {local_task_job_runner.py:234} INFO - Task exited with return code 0
[2024-01-10T00:45:46.638+0000] {taskinstance.py:3281} INFO - 1 downstream tasks scheduled from follow-on schedule check
[2024-01-10T00:59:33.232+0000] {taskinstance.py:1957} INFO - Dependencies all met for dep_context=non-requeueable deps ti=<TaskInstance: data_ingestion_gcs_dag.download_dataset_task scheduled__2023-01-13T00:00:00+00:00 [queued]>
[2024-01-10T00:59:33.277+0000] {taskinstance.py:1957} INFO - Dependencies all met for dep_context=requeueable deps ti=<TaskInstance: data_ingestion_gcs_dag.download_dataset_task scheduled__2023-01-13T00:00:00+00:00 [queued]>
[2024-01-10T00:59:33.278+0000] {taskinstance.py:2171} INFO - Starting attempt 1 of 1
[2024-01-10T00:59:33.295+0000] {taskinstance.py:2192} INFO - Executing <Task(BashOperator): download_dataset_task> on 2023-01-13 00:00:00+00:00
[2024-01-10T00:59:33.304+0000] {standard_task_runner.py:60} INFO - Started process 2881 to run task
[2024-01-10T00:59:33.310+0000] {standard_task_runner.py:87} INFO - Running: ['***', 'tasks', 'run', 'data_ingestion_gcs_dag', 'download_dataset_task', 'scheduled__2023-01-13T00:00:00+00:00', '--job-id', '753', '--raw', '--subdir', 'DAGS_FOLDER/data_ingestion_gcp.py', '--cfg-path', '/tmp/tmpbmhhk9rb']
[2024-01-10T00:59:33.315+0000] {standard_task_runner.py:88} INFO - Job 753: Subtask download_dataset_task
[2024-01-10T00:59:33.381+0000] {task_command.py:423} INFO - Running <TaskInstance: data_ingestion_gcs_dag.download_dataset_task scheduled__2023-01-13T00:00:00+00:00 [running]> on host 35cf15b90cf8
[2024-01-10T00:59:33.445+0000] {warnings.py:109} WARNING - /home/***/.local/lib/python3.8/site-packages/***/utils/context.py:207: AirflowContextDeprecationWarning: Accessing 'execution_date' from the template is deprecated and will be removed in a future version. Please use 'data_interval_start' or 'logical_date' instead.
  warnings.warn(_create_deprecation_warning(key, self._deprecation_replacements[key]))

[2024-01-10T00:59:33.488+0000] {taskinstance.py:2481} INFO - Exporting env vars: AIRFLOW_CTX_DAG_OWNER='***' AIRFLOW_CTX_DAG_ID='data_ingestion_gcs_dag' AIRFLOW_CTX_TASK_ID='download_dataset_task' AIRFLOW_CTX_EXECUTION_DATE='2023-01-13T00:00:00+00:00' AIRFLOW_CTX_TRY_NUMBER='1' AIRFLOW_CTX_DAG_RUN_ID='scheduled__2023-01-13T00:00:00+00:00'
[2024-01-10T00:59:33.491+0000] {subprocess.py:63} INFO - Tmp dir root location: /tmp
[2024-01-10T00:59:33.491+0000] {subprocess.py:75} INFO - Running command: ['/usr/bin/bash', '-c', 'curl -sSL https://d37ci6vzurychx.cloudfront.net/trip-data/yellow_tripdata_2023-01.parquet > /opt/***/input_2023-01.parquet']
[2024-01-10T00:59:33.509+0000] {subprocess.py:86} INFO - Output:
[2024-01-10T00:59:33.917+0000] {subprocess.py:97} INFO - Command exited with return code 0
[2024-01-10T00:59:34.096+0000] {taskinstance.py:1138} INFO - Marking task as SUCCESS. dag_id=data_ingestion_gcs_dag, task_id=download_dataset_task, execution_date=20230113T000000, start_date=20240110T005933, end_date=20240110T005934
[2024-01-10T00:59:34.125+0000] {local_task_job_runner.py:234} INFO - Task exited with return code 0
[2024-01-10T00:59:34.159+0000] {taskinstance.py:3281} INFO - 1 downstream tasks scheduled from follow-on schedule check
