[2024-01-10T00:46:25.991+0000] {taskinstance.py:1957} INFO - Dependencies all met for dep_context=non-requeueable deps ti=<TaskInstance: data_ingestion_gcs_dag.download_dataset_task scheduled__2023-01-17T00:00:00+00:00 [queued]>
[2024-01-10T00:46:26.079+0000] {taskinstance.py:1957} INFO - Dependencies all met for dep_context=requeueable deps ti=<TaskInstance: data_ingestion_gcs_dag.download_dataset_task scheduled__2023-01-17T00:00:00+00:00 [queued]>
[2024-01-10T00:46:26.080+0000] {taskinstance.py:2171} INFO - Starting attempt 1 of 1
[2024-01-10T00:46:26.263+0000] {taskinstance.py:2192} INFO - Executing <Task(BashOperator): download_dataset_task> on 2023-01-17 00:00:00+00:00
[2024-01-10T00:46:26.298+0000] {standard_task_runner.py:60} INFO - Started process 562 to run task
[2024-01-10T00:46:26.321+0000] {standard_task_runner.py:87} INFO - Running: ['***', 'tasks', 'run', 'data_ingestion_gcs_dag', 'download_dataset_task', 'scheduled__2023-01-17T00:00:00+00:00', '--job-id', '215', '--raw', '--subdir', 'DAGS_FOLDER/data_ingestion_gcp.py', '--cfg-path', '/tmp/tmp9dg9anu0']
[2024-01-10T00:46:26.408+0000] {standard_task_runner.py:88} INFO - Job 215: Subtask download_dataset_task
[2024-01-10T00:46:26.656+0000] {task_command.py:423} INFO - Running <TaskInstance: data_ingestion_gcs_dag.download_dataset_task scheduled__2023-01-17T00:00:00+00:00 [running]> on host 35cf15b90cf8
[2024-01-10T00:46:26.881+0000] {warnings.py:109} WARNING - /home/***/.local/lib/python3.8/site-packages/***/utils/context.py:207: AirflowContextDeprecationWarning: Accessing 'execution_date' from the template is deprecated and will be removed in a future version. Please use 'data_interval_start' or 'logical_date' instead.
  warnings.warn(_create_deprecation_warning(key, self._deprecation_replacements[key]))

[2024-01-10T00:46:27.088+0000] {taskinstance.py:2481} INFO - Exporting env vars: AIRFLOW_CTX_DAG_OWNER='***' AIRFLOW_CTX_DAG_ID='data_ingestion_gcs_dag' AIRFLOW_CTX_TASK_ID='download_dataset_task' AIRFLOW_CTX_EXECUTION_DATE='2023-01-17T00:00:00+00:00' AIRFLOW_CTX_TRY_NUMBER='1' AIRFLOW_CTX_DAG_RUN_ID='scheduled__2023-01-17T00:00:00+00:00'
[2024-01-10T00:46:27.090+0000] {subprocess.py:63} INFO - Tmp dir root location: /tmp
[2024-01-10T00:46:27.091+0000] {subprocess.py:75} INFO - Running command: ['/usr/bin/bash', '-c', 'curl -sSL https://d37ci6vzurychx.cloudfront.net/trip-data/yellow_tripdata_2023-01.parquet > /opt/***/input_2023-01.parquet']
[2024-01-10T00:46:27.173+0000] {subprocess.py:86} INFO - Output:
[2024-01-10T00:46:29.293+0000] {subprocess.py:97} INFO - Command exited with return code 0
[2024-01-10T00:46:29.456+0000] {taskinstance.py:1138} INFO - Marking task as SUCCESS. dag_id=data_ingestion_gcs_dag, task_id=download_dataset_task, execution_date=20230117T000000, start_date=20240110T004626, end_date=20240110T004629
[2024-01-10T00:46:29.726+0000] {local_task_job_runner.py:234} INFO - Task exited with return code 0
[2024-01-10T00:46:30.050+0000] {taskinstance.py:3281} INFO - 1 downstream tasks scheduled from follow-on schedule check
[2024-01-10T01:00:40.628+0000] {taskinstance.py:1957} INFO - Dependencies all met for dep_context=non-requeueable deps ti=<TaskInstance: data_ingestion_gcs_dag.download_dataset_task scheduled__2023-01-17T00:00:00+00:00 [queued]>
[2024-01-10T01:00:40.640+0000] {taskinstance.py:1957} INFO - Dependencies all met for dep_context=requeueable deps ti=<TaskInstance: data_ingestion_gcs_dag.download_dataset_task scheduled__2023-01-17T00:00:00+00:00 [queued]>
[2024-01-10T01:00:40.641+0000] {taskinstance.py:2171} INFO - Starting attempt 1 of 1
[2024-01-10T01:00:40.658+0000] {taskinstance.py:2192} INFO - Executing <Task(BashOperator): download_dataset_task> on 2023-01-17 00:00:00+00:00
[2024-01-10T01:00:40.668+0000] {standard_task_runner.py:60} INFO - Started process 2958 to run task
[2024-01-10T01:00:40.673+0000] {standard_task_runner.py:87} INFO - Running: ['***', 'tasks', 'run', 'data_ingestion_gcs_dag', 'download_dataset_task', 'scheduled__2023-01-17T00:00:00+00:00', '--job-id', '768', '--raw', '--subdir', 'DAGS_FOLDER/data_ingestion_gcp.py', '--cfg-path', '/tmp/tmpr0cn2jaq']
[2024-01-10T01:00:40.679+0000] {standard_task_runner.py:88} INFO - Job 768: Subtask download_dataset_task
[2024-01-10T01:00:40.750+0000] {task_command.py:423} INFO - Running <TaskInstance: data_ingestion_gcs_dag.download_dataset_task scheduled__2023-01-17T00:00:00+00:00 [running]> on host 35cf15b90cf8
[2024-01-10T01:00:40.830+0000] {warnings.py:109} WARNING - /home/***/.local/lib/python3.8/site-packages/***/utils/context.py:207: AirflowContextDeprecationWarning: Accessing 'execution_date' from the template is deprecated and will be removed in a future version. Please use 'data_interval_start' or 'logical_date' instead.
  warnings.warn(_create_deprecation_warning(key, self._deprecation_replacements[key]))

[2024-01-10T01:00:40.874+0000] {taskinstance.py:2481} INFO - Exporting env vars: AIRFLOW_CTX_DAG_OWNER='***' AIRFLOW_CTX_DAG_ID='data_ingestion_gcs_dag' AIRFLOW_CTX_TASK_ID='download_dataset_task' AIRFLOW_CTX_EXECUTION_DATE='2023-01-17T00:00:00+00:00' AIRFLOW_CTX_TRY_NUMBER='1' AIRFLOW_CTX_DAG_RUN_ID='scheduled__2023-01-17T00:00:00+00:00'
[2024-01-10T01:00:40.877+0000] {subprocess.py:63} INFO - Tmp dir root location: /tmp
[2024-01-10T01:00:40.878+0000] {subprocess.py:75} INFO - Running command: ['/usr/bin/bash', '-c', 'curl -sSL https://d37ci6vzurychx.cloudfront.net/trip-data/yellow_tripdata_2023-01.parquet > /opt/***/input_2023-01.parquet']
[2024-01-10T01:00:40.896+0000] {subprocess.py:86} INFO - Output:
[2024-01-10T01:00:41.291+0000] {subprocess.py:97} INFO - Command exited with return code 0
[2024-01-10T01:00:41.467+0000] {taskinstance.py:1138} INFO - Marking task as SUCCESS. dag_id=data_ingestion_gcs_dag, task_id=download_dataset_task, execution_date=20230117T000000, start_date=20240110T010040, end_date=20240110T010041
[2024-01-10T01:00:41.535+0000] {local_task_job_runner.py:234} INFO - Task exited with return code 0
[2024-01-10T01:00:41.581+0000] {taskinstance.py:3281} INFO - 1 downstream tasks scheduled from follow-on schedule check
