[2024-01-10T00:45:39.562+0000] {taskinstance.py:1957} INFO - Dependencies all met for dep_context=non-requeueable deps ti=<TaskInstance: data_ingestion_gcs_dag.download_dataset_task scheduled__2023-01-04T00:00:00+00:00 [queued]>
[2024-01-10T00:45:39.630+0000] {taskinstance.py:1957} INFO - Dependencies all met for dep_context=requeueable deps ti=<TaskInstance: data_ingestion_gcs_dag.download_dataset_task scheduled__2023-01-04T00:00:00+00:00 [queued]>
[2024-01-10T00:45:39.631+0000] {taskinstance.py:2171} INFO - Starting attempt 1 of 1
[2024-01-10T00:45:39.739+0000] {taskinstance.py:2192} INFO - Executing <Task(BashOperator): download_dataset_task> on 2023-01-04 00:00:00+00:00
[2024-01-10T00:45:39.772+0000] {standard_task_runner.py:60} INFO - Started process 370 to run task
[2024-01-10T00:45:39.805+0000] {standard_task_runner.py:87} INFO - Running: ['***', 'tasks', 'run', 'data_ingestion_gcs_dag', 'download_dataset_task', 'scheduled__2023-01-04T00:00:00+00:00', '--job-id', '169', '--raw', '--subdir', 'DAGS_FOLDER/data_ingestion_gcp.py', '--cfg-path', '/tmp/tmp1rltn423']
[2024-01-10T00:45:39.825+0000] {standard_task_runner.py:88} INFO - Job 169: Subtask download_dataset_task
[2024-01-10T00:45:40.120+0000] {task_command.py:423} INFO - Running <TaskInstance: data_ingestion_gcs_dag.download_dataset_task scheduled__2023-01-04T00:00:00+00:00 [running]> on host 35cf15b90cf8
[2024-01-10T00:45:40.275+0000] {warnings.py:109} WARNING - /home/***/.local/lib/python3.8/site-packages/***/utils/context.py:207: AirflowContextDeprecationWarning: Accessing 'execution_date' from the template is deprecated and will be removed in a future version. Please use 'data_interval_start' or 'logical_date' instead.
  warnings.warn(_create_deprecation_warning(key, self._deprecation_replacements[key]))

[2024-01-10T00:45:40.591+0000] {taskinstance.py:2481} INFO - Exporting env vars: AIRFLOW_CTX_DAG_OWNER='***' AIRFLOW_CTX_DAG_ID='data_ingestion_gcs_dag' AIRFLOW_CTX_TASK_ID='download_dataset_task' AIRFLOW_CTX_EXECUTION_DATE='2023-01-04T00:00:00+00:00' AIRFLOW_CTX_TRY_NUMBER='1' AIRFLOW_CTX_DAG_RUN_ID='scheduled__2023-01-04T00:00:00+00:00'
[2024-01-10T00:45:40.594+0000] {subprocess.py:63} INFO - Tmp dir root location: /tmp
[2024-01-10T00:45:40.607+0000] {subprocess.py:75} INFO - Running command: ['/usr/bin/bash', '-c', 'curl -sSL https://d37ci6vzurychx.cloudfront.net/trip-data/yellow_tripdata_2023-01.parquet > /opt/***/input_2023-01.parquet']
[2024-01-10T00:45:40.776+0000] {subprocess.py:86} INFO - Output:
[2024-01-10T00:45:42.287+0000] {subprocess.py:97} INFO - Command exited with return code 0
[2024-01-10T00:45:42.503+0000] {taskinstance.py:1138} INFO - Marking task as SUCCESS. dag_id=data_ingestion_gcs_dag, task_id=download_dataset_task, execution_date=20230104T000000, start_date=20240110T004539, end_date=20240110T004542
[2024-01-10T00:45:42.888+0000] {local_task_job_runner.py:234} INFO - Task exited with return code 0
[2024-01-10T00:45:43.058+0000] {taskinstance.py:3281} INFO - 1 downstream tasks scheduled from follow-on schedule check
[2024-01-10T00:58:01.663+0000] {taskinstance.py:1957} INFO - Dependencies all met for dep_context=non-requeueable deps ti=<TaskInstance: data_ingestion_gcs_dag.download_dataset_task scheduled__2023-01-04T00:00:00+00:00 [queued]>
[2024-01-10T00:58:01.691+0000] {taskinstance.py:1957} INFO - Dependencies all met for dep_context=requeueable deps ti=<TaskInstance: data_ingestion_gcs_dag.download_dataset_task scheduled__2023-01-04T00:00:00+00:00 [queued]>
[2024-01-10T00:58:01.691+0000] {taskinstance.py:2171} INFO - Starting attempt 1 of 1
[2024-01-10T00:58:01.708+0000] {taskinstance.py:2192} INFO - Executing <Task(BashOperator): download_dataset_task> on 2023-01-04 00:00:00+00:00
[2024-01-10T00:58:01.720+0000] {standard_task_runner.py:60} INFO - Started process 2747 to run task
[2024-01-10T00:58:01.725+0000] {standard_task_runner.py:87} INFO - Running: ['***', 'tasks', 'run', 'data_ingestion_gcs_dag', 'download_dataset_task', 'scheduled__2023-01-04T00:00:00+00:00', '--job-id', '726', '--raw', '--subdir', 'DAGS_FOLDER/data_ingestion_gcp.py', '--cfg-path', '/tmp/tmp1d9ka9vp']
[2024-01-10T00:58:01.730+0000] {standard_task_runner.py:88} INFO - Job 726: Subtask download_dataset_task
[2024-01-10T00:58:01.795+0000] {task_command.py:423} INFO - Running <TaskInstance: data_ingestion_gcs_dag.download_dataset_task scheduled__2023-01-04T00:00:00+00:00 [running]> on host 35cf15b90cf8
[2024-01-10T00:58:01.859+0000] {warnings.py:109} WARNING - /home/***/.local/lib/python3.8/site-packages/***/utils/context.py:207: AirflowContextDeprecationWarning: Accessing 'execution_date' from the template is deprecated and will be removed in a future version. Please use 'data_interval_start' or 'logical_date' instead.
  warnings.warn(_create_deprecation_warning(key, self._deprecation_replacements[key]))

[2024-01-10T00:58:01.903+0000] {taskinstance.py:2481} INFO - Exporting env vars: AIRFLOW_CTX_DAG_OWNER='***' AIRFLOW_CTX_DAG_ID='data_ingestion_gcs_dag' AIRFLOW_CTX_TASK_ID='download_dataset_task' AIRFLOW_CTX_EXECUTION_DATE='2023-01-04T00:00:00+00:00' AIRFLOW_CTX_TRY_NUMBER='1' AIRFLOW_CTX_DAG_RUN_ID='scheduled__2023-01-04T00:00:00+00:00'
[2024-01-10T00:58:01.904+0000] {subprocess.py:63} INFO - Tmp dir root location: /tmp
[2024-01-10T00:58:01.905+0000] {subprocess.py:75} INFO - Running command: ['/usr/bin/bash', '-c', 'curl -sSL https://d37ci6vzurychx.cloudfront.net/trip-data/yellow_tripdata_2023-01.parquet > /opt/***/input_2023-01.parquet']
[2024-01-10T00:58:01.923+0000] {subprocess.py:86} INFO - Output:
[2024-01-10T00:58:02.294+0000] {subprocess.py:97} INFO - Command exited with return code 0
[2024-01-10T00:58:02.476+0000] {taskinstance.py:1138} INFO - Marking task as SUCCESS. dag_id=data_ingestion_gcs_dag, task_id=download_dataset_task, execution_date=20230104T000000, start_date=20240110T005801, end_date=20240110T005802
[2024-01-10T00:58:02.500+0000] {local_task_job_runner.py:234} INFO - Task exited with return code 0
[2024-01-10T00:58:02.540+0000] {taskinstance.py:3281} INFO - 0 downstream tasks scheduled from follow-on schedule check
