[2024-01-10T01:01:33.970+0000] {taskinstance.py:1957} INFO - Dependencies all met for dep_context=non-requeueable deps ti=<TaskInstance: data_ingestion_gcs_dag.bigquery_external_table_task scheduled__2023-01-02T07:00:00+00:00 [queued]>
[2024-01-10T01:01:33.982+0000] {taskinstance.py:1957} INFO - Dependencies all met for dep_context=requeueable deps ti=<TaskInstance: data_ingestion_gcs_dag.bigquery_external_table_task scheduled__2023-01-02T07:00:00+00:00 [queued]>
[2024-01-10T01:01:33.983+0000] {taskinstance.py:2171} INFO - Starting attempt 1 of 1
[2024-01-10T01:01:34.000+0000] {taskinstance.py:2192} INFO - Executing <Task(BigQueryCreateExternalTableOperator): bigquery_external_table_task> on 2023-01-02 07:00:00+00:00
[2024-01-10T01:01:34.010+0000] {standard_task_runner.py:60} INFO - Started process 2994 to run task
[2024-01-10T01:01:34.017+0000] {standard_task_runner.py:87} INFO - Running: ['***', 'tasks', 'run', 'data_ingestion_gcs_dag', 'bigquery_external_table_task', 'scheduled__2023-01-02T07:00:00+00:00', '--job-id', '774', '--raw', '--subdir', 'DAGS_FOLDER/data_ingestion_gcp.py', '--cfg-path', '/tmp/tmpyq8qa9x6']
[2024-01-10T01:01:34.022+0000] {standard_task_runner.py:88} INFO - Job 774: Subtask bigquery_external_table_task
[2024-01-10T01:01:34.096+0000] {task_command.py:423} INFO - Running <TaskInstance: data_ingestion_gcs_dag.bigquery_external_table_task scheduled__2023-01-02T07:00:00+00:00 [running]> on host 35cf15b90cf8
[2024-01-10T01:01:34.160+0000] {warnings.py:109} WARNING - /home/***/.local/lib/python3.8/site-packages/***/utils/context.py:207: AirflowContextDeprecationWarning: Accessing 'execution_date' from the template is deprecated and will be removed in a future version. Please use 'data_interval_start' or 'logical_date' instead.
  warnings.warn(_create_deprecation_warning(key, self._deprecation_replacements[key]))

[2024-01-10T01:01:34.212+0000] {taskinstance.py:2481} INFO - Exporting env vars: AIRFLOW_CTX_DAG_OWNER='***' AIRFLOW_CTX_DAG_ID='data_ingestion_gcs_dag' AIRFLOW_CTX_TASK_ID='bigquery_external_table_task' AIRFLOW_CTX_EXECUTION_DATE='2023-01-02T07:00:00+00:00' AIRFLOW_CTX_TRY_NUMBER='1' AIRFLOW_CTX_DAG_RUN_ID='scheduled__2023-01-02T07:00:00+00:00'
[2024-01-10T01:01:34.216+0000] {crypto.py:82} WARNING - empty cryptography key - values will not be stored encrypted.
[2024-01-10T01:01:34.217+0000] {connection.py:234} WARNING - Connection schemes (type: google_cloud_platform) shall not contain '_' according to RFC3986.
[2024-01-10T01:01:34.218+0000] {base.py:83} INFO - Using connection ID 'google_cloud_default' for task execution.
[2024-01-10T01:01:34.716+0000] {taskinstance.py:1138} INFO - Marking task as SUCCESS. dag_id=data_ingestion_gcs_dag, task_id=bigquery_external_table_task, execution_date=20230102T070000, start_date=20240110T010133, end_date=20240110T010134
[2024-01-10T01:01:34.752+0000] {local_task_job_runner.py:234} INFO - Task exited with return code 0
[2024-01-10T01:01:34.783+0000] {taskinstance.py:3281} INFO - 0 downstream tasks scheduled from follow-on schedule check
[2024-01-10T19:38:49.914+0000] {taskinstance.py:1957} INFO - Dependencies all met for dep_context=non-requeueable deps ti=<TaskInstance: data_ingestion_gcs_dag.bigquery_external_table_task scheduled__2023-01-02T07:00:00+00:00 [queued]>
[2024-01-10T19:38:49.946+0000] {taskinstance.py:1957} INFO - Dependencies all met for dep_context=requeueable deps ti=<TaskInstance: data_ingestion_gcs_dag.bigquery_external_table_task scheduled__2023-01-02T07:00:00+00:00 [queued]>
[2024-01-10T19:38:49.947+0000] {taskinstance.py:2171} INFO - Starting attempt 1 of 1
[2024-01-10T19:38:49.965+0000] {taskinstance.py:2192} INFO - Executing <Task(BigQueryCreateExternalTableOperator): bigquery_external_table_task> on 2023-01-02 07:00:00+00:00
[2024-01-10T19:38:49.977+0000] {standard_task_runner.py:60} INFO - Started process 6913 to run task
[2024-01-10T19:38:49.983+0000] {standard_task_runner.py:87} INFO - Running: ['***', 'tasks', 'run', 'data_ingestion_gcs_dag', 'bigquery_external_table_task', 'scheduled__2023-01-02T07:00:00+00:00', '--job-id', '779', '--raw', '--subdir', 'DAGS_FOLDER/data_ingestion_gcp.py', '--cfg-path', '/tmp/tmpd9rz1d1y']
[2024-01-10T19:38:49.988+0000] {standard_task_runner.py:88} INFO - Job 779: Subtask bigquery_external_table_task
[2024-01-10T19:38:50.061+0000] {task_command.py:423} INFO - Running <TaskInstance: data_ingestion_gcs_dag.bigquery_external_table_task scheduled__2023-01-02T07:00:00+00:00 [running]> on host 35cf15b90cf8
[2024-01-10T19:38:50.128+0000] {warnings.py:109} WARNING - /home/***/.local/lib/python3.8/site-packages/***/utils/context.py:207: AirflowContextDeprecationWarning: Accessing 'execution_date' from the template is deprecated and will be removed in a future version. Please use 'data_interval_start' or 'logical_date' instead.
  warnings.warn(_create_deprecation_warning(key, self._deprecation_replacements[key]))

[2024-01-10T19:38:50.176+0000] {taskinstance.py:2481} INFO - Exporting env vars: AIRFLOW_CTX_DAG_OWNER='***' AIRFLOW_CTX_DAG_ID='data_ingestion_gcs_dag' AIRFLOW_CTX_TASK_ID='bigquery_external_table_task' AIRFLOW_CTX_EXECUTION_DATE='2023-01-02T07:00:00+00:00' AIRFLOW_CTX_TRY_NUMBER='1' AIRFLOW_CTX_DAG_RUN_ID='scheduled__2023-01-02T07:00:00+00:00'
[2024-01-10T19:38:50.180+0000] {crypto.py:82} WARNING - empty cryptography key - values will not be stored encrypted.
[2024-01-10T19:38:50.181+0000] {connection.py:234} WARNING - Connection schemes (type: google_cloud_platform) shall not contain '_' according to RFC3986.
[2024-01-10T19:38:50.183+0000] {base.py:83} INFO - Using connection ID 'google_cloud_default' for task execution.
[2024-01-10T19:38:50.835+0000] {taskinstance.py:1138} INFO - Marking task as SUCCESS. dag_id=data_ingestion_gcs_dag, task_id=bigquery_external_table_task, execution_date=20230102T070000, start_date=20240110T193849, end_date=20240110T193850
[2024-01-10T19:38:50.878+0000] {local_task_job_runner.py:234} INFO - Task exited with return code 0
[2024-01-10T19:38:50.904+0000] {taskinstance.py:3281} INFO - 0 downstream tasks scheduled from follow-on schedule check
