[2024-01-10T01:01:30.135+0000] {taskinstance.py:1957} INFO - Dependencies all met for dep_context=non-requeueable deps ti=<TaskInstance: data_ingestion_gcs_dag.local_to_gcs_task scheduled__2023-01-02T07:00:00+00:00 [queued]>
[2024-01-10T01:01:30.146+0000] {taskinstance.py:1957} INFO - Dependencies all met for dep_context=requeueable deps ti=<TaskInstance: data_ingestion_gcs_dag.local_to_gcs_task scheduled__2023-01-02T07:00:00+00:00 [queued]>
[2024-01-10T01:01:30.146+0000] {taskinstance.py:2171} INFO - Starting attempt 1 of 1
[2024-01-10T01:01:30.163+0000] {taskinstance.py:2192} INFO - Executing <Task(PythonOperator): local_to_gcs_task> on 2023-01-02 07:00:00+00:00
[2024-01-10T01:01:30.172+0000] {standard_task_runner.py:60} INFO - Started process 2991 to run task
[2024-01-10T01:01:30.177+0000] {standard_task_runner.py:87} INFO - Running: ['***', 'tasks', 'run', 'data_ingestion_gcs_dag', 'local_to_gcs_task', 'scheduled__2023-01-02T07:00:00+00:00', '--job-id', '773', '--raw', '--subdir', 'DAGS_FOLDER/data_ingestion_gcp.py', '--cfg-path', '/tmp/tmptd3wd22k']
[2024-01-10T01:01:30.182+0000] {standard_task_runner.py:88} INFO - Job 773: Subtask local_to_gcs_task
[2024-01-10T01:01:30.252+0000] {task_command.py:423} INFO - Running <TaskInstance: data_ingestion_gcs_dag.local_to_gcs_task scheduled__2023-01-02T07:00:00+00:00 [running]> on host 35cf15b90cf8
[2024-01-10T01:01:30.318+0000] {warnings.py:109} WARNING - /home/***/.local/lib/python3.8/site-packages/***/utils/context.py:207: AirflowContextDeprecationWarning: Accessing 'execution_date' from the template is deprecated and will be removed in a future version. Please use 'data_interval_start' or 'logical_date' instead.
  warnings.warn(_create_deprecation_warning(key, self._deprecation_replacements[key]))

[2024-01-10T01:01:30.361+0000] {taskinstance.py:2481} INFO - Exporting env vars: AIRFLOW_CTX_DAG_OWNER='***' AIRFLOW_CTX_DAG_ID='data_ingestion_gcs_dag' AIRFLOW_CTX_TASK_ID='local_to_gcs_task' AIRFLOW_CTX_EXECUTION_DATE='2023-01-02T07:00:00+00:00' AIRFLOW_CTX_TRY_NUMBER='1' AIRFLOW_CTX_DAG_RUN_ID='scheduled__2023-01-02T07:00:00+00:00'
[2024-01-10T01:01:30.472+0000] {ingest_data_gcp_script.py:24} INFO - Starting upload of /opt/***/input_2023-01.parquet to raw/yellow_tripdata_2023_01.parquet
[2024-01-10T01:01:31.668+0000] {ingest_data_gcp_script.py:29} INFO - Finished upload of /opt/***/input_2023-01.parquet to raw/yellow_tripdata_2023_01.parquet
[2024-01-10T01:01:31.669+0000] {python.py:201} INFO - Done. Returned value was: https://storage.googleapis.com/dtc-de-project1-terra-bucket/raw/yellow_tripdata_2023_01.parquet
[2024-01-10T01:01:31.702+0000] {taskinstance.py:1138} INFO - Marking task as SUCCESS. dag_id=data_ingestion_gcs_dag, task_id=local_to_gcs_task, execution_date=20230102T070000, start_date=20240110T010130, end_date=20240110T010131
[2024-01-10T01:01:31.755+0000] {local_task_job_runner.py:234} INFO - Task exited with return code 0
[2024-01-10T01:01:31.793+0000] {taskinstance.py:3281} INFO - 1 downstream tasks scheduled from follow-on schedule check
[2024-01-10T19:38:46.588+0000] {taskinstance.py:1957} INFO - Dependencies all met for dep_context=non-requeueable deps ti=<TaskInstance: data_ingestion_gcs_dag.local_to_gcs_task scheduled__2023-01-02T07:00:00+00:00 [queued]>
[2024-01-10T19:38:46.618+0000] {taskinstance.py:1957} INFO - Dependencies all met for dep_context=requeueable deps ti=<TaskInstance: data_ingestion_gcs_dag.local_to_gcs_task scheduled__2023-01-02T07:00:00+00:00 [queued]>
[2024-01-10T19:38:46.618+0000] {taskinstance.py:2171} INFO - Starting attempt 1 of 1
[2024-01-10T19:38:46.635+0000] {taskinstance.py:2192} INFO - Executing <Task(PythonOperator): local_to_gcs_task> on 2023-01-02 07:00:00+00:00
[2024-01-10T19:38:46.646+0000] {standard_task_runner.py:60} INFO - Started process 6910 to run task
[2024-01-10T19:38:46.654+0000] {standard_task_runner.py:87} INFO - Running: ['***', 'tasks', 'run', 'data_ingestion_gcs_dag', 'local_to_gcs_task', 'scheduled__2023-01-02T07:00:00+00:00', '--job-id', '778', '--raw', '--subdir', 'DAGS_FOLDER/data_ingestion_gcp.py', '--cfg-path', '/tmp/tmp5supmeox']
[2024-01-10T19:38:46.662+0000] {standard_task_runner.py:88} INFO - Job 778: Subtask local_to_gcs_task
[2024-01-10T19:38:46.756+0000] {task_command.py:423} INFO - Running <TaskInstance: data_ingestion_gcs_dag.local_to_gcs_task scheduled__2023-01-02T07:00:00+00:00 [running]> on host 35cf15b90cf8
[2024-01-10T19:38:46.828+0000] {warnings.py:109} WARNING - /home/***/.local/lib/python3.8/site-packages/***/utils/context.py:207: AirflowContextDeprecationWarning: Accessing 'execution_date' from the template is deprecated and will be removed in a future version. Please use 'data_interval_start' or 'logical_date' instead.
  warnings.warn(_create_deprecation_warning(key, self._deprecation_replacements[key]))

[2024-01-10T19:38:46.882+0000] {taskinstance.py:2481} INFO - Exporting env vars: AIRFLOW_CTX_DAG_OWNER='***' AIRFLOW_CTX_DAG_ID='data_ingestion_gcs_dag' AIRFLOW_CTX_TASK_ID='local_to_gcs_task' AIRFLOW_CTX_EXECUTION_DATE='2023-01-02T07:00:00+00:00' AIRFLOW_CTX_TRY_NUMBER='1' AIRFLOW_CTX_DAG_RUN_ID='scheduled__2023-01-02T07:00:00+00:00'
[2024-01-10T19:38:47.111+0000] {ingest_data_gcp_script.py:24} INFO - Starting upload of /opt/***/input_2023-01.parquet to raw/yellow_tripdata_2023_01.parquet
[2024-01-10T19:38:48.283+0000] {ingest_data_gcp_script.py:29} INFO - Finished upload of /opt/***/input_2023-01.parquet to raw/yellow_tripdata_2023_01.parquet
[2024-01-10T19:38:48.284+0000] {python.py:201} INFO - Done. Returned value was: https://storage.googleapis.com/dtc-de-project1-terra-bucket/raw/yellow_tripdata_2023_01.parquet
[2024-01-10T19:38:48.321+0000] {taskinstance.py:1138} INFO - Marking task as SUCCESS. dag_id=data_ingestion_gcs_dag, task_id=local_to_gcs_task, execution_date=20230102T070000, start_date=20240110T193846, end_date=20240110T193848
[2024-01-10T19:38:48.353+0000] {local_task_job_runner.py:234} INFO - Task exited with return code 0
[2024-01-10T19:38:48.386+0000] {taskinstance.py:3281} INFO - 1 downstream tasks scheduled from follow-on schedule check
