[2024-01-09T17:12:18.972+0000] {taskinstance.py:1957} INFO - Dependencies all met for dep_context=non-requeueable deps ti=<TaskInstance: data_ingestion_gcs_dag.download_dataset_task scheduled__2023-12-02T07:00:00+00:00 [queued]>
[2024-01-09T17:12:18.983+0000] {taskinstance.py:1957} INFO - Dependencies all met for dep_context=requeueable deps ti=<TaskInstance: data_ingestion_gcs_dag.download_dataset_task scheduled__2023-12-02T07:00:00+00:00 [queued]>
[2024-01-09T17:12:18.983+0000] {taskinstance.py:2171} INFO - Starting attempt 1 of 2
[2024-01-09T17:12:19.001+0000] {taskinstance.py:2192} INFO - Executing <Task(BashOperator): download_dataset_task> on 2023-12-02 07:00:00+00:00
[2024-01-09T17:12:19.009+0000] {standard_task_runner.py:60} INFO - Started process 78 to run task
[2024-01-09T17:12:19.016+0000] {standard_task_runner.py:87} INFO - Running: ['***', 'tasks', 'run', 'data_ingestion_gcs_dag', 'download_dataset_task', 'scheduled__2023-12-02T07:00:00+00:00', '--job-id', '96', '--raw', '--subdir', 'DAGS_FOLDER/data_ingestion_gcp.py', '--cfg-path', '/tmp/tmp9rut4v1x']
[2024-01-09T17:12:19.024+0000] {standard_task_runner.py:88} INFO - Job 96: Subtask download_dataset_task
[2024-01-09T17:12:19.110+0000] {task_command.py:423} INFO - Running <TaskInstance: data_ingestion_gcs_dag.download_dataset_task scheduled__2023-12-02T07:00:00+00:00 [running]> on host f5de67cb9685
[2024-01-09T17:12:19.186+0000] {warnings.py:109} WARNING - /home/***/.local/lib/python3.8/site-packages/***/utils/context.py:207: AirflowContextDeprecationWarning: Accessing 'execution_date' from the template is deprecated and will be removed in a future version. Please use 'data_interval_start' or 'logical_date' instead.
  warnings.warn(_create_deprecation_warning(key, self._deprecation_replacements[key]))

[2024-01-09T17:12:19.254+0000] {taskinstance.py:2481} INFO - Exporting env vars: AIRFLOW_CTX_DAG_OWNER='***' AIRFLOW_CTX_DAG_ID='data_ingestion_gcs_dag' AIRFLOW_CTX_TASK_ID='download_dataset_task' AIRFLOW_CTX_EXECUTION_DATE='2023-12-02T07:00:00+00:00' AIRFLOW_CTX_TRY_NUMBER='1' AIRFLOW_CTX_DAG_RUN_ID='scheduled__2023-12-02T07:00:00+00:00'
[2024-01-09T17:12:19.257+0000] {subprocess.py:63} INFO - Tmp dir root location: /tmp
[2024-01-09T17:12:19.258+0000] {subprocess.py:75} INFO - Running command: ['/usr/bin/bash', '-c', 'curl -sSL https://d37ci6vzurychx.cloudfront.net/trip-data/yellow_tripdata_2023-12.parquet > /opt/***/input_2023-12.parquet']
[2024-01-09T17:12:19.276+0000] {subprocess.py:86} INFO - Output:
[2024-01-09T17:12:19.496+0000] {subprocess.py:97} INFO - Command exited with return code 0
[2024-01-09T17:12:19.567+0000] {taskinstance.py:1138} INFO - Marking task as SUCCESS. dag_id=data_ingestion_gcs_dag, task_id=download_dataset_task, execution_date=20231202T070000, start_date=20240109T171218, end_date=20240109T171219
[2024-01-09T17:12:19.628+0000] {local_task_job_runner.py:234} INFO - Task exited with return code 0
[2024-01-09T17:12:19.666+0000] {taskinstance.py:3281} INFO - 1 downstream tasks scheduled from follow-on schedule check
[2024-01-10T00:13:10.318+0000] {taskinstance.py:1957} INFO - Dependencies all met for dep_context=non-requeueable deps ti=<TaskInstance: data_ingestion_gcs_dag.download_dataset_task scheduled__2023-12-02T07:00:00+00:00 [queued]>
[2024-01-10T00:13:10.378+0000] {taskinstance.py:1957} INFO - Dependencies all met for dep_context=requeueable deps ti=<TaskInstance: data_ingestion_gcs_dag.download_dataset_task scheduled__2023-12-02T07:00:00+00:00 [queued]>
[2024-01-10T00:13:10.378+0000] {taskinstance.py:2171} INFO - Starting attempt 1 of 1
[2024-01-10T00:13:10.402+0000] {taskinstance.py:2192} INFO - Executing <Task(BashOperator): download_dataset_task> on 2023-12-02 07:00:00+00:00
[2024-01-10T00:13:10.413+0000] {standard_task_runner.py:60} INFO - Started process 6781 to run task
[2024-01-10T00:13:10.429+0000] {standard_task_runner.py:87} INFO - Running: ['***', 'tasks', 'run', 'data_ingestion_gcs_dag', 'download_dataset_task', 'scheduled__2023-12-02T07:00:00+00:00', '--job-id', '136', '--raw', '--subdir', 'DAGS_FOLDER/data_ingestion_gcp.py', '--cfg-path', '/tmp/tmpda8rdzu6']
[2024-01-10T00:13:10.445+0000] {standard_task_runner.py:88} INFO - Job 136: Subtask download_dataset_task
[2024-01-10T00:13:10.558+0000] {task_command.py:423} INFO - Running <TaskInstance: data_ingestion_gcs_dag.download_dataset_task scheduled__2023-12-02T07:00:00+00:00 [running]> on host f5de67cb9685
[2024-01-10T00:13:10.635+0000] {warnings.py:109} WARNING - /home/***/.local/lib/python3.8/site-packages/***/utils/context.py:207: AirflowContextDeprecationWarning: Accessing 'execution_date' from the template is deprecated and will be removed in a future version. Please use 'data_interval_start' or 'logical_date' instead.
  warnings.warn(_create_deprecation_warning(key, self._deprecation_replacements[key]))

[2024-01-10T00:13:10.682+0000] {taskinstance.py:2481} INFO - Exporting env vars: AIRFLOW_CTX_DAG_OWNER='***' AIRFLOW_CTX_DAG_ID='data_ingestion_gcs_dag' AIRFLOW_CTX_TASK_ID='download_dataset_task' AIRFLOW_CTX_EXECUTION_DATE='2023-12-02T07:00:00+00:00' AIRFLOW_CTX_TRY_NUMBER='1' AIRFLOW_CTX_DAG_RUN_ID='scheduled__2023-12-02T07:00:00+00:00'
[2024-01-10T00:13:10.687+0000] {subprocess.py:63} INFO - Tmp dir root location: /tmp
[2024-01-10T00:13:10.689+0000] {subprocess.py:75} INFO - Running command: ['/usr/bin/bash', '-c', 'curl -sSL https://d37ci6vzurychx.cloudfront.net/trip-data/yellow_tripdata_2023-12.parquet > /opt/***/input_2023-12.parquet']
[2024-01-10T00:13:10.706+0000] {subprocess.py:86} INFO - Output:
[2024-01-10T00:13:10.958+0000] {subprocess.py:97} INFO - Command exited with return code 0
[2024-01-10T00:13:10.997+0000] {taskinstance.py:1138} INFO - Marking task as SUCCESS. dag_id=data_ingestion_gcs_dag, task_id=download_dataset_task, execution_date=20231202T070000, start_date=20240110T001310, end_date=20240110T001310
[2024-01-10T00:13:11.047+0000] {local_task_job_runner.py:234} INFO - Task exited with return code 0
[2024-01-10T00:13:11.083+0000] {taskinstance.py:3281} INFO - 1 downstream tasks scheduled from follow-on schedule check
