[2024-01-09T22:10:27.945+0000] {taskinstance.py:1957} INFO - Dependencies all met for dep_context=non-requeueable deps ti=<TaskInstance: data_ingestion_gcs_dag.download_dataset_task scheduled__2023-12-02T07:00:00+00:00 [queued]>
[2024-01-09T22:10:27.955+0000] {taskinstance.py:1957} INFO - Dependencies all met for dep_context=requeueable deps ti=<TaskInstance: data_ingestion_gcs_dag.download_dataset_task scheduled__2023-12-02T07:00:00+00:00 [queued]>
[2024-01-09T22:10:27.956+0000] {taskinstance.py:2171} INFO - Starting attempt 2 of 2
[2024-01-09T22:10:27.974+0000] {taskinstance.py:2192} INFO - Executing <Task(BashOperator): download_dataset_task> on 2023-12-02 07:00:00+00:00
[2024-01-09T22:10:27.984+0000] {standard_task_runner.py:60} INFO - Started process 4827 to run task
[2024-01-09T22:10:27.989+0000] {standard_task_runner.py:87} INFO - Running: ['***', 'tasks', 'run', 'data_ingestion_gcs_dag', 'download_dataset_task', 'scheduled__2023-12-02T07:00:00+00:00', '--job-id', '128', '--raw', '--subdir', 'DAGS_FOLDER/data_ingestion_gcp.py', '--cfg-path', '/tmp/tmpupn6k39e']
[2024-01-09T22:10:27.994+0000] {standard_task_runner.py:88} INFO - Job 128: Subtask download_dataset_task
[2024-01-09T22:10:28.064+0000] {task_command.py:423} INFO - Running <TaskInstance: data_ingestion_gcs_dag.download_dataset_task scheduled__2023-12-02T07:00:00+00:00 [running]> on host f5de67cb9685
[2024-01-09T22:10:28.124+0000] {warnings.py:109} WARNING - /home/***/.local/lib/python3.8/site-packages/***/utils/context.py:207: AirflowContextDeprecationWarning: Accessing 'execution_date' from the template is deprecated and will be removed in a future version. Please use 'data_interval_start' or 'logical_date' instead.
  warnings.warn(_create_deprecation_warning(key, self._deprecation_replacements[key]))

[2024-01-09T22:10:28.166+0000] {taskinstance.py:2481} INFO - Exporting env vars: AIRFLOW_CTX_DAG_OWNER='***' AIRFLOW_CTX_DAG_ID='data_ingestion_gcs_dag' AIRFLOW_CTX_TASK_ID='download_dataset_task' AIRFLOW_CTX_EXECUTION_DATE='2023-12-02T07:00:00+00:00' AIRFLOW_CTX_TRY_NUMBER='2' AIRFLOW_CTX_DAG_RUN_ID='scheduled__2023-12-02T07:00:00+00:00'
[2024-01-09T22:10:28.168+0000] {subprocess.py:63} INFO - Tmp dir root location: /tmp
[2024-01-09T22:10:28.170+0000] {subprocess.py:75} INFO - Running command: ['/usr/bin/bash', '-c', 'curl -sSL https://d37ci6vzurychx.cloudfront.net/trip-data/yellow_tripdata_2023-12.parquet > /opt/***/input_2023-12.parquet']
[2024-01-09T22:10:28.188+0000] {subprocess.py:86} INFO - Output:
[2024-01-09T22:10:28.406+0000] {subprocess.py:97} INFO - Command exited with return code 0
[2024-01-09T22:10:28.440+0000] {taskinstance.py:1138} INFO - Marking task as SUCCESS. dag_id=data_ingestion_gcs_dag, task_id=download_dataset_task, execution_date=20231202T070000, start_date=20240109T221027, end_date=20240109T221028
[2024-01-09T22:10:28.482+0000] {local_task_job_runner.py:234} INFO - Task exited with return code 0
[2024-01-09T22:10:28.517+0000] {taskinstance.py:3281} INFO - 1 downstream tasks scheduled from follow-on schedule check
[2024-01-10T00:16:23.221+0000] {taskinstance.py:1957} INFO - Dependencies all met for dep_context=non-requeueable deps ti=<TaskInstance: data_ingestion_gcs_dag.download_dataset_task scheduled__2023-12-02T07:00:00+00:00 [queued]>
[2024-01-10T00:16:23.254+0000] {taskinstance.py:1957} INFO - Dependencies all met for dep_context=requeueable deps ti=<TaskInstance: data_ingestion_gcs_dag.download_dataset_task scheduled__2023-12-02T07:00:00+00:00 [queued]>
[2024-01-10T00:16:23.255+0000] {taskinstance.py:2171} INFO - Starting attempt 2 of 2
[2024-01-10T00:16:23.278+0000] {taskinstance.py:2192} INFO - Executing <Task(BashOperator): download_dataset_task> on 2023-12-02 07:00:00+00:00
[2024-01-10T00:16:23.287+0000] {standard_task_runner.py:60} INFO - Started process 6861 to run task
[2024-01-10T00:16:23.293+0000] {standard_task_runner.py:87} INFO - Running: ['***', 'tasks', 'run', 'data_ingestion_gcs_dag', 'download_dataset_task', 'scheduled__2023-12-02T07:00:00+00:00', '--job-id', '142', '--raw', '--subdir', 'DAGS_FOLDER/data_ingestion_gcp.py', '--cfg-path', '/tmp/tmpo7es2_7f']
[2024-01-10T00:16:23.298+0000] {standard_task_runner.py:88} INFO - Job 142: Subtask download_dataset_task
[2024-01-10T00:16:23.372+0000] {task_command.py:423} INFO - Running <TaskInstance: data_ingestion_gcs_dag.download_dataset_task scheduled__2023-12-02T07:00:00+00:00 [running]> on host f5de67cb9685
[2024-01-10T00:16:23.434+0000] {warnings.py:109} WARNING - /home/***/.local/lib/python3.8/site-packages/***/utils/context.py:207: AirflowContextDeprecationWarning: Accessing 'execution_date' from the template is deprecated and will be removed in a future version. Please use 'data_interval_start' or 'logical_date' instead.
  warnings.warn(_create_deprecation_warning(key, self._deprecation_replacements[key]))

[2024-01-10T00:16:23.476+0000] {taskinstance.py:2481} INFO - Exporting env vars: AIRFLOW_CTX_DAG_OWNER='***' AIRFLOW_CTX_DAG_ID='data_ingestion_gcs_dag' AIRFLOW_CTX_TASK_ID='download_dataset_task' AIRFLOW_CTX_EXECUTION_DATE='2023-12-02T07:00:00+00:00' AIRFLOW_CTX_TRY_NUMBER='2' AIRFLOW_CTX_DAG_RUN_ID='scheduled__2023-12-02T07:00:00+00:00'
[2024-01-10T00:16:23.478+0000] {subprocess.py:63} INFO - Tmp dir root location: /tmp
[2024-01-10T00:16:23.479+0000] {subprocess.py:75} INFO - Running command: ['/usr/bin/bash', '-c', 'curl -sSL https://d37ci6vzurychx.cloudfront.net/trip-data/yellow_tripdata_2023-12.parquet > /opt/***/input_2023-12.parquet']
[2024-01-10T00:16:23.496+0000] {subprocess.py:86} INFO - Output:
[2024-01-10T00:16:23.744+0000] {subprocess.py:97} INFO - Command exited with return code 0
[2024-01-10T00:16:23.781+0000] {taskinstance.py:1138} INFO - Marking task as SUCCESS. dag_id=data_ingestion_gcs_dag, task_id=download_dataset_task, execution_date=20231202T070000, start_date=20240110T001623, end_date=20240110T001623
[2024-01-10T00:16:23.827+0000] {local_task_job_runner.py:234} INFO - Task exited with return code 0
[2024-01-10T00:16:23.860+0000] {taskinstance.py:3281} INFO - 1 downstream tasks scheduled from follow-on schedule check
