[2024-01-09T23:40:42.414+0000] {taskinstance.py:1957} INFO - Dependencies all met for dep_context=non-requeueable deps ti=<TaskInstance: data_ingestion_gcs_dag.download_dataset_task scheduled__2023-12-02T07:00:00+00:00 [queued]>
[2024-01-09T23:40:42.425+0000] {taskinstance.py:1957} INFO - Dependencies all met for dep_context=requeueable deps ti=<TaskInstance: data_ingestion_gcs_dag.download_dataset_task scheduled__2023-12-02T07:00:00+00:00 [queued]>
[2024-01-09T23:40:42.426+0000] {taskinstance.py:2171} INFO - Starting attempt 3 of 3
[2024-01-09T23:40:42.442+0000] {taskinstance.py:2192} INFO - Executing <Task(BashOperator): download_dataset_task> on 2023-12-02 07:00:00+00:00
[2024-01-09T23:40:42.452+0000] {standard_task_runner.py:60} INFO - Started process 6250 to run task
[2024-01-09T23:40:42.457+0000] {standard_task_runner.py:87} INFO - Running: ['***', 'tasks', 'run', 'data_ingestion_gcs_dag', 'download_dataset_task', 'scheduled__2023-12-02T07:00:00+00:00', '--job-id', '133', '--raw', '--subdir', 'DAGS_FOLDER/data_ingestion_gcp.py', '--cfg-path', '/tmp/tmp1xom_kzg']
[2024-01-09T23:40:42.462+0000] {standard_task_runner.py:88} INFO - Job 133: Subtask download_dataset_task
[2024-01-09T23:40:42.526+0000] {task_command.py:423} INFO - Running <TaskInstance: data_ingestion_gcs_dag.download_dataset_task scheduled__2023-12-02T07:00:00+00:00 [running]> on host f5de67cb9685
[2024-01-09T23:40:42.590+0000] {warnings.py:109} WARNING - /home/***/.local/lib/python3.8/site-packages/***/utils/context.py:207: AirflowContextDeprecationWarning: Accessing 'execution_date' from the template is deprecated and will be removed in a future version. Please use 'data_interval_start' or 'logical_date' instead.
  warnings.warn(_create_deprecation_warning(key, self._deprecation_replacements[key]))

[2024-01-09T23:40:42.631+0000] {taskinstance.py:2481} INFO - Exporting env vars: AIRFLOW_CTX_DAG_OWNER='***' AIRFLOW_CTX_DAG_ID='data_ingestion_gcs_dag' AIRFLOW_CTX_TASK_ID='download_dataset_task' AIRFLOW_CTX_EXECUTION_DATE='2023-12-02T07:00:00+00:00' AIRFLOW_CTX_TRY_NUMBER='3' AIRFLOW_CTX_DAG_RUN_ID='scheduled__2023-12-02T07:00:00+00:00'
[2024-01-09T23:40:42.632+0000] {subprocess.py:63} INFO - Tmp dir root location: /tmp
[2024-01-09T23:40:42.633+0000] {subprocess.py:75} INFO - Running command: ['/usr/bin/bash', '-c', 'curl -sSL https://d37ci6vzurychx.cloudfront.net/trip-data/yellow_tripdata_2023-12.parquet > /opt/***/input_2023-12.parquet']
[2024-01-09T23:40:42.651+0000] {subprocess.py:86} INFO - Output:
[2024-01-09T23:40:42.870+0000] {subprocess.py:97} INFO - Command exited with return code 0
[2024-01-09T23:40:42.917+0000] {taskinstance.py:1138} INFO - Marking task as SUCCESS. dag_id=data_ingestion_gcs_dag, task_id=download_dataset_task, execution_date=20231202T070000, start_date=20240109T234042, end_date=20240109T234042
[2024-01-09T23:40:42.951+0000] {local_task_job_runner.py:234} INFO - Task exited with return code 0
[2024-01-09T23:40:42.996+0000] {taskinstance.py:3281} INFO - 1 downstream tasks scheduled from follow-on schedule check
[2024-01-10T00:25:15.933+0000] {taskinstance.py:1957} INFO - Dependencies all met for dep_context=non-requeueable deps ti=<TaskInstance: data_ingestion_gcs_dag.download_dataset_task scheduled__2023-12-02T07:00:00+00:00 [queued]>
[2024-01-10T00:25:15.960+0000] {taskinstance.py:1957} INFO - Dependencies all met for dep_context=requeueable deps ti=<TaskInstance: data_ingestion_gcs_dag.download_dataset_task scheduled__2023-12-02T07:00:00+00:00 [queued]>
[2024-01-10T00:25:15.960+0000] {taskinstance.py:2171} INFO - Starting attempt 3 of 3
[2024-01-10T00:25:15.979+0000] {taskinstance.py:2192} INFO - Executing <Task(BashOperator): download_dataset_task> on 2023-12-02 07:00:00+00:00
[2024-01-10T00:25:15.987+0000] {standard_task_runner.py:60} INFO - Started process 7007 to run task
[2024-01-10T00:25:15.993+0000] {standard_task_runner.py:87} INFO - Running: ['***', 'tasks', 'run', 'data_ingestion_gcs_dag', 'download_dataset_task', 'scheduled__2023-12-02T07:00:00+00:00', '--job-id', '145', '--raw', '--subdir', 'DAGS_FOLDER/data_ingestion_gcp.py', '--cfg-path', '/tmp/tmpnwp1dmdy']
[2024-01-10T00:25:15.997+0000] {standard_task_runner.py:88} INFO - Job 145: Subtask download_dataset_task
[2024-01-10T00:25:16.065+0000] {task_command.py:423} INFO - Running <TaskInstance: data_ingestion_gcs_dag.download_dataset_task scheduled__2023-12-02T07:00:00+00:00 [running]> on host f5de67cb9685
[2024-01-10T00:25:16.124+0000] {warnings.py:109} WARNING - /home/***/.local/lib/python3.8/site-packages/***/utils/context.py:207: AirflowContextDeprecationWarning: Accessing 'execution_date' from the template is deprecated and will be removed in a future version. Please use 'data_interval_start' or 'logical_date' instead.
  warnings.warn(_create_deprecation_warning(key, self._deprecation_replacements[key]))

[2024-01-10T00:25:16.164+0000] {taskinstance.py:2481} INFO - Exporting env vars: AIRFLOW_CTX_DAG_OWNER='***' AIRFLOW_CTX_DAG_ID='data_ingestion_gcs_dag' AIRFLOW_CTX_TASK_ID='download_dataset_task' AIRFLOW_CTX_EXECUTION_DATE='2023-12-02T07:00:00+00:00' AIRFLOW_CTX_TRY_NUMBER='3' AIRFLOW_CTX_DAG_RUN_ID='scheduled__2023-12-02T07:00:00+00:00'
[2024-01-10T00:25:16.166+0000] {subprocess.py:63} INFO - Tmp dir root location: /tmp
[2024-01-10T00:25:16.167+0000] {subprocess.py:75} INFO - Running command: ['/usr/bin/bash', '-c', 'curl -sSL https://d37ci6vzurychx.cloudfront.net/trip-data/yellow_tripdata_2023-12.parquet > /opt/***/input_2023-12.parquet']
[2024-01-10T00:25:16.184+0000] {subprocess.py:86} INFO - Output:
[2024-01-10T00:25:16.434+0000] {subprocess.py:97} INFO - Command exited with return code 0
[2024-01-10T00:25:16.470+0000] {taskinstance.py:1138} INFO - Marking task as SUCCESS. dag_id=data_ingestion_gcs_dag, task_id=download_dataset_task, execution_date=20231202T070000, start_date=20240110T002515, end_date=20240110T002516
[2024-01-10T00:25:16.527+0000] {local_task_job_runner.py:234} INFO - Task exited with return code 0
[2024-01-10T00:25:16.564+0000] {taskinstance.py:3281} INFO - 1 downstream tasks scheduled from follow-on schedule check
