[2024-01-10T00:46:58.761+0000] {taskinstance.py:1957} INFO - Dependencies all met for dep_context=non-requeueable deps ti=<TaskInstance: data_ingestion_gcs_dag.bigquery_external_table_task scheduled__2023-01-17T00:00:00+00:00 [queued]>
[2024-01-10T00:46:58.798+0000] {taskinstance.py:1957} INFO - Dependencies all met for dep_context=requeueable deps ti=<TaskInstance: data_ingestion_gcs_dag.bigquery_external_table_task scheduled__2023-01-17T00:00:00+00:00 [queued]>
[2024-01-10T00:46:58.806+0000] {taskinstance.py:2171} INFO - Starting attempt 1 of 1
[2024-01-10T00:46:58.925+0000] {taskinstance.py:2192} INFO - Executing <Task(BigQueryCreateExternalTableOperator): bigquery_external_table_task> on 2023-01-17 00:00:00+00:00
[2024-01-10T00:46:58.954+0000] {standard_task_runner.py:60} INFO - Started process 712 to run task
[2024-01-10T00:46:58.989+0000] {standard_task_runner.py:87} INFO - Running: ['***', 'tasks', 'run', 'data_ingestion_gcs_dag', 'bigquery_external_table_task', 'scheduled__2023-01-17T00:00:00+00:00', '--job-id', '248', '--raw', '--subdir', 'DAGS_FOLDER/data_ingestion_gcp.py', '--cfg-path', '/tmp/tmp6bmnr8ka']
[2024-01-10T00:46:59.039+0000] {standard_task_runner.py:88} INFO - Job 248: Subtask bigquery_external_table_task
[2024-01-10T00:46:59.375+0000] {task_command.py:423} INFO - Running <TaskInstance: data_ingestion_gcs_dag.bigquery_external_table_task scheduled__2023-01-17T00:00:00+00:00 [running]> on host 35cf15b90cf8
[2024-01-10T00:46:59.685+0000] {warnings.py:109} WARNING - /home/***/.local/lib/python3.8/site-packages/***/utils/context.py:207: AirflowContextDeprecationWarning: Accessing 'execution_date' from the template is deprecated and will be removed in a future version. Please use 'data_interval_start' or 'logical_date' instead.
  warnings.warn(_create_deprecation_warning(key, self._deprecation_replacements[key]))

[2024-01-10T00:46:59.880+0000] {taskinstance.py:2481} INFO - Exporting env vars: AIRFLOW_CTX_DAG_OWNER='***' AIRFLOW_CTX_DAG_ID='data_ingestion_gcs_dag' AIRFLOW_CTX_TASK_ID='bigquery_external_table_task' AIRFLOW_CTX_EXECUTION_DATE='2023-01-17T00:00:00+00:00' AIRFLOW_CTX_TRY_NUMBER='1' AIRFLOW_CTX_DAG_RUN_ID='scheduled__2023-01-17T00:00:00+00:00'
[2024-01-10T00:46:59.884+0000] {crypto.py:82} WARNING - empty cryptography key - values will not be stored encrypted.
[2024-01-10T00:46:59.885+0000] {connection.py:234} WARNING - Connection schemes (type: google_cloud_platform) shall not contain '_' according to RFC3986.
[2024-01-10T00:46:59.887+0000] {base.py:83} INFO - Using connection ID 'google_cloud_default' for task execution.
[2024-01-10T00:47:01.384+0000] {taskinstance.py:1138} INFO - Marking task as SUCCESS. dag_id=data_ingestion_gcs_dag, task_id=bigquery_external_table_task, execution_date=20230117T000000, start_date=20240110T004658, end_date=20240110T004701
[2024-01-10T00:47:01.619+0000] {local_task_job_runner.py:234} INFO - Task exited with return code 0
[2024-01-10T00:47:01.672+0000] {taskinstance.py:3281} INFO - 0 downstream tasks scheduled from follow-on schedule check
[2024-01-10T01:00:46.514+0000] {taskinstance.py:1957} INFO - Dependencies all met for dep_context=non-requeueable deps ti=<TaskInstance: data_ingestion_gcs_dag.bigquery_external_table_task scheduled__2023-01-17T00:00:00+00:00 [queued]>
[2024-01-10T01:00:46.548+0000] {taskinstance.py:1957} INFO - Dependencies all met for dep_context=requeueable deps ti=<TaskInstance: data_ingestion_gcs_dag.bigquery_external_table_task scheduled__2023-01-17T00:00:00+00:00 [queued]>
[2024-01-10T01:00:46.548+0000] {taskinstance.py:2171} INFO - Starting attempt 1 of 1
[2024-01-10T01:00:46.567+0000] {taskinstance.py:2192} INFO - Executing <Task(BigQueryCreateExternalTableOperator): bigquery_external_table_task> on 2023-01-17 00:00:00+00:00
[2024-01-10T01:00:46.577+0000] {standard_task_runner.py:60} INFO - Started process 2967 to run task
[2024-01-10T01:00:46.583+0000] {standard_task_runner.py:87} INFO - Running: ['***', 'tasks', 'run', 'data_ingestion_gcs_dag', 'bigquery_external_table_task', 'scheduled__2023-01-17T00:00:00+00:00', '--job-id', '770', '--raw', '--subdir', 'DAGS_FOLDER/data_ingestion_gcp.py', '--cfg-path', '/tmp/tmpgvp9kbh6']
[2024-01-10T01:00:46.588+0000] {standard_task_runner.py:88} INFO - Job 770: Subtask bigquery_external_table_task
[2024-01-10T01:00:46.654+0000] {task_command.py:423} INFO - Running <TaskInstance: data_ingestion_gcs_dag.bigquery_external_table_task scheduled__2023-01-17T00:00:00+00:00 [running]> on host 35cf15b90cf8
[2024-01-10T01:00:46.727+0000] {warnings.py:109} WARNING - /home/***/.local/lib/python3.8/site-packages/***/utils/context.py:207: AirflowContextDeprecationWarning: Accessing 'execution_date' from the template is deprecated and will be removed in a future version. Please use 'data_interval_start' or 'logical_date' instead.
  warnings.warn(_create_deprecation_warning(key, self._deprecation_replacements[key]))

[2024-01-10T01:00:46.771+0000] {taskinstance.py:2481} INFO - Exporting env vars: AIRFLOW_CTX_DAG_OWNER='***' AIRFLOW_CTX_DAG_ID='data_ingestion_gcs_dag' AIRFLOW_CTX_TASK_ID='bigquery_external_table_task' AIRFLOW_CTX_EXECUTION_DATE='2023-01-17T00:00:00+00:00' AIRFLOW_CTX_TRY_NUMBER='1' AIRFLOW_CTX_DAG_RUN_ID='scheduled__2023-01-17T00:00:00+00:00'
[2024-01-10T01:00:46.774+0000] {crypto.py:82} WARNING - empty cryptography key - values will not be stored encrypted.
[2024-01-10T01:00:46.775+0000] {connection.py:234} WARNING - Connection schemes (type: google_cloud_platform) shall not contain '_' according to RFC3986.
[2024-01-10T01:00:46.776+0000] {base.py:83} INFO - Using connection ID 'google_cloud_default' for task execution.
[2024-01-10T01:00:47.295+0000] {taskinstance.py:1138} INFO - Marking task as SUCCESS. dag_id=data_ingestion_gcs_dag, task_id=bigquery_external_table_task, execution_date=20230117T000000, start_date=20240110T010046, end_date=20240110T010047
[2024-01-10T01:00:47.322+0000] {local_task_job_runner.py:234} INFO - Task exited with return code 0
[2024-01-10T01:00:47.346+0000] {taskinstance.py:3281} INFO - 0 downstream tasks scheduled from follow-on schedule check
