[2024-01-10T00:28:37.009+0000] {taskinstance.py:1957} INFO - Dependencies all met for dep_context=non-requeueable deps ti=<TaskInstance: data_ingestion_gcs_dag.download_dataset_task scheduled__2024-01-09T00:00:00+00:00 [queued]>
[2024-01-10T00:28:37.020+0000] {taskinstance.py:1957} INFO - Dependencies all met for dep_context=requeueable deps ti=<TaskInstance: data_ingestion_gcs_dag.download_dataset_task scheduled__2024-01-09T00:00:00+00:00 [queued]>
[2024-01-10T00:28:37.021+0000] {taskinstance.py:2171} INFO - Starting attempt 1 of 1
[2024-01-10T00:28:37.036+0000] {taskinstance.py:2192} INFO - Executing <Task(BashOperator): download_dataset_task> on 2024-01-09 00:00:00+00:00
[2024-01-10T00:28:37.045+0000] {standard_task_runner.py:60} INFO - Started process 7070 to run task
[2024-01-10T00:28:37.050+0000] {standard_task_runner.py:87} INFO - Running: ['***', 'tasks', 'run', 'data_ingestion_gcs_dag', 'download_dataset_task', 'scheduled__2024-01-09T00:00:00+00:00', '--job-id', '148', '--raw', '--subdir', 'DAGS_FOLDER/data_ingestion_gcp.py', '--cfg-path', '/tmp/tmp0jgyumca']
[2024-01-10T00:28:37.055+0000] {standard_task_runner.py:88} INFO - Job 148: Subtask download_dataset_task
[2024-01-10T00:28:37.132+0000] {task_command.py:423} INFO - Running <TaskInstance: data_ingestion_gcs_dag.download_dataset_task scheduled__2024-01-09T00:00:00+00:00 [running]> on host f5de67cb9685
[2024-01-10T00:28:37.193+0000] {warnings.py:109} WARNING - /home/***/.local/lib/python3.8/site-packages/***/utils/context.py:207: AirflowContextDeprecationWarning: Accessing 'execution_date' from the template is deprecated and will be removed in a future version. Please use 'data_interval_start' or 'logical_date' instead.
  warnings.warn(_create_deprecation_warning(key, self._deprecation_replacements[key]))

[2024-01-10T00:28:37.236+0000] {taskinstance.py:2481} INFO - Exporting env vars: AIRFLOW_CTX_DAG_OWNER='***' AIRFLOW_CTX_DAG_ID='data_ingestion_gcs_dag' AIRFLOW_CTX_TASK_ID='download_dataset_task' AIRFLOW_CTX_EXECUTION_DATE='2024-01-09T00:00:00+00:00' AIRFLOW_CTX_TRY_NUMBER='1' AIRFLOW_CTX_DAG_RUN_ID='scheduled__2024-01-09T00:00:00+00:00'
[2024-01-10T00:28:37.239+0000] {subprocess.py:63} INFO - Tmp dir root location: /tmp
[2024-01-10T00:28:37.240+0000] {subprocess.py:75} INFO - Running command: ['/usr/bin/bash', '-c', 'curl -sSL https://d37ci6vzurychx.cloudfront.net/trip-data/yellow_tripdata_2024-01.parquet > /opt/***/input_2024-01.parquet']
[2024-01-10T00:28:37.257+0000] {subprocess.py:86} INFO - Output:
[2024-01-10T00:28:37.476+0000] {subprocess.py:97} INFO - Command exited with return code 0
[2024-01-10T00:28:37.510+0000] {taskinstance.py:1138} INFO - Marking task as SUCCESS. dag_id=data_ingestion_gcs_dag, task_id=download_dataset_task, execution_date=20240109T000000, start_date=20240110T002837, end_date=20240110T002837
[2024-01-10T00:28:37.545+0000] {local_task_job_runner.py:234} INFO - Task exited with return code 0
[2024-01-10T00:28:37.581+0000] {taskinstance.py:3281} INFO - 1 downstream tasks scheduled from follow-on schedule check
[2024-01-10T00:32:22.442+0000] {taskinstance.py:1957} INFO - Dependencies all met for dep_context=non-requeueable deps ti=<TaskInstance: data_ingestion_gcs_dag.download_dataset_task scheduled__2024-01-09T00:00:00+00:00 [queued]>
[2024-01-10T00:32:22.480+0000] {taskinstance.py:1957} INFO - Dependencies all met for dep_context=requeueable deps ti=<TaskInstance: data_ingestion_gcs_dag.download_dataset_task scheduled__2024-01-09T00:00:00+00:00 [queued]>
[2024-01-10T00:32:22.481+0000] {taskinstance.py:2171} INFO - Starting attempt 1 of 1
[2024-01-10T00:32:22.513+0000] {taskinstance.py:2192} INFO - Executing <Task(BashOperator): download_dataset_task> on 2024-01-09 00:00:00+00:00
[2024-01-10T00:32:22.526+0000] {standard_task_runner.py:60} INFO - Started process 71 to run task
[2024-01-10T00:32:22.561+0000] {standard_task_runner.py:87} INFO - Running: ['***', 'tasks', 'run', 'data_ingestion_gcs_dag', 'download_dataset_task', 'scheduled__2024-01-09T00:00:00+00:00', '--job-id', '156', '--raw', '--subdir', 'DAGS_FOLDER/data_ingestion_gcp.py', '--cfg-path', '/tmp/tmppdobfhw7']
[2024-01-10T00:32:22.571+0000] {standard_task_runner.py:88} INFO - Job 156: Subtask download_dataset_task
[2024-01-10T00:32:22.692+0000] {task_command.py:423} INFO - Running <TaskInstance: data_ingestion_gcs_dag.download_dataset_task scheduled__2024-01-09T00:00:00+00:00 [running]> on host 35cf15b90cf8
[2024-01-10T00:32:22.780+0000] {warnings.py:109} WARNING - /home/***/.local/lib/python3.8/site-packages/***/utils/context.py:207: AirflowContextDeprecationWarning: Accessing 'execution_date' from the template is deprecated and will be removed in a future version. Please use 'data_interval_start' or 'logical_date' instead.
  warnings.warn(_create_deprecation_warning(key, self._deprecation_replacements[key]))

[2024-01-10T00:32:22.845+0000] {taskinstance.py:2481} INFO - Exporting env vars: AIRFLOW_CTX_DAG_OWNER='***' AIRFLOW_CTX_DAG_ID='data_ingestion_gcs_dag' AIRFLOW_CTX_TASK_ID='download_dataset_task' AIRFLOW_CTX_EXECUTION_DATE='2024-01-09T00:00:00+00:00' AIRFLOW_CTX_TRY_NUMBER='1' AIRFLOW_CTX_DAG_RUN_ID='scheduled__2024-01-09T00:00:00+00:00'
[2024-01-10T00:32:22.849+0000] {subprocess.py:63} INFO - Tmp dir root location: /tmp
[2024-01-10T00:32:22.850+0000] {subprocess.py:75} INFO - Running command: ['/usr/bin/bash', '-c', 'curl -sSL https://d37ci6vzurychx.cloudfront.net/trip-data/yellow_tripdata_2024-01.parquet > /opt/***/input_2024-01.parquet']
[2024-01-10T00:32:22.872+0000] {subprocess.py:86} INFO - Output:
[2024-01-10T00:32:23.112+0000] {subprocess.py:97} INFO - Command exited with return code 0
[2024-01-10T00:32:23.164+0000] {taskinstance.py:1138} INFO - Marking task as SUCCESS. dag_id=data_ingestion_gcs_dag, task_id=download_dataset_task, execution_date=20240109T000000, start_date=20240110T003222, end_date=20240110T003223
[2024-01-10T00:32:23.218+0000] {local_task_job_runner.py:234} INFO - Task exited with return code 0
[2024-01-10T00:32:23.273+0000] {taskinstance.py:3281} INFO - 1 downstream tasks scheduled from follow-on schedule check
