[2024-01-04T17:50:43.319+0000] {taskinstance.py:1957} INFO - Dependencies all met for dep_context=non-requeueable deps ti=<TaskInstance: Local_Data_Ingestion.wget scheduled__2023-06-02T07:00:00+00:00 [queued]>
[2024-01-04T17:50:43.409+0000] {taskinstance.py:1957} INFO - Dependencies all met for dep_context=requeueable deps ti=<TaskInstance: Local_Data_Ingestion.wget scheduled__2023-06-02T07:00:00+00:00 [queued]>
[2024-01-04T17:50:43.409+0000] {taskinstance.py:2171} INFO - Starting attempt 1 of 1
[2024-01-04T17:50:43.479+0000] {taskinstance.py:2192} INFO - Executing <Task(BashOperator): wget> on 2023-06-02 07:00:00+00:00
[2024-01-04T17:50:43.494+0000] {standard_task_runner.py:60} INFO - Started process 5799 to run task
[2024-01-04T17:50:43.544+0000] {standard_task_runner.py:87} INFO - Running: ['***', 'tasks', 'run', 'Local_Data_Ingestion', 'wget', 'scheduled__2023-06-02T07:00:00+00:00', '--job-id', '13', '--raw', '--subdir', 'DAGS_FOLDER/data_ingestion_local.py', '--cfg-path', '/tmp/tmpicxki5mp']
[2024-01-04T17:50:43.550+0000] {standard_task_runner.py:88} INFO - Job 13: Subtask wget
[2024-01-04T17:50:43.898+0000] {task_command.py:423} INFO - Running <TaskInstance: Local_Data_Ingestion.wget scheduled__2023-06-02T07:00:00+00:00 [running]> on host 6672c9b206ef
[2024-01-04T17:50:44.258+0000] {taskinstance.py:2481} INFO - Exporting env vars: AIRFLOW_CTX_DAG_OWNER='***' AIRFLOW_CTX_DAG_ID='Local_Data_Ingestion' AIRFLOW_CTX_TASK_ID='wget' AIRFLOW_CTX_EXECUTION_DATE='2023-06-02T07:00:00+00:00' AIRFLOW_CTX_TRY_NUMBER='1' AIRFLOW_CTX_DAG_RUN_ID='scheduled__2023-06-02T07:00:00+00:00'
[2024-01-04T17:50:44.260+0000] {subprocess.py:63} INFO - Tmp dir root location: /tmp
[2024-01-04T17:50:44.261+0000] {subprocess.py:75} INFO - Running command: ['/usr/bin/bash', '-c', 'echo "hello world"']
[2024-01-04T17:50:44.322+0000] {subprocess.py:86} INFO - Output:
[2024-01-04T17:50:44.329+0000] {subprocess.py:93} INFO - hello world
[2024-01-04T17:50:44.330+0000] {subprocess.py:97} INFO - Command exited with return code 0
[2024-01-04T17:50:44.466+0000] {taskinstance.py:1138} INFO - Marking task as SUCCESS. dag_id=Local_Data_Ingestion, task_id=wget, execution_date=20230602T070000, start_date=20240104T175043, end_date=20240104T175044
[2024-01-04T17:50:44.542+0000] {local_task_job_runner.py:234} INFO - Task exited with return code 0
[2024-01-04T17:50:44.625+0000] {taskinstance.py:3281} INFO - 1 downstream tasks scheduled from follow-on schedule check
[2024-01-04T17:54:39.596+0000] {taskinstance.py:1957} INFO - Dependencies all met for dep_context=non-requeueable deps ti=<TaskInstance: Local_Data_Ingestion.wget scheduled__2023-06-02T07:00:00+00:00 [queued]>
[2024-01-04T17:54:39.639+0000] {taskinstance.py:1957} INFO - Dependencies all met for dep_context=requeueable deps ti=<TaskInstance: Local_Data_Ingestion.wget scheduled__2023-06-02T07:00:00+00:00 [queued]>
[2024-01-04T17:54:39.640+0000] {taskinstance.py:2171} INFO - Starting attempt 1 of 1
[2024-01-04T17:54:39.776+0000] {taskinstance.py:2192} INFO - Executing <Task(BashOperator): wget> on 2023-06-02 07:00:00+00:00
[2024-01-04T17:54:39.789+0000] {standard_task_runner.py:60} INFO - Started process 5939 to run task
[2024-01-04T17:54:39.824+0000] {standard_task_runner.py:87} INFO - Running: ['***', 'tasks', 'run', 'Local_Data_Ingestion', 'wget', 'scheduled__2023-06-02T07:00:00+00:00', '--job-id', '39', '--raw', '--subdir', 'DAGS_FOLDER/data_ingestion_local.py', '--cfg-path', '/tmp/tmprzkr_zrv']
[2024-01-04T17:54:39.833+0000] {standard_task_runner.py:88} INFO - Job 39: Subtask wget
[2024-01-04T17:54:40.061+0000] {task_command.py:423} INFO - Running <TaskInstance: Local_Data_Ingestion.wget scheduled__2023-06-02T07:00:00+00:00 [running]> on host 6672c9b206ef
[2024-01-04T17:54:40.564+0000] {taskinstance.py:2481} INFO - Exporting env vars: AIRFLOW_CTX_DAG_OWNER='***' AIRFLOW_CTX_DAG_ID='Local_Data_Ingestion' AIRFLOW_CTX_TASK_ID='wget' AIRFLOW_CTX_EXECUTION_DATE='2023-06-02T07:00:00+00:00' AIRFLOW_CTX_TRY_NUMBER='1' AIRFLOW_CTX_DAG_RUN_ID='scheduled__2023-06-02T07:00:00+00:00'
[2024-01-04T17:54:40.566+0000] {subprocess.py:63} INFO - Tmp dir root location: /tmp
[2024-01-04T17:54:40.567+0000] {subprocess.py:75} INFO - Running command: ['/usr/bin/bash', '-c', 'echo "hello world"']
[2024-01-04T17:54:40.712+0000] {subprocess.py:86} INFO - Output:
[2024-01-04T17:54:40.717+0000] {subprocess.py:93} INFO - hello world
[2024-01-04T17:54:40.718+0000] {subprocess.py:97} INFO - Command exited with return code 0
[2024-01-04T17:54:40.864+0000] {taskinstance.py:1138} INFO - Marking task as SUCCESS. dag_id=Local_Data_Ingestion, task_id=wget, execution_date=20230602T070000, start_date=20240104T175439, end_date=20240104T175440
[2024-01-04T17:54:41.024+0000] {local_task_job_runner.py:234} INFO - Task exited with return code 0
[2024-01-04T17:54:41.175+0000] {taskinstance.py:3281} INFO - 1 downstream tasks scheduled from follow-on schedule check
[2024-01-04T18:09:27.872+0000] {taskinstance.py:1957} INFO - Dependencies all met for dep_context=non-requeueable deps ti=<TaskInstance: Local_Data_Ingestion.wget scheduled__2023-06-02T07:00:00+00:00 [queued]>
[2024-01-04T18:09:27.965+0000] {taskinstance.py:1957} INFO - Dependencies all met for dep_context=requeueable deps ti=<TaskInstance: Local_Data_Ingestion.wget scheduled__2023-06-02T07:00:00+00:00 [queued]>
[2024-01-04T18:09:27.975+0000] {taskinstance.py:2171} INFO - Starting attempt 1 of 1
[2024-01-04T18:09:28.079+0000] {taskinstance.py:2192} INFO - Executing <Task(BashOperator): wget> on 2023-06-02 07:00:00+00:00
[2024-01-04T18:09:28.102+0000] {standard_task_runner.py:60} INFO - Started process 6244 to run task
[2024-01-04T18:09:28.130+0000] {standard_task_runner.py:87} INFO - Running: ['***', 'tasks', 'run', 'Local_Data_Ingestion', 'wget', 'scheduled__2023-06-02T07:00:00+00:00', '--job-id', '65', '--raw', '--subdir', 'DAGS_FOLDER/data_ingestion_local.py', '--cfg-path', '/tmp/tmpe68afmk0']
[2024-01-04T18:09:28.136+0000] {standard_task_runner.py:88} INFO - Job 65: Subtask wget
[2024-01-04T18:09:28.350+0000] {task_command.py:423} INFO - Running <TaskInstance: Local_Data_Ingestion.wget scheduled__2023-06-02T07:00:00+00:00 [running]> on host 6672c9b206ef
[2024-01-04T18:09:28.944+0000] {taskinstance.py:2481} INFO - Exporting env vars: AIRFLOW_CTX_DAG_OWNER='***' AIRFLOW_CTX_DAG_ID='Local_Data_Ingestion' AIRFLOW_CTX_TASK_ID='wget' AIRFLOW_CTX_EXECUTION_DATE='2023-06-02T07:00:00+00:00' AIRFLOW_CTX_TRY_NUMBER='1' AIRFLOW_CTX_DAG_RUN_ID='scheduled__2023-06-02T07:00:00+00:00'
[2024-01-04T18:09:28.956+0000] {subprocess.py:63} INFO - Tmp dir root location: /tmp
[2024-01-04T18:09:28.970+0000] {subprocess.py:75} INFO - Running command: ['/usr/bin/bash', '-c', 'echo "hello world"']
[2024-01-04T18:09:29.020+0000] {subprocess.py:86} INFO - Output:
[2024-01-04T18:09:29.024+0000] {subprocess.py:93} INFO - hello world
[2024-01-04T18:09:29.033+0000] {subprocess.py:97} INFO - Command exited with return code 0
[2024-01-04T18:09:29.171+0000] {taskinstance.py:1138} INFO - Marking task as SUCCESS. dag_id=Local_Data_Ingestion, task_id=wget, execution_date=20230602T070000, start_date=20240104T180927, end_date=20240104T180929
[2024-01-04T18:09:29.316+0000] {local_task_job_runner.py:234} INFO - Task exited with return code 0
[2024-01-04T18:09:29.551+0000] {taskinstance.py:3281} INFO - 0 downstream tasks scheduled from follow-on schedule check
