[2024-01-04T17:50:40.806+0000] {taskinstance.py:1957} INFO - Dependencies all met for dep_context=non-requeueable deps ti=<TaskInstance: Local_Data_Ingestion.wget scheduled__2023-01-02T07:00:00+00:00 [queued]>
[2024-01-04T17:50:40.845+0000] {taskinstance.py:1957} INFO - Dependencies all met for dep_context=requeueable deps ti=<TaskInstance: Local_Data_Ingestion.wget scheduled__2023-01-02T07:00:00+00:00 [queued]>
[2024-01-04T17:50:40.846+0000] {taskinstance.py:2171} INFO - Starting attempt 1 of 1
[2024-01-04T17:50:40.907+0000] {taskinstance.py:2192} INFO - Executing <Task(BashOperator): wget> on 2023-01-02 07:00:00+00:00
[2024-01-04T17:50:40.927+0000] {standard_task_runner.py:60} INFO - Started process 5779 to run task
[2024-01-04T17:50:40.963+0000] {standard_task_runner.py:87} INFO - Running: ['***', 'tasks', 'run', 'Local_Data_Ingestion', 'wget', 'scheduled__2023-01-02T07:00:00+00:00', '--job-id', '8', '--raw', '--subdir', 'DAGS_FOLDER/data_ingestion_local.py', '--cfg-path', '/tmp/tmp5se70bl4']
[2024-01-04T17:50:40.980+0000] {standard_task_runner.py:88} INFO - Job 8: Subtask wget
[2024-01-04T17:50:41.189+0000] {task_command.py:423} INFO - Running <TaskInstance: Local_Data_Ingestion.wget scheduled__2023-01-02T07:00:00+00:00 [running]> on host 6672c9b206ef
[2024-01-04T17:50:41.612+0000] {taskinstance.py:2481} INFO - Exporting env vars: AIRFLOW_CTX_DAG_OWNER='***' AIRFLOW_CTX_DAG_ID='Local_Data_Ingestion' AIRFLOW_CTX_TASK_ID='wget' AIRFLOW_CTX_EXECUTION_DATE='2023-01-02T07:00:00+00:00' AIRFLOW_CTX_TRY_NUMBER='1' AIRFLOW_CTX_DAG_RUN_ID='scheduled__2023-01-02T07:00:00+00:00'
[2024-01-04T17:50:41.615+0000] {subprocess.py:63} INFO - Tmp dir root location: /tmp
[2024-01-04T17:50:41.616+0000] {subprocess.py:75} INFO - Running command: ['/usr/bin/bash', '-c', 'echo "hello world"']
[2024-01-04T17:50:41.723+0000] {subprocess.py:86} INFO - Output:
[2024-01-04T17:50:41.730+0000] {subprocess.py:93} INFO - hello world
[2024-01-04T17:50:41.745+0000] {subprocess.py:97} INFO - Command exited with return code 0
[2024-01-04T17:50:41.839+0000] {taskinstance.py:1138} INFO - Marking task as SUCCESS. dag_id=Local_Data_Ingestion, task_id=wget, execution_date=20230102T070000, start_date=20240104T175040, end_date=20240104T175041
[2024-01-04T17:50:41.941+0000] {local_task_job_runner.py:234} INFO - Task exited with return code 0
[2024-01-04T17:50:42.056+0000] {taskinstance.py:3281} INFO - 1 downstream tasks scheduled from follow-on schedule check
[2024-01-04T17:54:37.573+0000] {taskinstance.py:1957} INFO - Dependencies all met for dep_context=non-requeueable deps ti=<TaskInstance: Local_Data_Ingestion.wget scheduled__2023-01-02T07:00:00+00:00 [queued]>
[2024-01-04T17:54:37.623+0000] {taskinstance.py:1957} INFO - Dependencies all met for dep_context=requeueable deps ti=<TaskInstance: Local_Data_Ingestion.wget scheduled__2023-01-02T07:00:00+00:00 [queued]>
[2024-01-04T17:54:37.624+0000] {taskinstance.py:2171} INFO - Starting attempt 1 of 1
[2024-01-04T17:54:37.650+0000] {taskinstance.py:2192} INFO - Executing <Task(BashOperator): wget> on 2023-01-02 07:00:00+00:00
[2024-01-04T17:54:37.664+0000] {standard_task_runner.py:60} INFO - Started process 5920 to run task
[2024-01-04T17:54:37.687+0000] {standard_task_runner.py:87} INFO - Running: ['***', 'tasks', 'run', 'Local_Data_Ingestion', 'wget', 'scheduled__2023-01-02T07:00:00+00:00', '--job-id', '34', '--raw', '--subdir', 'DAGS_FOLDER/data_ingestion_local.py', '--cfg-path', '/tmp/tmpxz8zw016']
[2024-01-04T17:54:37.696+0000] {standard_task_runner.py:88} INFO - Job 34: Subtask wget
[2024-01-04T17:54:37.843+0000] {task_command.py:423} INFO - Running <TaskInstance: Local_Data_Ingestion.wget scheduled__2023-01-02T07:00:00+00:00 [running]> on host 6672c9b206ef
[2024-01-04T17:54:38.098+0000] {taskinstance.py:2481} INFO - Exporting env vars: AIRFLOW_CTX_DAG_OWNER='***' AIRFLOW_CTX_DAG_ID='Local_Data_Ingestion' AIRFLOW_CTX_TASK_ID='wget' AIRFLOW_CTX_EXECUTION_DATE='2023-01-02T07:00:00+00:00' AIRFLOW_CTX_TRY_NUMBER='1' AIRFLOW_CTX_DAG_RUN_ID='scheduled__2023-01-02T07:00:00+00:00'
[2024-01-04T17:54:38.100+0000] {subprocess.py:63} INFO - Tmp dir root location: /tmp
[2024-01-04T17:54:38.101+0000] {subprocess.py:75} INFO - Running command: ['/usr/bin/bash', '-c', 'echo "hello world"']
[2024-01-04T17:54:38.133+0000] {subprocess.py:86} INFO - Output:
[2024-01-04T17:54:38.138+0000] {subprocess.py:93} INFO - hello world
[2024-01-04T17:54:38.139+0000] {subprocess.py:97} INFO - Command exited with return code 0
[2024-01-04T17:54:38.230+0000] {taskinstance.py:1138} INFO - Marking task as SUCCESS. dag_id=Local_Data_Ingestion, task_id=wget, execution_date=20230102T070000, start_date=20240104T175437, end_date=20240104T175438
[2024-01-04T17:54:38.286+0000] {local_task_job_runner.py:234} INFO - Task exited with return code 0
[2024-01-04T17:54:38.353+0000] {taskinstance.py:3281} INFO - 1 downstream tasks scheduled from follow-on schedule check
[2024-01-04T18:09:25.524+0000] {taskinstance.py:1957} INFO - Dependencies all met for dep_context=non-requeueable deps ti=<TaskInstance: Local_Data_Ingestion.wget scheduled__2023-01-02T07:00:00+00:00 [queued]>
[2024-01-04T18:09:25.581+0000] {taskinstance.py:1957} INFO - Dependencies all met for dep_context=requeueable deps ti=<TaskInstance: Local_Data_Ingestion.wget scheduled__2023-01-02T07:00:00+00:00 [queued]>
[2024-01-04T18:09:25.582+0000] {taskinstance.py:2171} INFO - Starting attempt 1 of 1
[2024-01-04T18:09:25.633+0000] {taskinstance.py:2192} INFO - Executing <Task(BashOperator): wget> on 2023-01-02 07:00:00+00:00
[2024-01-04T18:09:25.640+0000] {standard_task_runner.py:60} INFO - Started process 6223 to run task
[2024-01-04T18:09:25.650+0000] {standard_task_runner.py:87} INFO - Running: ['***', 'tasks', 'run', 'Local_Data_Ingestion', 'wget', 'scheduled__2023-01-02T07:00:00+00:00', '--job-id', '59', '--raw', '--subdir', 'DAGS_FOLDER/data_ingestion_local.py', '--cfg-path', '/tmp/tmp3s28si6d']
[2024-01-04T18:09:25.653+0000] {standard_task_runner.py:88} INFO - Job 59: Subtask wget
[2024-01-04T18:09:25.860+0000] {task_command.py:423} INFO - Running <TaskInstance: Local_Data_Ingestion.wget scheduled__2023-01-02T07:00:00+00:00 [running]> on host 6672c9b206ef
[2024-01-04T18:09:26.143+0000] {taskinstance.py:2481} INFO - Exporting env vars: AIRFLOW_CTX_DAG_OWNER='***' AIRFLOW_CTX_DAG_ID='Local_Data_Ingestion' AIRFLOW_CTX_TASK_ID='wget' AIRFLOW_CTX_EXECUTION_DATE='2023-01-02T07:00:00+00:00' AIRFLOW_CTX_TRY_NUMBER='1' AIRFLOW_CTX_DAG_RUN_ID='scheduled__2023-01-02T07:00:00+00:00'
[2024-01-04T18:09:26.145+0000] {subprocess.py:63} INFO - Tmp dir root location: /tmp
[2024-01-04T18:09:26.152+0000] {subprocess.py:75} INFO - Running command: ['/usr/bin/bash', '-c', 'echo "hello world"']
[2024-01-04T18:09:26.203+0000] {subprocess.py:86} INFO - Output:
[2024-01-04T18:09:26.227+0000] {subprocess.py:93} INFO - hello world
[2024-01-04T18:09:26.229+0000] {subprocess.py:97} INFO - Command exited with return code 0
[2024-01-04T18:09:26.326+0000] {taskinstance.py:1138} INFO - Marking task as SUCCESS. dag_id=Local_Data_Ingestion, task_id=wget, execution_date=20230102T070000, start_date=20240104T180925, end_date=20240104T180926
[2024-01-04T18:09:26.408+0000] {local_task_job_runner.py:234} INFO - Task exited with return code 0
[2024-01-04T18:09:26.559+0000] {taskinstance.py:3281} INFO - 0 downstream tasks scheduled from follow-on schedule check
