[2024-01-10T00:45:41.522+0000] {taskinstance.py:1957} INFO - Dependencies all met for dep_context=non-requeueable deps ti=<TaskInstance: data_ingestion_gcs_dag.download_dataset_task scheduled__2023-01-05T00:00:00+00:00 [queued]>
[2024-01-10T00:45:41.590+0000] {taskinstance.py:1957} INFO - Dependencies all met for dep_context=requeueable deps ti=<TaskInstance: data_ingestion_gcs_dag.download_dataset_task scheduled__2023-01-05T00:00:00+00:00 [queued]>
[2024-01-10T00:45:41.591+0000] {taskinstance.py:2171} INFO - Starting attempt 1 of 1
[2024-01-10T00:45:41.707+0000] {taskinstance.py:2192} INFO - Executing <Task(BashOperator): download_dataset_task> on 2023-01-05 00:00:00+00:00
[2024-01-10T00:45:41.778+0000] {standard_task_runner.py:60} INFO - Started process 382 to run task
[2024-01-10T00:45:41.770+0000] {standard_task_runner.py:87} INFO - Running: ['***', 'tasks', 'run', 'data_ingestion_gcs_dag', 'download_dataset_task', 'scheduled__2023-01-05T00:00:00+00:00', '--job-id', '173', '--raw', '--subdir', 'DAGS_FOLDER/data_ingestion_gcp.py', '--cfg-path', '/tmp/tmpb4rv2__3']
[2024-01-10T00:45:41.795+0000] {standard_task_runner.py:88} INFO - Job 173: Subtask download_dataset_task
[2024-01-10T00:45:42.092+0000] {task_command.py:423} INFO - Running <TaskInstance: data_ingestion_gcs_dag.download_dataset_task scheduled__2023-01-05T00:00:00+00:00 [running]> on host 35cf15b90cf8
[2024-01-10T00:45:42.489+0000] {warnings.py:109} WARNING - /home/***/.local/lib/python3.8/site-packages/***/utils/context.py:207: AirflowContextDeprecationWarning: Accessing 'execution_date' from the template is deprecated and will be removed in a future version. Please use 'data_interval_start' or 'logical_date' instead.
  warnings.warn(_create_deprecation_warning(key, self._deprecation_replacements[key]))

[2024-01-10T00:45:42.921+0000] {taskinstance.py:2481} INFO - Exporting env vars: AIRFLOW_CTX_DAG_OWNER='***' AIRFLOW_CTX_DAG_ID='data_ingestion_gcs_dag' AIRFLOW_CTX_TASK_ID='download_dataset_task' AIRFLOW_CTX_EXECUTION_DATE='2023-01-05T00:00:00+00:00' AIRFLOW_CTX_TRY_NUMBER='1' AIRFLOW_CTX_DAG_RUN_ID='scheduled__2023-01-05T00:00:00+00:00'
[2024-01-10T00:45:42.924+0000] {subprocess.py:63} INFO - Tmp dir root location: /tmp
[2024-01-10T00:45:42.925+0000] {subprocess.py:75} INFO - Running command: ['/usr/bin/bash', '-c', 'curl -sSL https://d37ci6vzurychx.cloudfront.net/trip-data/yellow_tripdata_2023-01.parquet > /opt/***/input_2023-01.parquet']
[2024-01-10T00:45:43.137+0000] {subprocess.py:86} INFO - Output:
[2024-01-10T00:45:44.879+0000] {subprocess.py:97} INFO - Command exited with return code 0
[2024-01-10T00:45:45.007+0000] {taskinstance.py:1138} INFO - Marking task as SUCCESS. dag_id=data_ingestion_gcs_dag, task_id=download_dataset_task, execution_date=20230105T000000, start_date=20240110T004541, end_date=20240110T004545
[2024-01-10T00:45:45.207+0000] {local_task_job_runner.py:234} INFO - Task exited with return code 0
[2024-01-10T00:45:45.384+0000] {taskinstance.py:3281} INFO - 1 downstream tasks scheduled from follow-on schedule check
[2024-01-10T00:58:11.865+0000] {taskinstance.py:1957} INFO - Dependencies all met for dep_context=non-requeueable deps ti=<TaskInstance: data_ingestion_gcs_dag.download_dataset_task scheduled__2023-01-05T00:00:00+00:00 [queued]>
[2024-01-10T00:58:11.891+0000] {taskinstance.py:1957} INFO - Dependencies all met for dep_context=requeueable deps ti=<TaskInstance: data_ingestion_gcs_dag.download_dataset_task scheduled__2023-01-05T00:00:00+00:00 [queued]>
[2024-01-10T00:58:11.892+0000] {taskinstance.py:2171} INFO - Starting attempt 1 of 1
[2024-01-10T00:58:11.910+0000] {taskinstance.py:2192} INFO - Executing <Task(BashOperator): download_dataset_task> on 2023-01-05 00:00:00+00:00
[2024-01-10T00:58:11.919+0000] {standard_task_runner.py:60} INFO - Started process 2759 to run task
[2024-01-10T00:58:11.924+0000] {standard_task_runner.py:87} INFO - Running: ['***', 'tasks', 'run', 'data_ingestion_gcs_dag', 'download_dataset_task', 'scheduled__2023-01-05T00:00:00+00:00', '--job-id', '729', '--raw', '--subdir', 'DAGS_FOLDER/data_ingestion_gcp.py', '--cfg-path', '/tmp/tmpog7mcqmf']
[2024-01-10T00:58:11.929+0000] {standard_task_runner.py:88} INFO - Job 729: Subtask download_dataset_task
[2024-01-10T00:58:11.994+0000] {task_command.py:423} INFO - Running <TaskInstance: data_ingestion_gcs_dag.download_dataset_task scheduled__2023-01-05T00:00:00+00:00 [running]> on host 35cf15b90cf8
[2024-01-10T00:58:12.058+0000] {warnings.py:109} WARNING - /home/***/.local/lib/python3.8/site-packages/***/utils/context.py:207: AirflowContextDeprecationWarning: Accessing 'execution_date' from the template is deprecated and will be removed in a future version. Please use 'data_interval_start' or 'logical_date' instead.
  warnings.warn(_create_deprecation_warning(key, self._deprecation_replacements[key]))

[2024-01-10T00:58:12.099+0000] {taskinstance.py:2481} INFO - Exporting env vars: AIRFLOW_CTX_DAG_OWNER='***' AIRFLOW_CTX_DAG_ID='data_ingestion_gcs_dag' AIRFLOW_CTX_TASK_ID='download_dataset_task' AIRFLOW_CTX_EXECUTION_DATE='2023-01-05T00:00:00+00:00' AIRFLOW_CTX_TRY_NUMBER='1' AIRFLOW_CTX_DAG_RUN_ID='scheduled__2023-01-05T00:00:00+00:00'
[2024-01-10T00:58:12.101+0000] {subprocess.py:63} INFO - Tmp dir root location: /tmp
[2024-01-10T00:58:12.102+0000] {subprocess.py:75} INFO - Running command: ['/usr/bin/bash', '-c', 'curl -sSL https://d37ci6vzurychx.cloudfront.net/trip-data/yellow_tripdata_2023-01.parquet > /opt/***/input_2023-01.parquet']
[2024-01-10T00:58:12.122+0000] {subprocess.py:86} INFO - Output:
[2024-01-10T00:58:12.527+0000] {subprocess.py:97} INFO - Command exited with return code 0
[2024-01-10T00:58:12.709+0000] {taskinstance.py:1138} INFO - Marking task as SUCCESS. dag_id=data_ingestion_gcs_dag, task_id=download_dataset_task, execution_date=20230105T000000, start_date=20240110T005811, end_date=20240110T005812
[2024-01-10T00:58:12.738+0000] {local_task_job_runner.py:234} INFO - Task exited with return code 0
[2024-01-10T00:58:12.775+0000] {taskinstance.py:3281} INFO - 1 downstream tasks scheduled from follow-on schedule check
