[2024-01-04T17:50:47.939+0000] {taskinstance.py:1957} INFO - Dependencies all met for dep_context=non-requeueable deps ti=<TaskInstance: Local_Data_Ingestion.ingest scheduled__2023-08-02T07:00:00+00:00 [queued]>
[2024-01-04T17:50:47.962+0000] {taskinstance.py:1957} INFO - Dependencies all met for dep_context=requeueable deps ti=<TaskInstance: Local_Data_Ingestion.ingest scheduled__2023-08-02T07:00:00+00:00 [queued]>
[2024-01-04T17:50:47.963+0000] {taskinstance.py:2171} INFO - Starting attempt 1 of 1
[2024-01-04T17:50:47.994+0000] {taskinstance.py:2192} INFO - Executing <Task(BashOperator): ingest> on 2023-08-02 07:00:00+00:00
[2024-01-04T17:50:48.012+0000] {standard_task_runner.py:60} INFO - Started process 5837 to run task
[2024-01-04T17:50:48.033+0000] {standard_task_runner.py:87} INFO - Running: ['***', 'tasks', 'run', 'Local_Data_Ingestion', 'ingest', 'scheduled__2023-08-02T07:00:00+00:00', '--job-id', '28', '--raw', '--subdir', 'DAGS_FOLDER/data_ingestion_local.py', '--cfg-path', '/tmp/tmp4iudhwqr']
[2024-01-04T17:50:48.035+0000] {standard_task_runner.py:88} INFO - Job 28: Subtask ingest
[2024-01-04T17:50:48.190+0000] {task_command.py:423} INFO - Running <TaskInstance: Local_Data_Ingestion.ingest scheduled__2023-08-02T07:00:00+00:00 [running]> on host 6672c9b206ef
[2024-01-04T17:50:48.516+0000] {taskinstance.py:2481} INFO - Exporting env vars: AIRFLOW_CTX_DAG_OWNER='***' AIRFLOW_CTX_DAG_ID='Local_Data_Ingestion' AIRFLOW_CTX_TASK_ID='ingest' AIRFLOW_CTX_EXECUTION_DATE='2023-08-02T07:00:00+00:00' AIRFLOW_CTX_TRY_NUMBER='1' AIRFLOW_CTX_DAG_RUN_ID='scheduled__2023-08-02T07:00:00+00:00'
[2024-01-04T17:50:48.518+0000] {subprocess.py:63} INFO - Tmp dir root location: /tmp
[2024-01-04T17:50:48.519+0000] {subprocess.py:75} INFO - Running command: ['/usr/bin/bash', '-c', 'echo "hello world"']
[2024-01-04T17:50:48.567+0000] {subprocess.py:86} INFO - Output:
[2024-01-04T17:50:48.602+0000] {subprocess.py:93} INFO - hello world
[2024-01-04T17:50:48.603+0000] {subprocess.py:97} INFO - Command exited with return code 0
[2024-01-04T17:50:48.714+0000] {taskinstance.py:1138} INFO - Marking task as SUCCESS. dag_id=Local_Data_Ingestion, task_id=ingest, execution_date=20230802T070000, start_date=20240104T175047, end_date=20240104T175048
[2024-01-04T17:50:48.818+0000] {local_task_job_runner.py:234} INFO - Task exited with return code 0
[2024-01-04T17:50:48.855+0000] {taskinstance.py:3281} INFO - 0 downstream tasks scheduled from follow-on schedule check
[2024-01-04T17:54:45.091+0000] {taskinstance.py:1957} INFO - Dependencies all met for dep_context=non-requeueable deps ti=<TaskInstance: Local_Data_Ingestion.ingest scheduled__2023-08-02T07:00:00+00:00 [queued]>
[2024-01-04T17:54:45.138+0000] {taskinstance.py:1957} INFO - Dependencies all met for dep_context=requeueable deps ti=<TaskInstance: Local_Data_Ingestion.ingest scheduled__2023-08-02T07:00:00+00:00 [queued]>
[2024-01-04T17:54:45.145+0000] {taskinstance.py:2171} INFO - Starting attempt 1 of 1
[2024-01-04T17:54:45.210+0000] {taskinstance.py:2192} INFO - Executing <Task(BashOperator): ingest> on 2023-08-02 07:00:00+00:00
[2024-01-04T17:54:45.218+0000] {standard_task_runner.py:60} INFO - Started process 5986 to run task
[2024-01-04T17:54:45.234+0000] {standard_task_runner.py:87} INFO - Running: ['***', 'tasks', 'run', 'Local_Data_Ingestion', 'ingest', 'scheduled__2023-08-02T07:00:00+00:00', '--job-id', '53', '--raw', '--subdir', 'DAGS_FOLDER/data_ingestion_local.py', '--cfg-path', '/tmp/tmp36_qy16y']
[2024-01-04T17:54:45.236+0000] {standard_task_runner.py:88} INFO - Job 53: Subtask ingest
[2024-01-04T17:54:45.421+0000] {task_command.py:423} INFO - Running <TaskInstance: Local_Data_Ingestion.ingest scheduled__2023-08-02T07:00:00+00:00 [running]> on host 6672c9b206ef
[2024-01-04T17:54:45.665+0000] {taskinstance.py:2481} INFO - Exporting env vars: AIRFLOW_CTX_DAG_OWNER='***' AIRFLOW_CTX_DAG_ID='Local_Data_Ingestion' AIRFLOW_CTX_TASK_ID='ingest' AIRFLOW_CTX_EXECUTION_DATE='2023-08-02T07:00:00+00:00' AIRFLOW_CTX_TRY_NUMBER='1' AIRFLOW_CTX_DAG_RUN_ID='scheduled__2023-08-02T07:00:00+00:00'
[2024-01-04T17:54:45.667+0000] {subprocess.py:63} INFO - Tmp dir root location: /tmp
[2024-01-04T17:54:45.668+0000] {subprocess.py:75} INFO - Running command: ['/usr/bin/bash', '-c', 'echo "hello world"']
[2024-01-04T17:54:45.694+0000] {subprocess.py:86} INFO - Output:
[2024-01-04T17:54:45.699+0000] {subprocess.py:93} INFO - hello world
[2024-01-04T17:54:45.700+0000] {subprocess.py:97} INFO - Command exited with return code 0
[2024-01-04T17:54:45.746+0000] {taskinstance.py:1138} INFO - Marking task as SUCCESS. dag_id=Local_Data_Ingestion, task_id=ingest, execution_date=20230802T070000, start_date=20240104T175445, end_date=20240104T175445
[2024-01-04T17:54:45.810+0000] {local_task_job_runner.py:234} INFO - Task exited with return code 0
[2024-01-04T17:54:45.851+0000] {taskinstance.py:3281} INFO - 0 downstream tasks scheduled from follow-on schedule check
[2024-01-04T18:09:33.869+0000] {taskinstance.py:1957} INFO - Dependencies all met for dep_context=non-requeueable deps ti=<TaskInstance: Local_Data_Ingestion.ingest scheduled__2023-08-02T07:00:00+00:00 [queued]>
[2024-01-04T18:09:33.902+0000] {taskinstance.py:1957} INFO - Dependencies all met for dep_context=requeueable deps ti=<TaskInstance: Local_Data_Ingestion.ingest scheduled__2023-08-02T07:00:00+00:00 [queued]>
[2024-01-04T18:09:33.912+0000] {taskinstance.py:2171} INFO - Starting attempt 1 of 1
[2024-01-04T18:09:33.965+0000] {taskinstance.py:2192} INFO - Executing <Task(BashOperator): ingest> on 2023-08-02 07:00:00+00:00
[2024-01-04T18:09:33.973+0000] {standard_task_runner.py:60} INFO - Started process 6287 to run task
[2024-01-04T18:09:33.989+0000] {standard_task_runner.py:87} INFO - Running: ['***', 'tasks', 'run', 'Local_Data_Ingestion', 'ingest', 'scheduled__2023-08-02T07:00:00+00:00', '--job-id', '80', '--raw', '--subdir', 'DAGS_FOLDER/data_ingestion_local.py', '--cfg-path', '/tmp/tmp6c19qd3d']
[2024-01-04T18:09:33.992+0000] {standard_task_runner.py:88} INFO - Job 80: Subtask ingest
[2024-01-04T18:09:34.128+0000] {task_command.py:423} INFO - Running <TaskInstance: Local_Data_Ingestion.ingest scheduled__2023-08-02T07:00:00+00:00 [running]> on host 6672c9b206ef
[2024-01-04T18:09:34.360+0000] {taskinstance.py:2481} INFO - Exporting env vars: AIRFLOW_CTX_DAG_OWNER='***' AIRFLOW_CTX_DAG_ID='Local_Data_Ingestion' AIRFLOW_CTX_TASK_ID='ingest' AIRFLOW_CTX_EXECUTION_DATE='2023-08-02T07:00:00+00:00' AIRFLOW_CTX_TRY_NUMBER='1' AIRFLOW_CTX_DAG_RUN_ID='scheduled__2023-08-02T07:00:00+00:00'
[2024-01-04T18:09:34.363+0000] {subprocess.py:63} INFO - Tmp dir root location: /tmp
[2024-01-04T18:09:34.364+0000] {subprocess.py:75} INFO - Running command: ['/usr/bin/bash', '-c', 'pwd']
[2024-01-04T18:09:34.392+0000] {subprocess.py:86} INFO - Output:
[2024-01-04T18:09:34.397+0000] {subprocess.py:93} INFO - /tmp/***tmp36e4qfl5
[2024-01-04T18:09:34.398+0000] {subprocess.py:97} INFO - Command exited with return code 0
[2024-01-04T18:09:34.525+0000] {taskinstance.py:1138} INFO - Marking task as SUCCESS. dag_id=Local_Data_Ingestion, task_id=ingest, execution_date=20230802T070000, start_date=20240104T180933, end_date=20240104T180934
[2024-01-04T18:09:34.589+0000] {local_task_job_runner.py:234} INFO - Task exited with return code 0
[2024-01-04T18:09:34.644+0000] {taskinstance.py:3281} INFO - 0 downstream tasks scheduled from follow-on schedule check
