[2024-01-08T20:29:16.376+0000] {taskinstance.py:1957} INFO - Dependencies all met for dep_context=non-requeueable deps ti=<TaskInstance: Local_Data_Ingestion.ingest scheduled__2023-01-02T07:00:00+00:00 [queued]>
[2024-01-08T20:29:16.391+0000] {taskinstance.py:1957} INFO - Dependencies all met for dep_context=requeueable deps ti=<TaskInstance: Local_Data_Ingestion.ingest scheduled__2023-01-02T07:00:00+00:00 [queued]>
[2024-01-08T20:29:16.391+0000] {taskinstance.py:2171} INFO - Starting attempt 4 of 4
[2024-01-08T20:29:16.411+0000] {taskinstance.py:2192} INFO - Executing <Task(PythonOperator): ingest> on 2023-01-02 07:00:00+00:00
[2024-01-08T20:29:16.421+0000] {standard_task_runner.py:60} INFO - Started process 1501 to run task
[2024-01-08T20:29:16.427+0000] {standard_task_runner.py:87} INFO - Running: ['***', 'tasks', 'run', 'Local_Data_Ingestion', 'ingest', 'scheduled__2023-01-02T07:00:00+00:00', '--job-id', '91', '--raw', '--subdir', 'DAGS_FOLDER/data_ingestion_local.py', '--cfg-path', '/tmp/tmp61nktin7']
[2024-01-08T20:29:16.432+0000] {standard_task_runner.py:88} INFO - Job 91: Subtask ingest
[2024-01-08T20:29:16.509+0000] {task_command.py:423} INFO - Running <TaskInstance: Local_Data_Ingestion.ingest scheduled__2023-01-02T07:00:00+00:00 [running]> on host 7374efdae9b6
[2024-01-08T20:29:16.860+0000] {warnings.py:109} WARNING - /home/***/.local/lib/python3.8/site-packages/***/utils/context.py:207: AirflowContextDeprecationWarning: Accessing 'execution_date' from the template is deprecated and will be removed in a future version. Please use 'data_interval_start' or 'logical_date' instead.
  warnings.warn(_create_deprecation_warning(key, self._deprecation_replacements[key]))

[2024-01-08T20:29:16.911+0000] {taskinstance.py:2481} INFO - Exporting env vars: AIRFLOW_CTX_DAG_OWNER='***' AIRFLOW_CTX_DAG_ID='Local_Data_Ingestion' AIRFLOW_CTX_TASK_ID='ingest' AIRFLOW_CTX_EXECUTION_DATE='2023-01-02T07:00:00+00:00' AIRFLOW_CTX_TRY_NUMBER='4' AIRFLOW_CTX_DAG_RUN_ID='scheduled__2023-01-02T07:00:00+00:00'
[2024-01-08T20:29:16.913+0000] {logging_mixin.py:188} INFO - yellow_tripdata_2023_01 /opt/***/input_2023-01.parquet
[2024-01-08T20:30:09.110+0000] {logging_mixin.py:188} INFO - converted data type from parquet to csv
[2024-01-08T20:30:09.120+0000] {logging_mixin.py:188} INFO - connection established successfully with database,insering data..
[2024-01-08T20:30:34.886+0000] {logging_mixin.py:188} INFO - Inserted another chunk, it took 25.765 seconds
[2024-01-08T20:30:58.943+0000] {logging_mixin.py:188} INFO - Inserted another chunk, it took 24.057 seconds
[2024-01-08T20:31:22.683+0000] {logging_mixin.py:188} INFO - Inserted another chunk, it took 23.739 seconds
[2024-01-08T20:31:46.453+0000] {logging_mixin.py:188} INFO - Inserted another chunk, it took 23.769 seconds
[2024-01-08T20:32:11.474+0000] {logging_mixin.py:188} INFO - Inserted another chunk, it took 25.020 seconds
[2024-01-08T20:32:35.204+0000] {logging_mixin.py:188} INFO - Inserted another chunk, it took 23.729 seconds
[2024-01-08T20:32:59.441+0000] {logging_mixin.py:188} INFO - Inserted another chunk, it took 24.236 seconds
[2024-01-08T20:33:23.681+0000] {logging_mixin.py:188} INFO - Inserted another chunk, it took 24.239 seconds
[2024-01-08T20:33:46.843+0000] {logging_mixin.py:188} INFO - Inserted another chunk, it took 23.161 seconds
[2024-01-08T20:34:10.751+0000] {logging_mixin.py:188} INFO - Inserted another chunk, it took 23.908 seconds
[2024-01-08T20:34:35.654+0000] {logging_mixin.py:188} INFO - Inserted another chunk, it took 24.902 seconds
[2024-01-08T20:35:00.010+0000] {logging_mixin.py:188} INFO - Inserted another chunk, it took 24.355 seconds
[2024-01-08T20:35:24.051+0000] {logging_mixin.py:188} INFO - Inserted another chunk, it took 24.040 seconds
[2024-01-08T20:35:48.172+0000] {logging_mixin.py:188} INFO - Inserted another chunk, it took 24.121 seconds
[2024-01-08T20:36:12.161+0000] {logging_mixin.py:188} INFO - Inserted another chunk, it took 23.988 seconds
[2024-01-08T20:36:19.010+0000] {logging_mixin.py:188} INFO - Inserted another chunk, it took 6.849 seconds
[2024-01-08T20:36:19.011+0000] {logging_mixin.py:188} INFO - Reached end of the iterator.
[2024-01-08T20:36:19.040+0000] {python.py:201} INFO - Done. Returned value was: None
[2024-01-08T20:36:19.053+0000] {taskinstance.py:1138} INFO - Marking task as SUCCESS. dag_id=Local_Data_Ingestion, task_id=ingest, execution_date=20230102T070000, start_date=20240108T202916, end_date=20240108T203619
[2024-01-08T20:36:19.120+0000] {local_task_job_runner.py:234} INFO - Task exited with return code 0
[2024-01-08T20:36:19.146+0000] {taskinstance.py:3281} INFO - 0 downstream tasks scheduled from follow-on schedule check
