[2024-01-04T17:50:44.240+0000] {taskinstance.py:1957} INFO - Dependencies all met for dep_context=non-requeueable deps ti=<TaskInstance: Local_Data_Ingestion.ingest scheduled__2023-01-02T07:00:00+00:00 [queued]>
[2024-01-04T17:50:44.311+0000] {taskinstance.py:1957} INFO - Dependencies all met for dep_context=requeueable deps ti=<TaskInstance: Local_Data_Ingestion.ingest scheduled__2023-01-02T07:00:00+00:00 [queued]>
[2024-01-04T17:50:44.312+0000] {taskinstance.py:2171} INFO - Starting attempt 1 of 1
[2024-01-04T17:50:44.371+0000] {taskinstance.py:2192} INFO - Executing <Task(BashOperator): ingest> on 2023-01-02 07:00:00+00:00
[2024-01-04T17:50:44.403+0000] {standard_task_runner.py:60} INFO - Started process 5807 to run task
[2024-01-04T17:50:44.432+0000] {standard_task_runner.py:87} INFO - Running: ['***', 'tasks', 'run', 'Local_Data_Ingestion', 'ingest', 'scheduled__2023-01-02T07:00:00+00:00', '--job-id', '16', '--raw', '--subdir', 'DAGS_FOLDER/data_ingestion_local.py', '--cfg-path', '/tmp/tmppu4cb24m']
[2024-01-04T17:50:44.448+0000] {standard_task_runner.py:88} INFO - Job 16: Subtask ingest
[2024-01-04T17:50:44.803+0000] {task_command.py:423} INFO - Running <TaskInstance: Local_Data_Ingestion.ingest scheduled__2023-01-02T07:00:00+00:00 [running]> on host 6672c9b206ef
[2024-01-04T17:50:45.218+0000] {taskinstance.py:2481} INFO - Exporting env vars: AIRFLOW_CTX_DAG_OWNER='***' AIRFLOW_CTX_DAG_ID='Local_Data_Ingestion' AIRFLOW_CTX_TASK_ID='ingest' AIRFLOW_CTX_EXECUTION_DATE='2023-01-02T07:00:00+00:00' AIRFLOW_CTX_TRY_NUMBER='1' AIRFLOW_CTX_DAG_RUN_ID='scheduled__2023-01-02T07:00:00+00:00'
[2024-01-04T17:50:45.220+0000] {subprocess.py:63} INFO - Tmp dir root location: /tmp
[2024-01-04T17:50:45.222+0000] {subprocess.py:75} INFO - Running command: ['/usr/bin/bash', '-c', 'echo "hello world"']
[2024-01-04T17:50:45.367+0000] {subprocess.py:86} INFO - Output:
[2024-01-04T17:50:45.381+0000] {subprocess.py:93} INFO - hello world
[2024-01-04T17:50:45.382+0000] {subprocess.py:97} INFO - Command exited with return code 0
[2024-01-04T17:50:45.501+0000] {taskinstance.py:1138} INFO - Marking task as SUCCESS. dag_id=Local_Data_Ingestion, task_id=ingest, execution_date=20230102T070000, start_date=20240104T175044, end_date=20240104T175045
[2024-01-04T17:50:45.668+0000] {local_task_job_runner.py:234} INFO - Task exited with return code 0
[2024-01-04T17:50:45.760+0000] {taskinstance.py:3281} INFO - 0 downstream tasks scheduled from follow-on schedule check
[2024-01-04T17:54:40.366+0000] {taskinstance.py:1957} INFO - Dependencies all met for dep_context=non-requeueable deps ti=<TaskInstance: Local_Data_Ingestion.ingest scheduled__2023-01-02T07:00:00+00:00 [queued]>
[2024-01-04T17:54:40.454+0000] {taskinstance.py:1957} INFO - Dependencies all met for dep_context=requeueable deps ti=<TaskInstance: Local_Data_Ingestion.ingest scheduled__2023-01-02T07:00:00+00:00 [queued]>
[2024-01-04T17:54:40.465+0000] {taskinstance.py:2171} INFO - Starting attempt 1 of 1
[2024-01-04T17:54:40.575+0000] {taskinstance.py:2192} INFO - Executing <Task(BashOperator): ingest> on 2023-01-02 07:00:00+00:00
[2024-01-04T17:54:40.599+0000] {standard_task_runner.py:60} INFO - Started process 5944 to run task
[2024-01-04T17:54:40.663+0000] {standard_task_runner.py:87} INFO - Running: ['***', 'tasks', 'run', 'Local_Data_Ingestion', 'ingest', 'scheduled__2023-01-02T07:00:00+00:00', '--job-id', '40', '--raw', '--subdir', 'DAGS_FOLDER/data_ingestion_local.py', '--cfg-path', '/tmp/tmp3s30u2t3']
[2024-01-04T17:54:40.665+0000] {standard_task_runner.py:88} INFO - Job 40: Subtask ingest
[2024-01-04T17:54:40.954+0000] {task_command.py:423} INFO - Running <TaskInstance: Local_Data_Ingestion.ingest scheduled__2023-01-02T07:00:00+00:00 [running]> on host 6672c9b206ef
[2024-01-04T17:54:41.624+0000] {taskinstance.py:2481} INFO - Exporting env vars: AIRFLOW_CTX_DAG_OWNER='***' AIRFLOW_CTX_DAG_ID='Local_Data_Ingestion' AIRFLOW_CTX_TASK_ID='ingest' AIRFLOW_CTX_EXECUTION_DATE='2023-01-02T07:00:00+00:00' AIRFLOW_CTX_TRY_NUMBER='1' AIRFLOW_CTX_DAG_RUN_ID='scheduled__2023-01-02T07:00:00+00:00'
[2024-01-04T17:54:41.644+0000] {subprocess.py:63} INFO - Tmp dir root location: /tmp
[2024-01-04T17:54:41.655+0000] {subprocess.py:75} INFO - Running command: ['/usr/bin/bash', '-c', 'echo "hello world"']
[2024-01-04T17:54:41.764+0000] {subprocess.py:86} INFO - Output:
[2024-01-04T17:54:41.788+0000] {subprocess.py:93} INFO - hello world
[2024-01-04T17:54:41.802+0000] {subprocess.py:97} INFO - Command exited with return code 0
[2024-01-04T17:54:41.920+0000] {taskinstance.py:1138} INFO - Marking task as SUCCESS. dag_id=Local_Data_Ingestion, task_id=ingest, execution_date=20230102T070000, start_date=20240104T175440, end_date=20240104T175441
[2024-01-04T17:54:41.997+0000] {local_task_job_runner.py:234} INFO - Task exited with return code 0
[2024-01-04T17:54:42.066+0000] {taskinstance.py:3281} INFO - 0 downstream tasks scheduled from follow-on schedule check
[2024-01-04T18:09:28.250+0000] {taskinstance.py:1957} INFO - Dependencies all met for dep_context=non-requeueable deps ti=<TaskInstance: Local_Data_Ingestion.ingest scheduled__2023-01-02T07:00:00+00:00 [queued]>
[2024-01-04T18:09:28.315+0000] {taskinstance.py:1957} INFO - Dependencies all met for dep_context=requeueable deps ti=<TaskInstance: Local_Data_Ingestion.ingest scheduled__2023-01-02T07:00:00+00:00 [queued]>
[2024-01-04T18:09:28.315+0000] {taskinstance.py:2171} INFO - Starting attempt 1 of 1
[2024-01-04T18:09:28.410+0000] {taskinstance.py:2192} INFO - Executing <Task(BashOperator): ingest> on 2023-01-02 07:00:00+00:00
[2024-01-04T18:09:28.451+0000] {standard_task_runner.py:60} INFO - Started process 6248 to run task
[2024-01-04T18:09:28.530+0000] {standard_task_runner.py:87} INFO - Running: ['***', 'tasks', 'run', 'Local_Data_Ingestion', 'ingest', 'scheduled__2023-01-02T07:00:00+00:00', '--job-id', '66', '--raw', '--subdir', 'DAGS_FOLDER/data_ingestion_local.py', '--cfg-path', '/tmp/tmpfze598z6']
[2024-01-04T18:09:28.545+0000] {standard_task_runner.py:88} INFO - Job 66: Subtask ingest
[2024-01-04T18:09:28.891+0000] {task_command.py:423} INFO - Running <TaskInstance: Local_Data_Ingestion.ingest scheduled__2023-01-02T07:00:00+00:00 [running]> on host 6672c9b206ef
[2024-01-04T18:09:29.466+0000] {taskinstance.py:2481} INFO - Exporting env vars: AIRFLOW_CTX_DAG_OWNER='***' AIRFLOW_CTX_DAG_ID='Local_Data_Ingestion' AIRFLOW_CTX_TASK_ID='ingest' AIRFLOW_CTX_EXECUTION_DATE='2023-01-02T07:00:00+00:00' AIRFLOW_CTX_TRY_NUMBER='1' AIRFLOW_CTX_DAG_RUN_ID='scheduled__2023-01-02T07:00:00+00:00'
[2024-01-04T18:09:29.468+0000] {subprocess.py:63} INFO - Tmp dir root location: /tmp
[2024-01-04T18:09:29.475+0000] {subprocess.py:75} INFO - Running command: ['/usr/bin/bash', '-c', 'pwd']
[2024-01-04T18:09:29.622+0000] {subprocess.py:86} INFO - Output:
[2024-01-04T18:09:29.673+0000] {subprocess.py:93} INFO - /tmp/***tmpu2f_px7h
[2024-01-04T18:09:29.685+0000] {subprocess.py:97} INFO - Command exited with return code 0
[2024-01-04T18:09:29.808+0000] {taskinstance.py:1138} INFO - Marking task as SUCCESS. dag_id=Local_Data_Ingestion, task_id=ingest, execution_date=20230102T070000, start_date=20240104T180928, end_date=20240104T180929
[2024-01-04T18:09:29.922+0000] {local_task_job_runner.py:234} INFO - Task exited with return code 0
[2024-01-04T18:09:30.026+0000] {taskinstance.py:3281} INFO - 0 downstream tasks scheduled from follow-on schedule check
