[2024-01-05T19:20:02.503+0000] {taskinstance.py:1957} INFO - Dependencies all met for dep_context=non-requeueable deps ti=<TaskInstance: Local_Data_Ingestion.ingest scheduled__2023-01-02T07:00:00+00:00 [queued]>
[2024-01-05T19:20:02.514+0000] {taskinstance.py:1957} INFO - Dependencies all met for dep_context=requeueable deps ti=<TaskInstance: Local_Data_Ingestion.ingest scheduled__2023-01-02T07:00:00+00:00 [queued]>
[2024-01-05T19:20:02.515+0000] {taskinstance.py:2171} INFO - Starting attempt 2 of 2
[2024-01-05T19:20:02.531+0000] {taskinstance.py:2192} INFO - Executing <Task(BashOperator): ingest> on 2023-01-02 07:00:00+00:00
[2024-01-05T19:20:02.538+0000] {standard_task_runner.py:60} INFO - Started process 11138 to run task
[2024-01-05T19:20:02.544+0000] {standard_task_runner.py:87} INFO - Running: ['***', 'tasks', 'run', 'Local_Data_Ingestion', 'ingest', 'scheduled__2023-01-02T07:00:00+00:00', '--job-id', '86', '--raw', '--subdir', 'DAGS_FOLDER/data_ingestion_local.py', '--cfg-path', '/tmp/tmp94eg1r7x']
[2024-01-05T19:20:02.546+0000] {standard_task_runner.py:88} INFO - Job 86: Subtask ingest
[2024-01-05T19:20:02.608+0000] {task_command.py:423} INFO - Running <TaskInstance: Local_Data_Ingestion.ingest scheduled__2023-01-02T07:00:00+00:00 [running]> on host 6672c9b206ef
[2024-01-05T19:20:02.709+0000] {taskinstance.py:2481} INFO - Exporting env vars: AIRFLOW_CTX_DAG_OWNER='***' AIRFLOW_CTX_DAG_ID='Local_Data_Ingestion' AIRFLOW_CTX_TASK_ID='ingest' AIRFLOW_CTX_EXECUTION_DATE='2023-01-02T07:00:00+00:00' AIRFLOW_CTX_TRY_NUMBER='2' AIRFLOW_CTX_DAG_RUN_ID='scheduled__2023-01-02T07:00:00+00:00'
[2024-01-05T19:20:02.711+0000] {subprocess.py:63} INFO - Tmp dir root location: /tmp
[2024-01-05T19:20:02.712+0000] {subprocess.py:75} INFO - Running command: ['/usr/bin/bash', '-c', 'ls /opt/***']
[2024-01-05T19:20:02.727+0000] {subprocess.py:86} INFO - Output:
[2024-01-05T19:20:02.931+0000] {subprocess.py:93} INFO - ***-worker.pid
[2024-01-05T19:20:02.931+0000] {subprocess.py:93} INFO - ***.cfg
[2024-01-05T19:20:02.931+0000] {subprocess.py:93} INFO - config
[2024-01-05T19:20:02.932+0000] {subprocess.py:93} INFO - dags
[2024-01-05T19:20:02.932+0000] {subprocess.py:93} INFO - logs
[2024-01-05T19:20:02.932+0000] {subprocess.py:93} INFO - output_2023-01.parquet
[2024-01-05T19:20:02.932+0000] {subprocess.py:93} INFO - plugins
[2024-01-05T19:20:02.932+0000] {subprocess.py:93} INFO - requirements.txt
[2024-01-05T19:20:02.932+0000] {subprocess.py:93} INFO - webserver_config.py
[2024-01-05T19:20:02.932+0000] {subprocess.py:97} INFO - Command exited with return code 0
[2024-01-05T19:20:02.966+0000] {taskinstance.py:1138} INFO - Marking task as SUCCESS. dag_id=Local_Data_Ingestion, task_id=ingest, execution_date=20230102T070000, start_date=20240105T192002, end_date=20240105T192002
[2024-01-05T19:20:02.997+0000] {local_task_job_runner.py:234} INFO - Task exited with return code 0
[2024-01-05T19:20:03.020+0000] {taskinstance.py:3281} INFO - 0 downstream tasks scheduled from follow-on schedule check
