[2024-01-10T00:46:24.791+0000] {taskinstance.py:1957} INFO - Dependencies all met for dep_context=non-requeueable deps ti=<TaskInstance: data_ingestion_gcs_dag.download_dataset_task scheduled__2023-01-16T00:00:00+00:00 [queued]>
[2024-01-10T00:46:24.831+0000] {taskinstance.py:1957} INFO - Dependencies all met for dep_context=requeueable deps ti=<TaskInstance: data_ingestion_gcs_dag.download_dataset_task scheduled__2023-01-16T00:00:00+00:00 [queued]>
[2024-01-10T00:46:24.831+0000] {taskinstance.py:2171} INFO - Starting attempt 1 of 1
[2024-01-10T00:46:25.052+0000] {taskinstance.py:2192} INFO - Executing <Task(BashOperator): download_dataset_task> on 2023-01-16 00:00:00+00:00
[2024-01-10T00:46:25.123+0000] {standard_task_runner.py:60} INFO - Started process 553 to run task
[2024-01-10T00:46:25.144+0000] {standard_task_runner.py:87} INFO - Running: ['***', 'tasks', 'run', 'data_ingestion_gcs_dag', 'download_dataset_task', 'scheduled__2023-01-16T00:00:00+00:00', '--job-id', '214', '--raw', '--subdir', 'DAGS_FOLDER/data_ingestion_gcp.py', '--cfg-path', '/tmp/tmpn93j10uy']
[2024-01-10T00:46:25.167+0000] {standard_task_runner.py:88} INFO - Job 214: Subtask download_dataset_task
[2024-01-10T00:46:25.411+0000] {task_command.py:423} INFO - Running <TaskInstance: data_ingestion_gcs_dag.download_dataset_task scheduled__2023-01-16T00:00:00+00:00 [running]> on host 35cf15b90cf8
[2024-01-10T00:46:25.723+0000] {warnings.py:109} WARNING - /home/***/.local/lib/python3.8/site-packages/***/utils/context.py:207: AirflowContextDeprecationWarning: Accessing 'execution_date' from the template is deprecated and will be removed in a future version. Please use 'data_interval_start' or 'logical_date' instead.
  warnings.warn(_create_deprecation_warning(key, self._deprecation_replacements[key]))

[2024-01-10T00:46:25.983+0000] {taskinstance.py:2481} INFO - Exporting env vars: AIRFLOW_CTX_DAG_OWNER='***' AIRFLOW_CTX_DAG_ID='data_ingestion_gcs_dag' AIRFLOW_CTX_TASK_ID='download_dataset_task' AIRFLOW_CTX_EXECUTION_DATE='2023-01-16T00:00:00+00:00' AIRFLOW_CTX_TRY_NUMBER='1' AIRFLOW_CTX_DAG_RUN_ID='scheduled__2023-01-16T00:00:00+00:00'
[2024-01-10T00:46:25.999+0000] {subprocess.py:63} INFO - Tmp dir root location: /tmp
[2024-01-10T00:46:26.000+0000] {subprocess.py:75} INFO - Running command: ['/usr/bin/bash', '-c', 'curl -sSL https://d37ci6vzurychx.cloudfront.net/trip-data/yellow_tripdata_2023-01.parquet > /opt/***/input_2023-01.parquet']
[2024-01-10T00:46:26.107+0000] {subprocess.py:86} INFO - Output:
[2024-01-10T00:46:27.304+0000] {subprocess.py:97} INFO - Command exited with return code 0
[2024-01-10T00:46:27.432+0000] {taskinstance.py:1138} INFO - Marking task as SUCCESS. dag_id=data_ingestion_gcs_dag, task_id=download_dataset_task, execution_date=20230116T000000, start_date=20240110T004624, end_date=20240110T004627
[2024-01-10T00:46:27.810+0000] {local_task_job_runner.py:234} INFO - Task exited with return code 0
[2024-01-10T00:46:28.090+0000] {taskinstance.py:3281} INFO - 1 downstream tasks scheduled from follow-on schedule check
[2024-01-10T01:00:31.896+0000] {taskinstance.py:1957} INFO - Dependencies all met for dep_context=non-requeueable deps ti=<TaskInstance: data_ingestion_gcs_dag.download_dataset_task scheduled__2023-01-16T00:00:00+00:00 [queued]>
[2024-01-10T01:00:31.946+0000] {taskinstance.py:1957} INFO - Dependencies all met for dep_context=requeueable deps ti=<TaskInstance: data_ingestion_gcs_dag.download_dataset_task scheduled__2023-01-16T00:00:00+00:00 [queued]>
[2024-01-10T01:00:31.946+0000] {taskinstance.py:2171} INFO - Starting attempt 1 of 1
[2024-01-10T01:00:31.965+0000] {taskinstance.py:2192} INFO - Executing <Task(BashOperator): download_dataset_task> on 2023-01-16 00:00:00+00:00
[2024-01-10T01:00:31.974+0000] {standard_task_runner.py:60} INFO - Started process 2938 to run task
[2024-01-10T01:00:31.981+0000] {standard_task_runner.py:87} INFO - Running: ['***', 'tasks', 'run', 'data_ingestion_gcs_dag', 'download_dataset_task', 'scheduled__2023-01-16T00:00:00+00:00', '--job-id', '765', '--raw', '--subdir', 'DAGS_FOLDER/data_ingestion_gcp.py', '--cfg-path', '/tmp/tmpmz0pdp78']
[2024-01-10T01:00:31.986+0000] {standard_task_runner.py:88} INFO - Job 765: Subtask download_dataset_task
[2024-01-10T01:00:32.051+0000] {task_command.py:423} INFO - Running <TaskInstance: data_ingestion_gcs_dag.download_dataset_task scheduled__2023-01-16T00:00:00+00:00 [running]> on host 35cf15b90cf8
[2024-01-10T01:00:32.118+0000] {warnings.py:109} WARNING - /home/***/.local/lib/python3.8/site-packages/***/utils/context.py:207: AirflowContextDeprecationWarning: Accessing 'execution_date' from the template is deprecated and will be removed in a future version. Please use 'data_interval_start' or 'logical_date' instead.
  warnings.warn(_create_deprecation_warning(key, self._deprecation_replacements[key]))

[2024-01-10T01:00:32.161+0000] {taskinstance.py:2481} INFO - Exporting env vars: AIRFLOW_CTX_DAG_OWNER='***' AIRFLOW_CTX_DAG_ID='data_ingestion_gcs_dag' AIRFLOW_CTX_TASK_ID='download_dataset_task' AIRFLOW_CTX_EXECUTION_DATE='2023-01-16T00:00:00+00:00' AIRFLOW_CTX_TRY_NUMBER='1' AIRFLOW_CTX_DAG_RUN_ID='scheduled__2023-01-16T00:00:00+00:00'
[2024-01-10T01:00:32.163+0000] {subprocess.py:63} INFO - Tmp dir root location: /tmp
[2024-01-10T01:00:32.164+0000] {subprocess.py:75} INFO - Running command: ['/usr/bin/bash', '-c', 'curl -sSL https://d37ci6vzurychx.cloudfront.net/trip-data/yellow_tripdata_2023-01.parquet > /opt/***/input_2023-01.parquet']
[2024-01-10T01:00:32.181+0000] {subprocess.py:86} INFO - Output:
[2024-01-10T01:00:32.688+0000] {subprocess.py:97} INFO - Command exited with return code 0
[2024-01-10T01:00:32.751+0000] {taskinstance.py:1138} INFO - Marking task as SUCCESS. dag_id=data_ingestion_gcs_dag, task_id=download_dataset_task, execution_date=20230116T000000, start_date=20240110T010031, end_date=20240110T010032
[2024-01-10T01:00:32.794+0000] {local_task_job_runner.py:234} INFO - Task exited with return code 0
[2024-01-10T01:00:32.837+0000] {taskinstance.py:3281} INFO - 0 downstream tasks scheduled from follow-on schedule check
