[2024-01-04T17:50:42.787+0000] {taskinstance.py:1957} INFO - Dependencies all met for dep_context=non-requeueable deps ti=<TaskInstance: Local_Data_Ingestion.wget scheduled__2023-05-02T07:00:00+00:00 [queued]>
[2024-01-04T17:50:42.841+0000] {taskinstance.py:1957} INFO - Dependencies all met for dep_context=requeueable deps ti=<TaskInstance: Local_Data_Ingestion.wget scheduled__2023-05-02T07:00:00+00:00 [queued]>
[2024-01-04T17:50:42.842+0000] {taskinstance.py:2171} INFO - Starting attempt 1 of 1
[2024-01-04T17:50:42.969+0000] {taskinstance.py:2192} INFO - Executing <Task(BashOperator): wget> on 2023-05-02 07:00:00+00:00
[2024-01-04T17:50:42.995+0000] {standard_task_runner.py:60} INFO - Started process 5797 to run task
[2024-01-04T17:50:43.027+0000] {standard_task_runner.py:87} INFO - Running: ['***', 'tasks', 'run', 'Local_Data_Ingestion', 'wget', 'scheduled__2023-05-02T07:00:00+00:00', '--job-id', '12', '--raw', '--subdir', 'DAGS_FOLDER/data_ingestion_local.py', '--cfg-path', '/tmp/tmpfep6_6jw']
[2024-01-04T17:50:43.039+0000] {standard_task_runner.py:88} INFO - Job 12: Subtask wget
[2024-01-04T17:50:43.373+0000] {task_command.py:423} INFO - Running <TaskInstance: Local_Data_Ingestion.wget scheduled__2023-05-02T07:00:00+00:00 [running]> on host 6672c9b206ef
[2024-01-04T17:50:43.848+0000] {taskinstance.py:2481} INFO - Exporting env vars: AIRFLOW_CTX_DAG_OWNER='***' AIRFLOW_CTX_DAG_ID='Local_Data_Ingestion' AIRFLOW_CTX_TASK_ID='wget' AIRFLOW_CTX_EXECUTION_DATE='2023-05-02T07:00:00+00:00' AIRFLOW_CTX_TRY_NUMBER='1' AIRFLOW_CTX_DAG_RUN_ID='scheduled__2023-05-02T07:00:00+00:00'
[2024-01-04T17:50:43.854+0000] {subprocess.py:63} INFO - Tmp dir root location: /tmp
[2024-01-04T17:50:43.856+0000] {subprocess.py:75} INFO - Running command: ['/usr/bin/bash', '-c', 'echo "hello world"']
[2024-01-04T17:50:43.961+0000] {subprocess.py:86} INFO - Output:
[2024-01-04T17:50:43.979+0000] {subprocess.py:93} INFO - hello world
[2024-01-04T17:50:43.996+0000] {subprocess.py:97} INFO - Command exited with return code 0
[2024-01-04T17:50:44.106+0000] {taskinstance.py:1138} INFO - Marking task as SUCCESS. dag_id=Local_Data_Ingestion, task_id=wget, execution_date=20230502T070000, start_date=20240104T175042, end_date=20240104T175044
[2024-01-04T17:50:44.231+0000] {local_task_job_runner.py:234} INFO - Task exited with return code 0
[2024-01-04T17:50:44.358+0000] {taskinstance.py:3281} INFO - 1 downstream tasks scheduled from follow-on schedule check
[2024-01-04T17:54:39.105+0000] {taskinstance.py:1957} INFO - Dependencies all met for dep_context=non-requeueable deps ti=<TaskInstance: Local_Data_Ingestion.wget scheduled__2023-05-02T07:00:00+00:00 [queued]>
[2024-01-04T17:54:39.150+0000] {taskinstance.py:1957} INFO - Dependencies all met for dep_context=requeueable deps ti=<TaskInstance: Local_Data_Ingestion.wget scheduled__2023-05-02T07:00:00+00:00 [queued]>
[2024-01-04T17:54:39.151+0000] {taskinstance.py:2171} INFO - Starting attempt 1 of 1
[2024-01-04T17:54:39.182+0000] {taskinstance.py:2192} INFO - Executing <Task(BashOperator): wget> on 2023-05-02 07:00:00+00:00
[2024-01-04T17:54:39.193+0000] {standard_task_runner.py:60} INFO - Started process 5934 to run task
[2024-01-04T17:54:39.240+0000] {standard_task_runner.py:87} INFO - Running: ['***', 'tasks', 'run', 'Local_Data_Ingestion', 'wget', 'scheduled__2023-05-02T07:00:00+00:00', '--job-id', '38', '--raw', '--subdir', 'DAGS_FOLDER/data_ingestion_local.py', '--cfg-path', '/tmp/tmpiw3nf8e8']
[2024-01-04T17:54:39.248+0000] {standard_task_runner.py:88} INFO - Job 38: Subtask wget
[2024-01-04T17:54:39.542+0000] {task_command.py:423} INFO - Running <TaskInstance: Local_Data_Ingestion.wget scheduled__2023-05-02T07:00:00+00:00 [running]> on host 6672c9b206ef
[2024-01-04T17:54:40.046+0000] {taskinstance.py:2481} INFO - Exporting env vars: AIRFLOW_CTX_DAG_OWNER='***' AIRFLOW_CTX_DAG_ID='Local_Data_Ingestion' AIRFLOW_CTX_TASK_ID='wget' AIRFLOW_CTX_EXECUTION_DATE='2023-05-02T07:00:00+00:00' AIRFLOW_CTX_TRY_NUMBER='1' AIRFLOW_CTX_DAG_RUN_ID='scheduled__2023-05-02T07:00:00+00:00'
[2024-01-04T17:54:40.050+0000] {subprocess.py:63} INFO - Tmp dir root location: /tmp
[2024-01-04T17:54:40.051+0000] {subprocess.py:75} INFO - Running command: ['/usr/bin/bash', '-c', 'echo "hello world"']
[2024-01-04T17:54:40.159+0000] {subprocess.py:86} INFO - Output:
[2024-01-04T17:54:40.168+0000] {subprocess.py:93} INFO - hello world
[2024-01-04T17:54:40.172+0000] {subprocess.py:97} INFO - Command exited with return code 0
[2024-01-04T17:54:40.267+0000] {taskinstance.py:1138} INFO - Marking task as SUCCESS. dag_id=Local_Data_Ingestion, task_id=wget, execution_date=20230502T070000, start_date=20240104T175439, end_date=20240104T175440
[2024-01-04T17:54:40.420+0000] {local_task_job_runner.py:234} INFO - Task exited with return code 0
[2024-01-04T17:54:40.553+0000] {taskinstance.py:3281} INFO - 1 downstream tasks scheduled from follow-on schedule check
[2024-01-04T18:09:27.237+0000] {taskinstance.py:1957} INFO - Dependencies all met for dep_context=non-requeueable deps ti=<TaskInstance: Local_Data_Ingestion.wget scheduled__2023-05-02T07:00:00+00:00 [queued]>
[2024-01-04T18:09:27.299+0000] {taskinstance.py:1957} INFO - Dependencies all met for dep_context=requeueable deps ti=<TaskInstance: Local_Data_Ingestion.wget scheduled__2023-05-02T07:00:00+00:00 [queued]>
[2024-01-04T18:09:27.300+0000] {taskinstance.py:2171} INFO - Starting attempt 1 of 1
[2024-01-04T18:09:27.438+0000] {taskinstance.py:2192} INFO - Executing <Task(BashOperator): wget> on 2023-05-02 07:00:00+00:00
[2024-01-04T18:09:27.457+0000] {standard_task_runner.py:60} INFO - Started process 6240 to run task
[2024-01-04T18:09:27.501+0000] {standard_task_runner.py:87} INFO - Running: ['***', 'tasks', 'run', 'Local_Data_Ingestion', 'wget', 'scheduled__2023-05-02T07:00:00+00:00', '--job-id', '64', '--raw', '--subdir', 'DAGS_FOLDER/data_ingestion_local.py', '--cfg-path', '/tmp/tmpvcnut2s4']
[2024-01-04T18:09:27.503+0000] {standard_task_runner.py:88} INFO - Job 64: Subtask wget
[2024-01-04T18:09:27.722+0000] {task_command.py:423} INFO - Running <TaskInstance: Local_Data_Ingestion.wget scheduled__2023-05-02T07:00:00+00:00 [running]> on host 6672c9b206ef
[2024-01-04T18:09:28.155+0000] {taskinstance.py:2481} INFO - Exporting env vars: AIRFLOW_CTX_DAG_OWNER='***' AIRFLOW_CTX_DAG_ID='Local_Data_Ingestion' AIRFLOW_CTX_TASK_ID='wget' AIRFLOW_CTX_EXECUTION_DATE='2023-05-02T07:00:00+00:00' AIRFLOW_CTX_TRY_NUMBER='1' AIRFLOW_CTX_DAG_RUN_ID='scheduled__2023-05-02T07:00:00+00:00'
[2024-01-04T18:09:28.165+0000] {subprocess.py:63} INFO - Tmp dir root location: /tmp
[2024-01-04T18:09:28.168+0000] {subprocess.py:75} INFO - Running command: ['/usr/bin/bash', '-c', 'echo "hello world"']
[2024-01-04T18:09:28.187+0000] {subprocess.py:86} INFO - Output:
[2024-01-04T18:09:28.192+0000] {subprocess.py:93} INFO - hello world
[2024-01-04T18:09:28.194+0000] {subprocess.py:97} INFO - Command exited with return code 0
[2024-01-04T18:09:28.284+0000] {taskinstance.py:1138} INFO - Marking task as SUCCESS. dag_id=Local_Data_Ingestion, task_id=wget, execution_date=20230502T070000, start_date=20240104T180927, end_date=20240104T180928
[2024-01-04T18:09:28.350+0000] {local_task_job_runner.py:234} INFO - Task exited with return code 0
[2024-01-04T18:09:28.430+0000] {taskinstance.py:3281} INFO - 1 downstream tasks scheduled from follow-on schedule check
