[2024-01-10T00:45:43.555+0000] {taskinstance.py:1957} INFO - Dependencies all met for dep_context=non-requeueable deps ti=<TaskInstance: data_ingestion_gcs_dag.download_dataset_task scheduled__2023-01-12T00:00:00+00:00 [queued]>
[2024-01-10T00:45:43.607+0000] {taskinstance.py:1957} INFO - Dependencies all met for dep_context=requeueable deps ti=<TaskInstance: data_ingestion_gcs_dag.download_dataset_task scheduled__2023-01-12T00:00:00+00:00 [queued]>
[2024-01-10T00:45:43.608+0000] {taskinstance.py:2171} INFO - Starting attempt 1 of 1
[2024-01-10T00:45:43.714+0000] {taskinstance.py:2192} INFO - Executing <Task(BashOperator): download_dataset_task> on 2023-01-12 00:00:00+00:00
[2024-01-10T00:45:43.744+0000] {standard_task_runner.py:60} INFO - Started process 398 to run task
[2024-01-10T00:45:43.781+0000] {standard_task_runner.py:87} INFO - Running: ['***', 'tasks', 'run', 'data_ingestion_gcs_dag', 'download_dataset_task', 'scheduled__2023-01-12T00:00:00+00:00', '--job-id', '177', '--raw', '--subdir', 'DAGS_FOLDER/data_ingestion_gcp.py', '--cfg-path', '/tmp/tmp90f8b1zr']
[2024-01-10T00:45:43.823+0000] {standard_task_runner.py:88} INFO - Job 177: Subtask download_dataset_task
[2024-01-10T00:45:44.048+0000] {task_command.py:423} INFO - Running <TaskInstance: data_ingestion_gcs_dag.download_dataset_task scheduled__2023-01-12T00:00:00+00:00 [running]> on host 35cf15b90cf8
[2024-01-10T00:45:44.299+0000] {warnings.py:109} WARNING - /home/***/.local/lib/python3.8/site-packages/***/utils/context.py:207: AirflowContextDeprecationWarning: Accessing 'execution_date' from the template is deprecated and will be removed in a future version. Please use 'data_interval_start' or 'logical_date' instead.
  warnings.warn(_create_deprecation_warning(key, self._deprecation_replacements[key]))

[2024-01-10T00:45:44.556+0000] {taskinstance.py:2481} INFO - Exporting env vars: AIRFLOW_CTX_DAG_OWNER='***' AIRFLOW_CTX_DAG_ID='data_ingestion_gcs_dag' AIRFLOW_CTX_TASK_ID='download_dataset_task' AIRFLOW_CTX_EXECUTION_DATE='2023-01-12T00:00:00+00:00' AIRFLOW_CTX_TRY_NUMBER='1' AIRFLOW_CTX_DAG_RUN_ID='scheduled__2023-01-12T00:00:00+00:00'
[2024-01-10T00:45:44.558+0000] {subprocess.py:63} INFO - Tmp dir root location: /tmp
[2024-01-10T00:45:44.559+0000] {subprocess.py:75} INFO - Running command: ['/usr/bin/bash', '-c', 'curl -sSL https://d37ci6vzurychx.cloudfront.net/trip-data/yellow_tripdata_2023-01.parquet > /opt/***/input_2023-01.parquet']
[2024-01-10T00:45:44.685+0000] {subprocess.py:86} INFO - Output:
[2024-01-10T00:45:46.028+0000] {subprocess.py:97} INFO - Command exited with return code 0
[2024-01-10T00:45:46.221+0000] {taskinstance.py:1138} INFO - Marking task as SUCCESS. dag_id=data_ingestion_gcs_dag, task_id=download_dataset_task, execution_date=20230112T000000, start_date=20240110T004543, end_date=20240110T004546
[2024-01-10T00:45:46.408+0000] {local_task_job_runner.py:234} INFO - Task exited with return code 0
[2024-01-10T00:45:46.716+0000] {taskinstance.py:3281} INFO - 1 downstream tasks scheduled from follow-on schedule check
[2024-01-10T00:59:23.034+0000] {taskinstance.py:1957} INFO - Dependencies all met for dep_context=non-requeueable deps ti=<TaskInstance: data_ingestion_gcs_dag.download_dataset_task scheduled__2023-01-12T00:00:00+00:00 [queued]>
[2024-01-10T00:59:23.072+0000] {taskinstance.py:1957} INFO - Dependencies all met for dep_context=requeueable deps ti=<TaskInstance: data_ingestion_gcs_dag.download_dataset_task scheduled__2023-01-12T00:00:00+00:00 [queued]>
[2024-01-10T00:59:23.073+0000] {taskinstance.py:2171} INFO - Starting attempt 1 of 1
[2024-01-10T00:59:23.090+0000] {taskinstance.py:2192} INFO - Executing <Task(BashOperator): download_dataset_task> on 2023-01-12 00:00:00+00:00
[2024-01-10T00:59:23.099+0000] {standard_task_runner.py:60} INFO - Started process 2861 to run task
[2024-01-10T00:59:23.105+0000] {standard_task_runner.py:87} INFO - Running: ['***', 'tasks', 'run', 'data_ingestion_gcs_dag', 'download_dataset_task', 'scheduled__2023-01-12T00:00:00+00:00', '--job-id', '750', '--raw', '--subdir', 'DAGS_FOLDER/data_ingestion_gcp.py', '--cfg-path', '/tmp/tmp8pnsp31r']
[2024-01-10T00:59:23.110+0000] {standard_task_runner.py:88} INFO - Job 750: Subtask download_dataset_task
[2024-01-10T00:59:23.175+0000] {task_command.py:423} INFO - Running <TaskInstance: data_ingestion_gcs_dag.download_dataset_task scheduled__2023-01-12T00:00:00+00:00 [running]> on host 35cf15b90cf8
[2024-01-10T00:59:23.243+0000] {warnings.py:109} WARNING - /home/***/.local/lib/python3.8/site-packages/***/utils/context.py:207: AirflowContextDeprecationWarning: Accessing 'execution_date' from the template is deprecated and will be removed in a future version. Please use 'data_interval_start' or 'logical_date' instead.
  warnings.warn(_create_deprecation_warning(key, self._deprecation_replacements[key]))

[2024-01-10T00:59:23.288+0000] {taskinstance.py:2481} INFO - Exporting env vars: AIRFLOW_CTX_DAG_OWNER='***' AIRFLOW_CTX_DAG_ID='data_ingestion_gcs_dag' AIRFLOW_CTX_TASK_ID='download_dataset_task' AIRFLOW_CTX_EXECUTION_DATE='2023-01-12T00:00:00+00:00' AIRFLOW_CTX_TRY_NUMBER='1' AIRFLOW_CTX_DAG_RUN_ID='scheduled__2023-01-12T00:00:00+00:00'
[2024-01-10T00:59:23.290+0000] {subprocess.py:63} INFO - Tmp dir root location: /tmp
[2024-01-10T00:59:23.291+0000] {subprocess.py:75} INFO - Running command: ['/usr/bin/bash', '-c', 'curl -sSL https://d37ci6vzurychx.cloudfront.net/trip-data/yellow_tripdata_2023-01.parquet > /opt/***/input_2023-01.parquet']
[2024-01-10T00:59:23.308+0000] {subprocess.py:86} INFO - Output:
[2024-01-10T00:59:23.703+0000] {subprocess.py:97} INFO - Command exited with return code 0
[2024-01-10T00:59:23.885+0000] {taskinstance.py:1138} INFO - Marking task as SUCCESS. dag_id=data_ingestion_gcs_dag, task_id=download_dataset_task, execution_date=20230112T000000, start_date=20240110T005923, end_date=20240110T005923
[2024-01-10T00:59:23.921+0000] {local_task_job_runner.py:234} INFO - Task exited with return code 0
[2024-01-10T00:59:23.956+0000] {taskinstance.py:3281} INFO - 1 downstream tasks scheduled from follow-on schedule check
