[2024-01-04T17:50:44.745+0000] {taskinstance.py:1957} INFO - Dependencies all met for dep_context=non-requeueable deps ti=<TaskInstance: Local_Data_Ingestion.wget scheduled__2023-09-02T07:00:00+00:00 [queued]>
[2024-01-04T17:50:44.794+0000] {taskinstance.py:1957} INFO - Dependencies all met for dep_context=requeueable deps ti=<TaskInstance: Local_Data_Ingestion.wget scheduled__2023-09-02T07:00:00+00:00 [queued]>
[2024-01-04T17:50:44.799+0000] {taskinstance.py:2171} INFO - Starting attempt 1 of 1
[2024-01-04T17:50:44.850+0000] {taskinstance.py:2192} INFO - Executing <Task(BashOperator): wget> on 2023-09-02 07:00:00+00:00
[2024-01-04T17:50:44.857+0000] {standard_task_runner.py:60} INFO - Started process 5810 to run task
[2024-01-04T17:50:44.890+0000] {standard_task_runner.py:87} INFO - Running: ['***', 'tasks', 'run', 'Local_Data_Ingestion', 'wget', 'scheduled__2023-09-02T07:00:00+00:00', '--job-id', '17', '--raw', '--subdir', 'DAGS_FOLDER/data_ingestion_local.py', '--cfg-path', '/tmp/tmpag5gkkii']
[2024-01-04T17:50:44.892+0000] {standard_task_runner.py:88} INFO - Job 17: Subtask wget
[2024-01-04T17:50:45.141+0000] {task_command.py:423} INFO - Running <TaskInstance: Local_Data_Ingestion.wget scheduled__2023-09-02T07:00:00+00:00 [running]> on host 6672c9b206ef
[2024-01-04T17:50:45.639+0000] {taskinstance.py:2481} INFO - Exporting env vars: AIRFLOW_CTX_DAG_OWNER='***' AIRFLOW_CTX_DAG_ID='Local_Data_Ingestion' AIRFLOW_CTX_TASK_ID='wget' AIRFLOW_CTX_EXECUTION_DATE='2023-09-02T07:00:00+00:00' AIRFLOW_CTX_TRY_NUMBER='1' AIRFLOW_CTX_DAG_RUN_ID='scheduled__2023-09-02T07:00:00+00:00'
[2024-01-04T17:50:45.641+0000] {subprocess.py:63} INFO - Tmp dir root location: /tmp
[2024-01-04T17:50:45.642+0000] {subprocess.py:75} INFO - Running command: ['/usr/bin/bash', '-c', 'echo "hello world"']
[2024-01-04T17:50:45.725+0000] {subprocess.py:86} INFO - Output:
[2024-01-04T17:50:45.757+0000] {subprocess.py:93} INFO - hello world
[2024-01-04T17:50:45.761+0000] {subprocess.py:97} INFO - Command exited with return code 0
[2024-01-04T17:50:45.910+0000] {taskinstance.py:1138} INFO - Marking task as SUCCESS. dag_id=Local_Data_Ingestion, task_id=wget, execution_date=20230902T070000, start_date=20240104T175044, end_date=20240104T175045
[2024-01-04T17:50:46.006+0000] {local_task_job_runner.py:234} INFO - Task exited with return code 0
[2024-01-04T17:50:46.099+0000] {taskinstance.py:3281} INFO - 1 downstream tasks scheduled from follow-on schedule check
[2024-01-04T17:54:42.339+0000] {taskinstance.py:1957} INFO - Dependencies all met for dep_context=non-requeueable deps ti=<TaskInstance: Local_Data_Ingestion.wget scheduled__2023-09-02T07:00:00+00:00 [queued]>
[2024-01-04T17:54:42.430+0000] {taskinstance.py:1957} INFO - Dependencies all met for dep_context=requeueable deps ti=<TaskInstance: Local_Data_Ingestion.wget scheduled__2023-09-02T07:00:00+00:00 [queued]>
[2024-01-04T17:54:42.431+0000] {taskinstance.py:2171} INFO - Starting attempt 1 of 1
[2024-01-04T17:54:42.524+0000] {taskinstance.py:2192} INFO - Executing <Task(BashOperator): wget> on 2023-09-02 07:00:00+00:00
[2024-01-04T17:54:42.558+0000] {standard_task_runner.py:60} INFO - Started process 5966 to run task
[2024-01-04T17:54:42.584+0000] {standard_task_runner.py:87} INFO - Running: ['***', 'tasks', 'run', 'Local_Data_Ingestion', 'wget', 'scheduled__2023-09-02T07:00:00+00:00', '--job-id', '47', '--raw', '--subdir', 'DAGS_FOLDER/data_ingestion_local.py', '--cfg-path', '/tmp/tmpqh27klf8']
[2024-01-04T17:54:42.587+0000] {standard_task_runner.py:88} INFO - Job 47: Subtask wget
[2024-01-04T17:54:42.838+0000] {task_command.py:423} INFO - Running <TaskInstance: Local_Data_Ingestion.wget scheduled__2023-09-02T07:00:00+00:00 [running]> on host 6672c9b206ef
[2024-01-04T17:54:43.204+0000] {taskinstance.py:2481} INFO - Exporting env vars: AIRFLOW_CTX_DAG_OWNER='***' AIRFLOW_CTX_DAG_ID='Local_Data_Ingestion' AIRFLOW_CTX_TASK_ID='wget' AIRFLOW_CTX_EXECUTION_DATE='2023-09-02T07:00:00+00:00' AIRFLOW_CTX_TRY_NUMBER='1' AIRFLOW_CTX_DAG_RUN_ID='scheduled__2023-09-02T07:00:00+00:00'
[2024-01-04T17:54:43.206+0000] {subprocess.py:63} INFO - Tmp dir root location: /tmp
[2024-01-04T17:54:43.207+0000] {subprocess.py:75} INFO - Running command: ['/usr/bin/bash', '-c', 'echo "hello world"']
[2024-01-04T17:54:43.300+0000] {subprocess.py:86} INFO - Output:
[2024-01-04T17:54:43.305+0000] {subprocess.py:93} INFO - hello world
[2024-01-04T17:54:43.306+0000] {subprocess.py:97} INFO - Command exited with return code 0
[2024-01-04T17:54:43.544+0000] {taskinstance.py:1138} INFO - Marking task as SUCCESS. dag_id=Local_Data_Ingestion, task_id=wget, execution_date=20230902T070000, start_date=20240104T175442, end_date=20240104T175443
[2024-01-04T17:54:43.637+0000] {local_task_job_runner.py:234} INFO - Task exited with return code 0
[2024-01-04T17:54:43.789+0000] {taskinstance.py:3281} INFO - 1 downstream tasks scheduled from follow-on schedule check
[2024-01-04T18:09:30.127+0000] {taskinstance.py:1957} INFO - Dependencies all met for dep_context=non-requeueable deps ti=<TaskInstance: Local_Data_Ingestion.wget scheduled__2023-09-02T07:00:00+00:00 [queued]>
[2024-01-04T18:09:30.209+0000] {taskinstance.py:1957} INFO - Dependencies all met for dep_context=requeueable deps ti=<TaskInstance: Local_Data_Ingestion.wget scheduled__2023-09-02T07:00:00+00:00 [queued]>
[2024-01-04T18:09:30.209+0000] {taskinstance.py:2171} INFO - Starting attempt 1 of 1
[2024-01-04T18:09:30.364+0000] {taskinstance.py:2192} INFO - Executing <Task(BashOperator): wget> on 2023-09-02 07:00:00+00:00
[2024-01-04T18:09:30.402+0000] {standard_task_runner.py:60} INFO - Started process 6261 to run task
[2024-01-04T18:09:30.443+0000] {standard_task_runner.py:87} INFO - Running: ['***', 'tasks', 'run', 'Local_Data_Ingestion', 'wget', 'scheduled__2023-09-02T07:00:00+00:00', '--job-id', '71', '--raw', '--subdir', 'DAGS_FOLDER/data_ingestion_local.py', '--cfg-path', '/tmp/tmp79_oy4od']
[2024-01-04T18:09:30.459+0000] {standard_task_runner.py:88} INFO - Job 71: Subtask wget
[2024-01-04T18:09:30.883+0000] {task_command.py:423} INFO - Running <TaskInstance: Local_Data_Ingestion.wget scheduled__2023-09-02T07:00:00+00:00 [running]> on host 6672c9b206ef
[2024-01-04T18:09:31.466+0000] {taskinstance.py:2481} INFO - Exporting env vars: AIRFLOW_CTX_DAG_OWNER='***' AIRFLOW_CTX_DAG_ID='Local_Data_Ingestion' AIRFLOW_CTX_TASK_ID='wget' AIRFLOW_CTX_EXECUTION_DATE='2023-09-02T07:00:00+00:00' AIRFLOW_CTX_TRY_NUMBER='1' AIRFLOW_CTX_DAG_RUN_ID='scheduled__2023-09-02T07:00:00+00:00'
[2024-01-04T18:09:31.468+0000] {subprocess.py:63} INFO - Tmp dir root location: /tmp
[2024-01-04T18:09:31.469+0000] {subprocess.py:75} INFO - Running command: ['/usr/bin/bash', '-c', 'echo "hello world"']
[2024-01-04T18:09:31.522+0000] {subprocess.py:86} INFO - Output:
[2024-01-04T18:09:31.538+0000] {subprocess.py:93} INFO - hello world
[2024-01-04T18:09:31.542+0000] {subprocess.py:97} INFO - Command exited with return code 0
[2024-01-04T18:09:31.663+0000] {taskinstance.py:1138} INFO - Marking task as SUCCESS. dag_id=Local_Data_Ingestion, task_id=wget, execution_date=20230902T070000, start_date=20240104T180930, end_date=20240104T180931
[2024-01-04T18:09:31.809+0000] {local_task_job_runner.py:234} INFO - Task exited with return code 0
[2024-01-04T18:09:31.919+0000] {taskinstance.py:3281} INFO - 1 downstream tasks scheduled from follow-on schedule check
