[2024-01-04T17:50:47.822+0000] {taskinstance.py:1957} INFO - Dependencies all met for dep_context=non-requeueable deps ti=<TaskInstance: Local_Data_Ingestion.ingest scheduled__2023-06-02T07:00:00+00:00 [queued]>
[2024-01-04T17:50:47.843+0000] {taskinstance.py:1957} INFO - Dependencies all met for dep_context=requeueable deps ti=<TaskInstance: Local_Data_Ingestion.ingest scheduled__2023-06-02T07:00:00+00:00 [queued]>
[2024-01-04T17:50:47.844+0000] {taskinstance.py:2171} INFO - Starting attempt 1 of 1
[2024-01-04T17:50:47.888+0000] {taskinstance.py:2192} INFO - Executing <Task(BashOperator): ingest> on 2023-06-02 07:00:00+00:00
[2024-01-04T17:50:47.895+0000] {standard_task_runner.py:60} INFO - Started process 5836 to run task
[2024-01-04T17:50:47.909+0000] {standard_task_runner.py:87} INFO - Running: ['***', 'tasks', 'run', 'Local_Data_Ingestion', 'ingest', 'scheduled__2023-06-02T07:00:00+00:00', '--job-id', '27', '--raw', '--subdir', 'DAGS_FOLDER/data_ingestion_local.py', '--cfg-path', '/tmp/tmpdxj794u_']
[2024-01-04T17:50:47.912+0000] {standard_task_runner.py:88} INFO - Job 27: Subtask ingest
[2024-01-04T17:50:48.057+0000] {task_command.py:423} INFO - Running <TaskInstance: Local_Data_Ingestion.ingest scheduled__2023-06-02T07:00:00+00:00 [running]> on host 6672c9b206ef
[2024-01-04T17:50:48.343+0000] {taskinstance.py:2481} INFO - Exporting env vars: AIRFLOW_CTX_DAG_OWNER='***' AIRFLOW_CTX_DAG_ID='Local_Data_Ingestion' AIRFLOW_CTX_TASK_ID='ingest' AIRFLOW_CTX_EXECUTION_DATE='2023-06-02T07:00:00+00:00' AIRFLOW_CTX_TRY_NUMBER='1' AIRFLOW_CTX_DAG_RUN_ID='scheduled__2023-06-02T07:00:00+00:00'
[2024-01-04T17:50:48.352+0000] {subprocess.py:63} INFO - Tmp dir root location: /tmp
[2024-01-04T17:50:48.353+0000] {subprocess.py:75} INFO - Running command: ['/usr/bin/bash', '-c', 'echo "hello world"']
[2024-01-04T17:50:48.408+0000] {subprocess.py:86} INFO - Output:
[2024-01-04T17:50:48.412+0000] {subprocess.py:93} INFO - hello world
[2024-01-04T17:50:48.416+0000] {subprocess.py:97} INFO - Command exited with return code 0
[2024-01-04T17:50:48.511+0000] {taskinstance.py:1138} INFO - Marking task as SUCCESS. dag_id=Local_Data_Ingestion, task_id=ingest, execution_date=20230602T070000, start_date=20240104T175047, end_date=20240104T175048
[2024-01-04T17:50:48.640+0000] {local_task_job_runner.py:234} INFO - Task exited with return code 0
[2024-01-04T17:50:48.859+0000] {taskinstance.py:3281} INFO - 0 downstream tasks scheduled from follow-on schedule check
[2024-01-04T17:54:43.956+0000] {taskinstance.py:1957} INFO - Dependencies all met for dep_context=non-requeueable deps ti=<TaskInstance: Local_Data_Ingestion.ingest scheduled__2023-06-02T07:00:00+00:00 [queued]>
[2024-01-04T17:54:44.029+0000] {taskinstance.py:1957} INFO - Dependencies all met for dep_context=requeueable deps ti=<TaskInstance: Local_Data_Ingestion.ingest scheduled__2023-06-02T07:00:00+00:00 [queued]>
[2024-01-04T17:54:44.029+0000] {taskinstance.py:2171} INFO - Starting attempt 1 of 1
[2024-01-04T17:54:44.083+0000] {taskinstance.py:2192} INFO - Executing <Task(BashOperator): ingest> on 2023-06-02 07:00:00+00:00
[2024-01-04T17:54:44.100+0000] {standard_task_runner.py:60} INFO - Started process 5980 to run task
[2024-01-04T17:54:44.129+0000] {standard_task_runner.py:87} INFO - Running: ['***', 'tasks', 'run', 'Local_Data_Ingestion', 'ingest', 'scheduled__2023-06-02T07:00:00+00:00', '--job-id', '51', '--raw', '--subdir', 'DAGS_FOLDER/data_ingestion_local.py', '--cfg-path', '/tmp/tmpz2oirmw6']
[2024-01-04T17:54:44.137+0000] {standard_task_runner.py:88} INFO - Job 51: Subtask ingest
[2024-01-04T17:54:44.322+0000] {task_command.py:423} INFO - Running <TaskInstance: Local_Data_Ingestion.ingest scheduled__2023-06-02T07:00:00+00:00 [running]> on host 6672c9b206ef
[2024-01-04T17:54:44.614+0000] {taskinstance.py:2481} INFO - Exporting env vars: AIRFLOW_CTX_DAG_OWNER='***' AIRFLOW_CTX_DAG_ID='Local_Data_Ingestion' AIRFLOW_CTX_TASK_ID='ingest' AIRFLOW_CTX_EXECUTION_DATE='2023-06-02T07:00:00+00:00' AIRFLOW_CTX_TRY_NUMBER='1' AIRFLOW_CTX_DAG_RUN_ID='scheduled__2023-06-02T07:00:00+00:00'
[2024-01-04T17:54:44.616+0000] {subprocess.py:63} INFO - Tmp dir root location: /tmp
[2024-01-04T17:54:44.617+0000] {subprocess.py:75} INFO - Running command: ['/usr/bin/bash', '-c', 'echo "hello world"']
[2024-01-04T17:54:44.672+0000] {subprocess.py:86} INFO - Output:
[2024-01-04T17:54:44.684+0000] {subprocess.py:93} INFO - hello world
[2024-01-04T17:54:44.688+0000] {subprocess.py:97} INFO - Command exited with return code 0
[2024-01-04T17:54:44.778+0000] {taskinstance.py:1138} INFO - Marking task as SUCCESS. dag_id=Local_Data_Ingestion, task_id=ingest, execution_date=20230602T070000, start_date=20240104T175443, end_date=20240104T175444
[2024-01-04T17:54:44.866+0000] {local_task_job_runner.py:234} INFO - Task exited with return code 0
[2024-01-04T17:54:44.922+0000] {taskinstance.py:3281} INFO - 0 downstream tasks scheduled from follow-on schedule check
[2024-01-04T18:09:31.976+0000] {taskinstance.py:1957} INFO - Dependencies all met for dep_context=non-requeueable deps ti=<TaskInstance: Local_Data_Ingestion.ingest scheduled__2023-06-02T07:00:00+00:00 [queued]>
[2024-01-04T18:09:32.031+0000] {taskinstance.py:1957} INFO - Dependencies all met for dep_context=requeueable deps ti=<TaskInstance: Local_Data_Ingestion.ingest scheduled__2023-06-02T07:00:00+00:00 [queued]>
[2024-01-04T18:09:32.031+0000] {taskinstance.py:2171} INFO - Starting attempt 1 of 1
[2024-01-04T18:09:32.202+0000] {taskinstance.py:2192} INFO - Executing <Task(BashOperator): ingest> on 2023-06-02 07:00:00+00:00
[2024-01-04T18:09:32.241+0000] {standard_task_runner.py:60} INFO - Started process 6273 to run task
[2024-01-04T18:09:32.254+0000] {standard_task_runner.py:87} INFO - Running: ['***', 'tasks', 'run', 'Local_Data_Ingestion', 'ingest', 'scheduled__2023-06-02T07:00:00+00:00', '--job-id', '77', '--raw', '--subdir', 'DAGS_FOLDER/data_ingestion_local.py', '--cfg-path', '/tmp/tmp3dq0h06w']
[2024-01-04T18:09:32.256+0000] {standard_task_runner.py:88} INFO - Job 77: Subtask ingest
[2024-01-04T18:09:32.468+0000] {task_command.py:423} INFO - Running <TaskInstance: Local_Data_Ingestion.ingest scheduled__2023-06-02T07:00:00+00:00 [running]> on host 6672c9b206ef
[2024-01-04T18:09:32.927+0000] {taskinstance.py:2481} INFO - Exporting env vars: AIRFLOW_CTX_DAG_OWNER='***' AIRFLOW_CTX_DAG_ID='Local_Data_Ingestion' AIRFLOW_CTX_TASK_ID='ingest' AIRFLOW_CTX_EXECUTION_DATE='2023-06-02T07:00:00+00:00' AIRFLOW_CTX_TRY_NUMBER='1' AIRFLOW_CTX_DAG_RUN_ID='scheduled__2023-06-02T07:00:00+00:00'
[2024-01-04T18:09:32.929+0000] {subprocess.py:63} INFO - Tmp dir root location: /tmp
[2024-01-04T18:09:32.930+0000] {subprocess.py:75} INFO - Running command: ['/usr/bin/bash', '-c', 'pwd']
[2024-01-04T18:09:32.998+0000] {subprocess.py:86} INFO - Output:
[2024-01-04T18:09:33.001+0000] {subprocess.py:93} INFO - /tmp/***tmpra12cd6j
[2024-01-04T18:09:33.003+0000] {subprocess.py:97} INFO - Command exited with return code 0
[2024-01-04T18:09:33.187+0000] {taskinstance.py:1138} INFO - Marking task as SUCCESS. dag_id=Local_Data_Ingestion, task_id=ingest, execution_date=20230602T070000, start_date=20240104T180931, end_date=20240104T180933
[2024-01-04T18:09:33.331+0000] {local_task_job_runner.py:234} INFO - Task exited with return code 0
[2024-01-04T18:09:33.422+0000] {taskinstance.py:3281} INFO - 0 downstream tasks scheduled from follow-on schedule check
