[2024-01-10T00:45:36.964+0000] {taskinstance.py:1957} INFO - Dependencies all met for dep_context=non-requeueable deps ti=<TaskInstance: data_ingestion_gcs_dag.download_dataset_task scheduled__2023-01-03T00:00:00+00:00 [queued]>
[2024-01-10T00:45:37.054+0000] {taskinstance.py:1957} INFO - Dependencies all met for dep_context=requeueable deps ti=<TaskInstance: data_ingestion_gcs_dag.download_dataset_task scheduled__2023-01-03T00:00:00+00:00 [queued]>
[2024-01-10T00:45:37.062+0000] {taskinstance.py:2171} INFO - Starting attempt 1 of 1
[2024-01-10T00:45:37.185+0000] {taskinstance.py:2192} INFO - Executing <Task(BashOperator): download_dataset_task> on 2023-01-03 00:00:00+00:00
[2024-01-10T00:45:37.279+0000] {standard_task_runner.py:60} INFO - Started process 362 to run task
[2024-01-10T00:45:37.364+0000] {standard_task_runner.py:87} INFO - Running: ['***', 'tasks', 'run', 'data_ingestion_gcs_dag', 'download_dataset_task', 'scheduled__2023-01-03T00:00:00+00:00', '--job-id', '168', '--raw', '--subdir', 'DAGS_FOLDER/data_ingestion_gcp.py', '--cfg-path', '/tmp/tmpizd12v7g']
[2024-01-10T00:45:37.474+0000] {standard_task_runner.py:88} INFO - Job 168: Subtask download_dataset_task
[2024-01-10T00:45:37.891+0000] {task_command.py:423} INFO - Running <TaskInstance: data_ingestion_gcs_dag.download_dataset_task scheduled__2023-01-03T00:00:00+00:00 [running]> on host 35cf15b90cf8
[2024-01-10T00:45:38.048+0000] {warnings.py:109} WARNING - /home/***/.local/lib/python3.8/site-packages/***/utils/context.py:207: AirflowContextDeprecationWarning: Accessing 'execution_date' from the template is deprecated and will be removed in a future version. Please use 'data_interval_start' or 'logical_date' instead.
  warnings.warn(_create_deprecation_warning(key, self._deprecation_replacements[key]))

[2024-01-10T00:45:38.204+0000] {taskinstance.py:2481} INFO - Exporting env vars: AIRFLOW_CTX_DAG_OWNER='***' AIRFLOW_CTX_DAG_ID='data_ingestion_gcs_dag' AIRFLOW_CTX_TASK_ID='download_dataset_task' AIRFLOW_CTX_EXECUTION_DATE='2023-01-03T00:00:00+00:00' AIRFLOW_CTX_TRY_NUMBER='1' AIRFLOW_CTX_DAG_RUN_ID='scheduled__2023-01-03T00:00:00+00:00'
[2024-01-10T00:45:38.208+0000] {subprocess.py:63} INFO - Tmp dir root location: /tmp
[2024-01-10T00:45:38.212+0000] {subprocess.py:75} INFO - Running command: ['/usr/bin/bash', '-c', 'curl -sSL https://d37ci6vzurychx.cloudfront.net/trip-data/yellow_tripdata_2023-01.parquet > /opt/***/input_2023-01.parquet']
[2024-01-10T00:45:38.307+0000] {subprocess.py:86} INFO - Output:
[2024-01-10T00:45:39.464+0000] {subprocess.py:97} INFO - Command exited with return code 0
[2024-01-10T00:45:39.627+0000] {taskinstance.py:1138} INFO - Marking task as SUCCESS. dag_id=data_ingestion_gcs_dag, task_id=download_dataset_task, execution_date=20230103T000000, start_date=20240110T004536, end_date=20240110T004539
[2024-01-10T00:45:39.834+0000] {local_task_job_runner.py:234} INFO - Task exited with return code 0
[2024-01-10T00:45:40.115+0000] {taskinstance.py:3281} INFO - 1 downstream tasks scheduled from follow-on schedule check
[2024-01-10T00:57:51.570+0000] {taskinstance.py:1957} INFO - Dependencies all met for dep_context=non-requeueable deps ti=<TaskInstance: data_ingestion_gcs_dag.download_dataset_task scheduled__2023-01-03T00:00:00+00:00 [queued]>
[2024-01-10T00:57:51.648+0000] {taskinstance.py:1957} INFO - Dependencies all met for dep_context=requeueable deps ti=<TaskInstance: data_ingestion_gcs_dag.download_dataset_task scheduled__2023-01-03T00:00:00+00:00 [queued]>
[2024-01-10T00:57:51.648+0000] {taskinstance.py:2171} INFO - Starting attempt 1 of 1
[2024-01-10T00:57:51.665+0000] {taskinstance.py:2192} INFO - Executing <Task(BashOperator): download_dataset_task> on 2023-01-03 00:00:00+00:00
[2024-01-10T00:57:51.675+0000] {standard_task_runner.py:60} INFO - Started process 2735 to run task
[2024-01-10T00:57:51.682+0000] {standard_task_runner.py:87} INFO - Running: ['***', 'tasks', 'run', 'data_ingestion_gcs_dag', 'download_dataset_task', 'scheduled__2023-01-03T00:00:00+00:00', '--job-id', '723', '--raw', '--subdir', 'DAGS_FOLDER/data_ingestion_gcp.py', '--cfg-path', '/tmp/tmpsk40ze4s']
[2024-01-10T00:57:51.688+0000] {standard_task_runner.py:88} INFO - Job 723: Subtask download_dataset_task
[2024-01-10T00:57:51.761+0000] {task_command.py:423} INFO - Running <TaskInstance: data_ingestion_gcs_dag.download_dataset_task scheduled__2023-01-03T00:00:00+00:00 [running]> on host 35cf15b90cf8
[2024-01-10T00:57:51.833+0000] {warnings.py:109} WARNING - /home/***/.local/lib/python3.8/site-packages/***/utils/context.py:207: AirflowContextDeprecationWarning: Accessing 'execution_date' from the template is deprecated and will be removed in a future version. Please use 'data_interval_start' or 'logical_date' instead.
  warnings.warn(_create_deprecation_warning(key, self._deprecation_replacements[key]))

[2024-01-10T00:57:51.875+0000] {taskinstance.py:2481} INFO - Exporting env vars: AIRFLOW_CTX_DAG_OWNER='***' AIRFLOW_CTX_DAG_ID='data_ingestion_gcs_dag' AIRFLOW_CTX_TASK_ID='download_dataset_task' AIRFLOW_CTX_EXECUTION_DATE='2023-01-03T00:00:00+00:00' AIRFLOW_CTX_TRY_NUMBER='1' AIRFLOW_CTX_DAG_RUN_ID='scheduled__2023-01-03T00:00:00+00:00'
[2024-01-10T00:57:51.877+0000] {subprocess.py:63} INFO - Tmp dir root location: /tmp
[2024-01-10T00:57:51.878+0000] {subprocess.py:75} INFO - Running command: ['/usr/bin/bash', '-c', 'curl -sSL https://d37ci6vzurychx.cloudfront.net/trip-data/yellow_tripdata_2023-01.parquet > /opt/***/input_2023-01.parquet']
[2024-01-10T00:57:51.896+0000] {subprocess.py:86} INFO - Output:
[2024-01-10T00:57:52.270+0000] {subprocess.py:97} INFO - Command exited with return code 0
[2024-01-10T00:57:52.451+0000] {taskinstance.py:1138} INFO - Marking task as SUCCESS. dag_id=data_ingestion_gcs_dag, task_id=download_dataset_task, execution_date=20230103T000000, start_date=20240110T005751, end_date=20240110T005752
[2024-01-10T00:57:52.499+0000] {local_task_job_runner.py:234} INFO - Task exited with return code 0
[2024-01-10T00:57:52.535+0000] {taskinstance.py:3281} INFO - 1 downstream tasks scheduled from follow-on schedule check
