[2024-01-04T17:50:44.309+0000] {taskinstance.py:1957} INFO - Dependencies all met for dep_context=non-requeueable deps ti=<TaskInstance: Local_Data_Ingestion.wget scheduled__2023-08-02T07:00:00+00:00 [queued]>
[2024-01-04T17:50:44.386+0000] {taskinstance.py:1957} INFO - Dependencies all met for dep_context=requeueable deps ti=<TaskInstance: Local_Data_Ingestion.wget scheduled__2023-08-02T07:00:00+00:00 [queued]>
[2024-01-04T17:50:44.399+0000] {taskinstance.py:2171} INFO - Starting attempt 1 of 1
[2024-01-04T17:50:44.492+0000] {taskinstance.py:2192} INFO - Executing <Task(BashOperator): wget> on 2023-08-02 07:00:00+00:00
[2024-01-04T17:50:44.507+0000] {standard_task_runner.py:60} INFO - Started process 5809 to run task
[2024-01-04T17:50:44.535+0000] {standard_task_runner.py:87} INFO - Running: ['***', 'tasks', 'run', 'Local_Data_Ingestion', 'wget', 'scheduled__2023-08-02T07:00:00+00:00', '--job-id', '15', '--raw', '--subdir', 'DAGS_FOLDER/data_ingestion_local.py', '--cfg-path', '/tmp/tmp37mpoph4']
[2024-01-04T17:50:44.551+0000] {standard_task_runner.py:88} INFO - Job 15: Subtask wget
[2024-01-04T17:50:44.778+0000] {task_command.py:423} INFO - Running <TaskInstance: Local_Data_Ingestion.wget scheduled__2023-08-02T07:00:00+00:00 [running]> on host 6672c9b206ef
[2024-01-04T17:50:45.208+0000] {taskinstance.py:2481} INFO - Exporting env vars: AIRFLOW_CTX_DAG_OWNER='***' AIRFLOW_CTX_DAG_ID='Local_Data_Ingestion' AIRFLOW_CTX_TASK_ID='wget' AIRFLOW_CTX_EXECUTION_DATE='2023-08-02T07:00:00+00:00' AIRFLOW_CTX_TRY_NUMBER='1' AIRFLOW_CTX_DAG_RUN_ID='scheduled__2023-08-02T07:00:00+00:00'
[2024-01-04T17:50:45.210+0000] {subprocess.py:63} INFO - Tmp dir root location: /tmp
[2024-01-04T17:50:45.211+0000] {subprocess.py:75} INFO - Running command: ['/usr/bin/bash', '-c', 'echo "hello world"']
[2024-01-04T17:50:45.293+0000] {subprocess.py:86} INFO - Output:
[2024-01-04T17:50:45.308+0000] {subprocess.py:93} INFO - hello world
[2024-01-04T17:50:45.322+0000] {subprocess.py:97} INFO - Command exited with return code 0
[2024-01-04T17:50:45.462+0000] {taskinstance.py:1138} INFO - Marking task as SUCCESS. dag_id=Local_Data_Ingestion, task_id=wget, execution_date=20230802T070000, start_date=20240104T175044, end_date=20240104T175045
[2024-01-04T17:50:45.580+0000] {local_task_job_runner.py:234} INFO - Task exited with return code 0
[2024-01-04T17:50:45.734+0000] {taskinstance.py:3281} INFO - 1 downstream tasks scheduled from follow-on schedule check
[2024-01-04T17:54:41.066+0000] {taskinstance.py:1957} INFO - Dependencies all met for dep_context=non-requeueable deps ti=<TaskInstance: Local_Data_Ingestion.wget scheduled__2023-08-02T07:00:00+00:00 [queued]>
[2024-01-04T17:54:41.112+0000] {taskinstance.py:1957} INFO - Dependencies all met for dep_context=requeueable deps ti=<TaskInstance: Local_Data_Ingestion.wget scheduled__2023-08-02T07:00:00+00:00 [queued]>
[2024-01-04T17:54:41.113+0000] {taskinstance.py:2171} INFO - Starting attempt 1 of 1
[2024-01-04T17:54:41.275+0000] {taskinstance.py:2192} INFO - Executing <Task(BashOperator): wget> on 2023-08-02 07:00:00+00:00
[2024-01-04T17:54:41.286+0000] {standard_task_runner.py:60} INFO - Started process 5949 to run task
[2024-01-04T17:54:41.379+0000] {standard_task_runner.py:87} INFO - Running: ['***', 'tasks', 'run', 'Local_Data_Ingestion', 'wget', 'scheduled__2023-08-02T07:00:00+00:00', '--job-id', '44', '--raw', '--subdir', 'DAGS_FOLDER/data_ingestion_local.py', '--cfg-path', '/tmp/tmp75vqh7w3']
[2024-01-04T17:54:41.393+0000] {standard_task_runner.py:88} INFO - Job 44: Subtask wget
[2024-01-04T17:54:41.791+0000] {task_command.py:423} INFO - Running <TaskInstance: Local_Data_Ingestion.wget scheduled__2023-08-02T07:00:00+00:00 [running]> on host 6672c9b206ef
[2024-01-04T17:54:42.383+0000] {taskinstance.py:2481} INFO - Exporting env vars: AIRFLOW_CTX_DAG_OWNER='***' AIRFLOW_CTX_DAG_ID='Local_Data_Ingestion' AIRFLOW_CTX_TASK_ID='wget' AIRFLOW_CTX_EXECUTION_DATE='2023-08-02T07:00:00+00:00' AIRFLOW_CTX_TRY_NUMBER='1' AIRFLOW_CTX_DAG_RUN_ID='scheduled__2023-08-02T07:00:00+00:00'
[2024-01-04T17:54:42.389+0000] {subprocess.py:63} INFO - Tmp dir root location: /tmp
[2024-01-04T17:54:42.390+0000] {subprocess.py:75} INFO - Running command: ['/usr/bin/bash', '-c', 'echo "hello world"']
[2024-01-04T17:54:42.461+0000] {subprocess.py:86} INFO - Output:
[2024-01-04T17:54:42.471+0000] {subprocess.py:93} INFO - hello world
[2024-01-04T17:54:42.505+0000] {subprocess.py:97} INFO - Command exited with return code 0
[2024-01-04T17:54:42.610+0000] {taskinstance.py:1138} INFO - Marking task as SUCCESS. dag_id=Local_Data_Ingestion, task_id=wget, execution_date=20230802T070000, start_date=20240104T175441, end_date=20240104T175442
[2024-01-04T17:54:42.740+0000] {local_task_job_runner.py:234} INFO - Task exited with return code 0
[2024-01-04T17:54:42.865+0000] {taskinstance.py:3281} INFO - 1 downstream tasks scheduled from follow-on schedule check
[2024-01-04T18:09:29.844+0000] {taskinstance.py:1957} INFO - Dependencies all met for dep_context=non-requeueable deps ti=<TaskInstance: Local_Data_Ingestion.wget scheduled__2023-08-02T07:00:00+00:00 [queued]>
[2024-01-04T18:09:29.909+0000] {taskinstance.py:1957} INFO - Dependencies all met for dep_context=requeueable deps ti=<TaskInstance: Local_Data_Ingestion.wget scheduled__2023-08-02T07:00:00+00:00 [queued]>
[2024-01-04T18:09:29.910+0000] {taskinstance.py:2171} INFO - Starting attempt 1 of 1
[2024-01-04T18:09:30.143+0000] {taskinstance.py:2192} INFO - Executing <Task(BashOperator): wget> on 2023-08-02 07:00:00+00:00
[2024-01-04T18:09:30.160+0000] {standard_task_runner.py:60} INFO - Started process 6259 to run task
[2024-01-04T18:09:30.260+0000] {standard_task_runner.py:87} INFO - Running: ['***', 'tasks', 'run', 'Local_Data_Ingestion', 'wget', 'scheduled__2023-08-02T07:00:00+00:00', '--job-id', '70', '--raw', '--subdir', 'DAGS_FOLDER/data_ingestion_local.py', '--cfg-path', '/tmp/tmpocj9td96']
[2024-01-04T18:09:30.264+0000] {standard_task_runner.py:88} INFO - Job 70: Subtask wget
[2024-01-04T18:09:30.627+0000] {task_command.py:423} INFO - Running <TaskInstance: Local_Data_Ingestion.wget scheduled__2023-08-02T07:00:00+00:00 [running]> on host 6672c9b206ef
[2024-01-04T18:09:31.204+0000] {taskinstance.py:2481} INFO - Exporting env vars: AIRFLOW_CTX_DAG_OWNER='***' AIRFLOW_CTX_DAG_ID='Local_Data_Ingestion' AIRFLOW_CTX_TASK_ID='wget' AIRFLOW_CTX_EXECUTION_DATE='2023-08-02T07:00:00+00:00' AIRFLOW_CTX_TRY_NUMBER='1' AIRFLOW_CTX_DAG_RUN_ID='scheduled__2023-08-02T07:00:00+00:00'
[2024-01-04T18:09:31.207+0000] {subprocess.py:63} INFO - Tmp dir root location: /tmp
[2024-01-04T18:09:31.209+0000] {subprocess.py:75} INFO - Running command: ['/usr/bin/bash', '-c', 'echo "hello world"']
[2024-01-04T18:09:31.286+0000] {subprocess.py:86} INFO - Output:
[2024-01-04T18:09:31.291+0000] {subprocess.py:93} INFO - hello world
[2024-01-04T18:09:31.292+0000] {subprocess.py:97} INFO - Command exited with return code 0
[2024-01-04T18:09:31.406+0000] {taskinstance.py:1138} INFO - Marking task as SUCCESS. dag_id=Local_Data_Ingestion, task_id=wget, execution_date=20230802T070000, start_date=20240104T180929, end_date=20240104T180931
[2024-01-04T18:09:31.556+0000] {local_task_job_runner.py:234} INFO - Task exited with return code 0
[2024-01-04T18:09:31.652+0000] {taskinstance.py:3281} INFO - 1 downstream tasks scheduled from follow-on schedule check
