[2024-01-10T00:45:59.288+0000] {taskinstance.py:1957} INFO - Dependencies all met for dep_context=non-requeueable deps ti=<TaskInstance: data_ingestion_gcs_dag.local_to_gcs_task scheduled__2023-01-12T00:00:00+00:00 [queued]>
[2024-01-10T00:45:59.447+0000] {taskinstance.py:1957} INFO - Dependencies all met for dep_context=requeueable deps ti=<TaskInstance: data_ingestion_gcs_dag.local_to_gcs_task scheduled__2023-01-12T00:00:00+00:00 [queued]>
[2024-01-10T00:45:59.447+0000] {taskinstance.py:2171} INFO - Starting attempt 1 of 1
[2024-01-10T00:45:59.777+0000] {taskinstance.py:2192} INFO - Executing <Task(PythonOperator): local_to_gcs_task> on 2023-01-12 00:00:00+00:00
[2024-01-10T00:45:59.832+0000] {standard_task_runner.py:60} INFO - Started process 478 to run task
[2024-01-10T00:45:59.910+0000] {standard_task_runner.py:87} INFO - Running: ['***', 'tasks', 'run', 'data_ingestion_gcs_dag', 'local_to_gcs_task', 'scheduled__2023-01-12T00:00:00+00:00', '--job-id', '193', '--raw', '--subdir', 'DAGS_FOLDER/data_ingestion_gcp.py', '--cfg-path', '/tmp/tmpcwpn9uf6']
[2024-01-10T00:45:59.921+0000] {standard_task_runner.py:88} INFO - Job 193: Subtask local_to_gcs_task
[2024-01-10T00:46:00.486+0000] {task_command.py:423} INFO - Running <TaskInstance: data_ingestion_gcs_dag.local_to_gcs_task scheduled__2023-01-12T00:00:00+00:00 [running]> on host 35cf15b90cf8
[2024-01-10T00:46:00.800+0000] {warnings.py:109} WARNING - /home/***/.local/lib/python3.8/site-packages/***/utils/context.py:207: AirflowContextDeprecationWarning: Accessing 'execution_date' from the template is deprecated and will be removed in a future version. Please use 'data_interval_start' or 'logical_date' instead.
  warnings.warn(_create_deprecation_warning(key, self._deprecation_replacements[key]))

[2024-01-10T00:46:01.206+0000] {taskinstance.py:2481} INFO - Exporting env vars: AIRFLOW_CTX_DAG_OWNER='***' AIRFLOW_CTX_DAG_ID='data_ingestion_gcs_dag' AIRFLOW_CTX_TASK_ID='local_to_gcs_task' AIRFLOW_CTX_EXECUTION_DATE='2023-01-12T00:00:00+00:00' AIRFLOW_CTX_TRY_NUMBER='1' AIRFLOW_CTX_DAG_RUN_ID='scheduled__2023-01-12T00:00:00+00:00'
[2024-01-10T00:46:02.002+0000] {ingest_data_gcp_script.py:24} INFO - Starting upload of /opt/***/input_2023-01.parquet to raw/yellow_tripdata_2023_01.parquet
[2024-01-10T00:46:04.078+0000] {ingest_data_gcp_script.py:29} INFO - Finished upload of /opt/***/input_2023-01.parquet to raw/yellow_tripdata_2023_01.parquet
[2024-01-10T00:46:04.079+0000] {python.py:201} INFO - Done. Returned value was: https://storage.googleapis.com/dtc-de-project1-terra-bucket/raw/yellow_tripdata_2023_01.parquet
[2024-01-10T00:46:04.168+0000] {taskinstance.py:1138} INFO - Marking task as SUCCESS. dag_id=data_ingestion_gcs_dag, task_id=local_to_gcs_task, execution_date=20230112T000000, start_date=20240110T004559, end_date=20240110T004604
[2024-01-10T00:46:04.379+0000] {local_task_job_runner.py:234} INFO - Task exited with return code 0
[2024-01-10T00:46:04.545+0000] {taskinstance.py:3281} INFO - 1 downstream tasks scheduled from follow-on schedule check
[2024-01-10T00:59:26.069+0000] {taskinstance.py:1957} INFO - Dependencies all met for dep_context=non-requeueable deps ti=<TaskInstance: data_ingestion_gcs_dag.local_to_gcs_task scheduled__2023-01-12T00:00:00+00:00 [queued]>
[2024-01-10T00:59:26.132+0000] {taskinstance.py:1957} INFO - Dependencies all met for dep_context=requeueable deps ti=<TaskInstance: data_ingestion_gcs_dag.local_to_gcs_task scheduled__2023-01-12T00:00:00+00:00 [queued]>
[2024-01-10T00:59:26.132+0000] {taskinstance.py:2171} INFO - Starting attempt 1 of 1
[2024-01-10T00:59:26.151+0000] {taskinstance.py:2192} INFO - Executing <Task(PythonOperator): local_to_gcs_task> on 2023-01-12 00:00:00+00:00
[2024-01-10T00:59:26.161+0000] {standard_task_runner.py:60} INFO - Started process 2867 to run task
[2024-01-10T00:59:26.167+0000] {standard_task_runner.py:87} INFO - Running: ['***', 'tasks', 'run', 'data_ingestion_gcs_dag', 'local_to_gcs_task', 'scheduled__2023-01-12T00:00:00+00:00', '--job-id', '751', '--raw', '--subdir', 'DAGS_FOLDER/data_ingestion_gcp.py', '--cfg-path', '/tmp/tmpacpwz2r0']
[2024-01-10T00:59:26.172+0000] {standard_task_runner.py:88} INFO - Job 751: Subtask local_to_gcs_task
[2024-01-10T00:59:26.240+0000] {task_command.py:423} INFO - Running <TaskInstance: data_ingestion_gcs_dag.local_to_gcs_task scheduled__2023-01-12T00:00:00+00:00 [running]> on host 35cf15b90cf8
[2024-01-10T00:59:26.305+0000] {warnings.py:109} WARNING - /home/***/.local/lib/python3.8/site-packages/***/utils/context.py:207: AirflowContextDeprecationWarning: Accessing 'execution_date' from the template is deprecated and will be removed in a future version. Please use 'data_interval_start' or 'logical_date' instead.
  warnings.warn(_create_deprecation_warning(key, self._deprecation_replacements[key]))

[2024-01-10T00:59:26.350+0000] {taskinstance.py:2481} INFO - Exporting env vars: AIRFLOW_CTX_DAG_OWNER='***' AIRFLOW_CTX_DAG_ID='data_ingestion_gcs_dag' AIRFLOW_CTX_TASK_ID='local_to_gcs_task' AIRFLOW_CTX_EXECUTION_DATE='2023-01-12T00:00:00+00:00' AIRFLOW_CTX_TRY_NUMBER='1' AIRFLOW_CTX_DAG_RUN_ID='scheduled__2023-01-12T00:00:00+00:00'
[2024-01-10T00:59:26.459+0000] {ingest_data_gcp_script.py:24} INFO - Starting upload of /opt/***/input_2023-01.parquet to raw/yellow_tripdata_2023_01.parquet
[2024-01-10T00:59:27.711+0000] {ingest_data_gcp_script.py:29} INFO - Finished upload of /opt/***/input_2023-01.parquet to raw/yellow_tripdata_2023_01.parquet
[2024-01-10T00:59:27.712+0000] {python.py:201} INFO - Done. Returned value was: https://storage.googleapis.com/dtc-de-project1-terra-bucket/raw/yellow_tripdata_2023_01.parquet
[2024-01-10T00:59:27.741+0000] {taskinstance.py:1138} INFO - Marking task as SUCCESS. dag_id=data_ingestion_gcs_dag, task_id=local_to_gcs_task, execution_date=20230112T000000, start_date=20240110T005926, end_date=20240110T005927
[2024-01-10T00:59:27.792+0000] {local_task_job_runner.py:234} INFO - Task exited with return code 0
[2024-01-10T00:59:27.822+0000] {taskinstance.py:3281} INFO - 1 downstream tasks scheduled from follow-on schedule check
