[2024-01-10T00:46:14.398+0000] {taskinstance.py:1957} INFO - Dependencies all met for dep_context=non-requeueable deps ti=<TaskInstance: data_ingestion_gcs_dag.bigquery_external_table_task scheduled__2023-01-15T00:00:00+00:00 [queued]>
[2024-01-10T00:46:14.471+0000] {taskinstance.py:1957} INFO - Dependencies all met for dep_context=requeueable deps ti=<TaskInstance: data_ingestion_gcs_dag.bigquery_external_table_task scheduled__2023-01-15T00:00:00+00:00 [queued]>
[2024-01-10T00:46:14.471+0000] {taskinstance.py:2171} INFO - Starting attempt 1 of 1
[2024-01-10T00:46:14.535+0000] {taskinstance.py:2192} INFO - Executing <Task(BigQueryCreateExternalTableOperator): bigquery_external_table_task> on 2023-01-15 00:00:00+00:00
[2024-01-10T00:46:14.568+0000] {standard_task_runner.py:60} INFO - Started process 525 to run task
[2024-01-10T00:46:14.610+0000] {standard_task_runner.py:87} INFO - Running: ['***', 'tasks', 'run', 'data_ingestion_gcs_dag', 'bigquery_external_table_task', 'scheduled__2023-01-15T00:00:00+00:00', '--job-id', '213', '--raw', '--subdir', 'DAGS_FOLDER/data_ingestion_gcp.py', '--cfg-path', '/tmp/tmpdurszy2c']
[2024-01-10T00:46:14.639+0000] {standard_task_runner.py:88} INFO - Job 213: Subtask bigquery_external_table_task
[2024-01-10T00:46:14.987+0000] {task_command.py:423} INFO - Running <TaskInstance: data_ingestion_gcs_dag.bigquery_external_table_task scheduled__2023-01-15T00:00:00+00:00 [running]> on host 35cf15b90cf8
[2024-01-10T00:46:15.221+0000] {warnings.py:109} WARNING - /home/***/.local/lib/python3.8/site-packages/***/utils/context.py:207: AirflowContextDeprecationWarning: Accessing 'execution_date' from the template is deprecated and will be removed in a future version. Please use 'data_interval_start' or 'logical_date' instead.
  warnings.warn(_create_deprecation_warning(key, self._deprecation_replacements[key]))

[2024-01-10T00:46:15.420+0000] {taskinstance.py:2481} INFO - Exporting env vars: AIRFLOW_CTX_DAG_OWNER='***' AIRFLOW_CTX_DAG_ID='data_ingestion_gcs_dag' AIRFLOW_CTX_TASK_ID='bigquery_external_table_task' AIRFLOW_CTX_EXECUTION_DATE='2023-01-15T00:00:00+00:00' AIRFLOW_CTX_TRY_NUMBER='1' AIRFLOW_CTX_DAG_RUN_ID='scheduled__2023-01-15T00:00:00+00:00'
[2024-01-10T00:46:15.424+0000] {crypto.py:82} WARNING - empty cryptography key - values will not be stored encrypted.
[2024-01-10T00:46:15.433+0000] {connection.py:234} WARNING - Connection schemes (type: google_cloud_platform) shall not contain '_' according to RFC3986.
[2024-01-10T00:46:15.448+0000] {base.py:83} INFO - Using connection ID 'google_cloud_default' for task execution.
[2024-01-10T00:46:16.430+0000] {taskinstance.py:1138} INFO - Marking task as SUCCESS. dag_id=data_ingestion_gcs_dag, task_id=bigquery_external_table_task, execution_date=20230115T000000, start_date=20240110T004614, end_date=20240110T004616
[2024-01-10T00:46:16.495+0000] {local_task_job_runner.py:234} INFO - Task exited with return code 0
[2024-01-10T00:46:16.529+0000] {taskinstance.py:3281} INFO - 0 downstream tasks scheduled from follow-on schedule check
[2024-01-10T01:00:28.970+0000] {taskinstance.py:1957} INFO - Dependencies all met for dep_context=non-requeueable deps ti=<TaskInstance: data_ingestion_gcs_dag.bigquery_external_table_task scheduled__2023-01-15T00:00:00+00:00 [queued]>
[2024-01-10T01:00:29.009+0000] {taskinstance.py:1957} INFO - Dependencies all met for dep_context=requeueable deps ti=<TaskInstance: data_ingestion_gcs_dag.bigquery_external_table_task scheduled__2023-01-15T00:00:00+00:00 [queued]>
[2024-01-10T01:00:29.009+0000] {taskinstance.py:2171} INFO - Starting attempt 1 of 1
[2024-01-10T01:00:29.029+0000] {taskinstance.py:2192} INFO - Executing <Task(BigQueryCreateExternalTableOperator): bigquery_external_table_task> on 2023-01-15 00:00:00+00:00
[2024-01-10T01:00:29.038+0000] {standard_task_runner.py:60} INFO - Started process 2935 to run task
[2024-01-10T01:00:29.045+0000] {standard_task_runner.py:87} INFO - Running: ['***', 'tasks', 'run', 'data_ingestion_gcs_dag', 'bigquery_external_table_task', 'scheduled__2023-01-15T00:00:00+00:00', '--job-id', '764', '--raw', '--subdir', 'DAGS_FOLDER/data_ingestion_gcp.py', '--cfg-path', '/tmp/tmp7w3xll4w']
[2024-01-10T01:00:29.051+0000] {standard_task_runner.py:88} INFO - Job 764: Subtask bigquery_external_table_task
[2024-01-10T01:00:29.117+0000] {task_command.py:423} INFO - Running <TaskInstance: data_ingestion_gcs_dag.bigquery_external_table_task scheduled__2023-01-15T00:00:00+00:00 [running]> on host 35cf15b90cf8
[2024-01-10T01:00:29.204+0000] {warnings.py:109} WARNING - /home/***/.local/lib/python3.8/site-packages/***/utils/context.py:207: AirflowContextDeprecationWarning: Accessing 'execution_date' from the template is deprecated and will be removed in a future version. Please use 'data_interval_start' or 'logical_date' instead.
  warnings.warn(_create_deprecation_warning(key, self._deprecation_replacements[key]))

[2024-01-10T01:00:29.250+0000] {taskinstance.py:2481} INFO - Exporting env vars: AIRFLOW_CTX_DAG_OWNER='***' AIRFLOW_CTX_DAG_ID='data_ingestion_gcs_dag' AIRFLOW_CTX_TASK_ID='bigquery_external_table_task' AIRFLOW_CTX_EXECUTION_DATE='2023-01-15T00:00:00+00:00' AIRFLOW_CTX_TRY_NUMBER='1' AIRFLOW_CTX_DAG_RUN_ID='scheduled__2023-01-15T00:00:00+00:00'
[2024-01-10T01:00:29.253+0000] {crypto.py:82} WARNING - empty cryptography key - values will not be stored encrypted.
[2024-01-10T01:00:29.254+0000] {connection.py:234} WARNING - Connection schemes (type: google_cloud_platform) shall not contain '_' according to RFC3986.
[2024-01-10T01:00:29.255+0000] {base.py:83} INFO - Using connection ID 'google_cloud_default' for task execution.
[2024-01-10T01:00:29.725+0000] {taskinstance.py:1138} INFO - Marking task as SUCCESS. dag_id=data_ingestion_gcs_dag, task_id=bigquery_external_table_task, execution_date=20230115T000000, start_date=20240110T010028, end_date=20240110T010029
[2024-01-10T01:00:29.779+0000] {local_task_job_runner.py:234} INFO - Task exited with return code 0
[2024-01-10T01:00:29.803+0000] {taskinstance.py:3281} INFO - 0 downstream tasks scheduled from follow-on schedule check
