[2024-01-04T17:50:48.178+0000] {taskinstance.py:1957} INFO - Dependencies all met for dep_context=non-requeueable deps ti=<TaskInstance: Local_Data_Ingestion.ingest scheduled__2023-09-02T07:00:00+00:00 [queued]>
[2024-01-04T17:50:48.203+0000] {taskinstance.py:1957} INFO - Dependencies all met for dep_context=requeueable deps ti=<TaskInstance: Local_Data_Ingestion.ingest scheduled__2023-09-02T07:00:00+00:00 [queued]>
[2024-01-04T17:50:48.204+0000] {taskinstance.py:2171} INFO - Starting attempt 1 of 1
[2024-01-04T17:50:48.239+0000] {taskinstance.py:2192} INFO - Executing <Task(BashOperator): ingest> on 2023-09-02 07:00:00+00:00
[2024-01-04T17:50:48.250+0000] {standard_task_runner.py:60} INFO - Started process 5840 to run task
[2024-01-04T17:50:48.280+0000] {standard_task_runner.py:87} INFO - Running: ['***', 'tasks', 'run', 'Local_Data_Ingestion', 'ingest', 'scheduled__2023-09-02T07:00:00+00:00', '--job-id', '30', '--raw', '--subdir', 'DAGS_FOLDER/data_ingestion_local.py', '--cfg-path', '/tmp/tmpndngd7df']
[2024-01-04T17:50:48.282+0000] {standard_task_runner.py:88} INFO - Job 30: Subtask ingest
[2024-01-04T17:50:48.539+0000] {task_command.py:423} INFO - Running <TaskInstance: Local_Data_Ingestion.ingest scheduled__2023-09-02T07:00:00+00:00 [running]> on host 6672c9b206ef
[2024-01-04T17:50:48.877+0000] {taskinstance.py:2481} INFO - Exporting env vars: AIRFLOW_CTX_DAG_OWNER='***' AIRFLOW_CTX_DAG_ID='Local_Data_Ingestion' AIRFLOW_CTX_TASK_ID='ingest' AIRFLOW_CTX_EXECUTION_DATE='2023-09-02T07:00:00+00:00' AIRFLOW_CTX_TRY_NUMBER='1' AIRFLOW_CTX_DAG_RUN_ID='scheduled__2023-09-02T07:00:00+00:00'
[2024-01-04T17:50:48.879+0000] {subprocess.py:63} INFO - Tmp dir root location: /tmp
[2024-01-04T17:50:48.880+0000] {subprocess.py:75} INFO - Running command: ['/usr/bin/bash', '-c', 'echo "hello world"']
[2024-01-04T17:50:48.910+0000] {subprocess.py:86} INFO - Output:
[2024-01-04T17:50:48.925+0000] {subprocess.py:93} INFO - hello world
[2024-01-04T17:50:48.933+0000] {subprocess.py:97} INFO - Command exited with return code 0
[2024-01-04T17:50:49.001+0000] {taskinstance.py:1138} INFO - Marking task as SUCCESS. dag_id=Local_Data_Ingestion, task_id=ingest, execution_date=20230902T070000, start_date=20240104T175048, end_date=20240104T175049
[2024-01-04T17:50:49.075+0000] {local_task_job_runner.py:234} INFO - Task exited with return code 0
[2024-01-04T17:50:49.097+0000] {taskinstance.py:3281} INFO - 0 downstream tasks scheduled from follow-on schedule check
[2024-01-04T17:54:45.510+0000] {taskinstance.py:1957} INFO - Dependencies all met for dep_context=non-requeueable deps ti=<TaskInstance: Local_Data_Ingestion.ingest scheduled__2023-09-02T07:00:00+00:00 [queued]>
[2024-01-04T17:54:45.537+0000] {taskinstance.py:1957} INFO - Dependencies all met for dep_context=requeueable deps ti=<TaskInstance: Local_Data_Ingestion.ingest scheduled__2023-09-02T07:00:00+00:00 [queued]>
[2024-01-04T17:54:45.538+0000] {taskinstance.py:2171} INFO - Starting attempt 1 of 1
[2024-01-04T17:54:45.582+0000] {taskinstance.py:2192} INFO - Executing <Task(BashOperator): ingest> on 2023-09-02 07:00:00+00:00
[2024-01-04T17:54:45.594+0000] {standard_task_runner.py:60} INFO - Started process 5990 to run task
[2024-01-04T17:54:45.602+0000] {standard_task_runner.py:87} INFO - Running: ['***', 'tasks', 'run', 'Local_Data_Ingestion', 'ingest', 'scheduled__2023-09-02T07:00:00+00:00', '--job-id', '56', '--raw', '--subdir', 'DAGS_FOLDER/data_ingestion_local.py', '--cfg-path', '/tmp/tmpv54w2tz1']
[2024-01-04T17:54:45.604+0000] {standard_task_runner.py:88} INFO - Job 56: Subtask ingest
[2024-01-04T17:54:45.719+0000] {task_command.py:423} INFO - Running <TaskInstance: Local_Data_Ingestion.ingest scheduled__2023-09-02T07:00:00+00:00 [running]> on host 6672c9b206ef
[2024-01-04T17:54:45.904+0000] {taskinstance.py:2481} INFO - Exporting env vars: AIRFLOW_CTX_DAG_OWNER='***' AIRFLOW_CTX_DAG_ID='Local_Data_Ingestion' AIRFLOW_CTX_TASK_ID='ingest' AIRFLOW_CTX_EXECUTION_DATE='2023-09-02T07:00:00+00:00' AIRFLOW_CTX_TRY_NUMBER='1' AIRFLOW_CTX_DAG_RUN_ID='scheduled__2023-09-02T07:00:00+00:00'
[2024-01-04T17:54:45.909+0000] {subprocess.py:63} INFO - Tmp dir root location: /tmp
[2024-01-04T17:54:45.910+0000] {subprocess.py:75} INFO - Running command: ['/usr/bin/bash', '-c', 'echo "hello world"']
[2024-01-04T17:54:45.926+0000] {subprocess.py:86} INFO - Output:
[2024-01-04T17:54:45.930+0000] {subprocess.py:93} INFO - hello world
[2024-01-04T17:54:45.931+0000] {subprocess.py:97} INFO - Command exited with return code 0
[2024-01-04T17:54:45.972+0000] {taskinstance.py:1138} INFO - Marking task as SUCCESS. dag_id=Local_Data_Ingestion, task_id=ingest, execution_date=20230902T070000, start_date=20240104T175445, end_date=20240104T175445
[2024-01-04T17:54:46.033+0000] {local_task_job_runner.py:234} INFO - Task exited with return code 0
[2024-01-04T17:54:46.072+0000] {taskinstance.py:3281} INFO - 0 downstream tasks scheduled from follow-on schedule check
[2024-01-04T18:09:33.896+0000] {taskinstance.py:1957} INFO - Dependencies all met for dep_context=non-requeueable deps ti=<TaskInstance: Local_Data_Ingestion.ingest scheduled__2023-09-02T07:00:00+00:00 [queued]>
[2024-01-04T18:09:33.917+0000] {taskinstance.py:1957} INFO - Dependencies all met for dep_context=requeueable deps ti=<TaskInstance: Local_Data_Ingestion.ingest scheduled__2023-09-02T07:00:00+00:00 [queued]>
[2024-01-04T18:09:33.918+0000] {taskinstance.py:2171} INFO - Starting attempt 1 of 1
[2024-01-04T18:09:33.953+0000] {taskinstance.py:2192} INFO - Executing <Task(BashOperator): ingest> on 2023-09-02 07:00:00+00:00
[2024-01-04T18:09:33.960+0000] {standard_task_runner.py:60} INFO - Started process 6286 to run task
[2024-01-04T18:09:33.983+0000] {standard_task_runner.py:87} INFO - Running: ['***', 'tasks', 'run', 'Local_Data_Ingestion', 'ingest', 'scheduled__2023-09-02T07:00:00+00:00', '--job-id', '81', '--raw', '--subdir', 'DAGS_FOLDER/data_ingestion_local.py', '--cfg-path', '/tmp/tmphhy0vnwu']
[2024-01-04T18:09:33.990+0000] {standard_task_runner.py:88} INFO - Job 81: Subtask ingest
[2024-01-04T18:09:34.139+0000] {task_command.py:423} INFO - Running <TaskInstance: Local_Data_Ingestion.ingest scheduled__2023-09-02T07:00:00+00:00 [running]> on host 6672c9b206ef
[2024-01-04T18:09:34.413+0000] {taskinstance.py:2481} INFO - Exporting env vars: AIRFLOW_CTX_DAG_OWNER='***' AIRFLOW_CTX_DAG_ID='Local_Data_Ingestion' AIRFLOW_CTX_TASK_ID='ingest' AIRFLOW_CTX_EXECUTION_DATE='2023-09-02T07:00:00+00:00' AIRFLOW_CTX_TRY_NUMBER='1' AIRFLOW_CTX_DAG_RUN_ID='scheduled__2023-09-02T07:00:00+00:00'
[2024-01-04T18:09:34.415+0000] {subprocess.py:63} INFO - Tmp dir root location: /tmp
[2024-01-04T18:09:34.416+0000] {subprocess.py:75} INFO - Running command: ['/usr/bin/bash', '-c', 'pwd']
[2024-01-04T18:09:34.486+0000] {subprocess.py:86} INFO - Output:
[2024-01-04T18:09:34.495+0000] {subprocess.py:93} INFO - /tmp/***tmp2k19hqed
[2024-01-04T18:09:34.496+0000] {subprocess.py:97} INFO - Command exited with return code 0
[2024-01-04T18:09:34.591+0000] {taskinstance.py:1138} INFO - Marking task as SUCCESS. dag_id=Local_Data_Ingestion, task_id=ingest, execution_date=20230902T070000, start_date=20240104T180933, end_date=20240104T180934
[2024-01-04T18:09:34.702+0000] {local_task_job_runner.py:234} INFO - Task exited with return code 0
[2024-01-04T18:09:34.834+0000] {taskinstance.py:3281} INFO - 0 downstream tasks scheduled from follow-on schedule check
