[2024-01-10T00:45:41.574+0000] {taskinstance.py:1957} INFO - Dependencies all met for dep_context=non-requeueable deps ti=<TaskInstance: data_ingestion_gcs_dag.download_dataset_task scheduled__2023-01-06T00:00:00+00:00 [queued]>
[2024-01-10T00:45:41.662+0000] {taskinstance.py:1957} INFO - Dependencies all met for dep_context=requeueable deps ti=<TaskInstance: data_ingestion_gcs_dag.download_dataset_task scheduled__2023-01-06T00:00:00+00:00 [queued]>
[2024-01-10T00:45:41.663+0000] {taskinstance.py:2171} INFO - Starting attempt 1 of 1
[2024-01-10T00:45:41.809+0000] {taskinstance.py:2192} INFO - Executing <Task(BashOperator): download_dataset_task> on 2023-01-06 00:00:00+00:00
[2024-01-10T00:45:41.848+0000] {standard_task_runner.py:60} INFO - Started process 383 to run task
[2024-01-10T00:45:41.873+0000] {standard_task_runner.py:87} INFO - Running: ['***', 'tasks', 'run', 'data_ingestion_gcs_dag', 'download_dataset_task', 'scheduled__2023-01-06T00:00:00+00:00', '--job-id', '172', '--raw', '--subdir', 'DAGS_FOLDER/data_ingestion_gcp.py', '--cfg-path', '/tmp/tmp8lo1uh3h']
[2024-01-10T00:45:41.902+0000] {standard_task_runner.py:88} INFO - Job 172: Subtask download_dataset_task
[2024-01-10T00:45:42.264+0000] {task_command.py:423} INFO - Running <TaskInstance: data_ingestion_gcs_dag.download_dataset_task scheduled__2023-01-06T00:00:00+00:00 [running]> on host 35cf15b90cf8
[2024-01-10T00:45:42.952+0000] {warnings.py:109} WARNING - /home/***/.local/lib/python3.8/site-packages/***/utils/context.py:207: AirflowContextDeprecationWarning: Accessing 'execution_date' from the template is deprecated and will be removed in a future version. Please use 'data_interval_start' or 'logical_date' instead.
  warnings.warn(_create_deprecation_warning(key, self._deprecation_replacements[key]))

[2024-01-10T00:45:43.300+0000] {taskinstance.py:2481} INFO - Exporting env vars: AIRFLOW_CTX_DAG_OWNER='***' AIRFLOW_CTX_DAG_ID='data_ingestion_gcs_dag' AIRFLOW_CTX_TASK_ID='download_dataset_task' AIRFLOW_CTX_EXECUTION_DATE='2023-01-06T00:00:00+00:00' AIRFLOW_CTX_TRY_NUMBER='1' AIRFLOW_CTX_DAG_RUN_ID='scheduled__2023-01-06T00:00:00+00:00'
[2024-01-10T00:45:43.332+0000] {subprocess.py:63} INFO - Tmp dir root location: /tmp
[2024-01-10T00:45:43.333+0000] {subprocess.py:75} INFO - Running command: ['/usr/bin/bash', '-c', 'curl -sSL https://d37ci6vzurychx.cloudfront.net/trip-data/yellow_tripdata_2023-01.parquet > /opt/***/input_2023-01.parquet']
[2024-01-10T00:45:43.421+0000] {subprocess.py:86} INFO - Output:
[2024-01-10T00:45:44.876+0000] {subprocess.py:97} INFO - Command exited with return code 0
[2024-01-10T00:45:44.975+0000] {taskinstance.py:1138} INFO - Marking task as SUCCESS. dag_id=data_ingestion_gcs_dag, task_id=download_dataset_task, execution_date=20230106T000000, start_date=20240110T004541, end_date=20240110T004544
[2024-01-10T00:45:45.163+0000] {local_task_job_runner.py:234} INFO - Task exited with return code 0
[2024-01-10T00:45:45.361+0000] {taskinstance.py:3281} INFO - 1 downstream tasks scheduled from follow-on schedule check
[2024-01-10T00:58:22.003+0000] {taskinstance.py:1957} INFO - Dependencies all met for dep_context=non-requeueable deps ti=<TaskInstance: data_ingestion_gcs_dag.download_dataset_task scheduled__2023-01-06T00:00:00+00:00 [queued]>
[2024-01-10T00:58:22.035+0000] {taskinstance.py:1957} INFO - Dependencies all met for dep_context=requeueable deps ti=<TaskInstance: data_ingestion_gcs_dag.download_dataset_task scheduled__2023-01-06T00:00:00+00:00 [queued]>
[2024-01-10T00:58:22.036+0000] {taskinstance.py:2171} INFO - Starting attempt 1 of 1
[2024-01-10T00:58:22.062+0000] {taskinstance.py:2192} INFO - Executing <Task(BashOperator): download_dataset_task> on 2023-01-06 00:00:00+00:00
[2024-01-10T00:58:22.073+0000] {standard_task_runner.py:60} INFO - Started process 2780 to run task
[2024-01-10T00:58:22.078+0000] {standard_task_runner.py:87} INFO - Running: ['***', 'tasks', 'run', 'data_ingestion_gcs_dag', 'download_dataset_task', 'scheduled__2023-01-06T00:00:00+00:00', '--job-id', '732', '--raw', '--subdir', 'DAGS_FOLDER/data_ingestion_gcp.py', '--cfg-path', '/tmp/tmp9h3j0qet']
[2024-01-10T00:58:22.083+0000] {standard_task_runner.py:88} INFO - Job 732: Subtask download_dataset_task
[2024-01-10T00:58:22.154+0000] {task_command.py:423} INFO - Running <TaskInstance: data_ingestion_gcs_dag.download_dataset_task scheduled__2023-01-06T00:00:00+00:00 [running]> on host 35cf15b90cf8
[2024-01-10T00:58:22.226+0000] {warnings.py:109} WARNING - /home/***/.local/lib/python3.8/site-packages/***/utils/context.py:207: AirflowContextDeprecationWarning: Accessing 'execution_date' from the template is deprecated and will be removed in a future version. Please use 'data_interval_start' or 'logical_date' instead.
  warnings.warn(_create_deprecation_warning(key, self._deprecation_replacements[key]))

[2024-01-10T00:58:22.273+0000] {taskinstance.py:2481} INFO - Exporting env vars: AIRFLOW_CTX_DAG_OWNER='***' AIRFLOW_CTX_DAG_ID='data_ingestion_gcs_dag' AIRFLOW_CTX_TASK_ID='download_dataset_task' AIRFLOW_CTX_EXECUTION_DATE='2023-01-06T00:00:00+00:00' AIRFLOW_CTX_TRY_NUMBER='1' AIRFLOW_CTX_DAG_RUN_ID='scheduled__2023-01-06T00:00:00+00:00'
[2024-01-10T00:58:22.275+0000] {subprocess.py:63} INFO - Tmp dir root location: /tmp
[2024-01-10T00:58:22.277+0000] {subprocess.py:75} INFO - Running command: ['/usr/bin/bash', '-c', 'curl -sSL https://d37ci6vzurychx.cloudfront.net/trip-data/yellow_tripdata_2023-01.parquet > /opt/***/input_2023-01.parquet']
[2024-01-10T00:58:22.297+0000] {subprocess.py:86} INFO - Output:
[2024-01-10T00:58:22.694+0000] {subprocess.py:97} INFO - Command exited with return code 0
[2024-01-10T00:58:22.880+0000] {taskinstance.py:1138} INFO - Marking task as SUCCESS. dag_id=data_ingestion_gcs_dag, task_id=download_dataset_task, execution_date=20230106T000000, start_date=20240110T005822, end_date=20240110T005822
[2024-01-10T00:58:22.934+0000] {local_task_job_runner.py:234} INFO - Task exited with return code 0
[2024-01-10T00:58:22.976+0000] {taskinstance.py:3281} INFO - 1 downstream tasks scheduled from follow-on schedule check
