[2024-01-10T00:45:43.557+0000] {taskinstance.py:1957} INFO - Dependencies all met for dep_context=non-requeueable deps ti=<TaskInstance: data_ingestion_gcs_dag.download_dataset_task scheduled__2023-01-10T00:00:00+00:00 [queued]>
[2024-01-10T00:45:43.606+0000] {taskinstance.py:1957} INFO - Dependencies all met for dep_context=requeueable deps ti=<TaskInstance: data_ingestion_gcs_dag.download_dataset_task scheduled__2023-01-10T00:00:00+00:00 [queued]>
[2024-01-10T00:45:43.607+0000] {taskinstance.py:2171} INFO - Starting attempt 1 of 1
[2024-01-10T00:45:43.697+0000] {taskinstance.py:2192} INFO - Executing <Task(BashOperator): download_dataset_task> on 2023-01-10 00:00:00+00:00
[2024-01-10T00:45:43.716+0000] {standard_task_runner.py:60} INFO - Started process 397 to run task
[2024-01-10T00:45:43.754+0000] {standard_task_runner.py:87} INFO - Running: ['***', 'tasks', 'run', 'data_ingestion_gcs_dag', 'download_dataset_task', 'scheduled__2023-01-10T00:00:00+00:00', '--job-id', '176', '--raw', '--subdir', 'DAGS_FOLDER/data_ingestion_gcp.py', '--cfg-path', '/tmp/tmpq7bqx72i']
[2024-01-10T00:45:43.782+0000] {standard_task_runner.py:88} INFO - Job 176: Subtask download_dataset_task
[2024-01-10T00:45:44.019+0000] {task_command.py:423} INFO - Running <TaskInstance: data_ingestion_gcs_dag.download_dataset_task scheduled__2023-01-10T00:00:00+00:00 [running]> on host 35cf15b90cf8
[2024-01-10T00:45:44.509+0000] {warnings.py:109} WARNING - /home/***/.local/lib/python3.8/site-packages/***/utils/context.py:207: AirflowContextDeprecationWarning: Accessing 'execution_date' from the template is deprecated and will be removed in a future version. Please use 'data_interval_start' or 'logical_date' instead.
  warnings.warn(_create_deprecation_warning(key, self._deprecation_replacements[key]))

[2024-01-10T00:45:44.939+0000] {taskinstance.py:2481} INFO - Exporting env vars: AIRFLOW_CTX_DAG_OWNER='***' AIRFLOW_CTX_DAG_ID='data_ingestion_gcs_dag' AIRFLOW_CTX_TASK_ID='download_dataset_task' AIRFLOW_CTX_EXECUTION_DATE='2023-01-10T00:00:00+00:00' AIRFLOW_CTX_TRY_NUMBER='1' AIRFLOW_CTX_DAG_RUN_ID='scheduled__2023-01-10T00:00:00+00:00'
[2024-01-10T00:45:44.958+0000] {subprocess.py:63} INFO - Tmp dir root location: /tmp
[2024-01-10T00:45:44.959+0000] {subprocess.py:75} INFO - Running command: ['/usr/bin/bash', '-c', 'curl -sSL https://d37ci6vzurychx.cloudfront.net/trip-data/yellow_tripdata_2023-01.parquet > /opt/***/input_2023-01.parquet']
[2024-01-10T00:45:45.132+0000] {subprocess.py:86} INFO - Output:
[2024-01-10T00:45:46.373+0000] {subprocess.py:97} INFO - Command exited with return code 0
[2024-01-10T00:45:46.661+0000] {taskinstance.py:1138} INFO - Marking task as SUCCESS. dag_id=data_ingestion_gcs_dag, task_id=download_dataset_task, execution_date=20230110T000000, start_date=20240110T004543, end_date=20240110T004546
[2024-01-10T00:45:46.899+0000] {local_task_job_runner.py:234} INFO - Task exited with return code 0
[2024-01-10T00:45:47.168+0000] {taskinstance.py:3281} INFO - 0 downstream tasks scheduled from follow-on schedule check
[2024-01-10T00:59:02.726+0000] {taskinstance.py:1957} INFO - Dependencies all met for dep_context=non-requeueable deps ti=<TaskInstance: data_ingestion_gcs_dag.download_dataset_task scheduled__2023-01-10T00:00:00+00:00 [queued]>
[2024-01-10T00:59:02.778+0000] {taskinstance.py:1957} INFO - Dependencies all met for dep_context=requeueable deps ti=<TaskInstance: data_ingestion_gcs_dag.download_dataset_task scheduled__2023-01-10T00:00:00+00:00 [queued]>
[2024-01-10T00:59:02.779+0000] {taskinstance.py:2171} INFO - Starting attempt 1 of 1
[2024-01-10T00:59:02.799+0000] {taskinstance.py:2192} INFO - Executing <Task(BashOperator): download_dataset_task> on 2023-01-10 00:00:00+00:00
[2024-01-10T00:59:02.811+0000] {standard_task_runner.py:60} INFO - Started process 2837 to run task
[2024-01-10T00:59:02.819+0000] {standard_task_runner.py:87} INFO - Running: ['***', 'tasks', 'run', 'data_ingestion_gcs_dag', 'download_dataset_task', 'scheduled__2023-01-10T00:00:00+00:00', '--job-id', '744', '--raw', '--subdir', 'DAGS_FOLDER/data_ingestion_gcp.py', '--cfg-path', '/tmp/tmp5ghvcnz9']
[2024-01-10T00:59:02.824+0000] {standard_task_runner.py:88} INFO - Job 744: Subtask download_dataset_task
[2024-01-10T00:59:02.892+0000] {task_command.py:423} INFO - Running <TaskInstance: data_ingestion_gcs_dag.download_dataset_task scheduled__2023-01-10T00:00:00+00:00 [running]> on host 35cf15b90cf8
[2024-01-10T00:59:02.958+0000] {warnings.py:109} WARNING - /home/***/.local/lib/python3.8/site-packages/***/utils/context.py:207: AirflowContextDeprecationWarning: Accessing 'execution_date' from the template is deprecated and will be removed in a future version. Please use 'data_interval_start' or 'logical_date' instead.
  warnings.warn(_create_deprecation_warning(key, self._deprecation_replacements[key]))

[2024-01-10T00:59:03.012+0000] {taskinstance.py:2481} INFO - Exporting env vars: AIRFLOW_CTX_DAG_OWNER='***' AIRFLOW_CTX_DAG_ID='data_ingestion_gcs_dag' AIRFLOW_CTX_TASK_ID='download_dataset_task' AIRFLOW_CTX_EXECUTION_DATE='2023-01-10T00:00:00+00:00' AIRFLOW_CTX_TRY_NUMBER='1' AIRFLOW_CTX_DAG_RUN_ID='scheduled__2023-01-10T00:00:00+00:00'
[2024-01-10T00:59:03.014+0000] {subprocess.py:63} INFO - Tmp dir root location: /tmp
[2024-01-10T00:59:03.015+0000] {subprocess.py:75} INFO - Running command: ['/usr/bin/bash', '-c', 'curl -sSL https://d37ci6vzurychx.cloudfront.net/trip-data/yellow_tripdata_2023-01.parquet > /opt/***/input_2023-01.parquet']
[2024-01-10T00:59:03.035+0000] {subprocess.py:86} INFO - Output:
[2024-01-10T00:59:03.419+0000] {subprocess.py:97} INFO - Command exited with return code 0
[2024-01-10T00:59:03.597+0000] {taskinstance.py:1138} INFO - Marking task as SUCCESS. dag_id=data_ingestion_gcs_dag, task_id=download_dataset_task, execution_date=20230110T000000, start_date=20240110T005902, end_date=20240110T005903
[2024-01-10T00:59:03.636+0000] {local_task_job_runner.py:234} INFO - Task exited with return code 0
[2024-01-10T00:59:03.671+0000] {taskinstance.py:3281} INFO - 1 downstream tasks scheduled from follow-on schedule check
