[2024-01-04T17:50:43.467+0000] {taskinstance.py:1957} INFO - Dependencies all met for dep_context=non-requeueable deps ti=<TaskInstance: Local_Data_Ingestion.wget scheduled__2023-07-02T07:00:00+00:00 [queued]>
[2024-01-04T17:50:43.521+0000] {taskinstance.py:1957} INFO - Dependencies all met for dep_context=requeueable deps ti=<TaskInstance: Local_Data_Ingestion.wget scheduled__2023-07-02T07:00:00+00:00 [queued]>
[2024-01-04T17:50:43.522+0000] {taskinstance.py:2171} INFO - Starting attempt 1 of 1
[2024-01-04T17:50:43.634+0000] {taskinstance.py:2192} INFO - Executing <Task(BashOperator): wget> on 2023-07-02 07:00:00+00:00
[2024-01-04T17:50:43.645+0000] {standard_task_runner.py:60} INFO - Started process 5802 to run task
[2024-01-04T17:50:43.692+0000] {standard_task_runner.py:87} INFO - Running: ['***', 'tasks', 'run', 'Local_Data_Ingestion', 'wget', 'scheduled__2023-07-02T07:00:00+00:00', '--job-id', '14', '--raw', '--subdir', 'DAGS_FOLDER/data_ingestion_local.py', '--cfg-path', '/tmp/tmp4q0okwx9']
[2024-01-04T17:50:43.694+0000] {standard_task_runner.py:88} INFO - Job 14: Subtask wget
[2024-01-04T17:50:43.954+0000] {task_command.py:423} INFO - Running <TaskInstance: Local_Data_Ingestion.wget scheduled__2023-07-02T07:00:00+00:00 [running]> on host 6672c9b206ef
[2024-01-04T17:50:44.382+0000] {taskinstance.py:2481} INFO - Exporting env vars: AIRFLOW_CTX_DAG_OWNER='***' AIRFLOW_CTX_DAG_ID='Local_Data_Ingestion' AIRFLOW_CTX_TASK_ID='wget' AIRFLOW_CTX_EXECUTION_DATE='2023-07-02T07:00:00+00:00' AIRFLOW_CTX_TRY_NUMBER='1' AIRFLOW_CTX_DAG_RUN_ID='scheduled__2023-07-02T07:00:00+00:00'
[2024-01-04T17:50:44.384+0000] {subprocess.py:63} INFO - Tmp dir root location: /tmp
[2024-01-04T17:50:44.390+0000] {subprocess.py:75} INFO - Running command: ['/usr/bin/bash', '-c', 'echo "hello world"']
[2024-01-04T17:50:44.472+0000] {subprocess.py:86} INFO - Output:
[2024-01-04T17:50:44.486+0000] {subprocess.py:93} INFO - hello world
[2024-01-04T17:50:44.495+0000] {subprocess.py:97} INFO - Command exited with return code 0
[2024-01-04T17:50:44.611+0000] {taskinstance.py:1138} INFO - Marking task as SUCCESS. dag_id=Local_Data_Ingestion, task_id=wget, execution_date=20230702T070000, start_date=20240104T175043, end_date=20240104T175044
[2024-01-04T17:50:44.732+0000] {local_task_job_runner.py:234} INFO - Task exited with return code 0
[2024-01-04T17:50:44.822+0000] {taskinstance.py:3281} INFO - 1 downstream tasks scheduled from follow-on schedule check
[2024-01-04T17:54:40.946+0000] {taskinstance.py:1957} INFO - Dependencies all met for dep_context=non-requeueable deps ti=<TaskInstance: Local_Data_Ingestion.wget scheduled__2023-07-02T07:00:00+00:00 [queued]>
[2024-01-04T17:54:40.995+0000] {taskinstance.py:1957} INFO - Dependencies all met for dep_context=requeueable deps ti=<TaskInstance: Local_Data_Ingestion.wget scheduled__2023-07-02T07:00:00+00:00 [queued]>
[2024-01-04T17:54:40.996+0000] {taskinstance.py:2171} INFO - Starting attempt 1 of 1
[2024-01-04T17:54:41.277+0000] {taskinstance.py:2192} INFO - Executing <Task(BashOperator): wget> on 2023-07-02 07:00:00+00:00
[2024-01-04T17:54:41.328+0000] {standard_task_runner.py:60} INFO - Started process 5950 to run task
[2024-01-04T17:54:41.368+0000] {standard_task_runner.py:87} INFO - Running: ['***', 'tasks', 'run', 'Local_Data_Ingestion', 'wget', 'scheduled__2023-07-02T07:00:00+00:00', '--job-id', '42', '--raw', '--subdir', 'DAGS_FOLDER/data_ingestion_local.py', '--cfg-path', '/tmp/tmpyn636mh5']
[2024-01-04T17:54:41.372+0000] {standard_task_runner.py:88} INFO - Job 42: Subtask wget
[2024-01-04T17:54:41.792+0000] {task_command.py:423} INFO - Running <TaskInstance: Local_Data_Ingestion.wget scheduled__2023-07-02T07:00:00+00:00 [running]> on host 6672c9b206ef
[2024-01-04T17:54:42.206+0000] {taskinstance.py:2481} INFO - Exporting env vars: AIRFLOW_CTX_DAG_OWNER='***' AIRFLOW_CTX_DAG_ID='Local_Data_Ingestion' AIRFLOW_CTX_TASK_ID='wget' AIRFLOW_CTX_EXECUTION_DATE='2023-07-02T07:00:00+00:00' AIRFLOW_CTX_TRY_NUMBER='1' AIRFLOW_CTX_DAG_RUN_ID='scheduled__2023-07-02T07:00:00+00:00'
[2024-01-04T17:54:42.213+0000] {subprocess.py:63} INFO - Tmp dir root location: /tmp
[2024-01-04T17:54:42.214+0000] {subprocess.py:75} INFO - Running command: ['/usr/bin/bash', '-c', 'echo "hello world"']
[2024-01-04T17:54:42.249+0000] {subprocess.py:86} INFO - Output:
[2024-01-04T17:54:42.289+0000] {subprocess.py:93} INFO - hello world
[2024-01-04T17:54:42.296+0000] {subprocess.py:97} INFO - Command exited with return code 0
[2024-01-04T17:54:42.390+0000] {taskinstance.py:1138} INFO - Marking task as SUCCESS. dag_id=Local_Data_Ingestion, task_id=wget, execution_date=20230702T070000, start_date=20240104T175440, end_date=20240104T175442
[2024-01-04T17:54:42.479+0000] {local_task_job_runner.py:234} INFO - Task exited with return code 0
[2024-01-04T17:54:42.574+0000] {taskinstance.py:3281} INFO - 1 downstream tasks scheduled from follow-on schedule check
[2024-01-04T18:09:28.243+0000] {taskinstance.py:1957} INFO - Dependencies all met for dep_context=non-requeueable deps ti=<TaskInstance: Local_Data_Ingestion.wget scheduled__2023-07-02T07:00:00+00:00 [queued]>
[2024-01-04T18:09:28.322+0000] {taskinstance.py:1957} INFO - Dependencies all met for dep_context=requeueable deps ti=<TaskInstance: Local_Data_Ingestion.wget scheduled__2023-07-02T07:00:00+00:00 [queued]>
[2024-01-04T18:09:28.322+0000] {taskinstance.py:2171} INFO - Starting attempt 1 of 1
[2024-01-04T18:09:28.431+0000] {taskinstance.py:2192} INFO - Executing <Task(BashOperator): wget> on 2023-07-02 07:00:00+00:00
[2024-01-04T18:09:28.452+0000] {standard_task_runner.py:60} INFO - Started process 6249 to run task
[2024-01-04T18:09:28.517+0000] {standard_task_runner.py:87} INFO - Running: ['***', 'tasks', 'run', 'Local_Data_Ingestion', 'wget', 'scheduled__2023-07-02T07:00:00+00:00', '--job-id', '67', '--raw', '--subdir', 'DAGS_FOLDER/data_ingestion_local.py', '--cfg-path', '/tmp/tmp_m1wadf9']
[2024-01-04T18:09:28.519+0000] {standard_task_runner.py:88} INFO - Job 67: Subtask wget
[2024-01-04T18:09:28.789+0000] {task_command.py:423} INFO - Running <TaskInstance: Local_Data_Ingestion.wget scheduled__2023-07-02T07:00:00+00:00 [running]> on host 6672c9b206ef
[2024-01-04T18:09:29.166+0000] {taskinstance.py:2481} INFO - Exporting env vars: AIRFLOW_CTX_DAG_OWNER='***' AIRFLOW_CTX_DAG_ID='Local_Data_Ingestion' AIRFLOW_CTX_TASK_ID='wget' AIRFLOW_CTX_EXECUTION_DATE='2023-07-02T07:00:00+00:00' AIRFLOW_CTX_TRY_NUMBER='1' AIRFLOW_CTX_DAG_RUN_ID='scheduled__2023-07-02T07:00:00+00:00'
[2024-01-04T18:09:29.174+0000] {subprocess.py:63} INFO - Tmp dir root location: /tmp
[2024-01-04T18:09:29.175+0000] {subprocess.py:75} INFO - Running command: ['/usr/bin/bash', '-c', 'echo "hello world"']
[2024-01-04T18:09:29.233+0000] {subprocess.py:86} INFO - Output:
[2024-01-04T18:09:29.239+0000] {subprocess.py:93} INFO - hello world
[2024-01-04T18:09:29.243+0000] {subprocess.py:97} INFO - Command exited with return code 0
[2024-01-04T18:09:29.317+0000] {taskinstance.py:1138} INFO - Marking task as SUCCESS. dag_id=Local_Data_Ingestion, task_id=wget, execution_date=20230702T070000, start_date=20240104T180928, end_date=20240104T180929
[2024-01-04T18:09:29.391+0000] {local_task_job_runner.py:234} INFO - Task exited with return code 0
[2024-01-04T18:09:29.562+0000] {taskinstance.py:3281} INFO - 0 downstream tasks scheduled from follow-on schedule check
