[2024-01-10T00:45:42.442+0000] {taskinstance.py:1957} INFO - Dependencies all met for dep_context=non-requeueable deps ti=<TaskInstance: data_ingestion_gcs_dag.download_dataset_task scheduled__2023-01-09T00:00:00+00:00 [queued]>
[2024-01-10T00:45:42.561+0000] {taskinstance.py:1957} INFO - Dependencies all met for dep_context=requeueable deps ti=<TaskInstance: data_ingestion_gcs_dag.download_dataset_task scheduled__2023-01-09T00:00:00+00:00 [queued]>
[2024-01-10T00:45:42.562+0000] {taskinstance.py:2171} INFO - Starting attempt 1 of 1
[2024-01-10T00:45:42.752+0000] {taskinstance.py:2192} INFO - Executing <Task(BashOperator): download_dataset_task> on 2023-01-09 00:00:00+00:00
[2024-01-10T00:45:42.791+0000] {standard_task_runner.py:60} INFO - Started process 384 to run task
[2024-01-10T00:45:42.868+0000] {standard_task_runner.py:87} INFO - Running: ['***', 'tasks', 'run', 'data_ingestion_gcs_dag', 'download_dataset_task', 'scheduled__2023-01-09T00:00:00+00:00', '--job-id', '174', '--raw', '--subdir', 'DAGS_FOLDER/data_ingestion_gcp.py', '--cfg-path', '/tmp/tmp_ynp0vod']
[2024-01-10T00:45:42.902+0000] {standard_task_runner.py:88} INFO - Job 174: Subtask download_dataset_task
[2024-01-10T00:45:43.303+0000] {task_command.py:423} INFO - Running <TaskInstance: data_ingestion_gcs_dag.download_dataset_task scheduled__2023-01-09T00:00:00+00:00 [running]> on host 35cf15b90cf8
[2024-01-10T00:45:43.616+0000] {warnings.py:109} WARNING - /home/***/.local/lib/python3.8/site-packages/***/utils/context.py:207: AirflowContextDeprecationWarning: Accessing 'execution_date' from the template is deprecated and will be removed in a future version. Please use 'data_interval_start' or 'logical_date' instead.
  warnings.warn(_create_deprecation_warning(key, self._deprecation_replacements[key]))

[2024-01-10T00:45:43.821+0000] {taskinstance.py:2481} INFO - Exporting env vars: AIRFLOW_CTX_DAG_OWNER='***' AIRFLOW_CTX_DAG_ID='data_ingestion_gcs_dag' AIRFLOW_CTX_TASK_ID='download_dataset_task' AIRFLOW_CTX_EXECUTION_DATE='2023-01-09T00:00:00+00:00' AIRFLOW_CTX_TRY_NUMBER='1' AIRFLOW_CTX_DAG_RUN_ID='scheduled__2023-01-09T00:00:00+00:00'
[2024-01-10T00:45:43.823+0000] {subprocess.py:63} INFO - Tmp dir root location: /tmp
[2024-01-10T00:45:43.824+0000] {subprocess.py:75} INFO - Running command: ['/usr/bin/bash', '-c', 'curl -sSL https://d37ci6vzurychx.cloudfront.net/trip-data/yellow_tripdata_2023-01.parquet > /opt/***/input_2023-01.parquet']
[2024-01-10T00:45:43.993+0000] {subprocess.py:86} INFO - Output:
[2024-01-10T00:45:45.481+0000] {subprocess.py:97} INFO - Command exited with return code 0
[2024-01-10T00:45:45.587+0000] {taskinstance.py:1138} INFO - Marking task as SUCCESS. dag_id=data_ingestion_gcs_dag, task_id=download_dataset_task, execution_date=20230109T000000, start_date=20240110T004542, end_date=20240110T004545
[2024-01-10T00:45:45.668+0000] {local_task_job_runner.py:234} INFO - Task exited with return code 0
[2024-01-10T00:45:45.735+0000] {taskinstance.py:3281} INFO - 1 downstream tasks scheduled from follow-on schedule check
[2024-01-10T00:58:52.469+0000] {taskinstance.py:1957} INFO - Dependencies all met for dep_context=non-requeueable deps ti=<TaskInstance: data_ingestion_gcs_dag.download_dataset_task scheduled__2023-01-09T00:00:00+00:00 [queued]>
[2024-01-10T00:58:52.490+0000] {taskinstance.py:1957} INFO - Dependencies all met for dep_context=requeueable deps ti=<TaskInstance: data_ingestion_gcs_dag.download_dataset_task scheduled__2023-01-09T00:00:00+00:00 [queued]>
[2024-01-10T00:58:52.490+0000] {taskinstance.py:2171} INFO - Starting attempt 1 of 1
[2024-01-10T00:58:52.508+0000] {taskinstance.py:2192} INFO - Executing <Task(BashOperator): download_dataset_task> on 2023-01-09 00:00:00+00:00
[2024-01-10T00:58:52.517+0000] {standard_task_runner.py:60} INFO - Started process 2816 to run task
[2024-01-10T00:58:52.522+0000] {standard_task_runner.py:87} INFO - Running: ['***', 'tasks', 'run', 'data_ingestion_gcs_dag', 'download_dataset_task', 'scheduled__2023-01-09T00:00:00+00:00', '--job-id', '741', '--raw', '--subdir', 'DAGS_FOLDER/data_ingestion_gcp.py', '--cfg-path', '/tmp/tmpo5ji0nh4']
[2024-01-10T00:58:52.527+0000] {standard_task_runner.py:88} INFO - Job 741: Subtask download_dataset_task
[2024-01-10T00:58:52.593+0000] {task_command.py:423} INFO - Running <TaskInstance: data_ingestion_gcs_dag.download_dataset_task scheduled__2023-01-09T00:00:00+00:00 [running]> on host 35cf15b90cf8
[2024-01-10T00:58:52.659+0000] {warnings.py:109} WARNING - /home/***/.local/lib/python3.8/site-packages/***/utils/context.py:207: AirflowContextDeprecationWarning: Accessing 'execution_date' from the template is deprecated and will be removed in a future version. Please use 'data_interval_start' or 'logical_date' instead.
  warnings.warn(_create_deprecation_warning(key, self._deprecation_replacements[key]))

[2024-01-10T00:58:52.703+0000] {taskinstance.py:2481} INFO - Exporting env vars: AIRFLOW_CTX_DAG_OWNER='***' AIRFLOW_CTX_DAG_ID='data_ingestion_gcs_dag' AIRFLOW_CTX_TASK_ID='download_dataset_task' AIRFLOW_CTX_EXECUTION_DATE='2023-01-09T00:00:00+00:00' AIRFLOW_CTX_TRY_NUMBER='1' AIRFLOW_CTX_DAG_RUN_ID='scheduled__2023-01-09T00:00:00+00:00'
[2024-01-10T00:58:52.705+0000] {subprocess.py:63} INFO - Tmp dir root location: /tmp
[2024-01-10T00:58:52.706+0000] {subprocess.py:75} INFO - Running command: ['/usr/bin/bash', '-c', 'curl -sSL https://d37ci6vzurychx.cloudfront.net/trip-data/yellow_tripdata_2023-01.parquet > /opt/***/input_2023-01.parquet']
[2024-01-10T00:58:52.724+0000] {subprocess.py:86} INFO - Output:
[2024-01-10T00:58:53.138+0000] {subprocess.py:97} INFO - Command exited with return code 0
[2024-01-10T00:58:53.302+0000] {taskinstance.py:1138} INFO - Marking task as SUCCESS. dag_id=data_ingestion_gcs_dag, task_id=download_dataset_task, execution_date=20230109T000000, start_date=20240110T005852, end_date=20240110T005853
[2024-01-10T00:58:53.337+0000] {local_task_job_runner.py:234} INFO - Task exited with return code 0
[2024-01-10T00:58:53.373+0000] {taskinstance.py:3281} INFO - 1 downstream tasks scheduled from follow-on schedule check
